2013/11/23 00:00:11.203 [ctdbp1:DLOGP3]:Instrument Started [Power On]
2013/11/23 00:00:25.236 # 13.7971,  4.01241,    6.536,  33.4881, 1501.145, 23 Nov 2013 00:00:21,  25.0608, 11.4,   2.3
2013/11/23 00:00:35.229 # 13.7946,  4.01205,    6.486,  33.4868, 1501.135, 23 Nov 2013 00:00:31,  25.0603, 11.4,   2.9
2013/11/23 00:00:45.229 # 13.7881,  4.01122,    6.983,  33.4845, 1501.119, 23 Nov 2013 00:00:41,  25.0599, 11.4,   2.8
2013/11/23 00:00:55.230 # 13.7911,  4.01171,    7.525,  33.4863, 1501.140, 23 Nov 2013 00:00:51,  25.0607, 11.4,   2.3
2013/11/23 00:01:05.229 # 13.7897,  4.01157,    6.910,  33.4865, 1501.125, 23 Nov 2013 00:01:01,  25.0610, 11.5,   2.8
2013/11/23 00:01:15.229 # 13.7902,  4.01166,    6.967,  33.4868, 1501.128, 23 Nov 2013 00:01:11,  25.0612, 11.5,   2.8
2013/11/23 00:01:25.229 # 13.7955,  4.01218,    7.482,  33.4869, 1501.154, 23 Nov 2013 00:01:21,  25.0602, 11.5,   3.3
2013/11/23 00:01:35.230 # 13.7974,  4.01244,    7.174,  33.4878, 1501.156, 23 Nov 2013 00:01:31,  25.0605, 11.5,   3.1
2013/11/23 00:01:45.231 # 13.7989,  4.01265,    7.056,  33.4884, 1501.160, 23 Nov 2013 00:01:41,  25.0607, 11.5,   2.5
2013/11/23 00:01:55.230 # 13.7973,  4.01245,    7.403,  33.4878, 1501.160, 23 Nov 2013 00:01:51,  25.0605, 11.5,   2.0
2013/11/23 00:02:05.229 # 13.7950,  4.01219,    6.989,  33.4876, 1501.145, 23 Nov 2013 00:02:01,  25.0608, 11.5,   2.7
2013/11/23 00:02:15.229 # 13.7948,  4.01208,    6.389,  33.4870, 1501.134, 23 Nov 2013 00:02:11,  25.0604, 11.5,   2.3
2013/11/23 00:02:21.746 [ctdbp1:DLOGP3]:Instrument Stopped [Power Off]
2013/11/23 00:05:12.190 [ctdbp1:DLOGP3]:Instrument Started [Power On]
2013/11/23 00:05:26.236 # 13.8085,  4.01400,    6.943,  33.4927, 1501.195, 23 Nov 2013 00:05:22,  25.0620, 11.5,   2.2
2013/11/23 00:05:36.230 # 13.8029,  4.01330,    7.045,  33.4910, 1501.176, 23 Nov 2013 00:05:32,  25.0618, 11.5,   2.4
2013/11/23 00:05:46.230 # 13.8097,  4.01407,    7.205,  33.4922, 1501.202, 23 Nov 2013 00:05:42,  25.0614, 11.5,   3.1
2013/11/23 00:05:56.229 # 13.8069,  4.01395,    7.058,  33.4935, 1501.192, 23 Nov 2013 00:05:52,  25.0630, 11.5,   3.1
2013/11/23 00:06:06.230 # 13.8023,  4.01332,    6.465,  33.4920, 1501.166, 23 Nov 2013 00:06:02,  25.0627, 11.5,   3.3
2013/11/23 00:06:16.231 # 13.7962,  4.01255,    7.235,  33.4898, 1501.156, 23 Nov 2013 00:06:12,  25.0623, 11.5,   2.3
2013/11/23 00:06:26.230 # 13.7954,  4.01225,    6.799,  33.4879, 1501.144, 23 Nov 2013 00:06:22,  25.0610, 11.5,   2.3
2013/11/23 00:06:36.241 # 13.7970,  4.01250,    6.937,  33.4888, 1501.152, 23 Nov 2013 00:06:32,  25.0614, 11.5,   2.2
2013/11/23 00:06:46.230 # 13.8024,  4.01317,    7.459,  33.4901, 1501.180, 23 Nov 2013 00:06:42,  25.0613, 11.5,   2.4
2013/11/23 00:06:56.230 # 13.8024,  4.01312,    6.782,  33.4898, 1501.169, 23 Nov 2013 00:06:52,  25.0610, 11.5,   2.8
2013/11/23 00:07:06.229 # 13.8024,  4.01313,    6.553,  33.4901, 1501.165, 23 Nov 2013 00:07:02,  25.0613, 11.5,   2.5
2013/11/23 00:07:16.230 # 13.7949,  4.01236,    6.790,  33.4893, 1501.144, 23 Nov 2013 00:07:12,  25.0623, 11.5,   2.6
2013/11/23 00:07:22.749 [ctdbp1:DLOGP3]:Instrument Stopped [Power Off]
