2014/09/18 00:02:20.944 [ctdbp:DLOGP3]:time out
2014/09/18 00:02:25.338 #  8.1990,  3.62531,   12.203,  34.8400, 1483.226, 18 Sep 2014 00:02:19,  27.1182, 11.5,   2.0
2014/09/18 00:02:25.435 [ctdbp:DLOGP3]:error --> alarm time not far enough in the future, resetting alarm to 5 sec from now
2014/09/18 00:02:34.392 #  8.1981,  3.62525,   12.448,  34.8401, 1483.227, 18 Sep 2014 00:02:28,  27.1184, 11.5,   2.1
2014/09/18 00:02:44.392 #  8.1979,  3.62524,   12.374,  34.8403, 1483.225, 18 Sep 2014 00:02:38,  27.1185, 11.5,   2.0
2014/09/18 00:02:54.394 #  8.1985,  3.62532,   12.925,  34.8403, 1483.237, 18 Sep 2014 00:02:48,  27.1184, 11.5,   2.2
2014/09/18 00:17:19.222 [ctdbp:DLOGP3]:time out
2014/09/18 00:17:23.617 #  8.2019,  3.62567,   13.574,  34.8403, 1483.260, 18 Sep 2014 00:17:17,  27.1179, 11.5,   2.4
2014/09/18 00:17:23.717 [ctdbp:DLOGP3]:error --> alarm time not far enough in the future, resetting alarm to 5 sec from now
2014/09/18 00:17:32.393 #  8.2032,  3.62568,   12.186,  34.8398, 1483.242, 18 Sep 2014 00:17:26,  27.1173, 11.5,   1.9
2014/09/18 00:17:42.405 #  8.2051,  3.62608,   13.692,  34.8414, 1483.276, 18 Sep 2014 00:17:36,  27.1184, 11.5,   2.2
2014/09/18 00:17:52.394 #  8.2100,  3.62653,   12.186,  34.8421, 1483.270, 18 Sep 2014 00:17:46,  27.1182, 11.5,   2.1
2014/09/18 00:18:02.395 #  8.2110,  3.62663,   12.562,  34.8421, 1483.280, 18 Sep 2014 00:17:56,  27.1179, 11.5,   2.1
2014/09/18 00:32:17.501 [ctdbp:DLOGP3]:time out
2014/09/18 00:32:21.897 #  8.2158,  3.62713,   12.882,  34.8424, 1483.303, 18 Sep 2014 00:32:16,  27.1176, 11.5,   2.1
2014/09/18 00:32:21.994 [ctdbp:DLOGP3]:error --> alarm time not far enough in the future, resetting alarm to 5 sec from now
2014/09/18 00:32:30.393 #  8.2154,  3.62705,   12.974,  34.8420, 1483.303, 18 Sep 2014 00:32:24,  27.1172, 11.5,   2.1
2014/09/18 00:32:40.394 #  8.2124,  3.62674,   12.193,  34.8420, 1483.279, 18 Sep 2014 00:32:34,  27.1177, 11.5,   2.1
2014/09/18 00:32:50.394 #  8.2138,  3.62691,   12.595,  34.8423, 1483.291, 18 Sep 2014 00:32:44,  27.1177, 11.5,   2.1
2014/09/18 00:33:00.393 #  8.2148,  3.62699,   12.621,  34.8420, 1483.295, 18 Sep 2014 00:32:54,  27.1173, 11.5,   2.2
2014/09/18 00:47:17.690 [ctdbp:DLOGP3]:time out
2014/09/18 00:47:22.085 #  8.2264,  3.62822,   11.697,  34.8442, 1483.326, 18 Sep 2014 00:47:16,  27.1172, 11.5,   2.0
2014/09/18 00:47:22.182 [ctdbp:DLOGP3]:error --> alarm time not far enough in the future, resetting alarm to 5 sec from now
2014/09/18 00:47:30.394 #  8.2265,  3.62822,   11.792,  34.8440, 1483.328, 18 Sep 2014 00:47:24,  27.1171, 11.5,   2.0
2014/09/18 00:47:40.394 #  8.2290,  3.62857,   12.563,  34.8448, 1483.351, 18 Sep 2014 00:47:34,  27.1173, 11.5,   2.1
2014/09/18 00:47:50.394 #  8.2281,  3.62848,   12.788,  34.8448, 1483.351, 18 Sep 2014 00:47:44,  27.1174, 11.5,   2.1
2014/09/18 00:48:00.393 #  8.2296,  3.62866,   13.010,  34.8450, 1483.361, 18 Sep 2014 00:47:54,  27.1174, 11.5,   2.2
2014/09/18 01:02:19.910 [ctdbp:DLOGP3]:time out
2014/09/18 01:02:24.305 #  8.2563,  3.63162,   12.184,  34.8506, 1483.454, 18 Sep 2014 01:02:18,  27.1178, 11.5,   2.2
2014/09/18 01:02:24.402 [ctdbp:DLOGP3]:error --> alarm time not far enough in the future, resetting alarm to 5 sec from now
2014/09/18 01:02:33.394 #  8.2556,  3.63142,   12.188,  34.8491, 1483.450, 18 Sep 2014 01:02:27,  27.1167, 11.5,   2.2
2014/09/18 01:02:43.395 #  8.2534,  3.63132,   12.623,  34.8500, 1483.450, 18 Sep 2014 01:02:37,  27.1177, 11.5,   2.1
2014/09/18 01:02:53.397 #  8.2548,  3.63142,   12.181,  34.8500, 1483.447, 18 Sep 2014 01:02:47,  27.1176, 11.5,   2.2
2014/09/18 01:03:03.397 #  8.2558,  3.63149,   12.621,  34.8495, 1483.458, 18 Sep 2014 01:02:57,  27.1169, 11.5,   1.9
2014/09/18 01:17:16.136 [ctdbp:DLOGP3]:time out
2014/09/18 01:17:20.532 #  8.2762,  3.63370,   12.448,  34.8529, 1483.536, 18 Sep 2014 01:17:14,  27.1166, 11.5,   2.0
2014/09/18 01:17:20.629 [ctdbp:DLOGP3]:error --> alarm time not far enough in the future, resetting alarm to 5 sec from now
2014/09/18 01:17:29.395 #  8.2751,  3.63363,   13.412,  34.8527, 1483.547, 18 Sep 2014 01:17:23,  27.1166, 11.5,   2.1
2014/09/18 01:17:39.394 #  8.2743,  3.63352,   12.690,  34.8528, 1483.532, 18 Sep 2014 01:17:33,  27.1167, 11.5,   2.2
2014/09/18 01:17:49.395 #  8.2744,  3.63352,   12.557,  34.8527, 1483.531, 18 Sep 2014 01:17:43,  27.1166, 11.5,   1.9
2014/09/18 01:17:59.395 #  8.2734,  3.63346,   12.517,  34.8531, 1483.526, 18 Sep 2014 01:17:53,  27.1171, 11.5,   2.1
2014/09/18 01:32:16.394 [ctdbp:DLOGP3]:time out
2014/09/18 01:32:20.789 #  8.2896,  3.63524,   12.197,  34.8562, 1483.586, 18 Sep 2014 01:32:15,  27.1171, 11.5,   2.1
2014/09/18 01:32:20.885 [ctdbp:DLOGP3]:error --> alarm time not far enough in the future, resetting alarm to 5 sec from now
2014/09/18 01:32:29.395 #  8.2892,  3.63518,   12.733,  34.8557, 1483.593, 18 Sep 2014 01:32:23,  27.1167, 11.5,   2.1
2014/09/18 01:32:39.395 #  8.2908,  3.63538,   13.795,  34.8557, 1483.616, 18 Sep 2014 01:32:33,  27.1165, 11.5,   2.1
2014/09/18 01:32:49.395 #  8.2905,  3.63538,   13.385,  34.8562, 1483.609, 18 Sep 2014 01:32:43,  27.1168, 11.5,   2.0
2014/09/18 01:32:59.395 #  8.2902,  3.63528,   11.692,  34.8563, 1483.580, 18 Sep 2014 01:32:53,  27.1169, 11.5,   2.1
2014/09/18 01:47:18.612 [ctdbp:DLOGP3]:time out
2014/09/18 01:47:23.019 #  8.2998,  3.63632,   12.092,  34.8576, 1483.624, 18 Sep 2014 01:47:17,  27.1166, 11.5,   2.0
2014/09/18 01:47:23.116 [ctdbp:DLOGP3]:error --> alarm time not far enough in the future, resetting alarm to 5 sec from now
2014/09/18 01:47:31.396 #  8.2993,  3.63626,   12.346,  34.8573, 1483.626, 18 Sep 2014 01:47:25,  27.1163, 11.5,   2.0
2014/09/18 01:47:41.395 #  8.3003,  3.63635,   12.326,  34.8573, 1483.630, 18 Sep 2014 01:47:35,  27.1162, 11.5,   2.0
2014/09/18 01:47:51.396 #  8.3001,  3.63638,   12.585,  34.8577, 1483.633, 18 Sep 2014 01:47:45,  27.1166, 11.5,   2.1
2014/09/18 01:48:01.395 #  8.2997,  3.63633,   12.481,  34.8576, 1483.630, 18 Sep 2014 01:47:55,  27.1166, 11.5,   2.0
2014/09/18 02:02:22.860 [ctdbp:DLOGP3]:time out
2014/09/18 02:02:27.255 #  8.3026,  3.63664,   12.070,  34.8582, 1483.635, 18 Sep 2014 02:02:21,  27.1167, 11.5,   2.2
2014/09/18 02:02:27.351 [ctdbp:DLOGP3]:error --> alarm time not far enough in the future, resetting alarm to 5 sec from now
2014/09/18 02:02:35.396 #  8.3017,  3.63656,   11.996,  34.8584, 1483.631, 18 Sep 2014 02:02:29,  27.1169, 11.5,   2.1
2014/09/18 02:02:45.405 #  8.3027,  3.63670,   12.666,  34.8586, 1483.645, 18 Sep 2014 02:02:39,  27.1168, 11.5,   2.1
2014/09/18 02:02:55.396 #  8.3014,  3.63655,   13.089,  34.8581, 1483.647, 18 Sep 2014 02:02:49,  27.1167, 11.5,   2.1
2014/09/18 02:17:19.108 [ctdbp:DLOGP3]:time out
2014/09/18 02:17:23.504 #  8.3042,  3.63684,   12.241,  34.8587, 1483.644, 18 Sep 2014 02:17:17,  27.1167, 11.5,   2.0
2014/09/18 02:17:23.599 [ctdbp:DLOGP3]:error --> alarm time not far enough in the future, resetting alarm to 5 sec from now
2014/09/18 02:17:32.396 #  8.3039,  3.63682,   12.160,  34.8589, 1483.642, 18 Sep 2014 02:17:26,  27.1169, 11.5,   2.0
2014/09/18 02:17:42.396 #  8.3039,  3.63687,   12.609,  34.8591, 1483.650, 18 Sep 2014 02:17:36,  27.1172, 11.5,   2.0
2014/09/18 02:17:52.396 #  8.3044,  3.63693,   12.485,  34.8593, 1483.650, 18 Sep 2014 02:17:46,  27.1172, 11.5,   2.1
2014/09/18 02:18:02.395 #  8.3048,  3.63697,   13.097,  34.8590, 1483.661, 18 Sep 2014 02:17:56,  27.1169, 11.5,   2.1
2014/09/18 02:32:17.386 [ctdbp:DLOGP3]:time out
2014/09/18 02:32:21.772 #  8.3054,  3.63702,   12.756,  34.8592, 1483.658, 18 Sep 2014 02:32:16,  27.1169, 11.5,   2.1
2014/09/18 02:32:21.869 [ctdbp:DLOGP3]:error --> alarm time not far enough in the future, resetting alarm to 5 sec from now
2014/09/18 02:32:30.395 #  8.3046,  3.63699,   12.087,  34.8600, 1483.645, 18 Sep 2014 02:32:24,  27.1177, 11.5,   2.1
2014/09/18 02:32:40.397 #  8.3061,  3.63713,   12.576,  34.8597, 1483.658, 18 Sep 2014 02:32:34,  27.1173, 11.5,   2.1
2014/09/18 02:32:50.396 #  8.3063,  3.63710,   12.554,  34.8593, 1483.658, 18 Sep 2014 02:32:44,  27.1169, 11.5,   2.0
2014/09/18 02:33:00.397 #  8.3041,  3.63695,   12.326,  34.8599, 1483.647, 18 Sep 2014 02:32:54,  27.1177, 11.5,   2.1
2014/09/18 02:47:17.595 [ctdbp:DLOGP3]:time out
2014/09/18 02:47:21.989 #  8.3080,  3.63728,   12.412,  34.8596, 1483.662, 18 Sep 2014 02:47:16,  27.1169, 11.5,   2.1
2014/09/18 02:47:22.086 [ctdbp:DLOGP3]:error --> alarm time not far enough in the future, resetting alarm to 5 sec from now
2014/09/18 02:47:30.396 #  8.3074,  3.63727,   12.109,  34.8601, 1483.656, 18 Sep 2014 02:47:24,  27.1174, 11.5,   2.1
2014/09/18 02:47:40.397 #  8.3080,  3.63733,   12.434,  34.8601, 1483.664, 18 Sep 2014 02:47:34,  27.1172, 11.5,   2.1
2014/09/18 02:47:50.397 #  8.3080,  3.63729,   12.890,  34.8594, 1483.670, 18 Sep 2014 02:47:44,  27.1168, 11.5,   1.9
2014/09/18 02:48:00.397 #  8.3074,  3.63722,   12.457,  34.8595, 1483.661, 18 Sep 2014 02:47:54,  27.1169, 11.5,   2.4
2014/09/18 03:02:21.832 [ctdbp:DLOGP3]:time out
2014/09/18 03:02:26.227 #  8.3132,  3.63782,   12.966,  34.8599, 1483.691, 18 Sep 2014 03:02:20,  27.1163, 11.5,   2.1
2014/09/18 03:02:26.324 [ctdbp:DLOGP3]:error --> alarm time not far enough in the future, resetting alarm to 5 sec from now
2014/09/18 03:02:34.397 #  8.3130,  3.63778,   12.947,  34.8596, 1483.690, 18 Sep 2014 03:02:28,  27.1161, 11.5,   2.0
2014/09/18 03:02:44.397 #  8.3134,  3.63783,   12.567,  34.8601, 1483.686, 18 Sep 2014 03:02:38,  27.1165, 11.5,   2.1
2014/09/18 03:02:54.397 #  8.3130,  3.63779,   13.020,  34.8597, 1483.692, 18 Sep 2014 03:02:48,  27.1162, 11.5,   2.1
2014/09/18 03:17:18.134 [ctdbp:DLOGP3]:time out
2014/09/18 03:17:22.529 #  8.3185,  3.63820,   11.204,  34.8595, 1483.682, 18 Sep 2014 03:17:16,  27.1152, 11.5,   2.0
2014/09/18 03:17:22.626 [ctdbp:DLOGP3]:error --> alarm time not far enough in the future, resetting alarm to 5 sec from now
2014/09/18 03:17:31.398 #  8.3192,  3.63834,   12.653,  34.8596, 1483.708, 18 Sep 2014 03:17:25,  27.1152, 11.5,   1.9
2014/09/18 03:17:41.397 #  8.3187,  3.63830,   12.437,  34.8598, 1483.703, 18 Sep 2014 03:17:35,  27.1155, 11.5,   1.9
2014/09/18 03:17:51.398 #  8.3188,  3.63832,   12.981,  34.8596, 1483.713, 18 Sep 2014 03:17:45,  27.1152, 11.5,   2.0
2014/09/18 03:18:01.398 #  8.3192,  3.63833,   12.771,  34.8594, 1483.710, 18 Sep 2014 03:17:55,  27.1150, 11.5,   2.1
2014/09/18 03:32:18.399 [ctdbp:DLOGP3]:time out
2014/09/18 03:32:22.795 #  8.3219,  3.63855,   12.746,  34.8592, 1483.720, 18 Sep 2014 03:32:17,  27.1144, 11.5,   3.3
2014/09/18 03:32:22.892 [ctdbp:DLOGP3]:error --> alarm time not far enough in the future, resetting alarm to 5 sec from now
2014/09/18 03:32:31.398 #  8.3228,  3.63864,   12.109,  34.8595, 1483.713, 18 Sep 2014 03:32:25,  27.1145, 11.5,   2.2
2014/09/18 03:32:41.398 #  8.3230,  3.63860,   11.881,  34.8590, 1483.709, 18 Sep 2014 03:32:35,  27.1141, 11.5,   2.1
2014/09/18 03:32:51.397 #  8.3231,  3.63866,   12.593,  34.8592, 1483.722, 18 Sep 2014 03:32:45,  27.1143, 11.5,   2.0
2014/09/18 03:33:01.397 #  8.3237,  3.63866,   12.011,  34.8589, 1483.714, 18 Sep 2014 03:32:55,  27.1139, 11.5,   2.1
2014/09/18 03:47:18.647 [ctdbp:DLOGP3]:time out
2014/09/18 03:47:23.043 #  8.3285,  3.63905,   12.169,  34.8582, 1483.734, 18 Sep 2014 03:47:17,  27.1127, 11.5,   2.0
2014/09/18 03:47:23.139 [ctdbp:DLOGP3]:error --> alarm time not far enough in the future, resetting alarm to 5 sec from now
2014/09/18 03:47:31.398 #  8.3286,  3.63908,   12.352,  34.8582, 1483.737, 18 Sep 2014 03:47:25,  27.1127, 11.5,   2.0
2014/09/18 03:47:41.398 #  8.3285,  3.63906,   12.607,  34.8581, 1483.741, 18 Sep 2014 03:47:35,  27.1125, 11.5,   2.1
2014/09/18 03:47:51.398 #  8.3288,  3.63908,   12.317,  34.8581, 1483.737, 18 Sep 2014 03:47:45,  27.1125, 11.5,   2.2
2014/09/18 03:48:01.399 #  8.3287,  3.63911,   12.598,  34.8584, 1483.742, 18 Sep 2014 03:47:55,  27.1128, 11.5,   2.1
2014/09/18 04:02:20.905 [ctdbp:DLOGP3]:time out
2014/09/18 04:02:25.299 #  8.3314,  3.63925,   12.859,  34.8572, 1483.754, 18 Sep 2014 04:02:19,  27.1114, 11.5,   2.0
2014/09/18 04:02:25.396 [ctdbp:DLOGP3]:error --> alarm time not far enough in the future, resetting alarm to 5 sec from now
2014/09/18 04:02:33.398 #  8.3319,  3.63933,   12.475,  34.8577, 1483.751, 18 Sep 2014 04:02:27,  27.1117, 11.5,   2.1
2014/09/18 04:02:43.400 #  8.3299,  3.63909,   11.929,  34.8573, 1483.734, 18 Sep 2014 04:02:37,  27.1117, 11.5,   2.0
2014/09/18 04:02:53.399 #  8.3304,  3.63912,   11.629,  34.8573, 1483.730, 18 Sep 2014 04:02:47,  27.1117, 11.5,   2.2
2014/09/18 04:17:17.202 [ctdbp:DLOGP3]:time out
2014/09/18 04:17:21.597 #  8.3320,  3.63925,   12.254,  34.8568, 1483.746, 18 Sep 2014 04:17:15,  27.1110, 11.5,   2.1
2014/09/18 04:17:21.694 [ctdbp:DLOGP3]:error --> alarm time not far enough in the future, resetting alarm to 5 sec from now
2014/09/18 04:17:30.398 #  8.3330,  3.63936,   13.149,  34.8565, 1483.765, 18 Sep 2014 04:17:24,  27.1106, 11.5,   2.1
2014/09/18 04:17:40.399 #  8.3320,  3.63927,   12.317,  34.8570, 1483.748, 18 Sep 2014 04:17:34,  27.1112, 11.5,   2.2
2014/09/18 04:17:50.399 #  8.3327,  3.63934,   11.837,  34.8573, 1483.743, 18 Sep 2014 04:17:44,  27.1112, 11.5,   2.2
2014/09/18 04:18:00.404 #  8.3329,  3.63933,   12.328,  34.8568, 1483.751, 18 Sep 2014 04:17:54,  27.1108, 11.5,   2.0
2014/09/18 04:32:17.421 [ctdbp:DLOGP3]:time out
2014/09/18 04:32:21.818 #  8.3336,  3.63939,   12.325,  34.8567, 1483.753, 18 Sep 2014 04:32:16,  27.1107, 11.5,   2.1
2014/09/18 04:32:21.914 [ctdbp:DLOGP3]:error --> alarm time not far enough in the future, resetting alarm to 5 sec from now
2014/09/18 04:32:30.399 #  8.3326,  3.63927,   12.515,  34.8564, 1483.752, 18 Sep 2014 04:32:24,  27.1106, 11.5,   2.1
2014/09/18 04:32:40.411 #  8.3322,  3.63921,   12.714,  34.8560, 1483.754, 18 Sep 2014 04:32:34,  27.1104, 11.5,   2.0
2014/09/18 04:32:50.399 #  8.3323,  3.63920,   12.280,  34.8560, 1483.747, 18 Sep 2014 04:32:44,  27.1104, 11.5,   2.1
2014/09/18 04:33:00.399 #  8.3325,  3.63923,   12.242,  34.8561, 1483.747, 18 Sep 2014 04:32:54,  27.1104, 11.5,   2.1
2014/09/18 04:47:17.673 [ctdbp:DLOGP3]:time out
2014/09/18 04:47:22.038 #  8.3325,  3.63920,   12.311,  34.8558, 1483.748, 18 Sep 2014 04:47:16,  27.1101, 11.5,   2.0
2014/09/18 04:47:22.135 [ctdbp:DLOGP3]:error --> alarm time not far enough in the future, resetting alarm to 5 sec from now
2014/09/18 04:47:30.398 #  8.3328,  3.63924,   12.883,  34.8557, 1483.758, 18 Sep 2014 04:47:24,  27.1100, 11.5,   2.0
2014/09/18 04:47:40.400 #  8.3330,  3.63927,   12.653,  34.8558, 1483.755, 18 Sep 2014 04:47:34,  27.1101, 11.5,   1.9
2014/09/18 04:47:50.400 #  8.3329,  3.63924,   12.578,  34.8557, 1483.753, 18 Sep 2014 04:47:44,  27.1100, 11.5,   2.1
2014/09/18 04:48:00.398 #  8.3325,  3.63923,   12.488,  34.8560, 1483.751, 18 Sep 2014 04:47:54,  27.1102, 11.5,   2.0
2014/09/18 05:02:21.886 [ctdbp:DLOGP3]:time out
2014/09/18 05:02:26.273 #  8.3325,  3.63917,   12.610,  34.8553, 1483.752, 18 Sep 2014 05:02:20,  27.1097, 11.5,   2.1
2014/09/18 05:02:26.370 [ctdbp:DLOGP3]:error --> alarm time not far enough in the future, resetting alarm to 5 sec from now
2014/09/18 05:02:34.399 #  8.3329,  3.63924,   13.103,  34.8554, 1483.762, 18 Sep 2014 05:02:28,  27.1097, 11.5,   2.1
2014/09/18 05:02:44.400 #  8.3321,  3.63915,   12.607,  34.8556, 1483.751, 18 Sep 2014 05:02:38,  27.1100, 11.5,   2.1
2014/09/18 05:02:54.400 #  8.3327,  3.63922,   12.922,  34.8555, 1483.758, 18 Sep 2014 05:02:48,  27.1099, 11.5,   2.1
2014/09/18 05:17:16.147 [ctdbp:DLOGP3]:time out
2014/09/18 05:17:20.542 #  8.3301,  3.63895,   12.289,  34.8554, 1483.738, 18 Sep 2014 05:17:14,  27.1102, 11.5,   2.1
2014/09/18 05:17:20.639 [ctdbp:DLOGP3]:error --> alarm time not far enough in the future, resetting alarm to 5 sec from now
2014/09/18 05:17:29.413 #  8.3305,  3.63897,   12.669,  34.8551, 1483.745, 18 Sep 2014 05:17:23,  27.1100, 11.5,   2.0
2014/09/18 05:17:39.400 #  8.3302,  3.63894,   12.250,  34.8553, 1483.738, 18 Sep 2014 05:17:33,  27.1101, 11.5,   2.1
2014/09/18 05:17:49.400 #  8.3311,  3.63907,   12.416,  34.8557, 1483.744, 18 Sep 2014 05:17:43,  27.1102, 11.5,   2.2
2014/09/18 05:17:59.400 #  8.3304,  3.63898,   12.672,  34.8553, 1483.745, 18 Sep 2014 05:17:53,  27.1101, 11.5,   2.2
2014/09/18 05:32:16.365 [ctdbp:DLOGP3]:time out
2014/09/18 05:32:20.761 #  8.3281,  3.63869,   12.157,  34.8548, 1483.728, 18 Sep 2014 05:32:15,  27.1100, 11.5,   2.1
2014/09/18 05:32:20.858 [ctdbp:DLOGP3]:error --> alarm time not far enough in the future, resetting alarm to 5 sec from now
2014/09/18 05:32:29.400 #  8.3288,  3.63877,   12.837,  34.8546, 1483.741, 18 Sep 2014 05:32:23,  27.1097, 11.5,   2.1
2014/09/18 05:32:39.400 #  8.3285,  3.63872,   11.923,  34.8548, 1483.725, 18 Sep 2014 05:32:33,  27.1100, 11.5,   2.0
2014/09/18 05:32:49.400 #  8.3285,  3.63874,   12.202,  34.8548, 1483.730, 18 Sep 2014 05:32:43,  27.1100, 11.5,   2.2
2014/09/18 05:32:59.402 #  8.3283,  3.63871,   11.887,  34.8550, 1483.724, 18 Sep 2014 05:32:53,  27.1101, 11.5,   2.2
2014/09/18 05:47:16.573 [ctdbp:DLOGP3]:time out
2014/09/18 05:47:20.969 #  8.3286,  3.63872,   13.434,  34.8541, 1483.749, 18 Sep 2014 05:47:15,  27.1094, 11.5,   2.2
2014/09/18 05:47:21.071 [ctdbp:DLOGP3]:error --> alarm time not far enough in the future, resetting alarm to 5 sec from now
2014/09/18 05:47:29.401 #  8.3278,  3.63862,   12.452,  34.8542, 1483.730, 18 Sep 2014 05:47:23,  27.1096, 11.5,   2.0
2014/09/18 05:47:39.401 #  8.3269,  3.63853,   12.541,  34.8541, 1483.729, 18 Sep 2014 05:47:33,  27.1096, 11.5,   2.1
2014/09/18 05:47:49.401 #  8.3260,  3.63853,   12.437,  34.8550, 1483.725, 18 Sep 2014 05:47:43,  27.1105, 11.5,   2.1
2014/09/18 05:47:59.401 #  8.3257,  3.63845,   12.139,  34.8546, 1483.718, 18 Sep 2014 05:47:53,  27.1102, 11.5,   2.2
2014/09/18 06:02:20.790 [ctdbp:DLOGP3]:time out
2014/09/18 06:02:25.185 #  8.3248,  3.63836,   12.075,  34.8545, 1483.713, 18 Sep 2014 06:02:19,  27.1104, 11.5,   2.1
2014/09/18 06:02:25.282 [ctdbp:DLOGP3]:error --> alarm time not far enough in the future, resetting alarm to 5 sec from now
2014/09/18 06:02:33.412 #  8.3253,  3.63841,   12.193,  34.8546, 1483.717, 18 Sep 2014 06:02:27,  27.1102, 11.5,   2.0
2014/09/18 06:02:43.401 #  8.3253,  3.63841,   12.586,  34.8543, 1483.724, 18 Sep 2014 06:02:37,  27.1101, 11.5,   2.2
2014/09/18 06:02:53.401 #  8.3246,  3.63833,   12.205,  34.8543, 1483.715, 18 Sep 2014 06:02:47,  27.1101, 11.5,   2.0
2014/09/18 06:17:19.049 [ctdbp:DLOGP3]:time out
2014/09/18 06:17:23.444 #  8.3206,  3.63797,   13.128,  34.8540, 1483.715, 18 Sep 2014 06:17:17,  27.1106, 11.5,   2.2
2014/09/18 06:17:23.541 [ctdbp:DLOGP3]:error --> alarm time not far enough in the future, resetting alarm to 5 sec from now
2014/09/18 06:17:32.401 #  8.3225,  3.63810,   12.380,  34.8539, 1483.709, 18 Sep 2014 06:17:26,  27.1102, 11.5,   2.1
2014/09/18 06:17:42.400 #  8.3219,  3.63801,   12.238,  34.8536, 1483.704, 18 Sep 2014 06:17:36,  27.1101, 11.5,   1.9
2014/09/18 06:17:52.400 #  8.3223,  3.63809,   12.694,  34.8539, 1483.713, 18 Sep 2014 06:17:46,  27.1102, 11.5,   2.0
2014/09/18 06:18:02.401 #  8.3221,  3.63805,   12.379,  34.8538, 1483.708, 18 Sep 2014 06:17:56,  27.1102, 11.5,   2.1
2014/09/18 06:32:17.307 [ctdbp:DLOGP3]:time out
2014/09/18 06:32:21.704 #  8.3203,  3.63785,   12.532,  34.8534, 1483.703, 18 Sep 2014 06:32:15,  27.1101, 11.5,   3.0
2014/09/18 06:32:21.800 [ctdbp:DLOGP3]:error --> alarm time not far enough in the future, resetting alarm to 5 sec from now
2014/09/18 06:32:30.402 #  8.3201,  3.63784,   12.601,  34.8535, 1483.703, 18 Sep 2014 06:32:24,  27.1102, 11.5,   2.1
2014/09/18 06:32:40.402 #  8.3203,  3.63786,   11.860,  34.8537, 1483.692, 18 Sep 2014 06:32:34,  27.1104, 11.5,   2.2
2014/09/18 06:32:50.400 #  8.3202,  3.63788,   12.412,  34.8538, 1483.701, 18 Sep 2014 06:32:44,  27.1105, 11.5,   2.0
2014/09/18 06:33:00.402 #  8.3201,  3.63783,   12.636,  34.8534, 1483.704, 18 Sep 2014 06:32:54,  27.1101, 11.5,   2.1
2014/09/18 06:47:17.505 [ctdbp:DLOGP3]:time out
2014/09/18 06:47:21.901 #  8.3167,  3.63750,   12.152,  34.8534, 1483.683, 18 Sep 2014 06:47:16,  27.1107, 11.5,   2.0
2014/09/18 06:47:21.998 [ctdbp:DLOGP3]:error --> alarm time not far enough in the future, resetting alarm to 5 sec from now
2014/09/18 06:47:30.402 #  8.3163,  3.63750,   12.233,  34.8538, 1483.683, 18 Sep 2014 06:47:24,  27.1111, 11.5,   2.0
2014/09/18 06:47:40.401 #  8.3167,  3.63754,   12.647,  34.8536, 1483.692, 18 Sep 2014 06:47:34,  27.1108, 11.5,   2.0
2014/09/18 06:47:50.401 #  8.3174,  3.63756,   12.753,  34.8531, 1483.695, 18 Sep 2014 06:47:44,  27.1104, 11.5,   2.2
2014/09/18 06:48:00.401 #  8.3179,  3.63760,   11.960,  34.8534, 1483.684, 18 Sep 2014 06:47:54,  27.1105, 11.5,   2.2
2014/09/18 07:02:19.733 [ctdbp:DLOGP3]:time out
2014/09/18 07:02:24.128 #  8.3120,  3.63708,   12.572,  34.8533, 1483.672, 18 Sep 2014 07:02:18,  27.1113, 11.5,   2.1
2014/09/18 07:02:24.225 [ctdbp:DLOGP3]:error --> alarm time not far enough in the future, resetting alarm to 5 sec from now
2014/09/18 07:02:32.402 #  8.3121,  3.63708,   12.656,  34.8533, 1483.674, 18 Sep 2014 07:02:26,  27.1113, 11.5,   2.2
2014/09/18 07:02:42.402 #  8.3113,  3.63699,   12.190,  34.8532, 1483.663, 18 Sep 2014 07:02:36,  27.1113, 11.5,   2.2
2014/09/18 07:02:52.402 #  8.3116,  3.63700,   12.335,  34.8530, 1483.667, 18 Sep 2014 07:02:46,  27.1112, 11.5,   2.1
2014/09/18 07:03:02.402 #  8.3109,  3.63693,   12.263,  34.8530, 1483.663, 18 Sep 2014 07:02:56,  27.1113, 11.5,   2.1
2014/09/18 07:17:18.032 [ctdbp:DLOGP3]:time out
2014/09/18 07:17:22.428 #  8.3108,  3.63684,   11.942,  34.8523, 1483.656, 18 Sep 2014 07:17:16,  27.1107, 11.5,   2.0
2014/09/18 07:17:22.525 [ctdbp:DLOGP3]:error --> alarm time not far enough in the future, resetting alarm to 5 sec from now
2014/09/18 07:17:31.402 #  8.3108,  3.63691,   12.513,  34.8528, 1483.666, 18 Sep 2014 07:17:25,  27.1111, 11.5,   2.2
2014/09/18 07:17:41.402 #  8.3106,  3.63688,   12.618,  34.8526, 1483.667, 18 Sep 2014 07:17:35,  27.1110, 11.5,   2.1
2014/09/18 07:17:51.403 #  8.3108,  3.63691,   12.495,  34.8528, 1483.666, 18 Sep 2014 07:17:45,  27.1111, 11.5,   2.2
2014/09/18 07:18:01.403 #  8.3099,  3.63680,   12.586,  34.8524, 1483.664, 18 Sep 2014 07:17:55,  27.1110, 11.5,   2.1
2014/09/18 07:32:18.209 [ctdbp:DLOGP3]:time out
2014/09/18 07:32:22.604 #  8.3055,  3.63635,   12.755,  34.8520, 1483.649, 18 Sep 2014 07:32:16,  27.1113, 11.5,   2.1
2014/09/18 07:32:22.702 [ctdbp:DLOGP3]:error --> alarm time not far enough in the future, resetting alarm to 5 sec from now
2014/09/18 07:32:31.403 #  8.3053,  3.63640,   13.053,  34.8525, 1483.654, 18 Sep 2014 07:32:25,  27.1117, 11.5,   2.1
2014/09/18 07:32:41.403 #  8.3049,  3.63634,   12.876,  34.8524, 1483.650, 18 Sep 2014 07:32:35,  27.1117, 11.5,   2.1
2014/09/18 07:32:51.403 #  8.3049,  3.63636,   12.940,  34.8526, 1483.651, 18 Sep 2014 07:32:45,  27.1119, 11.5,   2.3
2014/09/18 07:33:01.402 #  8.3054,  3.63637,   12.921,  34.8522, 1483.652, 18 Sep 2014 07:32:55,  27.1114, 11.5,   2.2
2014/09/18 07:47:16.388 [ctdbp:DLOGP3]:time out
2014/09/18 07:47:20.784 #  8.3005,  3.63590,   12.838,  34.8521, 1483.632, 18 Sep 2014 07:47:15,  27.1121, 11.5,   2.0
2014/09/18 07:47:20.881 [ctdbp:DLOGP3]:error --> alarm time not far enough in the future, resetting alarm to 5 sec from now
2014/09/18 07:47:29.403 #  8.3001,  3.63589,   13.147,  34.8522, 1483.636, 18 Sep 2014 07:47:23,  27.1123, 11.5,   2.1
2014/09/18 07:47:39.403 #  8.2993,  3.63581,   12.467,  34.8524, 1483.622, 18 Sep 2014 07:47:33,  27.1125, 11.5,   2.1
2014/09/18 07:47:49.404 #  8.2986,  3.63573,   12.558,  34.8523, 1483.621, 18 Sep 2014 07:47:43,  27.1127, 11.5,   1.9
2014/09/18 07:47:59.403 #  8.2993,  3.63575,   12.303,  34.8519, 1483.619, 18 Sep 2014 07:47:53,  27.1122, 11.5,   2.0
2014/09/18 08:02:22.595 [ctdbp:DLOGP3]:time out
2014/09/18 08:02:26.990 #  8.2890,  3.63481,   12.816,  34.8519, 1483.588, 18 Sep 2014 08:02:21,  27.1138, 11.5,   2.1
2014/09/18 08:02:27.087 [ctdbp:DLOGP3]:error --> alarm time not far enough in the future, resetting alarm to 5 sec from now
2014/09/18 08:02:35.404 #  8.2885,  3.63477,   12.687,  34.8519, 1483.585, 18 Sep 2014 08:02:29,  27.1139, 11.5,   2.1
2014/09/18 08:02:45.404 #  8.2890,  3.63480,   12.553,  34.8518, 1483.584, 18 Sep 2014 08:02:39,  27.1136, 11.5,   2.1
2014/09/18 08:02:55.404 #  8.2892,  3.63481,   12.567,  34.8518, 1483.585, 18 Sep 2014 08:02:49,  27.1136, 11.5,   2.2
2014/09/18 08:17:16.804 [ctdbp:DLOGP3]:time out
2014/09/18 08:17:21.200 #  8.2809,  3.63399,   12.313,  34.8513, 1483.549, 18 Sep 2014 08:17:15,  27.1145, 11.5,   2.1
2014/09/18 08:17:21.297 [ctdbp:DLOGP3]:error --> alarm time not far enough in the future, resetting alarm to 5 sec from now
2014/09/18 08:17:29.405 #  8.2813,  3.63396,   12.629,  34.8506, 1483.555, 18 Sep 2014 08:17:23,  27.1139, 11.5,   2.1
2014/09/18 08:17:39.404 #  8.2814,  3.63399,   12.848,  34.8507, 1483.559, 18 Sep 2014 08:17:33,  27.1139, 11.5,   2.0
2014/09/18 08:17:49.404 #  8.2820,  3.63404,   12.218,  34.8510, 1483.551, 18 Sep 2014 08:17:43,  27.1141, 11.5,   2.1
2014/09/18 08:17:59.404 #  8.2814,  3.63401,   12.661,  34.8509, 1483.556, 18 Sep 2014 08:17:53,  27.1141, 11.5,   2.1
2014/09/18 08:32:12.835 [ctdbp:DLOGP3]:time out
2014/09/18 08:32:12.931 [ctdbp:DLOGP3]:error --> alarm time not far enough in the future, resetting alarm to 5 sec from now
2014/09/18 08:32:21.404 #  8.2738,  3.63331,   12.200,  34.8513, 1483.520, 18 Sep 2014 08:32:15,  27.1156, 11.5,   2.0
2014/09/18 08:32:31.404 #  8.2735,  3.63327,   12.987,  34.8507, 1483.532, 18 Sep 2014 08:32:25,  27.1152, 11.5,   2.1
2014/09/18 08:32:41.405 #  8.2730,  3.63321,   12.190,  34.8509, 1483.517, 18 Sep 2014 08:32:35,  27.1154, 11.5,   2.2
2014/09/18 08:32:51.404 #  8.2733,  3.63323,   12.310,  34.8508, 1483.520, 18 Sep 2014 08:32:45,  27.1152, 11.5,   2.1
2014/09/18 08:33:01.404 #  8.2726,  3.63314,   12.260,  34.8506, 1483.516, 18 Sep 2014 08:32:55,  27.1152, 11.5,   2.1
2014/09/18 08:47:17.221 [ctdbp:DLOGP3]:time out
2014/09/18 08:47:21.616 #  8.2659,  3.63239,   12.192,  34.8492, 1483.489, 18 Sep 2014 08:47:15,  27.1151, 11.5,   2.1
2014/09/18 08:47:21.713 [ctdbp:DLOGP3]:error --> alarm time not far enough in the future, resetting alarm to 5 sec from now
2014/09/18 08:47:30.404 #  8.2652,  3.63237,   12.670,  34.8495, 1483.494, 18 Sep 2014 08:47:24,  27.1155, 11.5,   2.1
2014/09/18 08:47:40.406 #  8.2676,  3.63256,   12.608,  34.8491, 1483.502, 18 Sep 2014 08:47:34,  27.1149, 11.5,   2.2
2014/09/18 08:47:50.405 #  8.2680,  3.63262,   12.521,  34.8495, 1483.502, 18 Sep 2014 08:47:44,  27.1151, 11.5,   2.0
2014/09/18 08:48:00.415 #  8.2678,  3.63258,   12.393,  34.8493, 1483.499, 18 Sep 2014 08:47:54,  27.1150, 11.5,   2.2
2014/09/18 09:02:21.438 [ctdbp:DLOGP3]:time out
2014/09/18 09:02:25.834 #  8.2617,  3.63203,   12.240,  34.8495, 1483.474, 18 Sep 2014 09:02:20,  27.1161, 11.5,   1.9
2014/09/18 09:02:25.930 [ctdbp:DLOGP3]:error --> alarm time not far enough in the future, resetting alarm to 5 sec from now
2014/09/18 09:02:34.405 #  8.2623,  3.63208,   12.638,  34.8494, 1483.482, 18 Sep 2014 09:02:28,  27.1158, 11.5,   2.0
2014/09/18 09:02:44.404 #  8.2625,  3.63207,   12.363,  34.8492, 1483.478, 18 Sep 2014 09:02:38,  27.1157, 11.5,   2.0
2014/09/18 09:02:54.404 #  8.2621,  3.63205,   11.787,  34.8496, 1483.468, 18 Sep 2014 09:02:48,  27.1160, 11.5,   2.0
2014/09/18 09:17:17.617 [ctdbp:DLOGP3]:time out
2014/09/18 09:17:22.013 #  8.2601,  3.63193,   13.272,  34.8496, 1483.485, 18 Sep 2014 09:17:16,  27.1163, 11.5,   2.0
2014/09/18 09:17:22.109 [ctdbp:DLOGP3]:error --> alarm time not far enough in the future, resetting alarm to 5 sec from now
2014/09/18 09:17:30.404 #  8.2590,  3.63177,   12.212,  34.8494, 1483.463, 18 Sep 2014 09:17:24,  27.1163, 11.5,   2.1
2014/09/18 09:17:40.405 #  8.2598,  3.63187,   12.920,  34.8494, 1483.478, 18 Sep 2014 09:17:34,  27.1162, 11.5,   2.1
2014/09/18 09:17:50.405 #  8.2595,  3.63187,   12.239,  34.8500, 1483.466, 18 Sep 2014 09:17:44,  27.1167, 11.5,   2.1
2014/09/18 09:18:00.409 #  8.2602,  3.63190,   12.879,  34.8494, 1483.478, 18 Sep 2014 09:17:54,  27.1162, 11.5,   2.0
2014/09/18 09:32:17.815 [ctdbp:DLOGP3]:time out
2014/09/18 09:32:22.211 #  8.2584,  3.63182,   12.344,  34.8505, 1483.464, 18 Sep 2014 09:32:16,  27.1173, 11.5,   2.0
2014/09/18 09:32:22.308 [ctdbp:DLOGP3]:error --> alarm time not far enough in the future, resetting alarm to 5 sec from now
2014/09/18 09:32:30.406 #  8.2595,  3.63188,   12.204,  34.8502, 1483.466, 18 Sep 2014 09:32:24,  27.1169, 11.5,   2.1
2014/09/18 09:32:40.406 #  8.2604,  3.63202,   12.097,  34.8507, 1483.468, 18 Sep 2014 09:32:34,  27.1172, 11.5,   2.0
2014/09/18 09:32:50.406 #  8.2612,  3.63203,   12.202,  34.8501, 1483.472, 18 Sep 2014 09:32:44,  27.1166, 11.5,   2.1
2014/09/18 09:33:00.406 #  8.2607,  3.63201,   12.464,  34.8502, 1483.475, 18 Sep 2014 09:32:54,  27.1167, 11.5,   2.0
2014/09/18 09:47:17.994 [ctdbp:DLOGP3]:time out
2014/09/18 09:47:22.388 #  8.2609,  3.63213,   12.243,  34.8514, 1483.473, 18 Sep 2014 09:47:16,  27.1177, 11.5,   2.2
2014/09/18 09:47:22.485 [ctdbp:DLOGP3]:error --> alarm time not far enough in the future, resetting alarm to 5 sec from now
2014/09/18 09:47:31.406 #  8.2610,  3.63210,   12.273,  34.8510, 1483.474, 18 Sep 2014 09:47:25,  27.1173, 11.5,   2.1
2014/09/18 09:47:41.406 #  8.2609,  3.63216,   12.928,  34.8514, 1483.484, 18 Sep 2014 09:47:35,  27.1177, 11.5,   2.1
2014/09/18 09:47:51.406 #  8.2604,  3.63209,   13.105,  34.8511, 1483.485, 18 Sep 2014 09:47:45,  27.1174, 11.5,   2.2
2014/09/18 09:48:01.406 #  8.2598,  3.63200,   12.062,  34.8512, 1483.466, 18 Sep 2014 09:47:55,  27.1177, 11.5,   2.1
2014/09/18 10:02:22.200 [ctdbp:DLOGP3]:time out
2014/09/18 10:02:26.596 #  8.2619,  3.63231,   12.355,  34.8523, 1483.480, 18 Sep 2014 10:02:20,  27.1182, 11.5,   2.1
2014/09/18 10:02:26.693 [ctdbp:DLOGP3]:error --> alarm time not far enough in the future, resetting alarm to 5 sec from now
2014/09/18 10:02:35.406 #  8.2618,  3.63229,   12.356,  34.8521, 1483.479, 18 Sep 2014 10:02:29,  27.1180, 11.5,   2.1
2014/09/18 10:02:45.406 #  8.2630,  3.63240,   12.064,  34.8523, 1483.479, 18 Sep 2014 10:02:39,  27.1180, 11.5,   2.1
2014/09/18 10:02:55.405 #  8.2621,  3.63231,   12.764,  34.8518, 1483.487, 18 Sep 2014 10:02:49,  27.1178, 11.5,   2.0
2014/09/18 10:17:16.380 [ctdbp:DLOGP3]:time out
2014/09/18 10:17:20.776 #  8.2636,  3.63255,   12.619,  34.8530, 1483.492, 18 Sep 2014 10:17:15,  27.1184, 11.5,   2.0
2014/09/18 10:17:20.873 [ctdbp:DLOGP3]:error --> alarm time not far enough in the future, resetting alarm to 5 sec from now
2014/09/18 10:17:29.407 #  8.2635,  3.63253,   13.551,  34.8525, 1483.506, 18 Sep 2014 10:17:23,  27.1182, 11.5,   2.0
2014/09/18 10:17:39.419 #  8.2605,  3.63226,   12.487,  34.8531, 1483.478, 18 Sep 2014 10:17:33,  27.1190, 11.5,   2.1
2014/09/18 10:17:49.406 #  8.2608,  3.63225,   11.595,  34.8531, 1483.464, 18 Sep 2014 10:17:43,  27.1190, 11.5,   2.1
2014/09/18 10:17:59.407 #  8.2616,  3.63238,   12.464,  34.8533, 1483.482, 18 Sep 2014 10:17:53,  27.1190, 11.5,   2.1
2014/09/18 10:32:16.599 [ctdbp:DLOGP3]:time out
2014/09/18 10:32:20.994 #  8.2640,  3.63264,   12.794,  34.8535, 1483.497, 18 Sep 2014 10:32:15,  27.1188, 11.5,   2.1
2014/09/18 10:32:21.091 [ctdbp:DLOGP3]:error --> alarm time not far enough in the future, resetting alarm to 5 sec from now
2014/09/18 10:32:29.407 #  8.2628,  3.63253,   12.437,  34.8537, 1483.486, 18 Sep 2014 10:32:23,  27.1191, 11.5,   2.1
2014/09/18 10:32:39.407 #  8.2622,  3.63245,   12.072,  34.8536, 1483.478, 18 Sep 2014 10:32:33,  27.1193, 11.5,   2.2
2014/09/18 10:32:49.407 #  8.2656,  3.63280,   12.462,  34.8538, 1483.497, 18 Sep 2014 10:32:43,  27.1188, 11.5,   2.2
2014/09/18 10:32:59.407 #  8.2673,  3.63295,   12.367,  34.8538, 1483.502, 18 Sep 2014 10:32:53,  27.1185, 11.5,   2.1
2014/09/18 10:47:18.807 [ctdbp:DLOGP3]:time out
2014/09/18 10:47:23.201 #  8.2695,  3.63319,   12.456,  34.8541, 1483.512, 18 Sep 2014 10:47:17,  27.1184, 11.5,   2.1
2014/09/18 10:47:23.298 [ctdbp:DLOGP3]:error --> alarm time not far enough in the future, resetting alarm to 5 sec from now
2014/09/18 10:47:31.413 #  8.2694,  3.63322,   11.994,  34.8547, 1483.505, 18 Sep 2014 10:47:25,  27.1189, 11.5,   2.1
2014/09/18 10:47:41.408 #  8.2711,  3.63338,   12.281,  34.8546, 1483.516, 18 Sep 2014 10:47:35,  27.1185, 11.5,   2.0
2014/09/18 10:47:51.408 #  8.2722,  3.63352,   12.915,  34.8548, 1483.531, 18 Sep 2014 10:47:45,  27.1187, 11.5,   2.1
2014/09/18 10:48:01.408 #  8.2711,  3.63339,   11.960,  34.8549, 1483.511, 18 Sep 2014 10:47:55,  27.1189, 11.5,   2.2
2014/09/18 11:02:21.054 [ctdbp:DLOGP3]:time out
2014/09/18 11:02:25.450 #  8.2755,  3.63380,   11.956,  34.8549, 1483.528, 18 Sep 2014 11:02:19,  27.1182, 11.5,   2.0
2014/09/18 11:02:25.546 [ctdbp:DLOGP3]:error --> alarm time not far enough in the future, resetting alarm to 5 sec from now
2014/09/18 11:02:34.408 #  8.2752,  3.63384,   12.352,  34.8554, 1483.534, 18 Sep 2014 11:02:28,  27.1187, 11.5,   2.1
2014/09/18 11:02:44.407 #  8.2748,  3.63381,   13.040,  34.8552, 1483.543, 18 Sep 2014 11:02:38,  27.1185, 11.5,   2.2
2014/09/18 11:02:54.408 #  8.2749,  3.63377,   12.144,  34.8551, 1483.529, 18 Sep 2014 11:02:48,  27.1184, 11.5,   2.1
2014/09/18 11:17:17.313 [ctdbp:DLOGP3]:time out
2014/09/18 11:17:21.710 #  8.2803,  3.63434,   12.498,  34.8556, 1483.555, 18 Sep 2014 11:17:15,  27.1180, 11.5,   2.1
2014/09/18 11:17:21.805 [ctdbp:DLOGP3]:error --> alarm time not far enough in the future, resetting alarm to 5 sec from now
2014/09/18 11:17:30.408 #  8.2790,  3.63419,   12.091,  34.8555, 1483.544, 18 Sep 2014 11:17:24,  27.1182, 11.5,   2.0
2014/09/18 11:17:40.408 #  8.2785,  3.63416,   12.767,  34.8554, 1483.553, 18 Sep 2014 11:17:34,  27.1180, 11.5,   2.1
2014/09/18 11:17:50.408 #  8.2777,  3.63409,   12.488,  34.8555, 1483.546, 18 Sep 2014 11:17:44,  27.1183, 11.5,   1.9
2014/09/18 11:18:00.408 #  8.2808,  3.63440,   13.458,  34.8553, 1483.573, 18 Sep 2014 11:17:54,  27.1177, 11.5,   2.2
2014/09/18 11:32:17.591 [ctdbp:DLOGP3]:time out
2014/09/18 11:32:21.987 #  8.2791,  3.63427,   13.369,  34.8557, 1483.565, 18 Sep 2014 11:32:16,  27.1183, 11.5,   2.0
2014/09/18 11:32:22.084 [ctdbp:DLOGP3]:error --> alarm time not far enough in the future, resetting alarm to 5 sec from now
2014/09/18 11:32:30.408 #  8.2801,  3.63430,   12.591,  34.8554, 1483.556, 18 Sep 2014 11:32:24,  27.1178, 11.5,   2.1
2014/09/18 11:32:40.408 #  8.2786,  3.63418,   12.193,  34.8558, 1483.544, 18 Sep 2014 11:32:34,  27.1184, 11.5,   2.1
2014/09/18 11:32:50.409 #  8.2782,  3.63417,   12.855,  34.8557, 1483.553, 18 Sep 2014 11:32:44,  27.1184, 11.5,   2.1
2014/09/18 11:33:00.408 #  8.2800,  3.63432,   12.144,  34.8559, 1483.549, 18 Sep 2014 11:32:54,  27.1183, 11.5,   2.0
2014/09/18 11:47:17.848 [ctdbp:DLOGP3]:time out
2014/09/18 11:47:22.247 #  8.2837,  3.63476,   12.766,  34.8566, 1483.573, 18 Sep 2014 11:47:16,  27.1183, 11.5,   2.6
2014/09/18 11:47:22.344 [ctdbp:DLOGP3]:error --> alarm time not far enough in the future, resetting alarm to 5 sec from now
2014/09/18 11:47:30.409 #  8.2850,  3.63482,   12.311,  34.8562, 1483.571, 18 Sep 2014 11:47:24,  27.1177, 11.5,   2.1
2014/09/18 11:47:40.409 #  8.2913,  3.63533,   11.810,  34.8556, 1483.585, 18 Sep 2014 11:47:34,  27.1163, 11.5,   2.1
2014/09/18 11:47:50.408 #  8.2915,  3.63542,   12.066,  34.8563, 1483.591, 18 Sep 2014 11:47:44,  27.1168, 11.5,   2.2
2014/09/18 11:48:00.409 #  8.2911,  3.63542,   12.242,  34.8566, 1483.593, 18 Sep 2014 11:47:54,  27.1171, 11.5,   2.2
2014/09/18 12:02:22.096 [ctdbp:DLOGP3]:time out
2014/09/18 12:02:26.492 #  8.2755,  3.63395,   12.186,  34.8564, 1483.533, 18 Sep 2014 12:02:20,  27.1193, 11.5,   1.9
2014/09/18 12:02:26.589 [ctdbp:DLOGP3]:error --> alarm time not far enough in the future, resetting alarm to 5 sec from now
2014/09/18 12:02:35.409 #  8.2750,  3.63382,   12.281,  34.8555, 1483.532, 18 Sep 2014 12:02:29,  27.1187, 11.5,   2.1
2014/09/18 12:02:45.408 #  8.2760,  3.63397,   12.449,  34.8560, 1483.539, 18 Sep 2014 12:02:39,  27.1189, 11.5,   2.2
2014/09/18 12:02:55.409 #  8.2768,  3.63405,   11.781,  34.8563, 1483.531, 18 Sep 2014 12:02:49,  27.1191, 11.5,   2.0
2014/09/18 12:17:18.365 [ctdbp:DLOGP3]:time out
2014/09/18 12:17:22.762 #  8.2805,  3.63445,   12.915,  34.8564, 1483.564, 18 Sep 2014 12:17:17,  27.1185, 11.5,   2.1
2014/09/18 12:17:22.859 [ctdbp:DLOGP3]:error --> alarm time not far enough in the future, resetting alarm to 5 sec from now
2014/09/18 12:17:31.409 #  8.2793,  3.63420,   13.038,  34.8548, 1483.559, 18 Sep 2014 12:17:25,  27.1176, 11.5,   2.1
2014/09/18 12:17:41.444 #  8.2820,  3.63457,   12.576,  34.8564, 1483.564, 18 Sep 2014 12:17:35,  27.1183, 11.5,   2.2
2014/09/18 12:17:51.409 #  8.2883,  3.63516,   12.666,  34.8564, 1483.589, 18 Sep 2014 12:17:45,  27.1173, 11.5,   2.2
2014/09/18 12:18:01.409 #  8.2846,  3.63489,   13.195,  34.8569, 1483.584, 18 Sep 2014 12:17:55,  27.1184, 11.5,   2.2
2014/09/18 12:32:18.663 [ctdbp:DLOGP3]:time out
2014/09/18 12:32:23.059 #  8.2766,  3.63407,   13.464,  34.8560, 1483.558, 18 Sep 2014 12:32:17,  27.1189, 11.5,   2.1
2014/09/18 12:32:23.156 [ctdbp:DLOGP3]:error --> alarm time not far enough in the future, resetting alarm to 5 sec from now
2014/09/18 12:32:31.409 #  8.2773,  3.63412,   12.863,  34.8561, 1483.551, 18 Sep 2014 12:32:25,  27.1188, 11.5,   2.1
2014/09/18 12:32:41.410 #  8.2781,  3.63416,   11.885,  34.8562, 1483.538, 18 Sep 2014 12:32:35,  27.1188, 11.5,   2.1
2014/09/18 12:32:51.409 #  8.2795,  3.63431,   11.962,  34.8563, 1483.544, 18 Sep 2014 12:32:45,  27.1187, 11.5,   2.0
2014/09/18 12:33:01.410 #  8.2798,  3.63436,   12.731,  34.8562, 1483.558, 18 Sep 2014 12:32:55,  27.1185, 11.5,   2.0
2014/09/18 12:47:16.932 [ctdbp:DLOGP3]:time out
2014/09/18 12:47:21.328 #  8.2918,  3.63569,   12.982,  34.8584, 1483.610, 18 Sep 2014 12:47:15,  27.1184, 11.5,   2.0
2014/09/18 12:47:21.425 [ctdbp:DLOGP3]:error --> alarm time not far enough in the future, resetting alarm to 5 sec from now
2014/09/18 12:47:30.416 #  8.2925,  3.63574,   12.004,  34.8587, 1483.597, 18 Sep 2014 12:47:24,  27.1185, 11.5,   2.2
2014/09/18 12:47:40.416 #  8.2911,  3.63561,   12.242,  34.8586, 1483.595, 18 Sep 2014 12:47:34,  27.1188, 11.5,   2.0
2014/09/18 12:47:50.424 #  8.2908,  3.63557,   12.846,  34.8581, 1483.604, 18 Sep 2014 12:47:44,  27.1184, 11.5,   2.2
2014/09/18 12:48:00.413 #  8.2885,  3.63543,   12.439,  34.8591, 1483.590, 18 Sep 2014 12:47:54,  27.1195, 11.5,   2.1
2014/09/18 13:02:21.247 [ctdbp:DLOGP3]:time out
2014/09/18 13:02:25.642 #  8.2799,  3.63454,   12.630,  34.8581, 1483.559, 18 Sep 2014 13:02:19,  27.1200, 11.5,   2.0
2014/09/18 13:02:25.739 [ctdbp:DLOGP3]:error --> alarm time not far enough in the future, resetting alarm to 5 sec from now
2014/09/18 13:02:34.410 #  8.2815,  3.63465,   12.450,  34.8578, 1483.562, 18 Sep 2014 13:02:28,  27.1195, 11.5,   2.1
2014/09/18 13:02:44.410 #  8.2790,  3.63436,   12.542,  34.8572, 1483.553, 18 Sep 2014 13:02:38,  27.1194, 11.5,   2.0
2014/09/18 13:02:54.409 #  8.2803,  3.63448,   12.015,  34.8573, 1483.549, 18 Sep 2014 13:02:48,  27.1194, 11.5,   2.2
2014/09/18 13:17:17.458 [ctdbp:DLOGP3]:time out
2014/09/18 13:17:21.853 #  8.2859,  3.63521,   11.553,  34.8598, 1483.566, 18 Sep 2014 13:17:16,  27.1205, 11.5,   2.0
2014/09/18 13:17:21.949 [ctdbp:DLOGP3]:error --> alarm time not far enough in the future, resetting alarm to 5 sec from now
2014/09/18 13:17:30.411 #  8.2852,  3.63521,   12.233,  34.8601, 1483.575, 18 Sep 2014 13:17:24,  27.1207, 11.5,   2.0
2014/09/18 13:17:40.411 #  8.2839,  3.63509,   12.082,  34.8603, 1483.568, 18 Sep 2014 13:17:34,  27.1211, 11.5,   2.1
2014/09/18 13:17:50.411 #  8.2836,  3.63500,   11.906,  34.8596, 1483.563, 18 Sep 2014 13:17:44,  27.1206, 11.5,   2.2
2014/09/18 13:18:00.411 #  8.2836,  3.63502,   12.990,  34.8593, 1483.580, 18 Sep 2014 13:17:54,  27.1204, 11.5,   2.2
2014/09/18 13:32:15.716 [ctdbp:DLOGP3]:time out
2014/09/18 13:32:20.111 #  8.2978,  3.63650,   12.786,  34.8611, 1483.633, 18 Sep 2014 13:32:14,  27.1196, 11.5,   2.2
2014/09/18 13:32:20.208 [ctdbp:DLOGP3]:error --> alarm time not far enough in the future, resetting alarm to 5 sec from now
2014/09/18 13:32:28.411 #  8.2936,  3.63605,   12.641,  34.8606, 1483.614, 18 Sep 2014 13:32:22,  27.1199, 11.5,   2.2
2014/09/18 13:32:38.411 #  8.2957,  3.63634,   12.013,  34.8619, 1483.613, 18 Sep 2014 13:32:32,  27.1206, 11.5,   2.0
2014/09/18 13:32:48.411 #  8.2947,  3.63622,   12.745,  34.8613, 1483.620, 18 Sep 2014 13:32:42,  27.1202, 11.5,   2.1
2014/09/18 13:32:58.411 #  8.2916,  3.63587,   12.737,  34.8607, 1483.608, 18 Sep 2014 13:32:52,  27.1202, 11.5,   2.0
2014/09/18 13:47:17.934 [ctdbp:DLOGP3]:time out
2014/09/18 13:47:22.329 #  8.2939,  3.63622,   12.896,  34.8620, 1483.621, 18 Sep 2014 13:47:16,  27.1210, 11.5,   2.1
2014/09/18 13:47:22.426 [ctdbp:DLOGP3]:error --> alarm time not far enough in the future, resetting alarm to 5 sec from now
2014/09/18 13:47:31.412 #  8.2943,  3.63626,   12.329,  34.8623, 1483.613, 18 Sep 2014 13:47:25,  27.1211, 11.5,   2.1
2014/09/18 13:47:41.412 #  8.2957,  3.63639,   12.418,  34.8622, 1483.620, 18 Sep 2014 13:47:35,  27.1208, 11.5,   2.1
2014/09/18 13:47:51.412 #  8.2961,  3.63643,   12.320,  34.8623, 1483.620, 18 Sep 2014 13:47:45,  27.1208, 11.5,   2.0
2014/09/18 13:48:01.412 #  8.2972,  3.63648,   11.858,  34.8620, 1483.616, 18 Sep 2014 13:47:55,  27.1205, 11.5,   2.2
2014/09/18 14:02:22.132 [ctdbp:DLOGP3]:time out
2014/09/18 14:02:26.527 #  8.3099,  3.63778,   13.087,  34.8627, 1483.685, 18 Sep 2014 14:02:20,  27.1190, 11.5,   2.0
2014/09/18 14:02:26.624 [ctdbp:DLOGP3]:error --> alarm time not far enough in the future, resetting alarm to 5 sec from now
2014/09/18 14:02:35.411 #  8.3093,  3.63771,   13.151,  34.8625, 1483.683, 18 Sep 2014 14:02:29,  27.1189, 11.5,   2.2
2014/09/18 14:02:45.412 #  8.3110,  3.63784,   12.513,  34.8626, 1483.679, 18 Sep 2014 14:02:39,  27.1188, 11.5,   2.2
2014/09/18 14:02:55.412 #  8.3120,  3.63794,   12.141,  34.8627, 1483.677, 18 Sep 2014 14:02:49,  27.1188, 11.5,   2.1
2014/09/18 14:17:18.370 [ctdbp:DLOGP3]:time out
2014/09/18 14:17:22.767 #  8.3193,  3.63870,   12.928,  34.8632, 1483.718, 18 Sep 2014 14:17:17,  27.1179, 11.5,   2.1
2014/09/18 14:17:22.864 [ctdbp:DLOGP3]:error --> alarm time not far enough in the future, resetting alarm to 5 sec from now
2014/09/18 14:17:31.412 #  8.3199,  3.63872,   13.236,  34.8627, 1483.724, 18 Sep 2014 14:17:25,  27.1174, 11.5,   2.1
2014/09/18 14:17:41.413 #  8.3188,  3.63865,   12.618,  34.8634, 1483.711, 18 Sep 2014 14:17:35,  27.1182, 11.5,   2.1
2014/09/18 14:17:51.412 #  8.3181,  3.63855,   12.883,  34.8628, 1483.712, 18 Sep 2014 14:17:45,  27.1179, 11.5,   2.2
2014/09/18 14:18:01.412 #  8.3175,  3.63851,   12.468,  34.8632, 1483.704, 18 Sep 2014 14:17:55,  27.1183, 11.5,   2.1
2014/09/18 14:32:18.639 [ctdbp:DLOGP3]:time out
2014/09/18 14:32:23.035 #  8.3242,  3.63908,   12.380,  34.8627, 1483.726, 18 Sep 2014 14:32:17,  27.1168, 11.5,   2.2
2014/09/18 14:32:23.132 [ctdbp:DLOGP3]:error --> alarm time not far enough in the future, resetting alarm to 5 sec from now
2014/09/18 14:32:31.411 #  8.3228,  3.63901,   12.813,  34.8630, 1483.729, 18 Sep 2014 14:32:25,  27.1173, 11.5,   2.0
2014/09/18 14:32:41.425 #  8.3214,  3.63887,   12.385,  34.8632, 1483.717, 18 Sep 2014 14:32:35,  27.1177, 11.5,   2.2
2014/09/18 14:32:51.413 #  8.3226,  3.63892,   12.205,  34.8627, 1483.718, 18 Sep 2014 14:32:45,  27.1171, 11.5,   3.2
2014/09/18 14:33:01.413 #  8.3227,  3.63895,   12.093,  34.8630, 1483.716, 18 Sep 2014 14:32:55,  27.1173, 11.5,   2.0
2014/09/18 14:47:16.847 [ctdbp:DLOGP3]:time out
2014/09/18 14:47:21.245 #  8.3331,  3.63991,   12.415,  34.8626, 1483.760, 18 Sep 2014 14:47:15,  27.1154, 11.5,   2.0
2014/09/18 14:47:21.345 [ctdbp:DLOGP3]:error --> alarm time not far enough in the future, resetting alarm to 5 sec from now
2014/09/18 14:47:29.413 #  8.3333,  3.63993,   12.187,  34.8629, 1483.758, 18 Sep 2014 14:47:23,  27.1156, 11.5,   2.1
2014/09/18 14:47:39.413 #  8.3340,  3.63999,   12.533,  34.8626, 1483.765, 18 Sep 2014 14:47:33,  27.1152, 11.5,   2.3
2014/09/18 14:47:49.412 #  8.3340,  3.64002,   12.839,  34.8628, 1483.771, 18 Sep 2014 14:47:43,  27.1154, 11.5,   2.0
2014/09/18 14:47:59.413 #  8.3345,  3.64002,   12.781,  34.8623, 1483.771, 18 Sep 2014 14:47:53,  27.1149, 11.5,   2.1
2014/09/18 15:02:23.084 [ctdbp:DLOGP3]:time out
2014/09/18 15:02:27.480 #  8.3536,  3.64172,   13.218,  34.8613, 1483.848, 18 Sep 2014 15:02:21,  27.1112, 11.5,   2.1
2014/09/18 15:02:27.577 [ctdbp:DLOGP3]:error --> alarm time not far enough in the future, resetting alarm to 5 sec from now
2014/09/18 15:02:36.412 #  8.3532,  3.64168,   12.350,  34.8616, 1483.833, 18 Sep 2014 15:02:30,  27.1116, 11.5,   2.1
2014/09/18 15:02:46.420 #  8.3539,  3.64176,   12.935,  34.8615, 1483.845, 18 Sep 2014 15:02:40,  27.1113, 11.5,   2.1
2014/09/18 15:02:56.413 #  8.3539,  3.64175,   12.991,  34.8613, 1483.846, 18 Sep 2014 15:02:50,  27.1112, 11.5,   2.2
