2015/07/06 00:00:03.176 [ctdbp:DLOGP3]:Battery power on message
2015/07/06 00:00:11.934 [ctdbp:DLOGP3]:SBE 16plus
2015/07/06 00:02:11.578 [ctdbp:DLOGP3]:time out
2015/07/06 00:03:05.566 [ctdbp:DLOGP3]:Battery power off message
2015/07/06 00:15:03.775 [ctdbp:DLOGP3]:Battery power on message
2015/07/06 00:15:08.651 [ctdbp:DLOGP3]:SBE 16plus
2015/07/06 00:17:08.294 [ctdbp:DLOGP3]:time out
2015/07/06 00:18:06.323 [ctdbp:DLOGP3]:Battery power off message
2015/07/06 00:30:02.651 [ctdbp:DLOGP3]:Battery power on message
2015/07/06 00:30:07.313 [ctdbp:DLOGP3]:SBE 16plus
2015/07/06 00:32:06.956 [ctdbp:DLOGP3]:time out
2015/07/06 00:33:06.960 [ctdbp:DLOGP3]:Battery power off message
2015/07/06 00:45:03.295 [ctdbp:DLOGP3]:Battery power on message
2015/07/06 00:45:08.003 [ctdbp:DLOGP3]:SBE 16plus
2015/07/06 00:47:07.646 [ctdbp:DLOGP3]:time out
2015/07/06 00:48:05.646 [ctdbp:DLOGP3]:Battery power off message
2015/07/06 01:00:02.024 [ctdbp:DLOGP3]:Battery power on message
2015/07/06 01:00:10.699 [ctdbp:DLOGP3]:SBE 16plus
2015/07/06 01:02:10.343 [ctdbp:DLOGP3]:time out
2015/07/06 01:03:06.343 [ctdbp:DLOGP3]:Battery power off message
2015/07/06 01:15:02.749 [ctdbp:DLOGP3]:Battery power on message
2015/07/06 01:15:07.367 [ctdbp:DLOGP3]:SBE 16plus
2015/07/06 01:17:07.011 [ctdbp:DLOGP3]:time out
2015/07/06 01:18:05.039 [ctdbp:DLOGP3]:Battery power off message
2015/07/06 01:30:02.093 [ctdbp:DLOGP3]:Battery power on message
2015/07/06 01:30:08.060 [ctdbp:DLOGP3]:SBE 16plus
2015/07/06 01:32:07.704 [ctdbp:DLOGP3]:time out
2015/07/06 01:33:05.739 [ctdbp:DLOGP3]:Battery power off message
2015/07/06 01:45:02.021 [ctdbp:DLOGP3]:Battery power on message
2015/07/06 01:45:06.730 [ctdbp:DLOGP3]:SBE 16plus
2015/07/06 01:47:06.375 [ctdbp:DLOGP3]:time out
2015/07/06 01:48:06.361 [ctdbp:DLOGP3]:Battery power off message
2015/07/06 02:00:02.706 [ctdbp:DLOGP3]:Battery power on message
2015/07/06 02:00:11.354 [ctdbp:DLOGP3]:SBE 16plus
2015/07/06 02:02:10.998 [ctdbp:DLOGP3]:time out
2015/07/06 02:03:05.007 [ctdbp:DLOGP3]:Battery power off message
2015/07/06 02:15:03.242 [ctdbp:DLOGP3]:Battery power on message
2015/07/06 02:15:07.939 [ctdbp:DLOGP3]:SBE 16plus
2015/07/06 02:17:07.582 [ctdbp:DLOGP3]:time out
2015/07/06 02:18:06.333 [ctdbp:DLOGP3]:Battery power off message
2015/07/06 02:30:02.369 [ctdbp:DLOGP3]:Battery power on message
2015/07/06 02:30:06.514 [ctdbp:DLOGP3]:SBE 16plus
2015/07/06 02:32:06.158 [ctdbp:DLOGP3]:time out
2015/07/06 02:33:06.149 [ctdbp:DLOGP3]:Battery power off message
2015/07/06 02:45:02.295 [ctdbp:DLOGP3]:Battery power on message
2015/07/06 02:45:07.089 [ctdbp:DLOGP3]:SBE 16plus
2015/07/06 02:47:06.732 [ctdbp:DLOGP3]:time out
2015/07/06 02:48:04.756 [ctdbp:DLOGP3]:Battery power off message
2015/07/06 03:00:01.603 [ctdbp:DLOGP3]:Battery power on message
2015/07/06 03:00:09.655 [ctdbp:DLOGP3]:SBE 16plus
2015/07/06 03:02:09.298 [ctdbp:DLOGP3]:time out
2015/07/06 03:03:05.282 [ctdbp:DLOGP3]:Battery power off message
2015/07/06 03:15:01.511 [ctdbp:DLOGP3]:Battery power on message
2015/07/06 03:15:08.183 [ctdbp:DLOGP3]:SBE 16plus
2015/07/06 03:17:07.826 [ctdbp:DLOGP3]:time out
2015/07/06 03:18:05.868 [ctdbp:DLOGP3]:Battery power off message
2015/07/06 03:30:04.705 [ctdbp:DLOGP3]:Battery power on message
2015/07/06 03:30:08.727 [ctdbp:DLOGP3]:SBE 16plus
2015/07/06 03:32:08.371 [ctdbp:DLOGP3]:time out
2015/07/06 03:33:06.355 [ctdbp:DLOGP3]:Battery power off message
2015/07/06 03:45:02.512 [ctdbp:DLOGP3]:Battery power on message
2015/07/06 03:45:07.264 [ctdbp:DLOGP3]:SBE 16plus
2015/07/06 03:47:06.907 [ctdbp:DLOGP3]:time out
2015/07/06 03:48:04.900 [ctdbp:DLOGP3]:Battery power off message
2015/07/06 04:00:03.066 [ctdbp:DLOGP3]:Battery power on message
2015/07/06 04:00:09.815 [ctdbp:DLOGP3]:SBE 16plus
2015/07/06 04:02:09.458 [ctdbp:DLOGP3]:time out
2015/07/06 04:03:05.467 [ctdbp:DLOGP3]:Battery power off message
2015/07/06 04:15:01.722 [ctdbp:DLOGP3]:Battery power on message
2015/07/06 04:15:08.325 [ctdbp:DLOGP3]:SBE 16plus
2015/07/06 04:17:07.968 [ctdbp:DLOGP3]:time out
2015/07/06 04:18:05.963 [ctdbp:DLOGP3]:Battery power off message
2015/07/06 04:30:02.159 [ctdbp:DLOGP3]:Battery power on message
2015/07/06 04:30:06.797 [ctdbp:DLOGP3]:SBE 16plus
2015/07/06 04:32:06.441 [ctdbp:DLOGP3]:time out
2015/07/06 04:33:06.449 [ctdbp:DLOGP3]:Battery power off message
2015/07/06 04:45:02.635 [ctdbp:DLOGP3]:Battery power on message
2015/07/06 04:45:07.297 [ctdbp:DLOGP3]:SBE 16plus
2015/07/06 04:47:06.940 [ctdbp:DLOGP3]:time out
2015/07/06 04:48:06.944 [ctdbp:DLOGP3]:Battery power off message
2015/07/06 05:00:03.461 [ctdbp:DLOGP3]:Battery power on message
2015/07/06 05:00:09.799 [ctdbp:DLOGP3]:SBE 16plus
2015/07/06 05:02:09.442 [ctdbp:DLOGP3]:time out
2015/07/06 05:03:07.461 [ctdbp:DLOGP3]:Battery power off message
2015/07/06 05:15:03.711 [ctdbp:DLOGP3]:Battery power on message
2015/07/06 05:15:08.309 [ctdbp:DLOGP3]:SBE 16plus
2015/07/06 05:17:07.952 [ctdbp:DLOGP3]:time out
2015/07/06 05:18:05.958 [ctdbp:DLOGP3]:Battery power off message
2015/07/06 05:30:02.335 [ctdbp:DLOGP3]:Battery power on message
2015/07/06 05:30:08.832 [ctdbp:DLOGP3]:SBE 16plus
2015/07/06 05:32:08.475 [ctdbp:DLOGP3]:time out
2015/07/06 05:33:06.473 [ctdbp:DLOGP3]:Battery power off message
2015/07/06 05:45:02.729 [ctdbp:DLOGP3]:Battery power on message
2015/07/06 05:45:07.328 [ctdbp:DLOGP3]:SBE 16plus
2015/07/06 05:47:06.971 [ctdbp:DLOGP3]:time out
2015/07/06 05:48:04.979 [ctdbp:DLOGP3]:Battery power off message
2015/07/06 06:00:03.125 [ctdbp:DLOGP3]:Battery power on message
2015/07/06 06:00:09.821 [ctdbp:DLOGP3]:SBE 16plus
2015/07/06 06:02:09.464 [ctdbp:DLOGP3]:time out
2015/07/06 06:03:05.465 [ctdbp:DLOGP3]:Battery power off message
2015/07/06 06:15:01.752 [ctdbp:DLOGP3]:Battery power on message
2015/07/06 06:15:06.291 [ctdbp:DLOGP3]:SBE 16plus
2015/07/06 06:17:05.935 [ctdbp:DLOGP3]:time out
2015/07/06 06:18:05.921 [ctdbp:DLOGP3]:Battery power off message
2015/07/06 06:30:04.461 [ctdbp:DLOGP3]:Battery power on message
2015/07/06 06:30:08.765 [ctdbp:DLOGP3]:SBE 16plus
2015/07/06 06:32:08.409 [ctdbp:DLOGP3]:time out
2015/07/06 06:33:06.417 [ctdbp:DLOGP3]:Battery power off message
2015/07/06 06:45:03.203 [ctdbp:DLOGP3]:Battery power on message
2015/07/06 06:45:09.259 [ctdbp:DLOGP3]:SBE 16plus
2015/07/06 06:47:08.902 [ctdbp:DLOGP3]:time out
2015/07/06 06:48:04.884 [ctdbp:DLOGP3]:Battery power off message
2015/07/06 07:00:03.019 [ctdbp:DLOGP3]:Battery power on message
2015/07/06 07:00:09.759 [ctdbp:DLOGP3]:SBE 16plus
2015/07/06 07:02:09.402 [ctdbp:DLOGP3]:time out
2015/07/06 07:03:05.410 [ctdbp:DLOGP3]:Battery power off message
2015/07/06 07:15:03.704 [ctdbp:DLOGP3]:Battery power on message
2015/07/06 07:15:08.219 [ctdbp:DLOGP3]:SBE 16plus
2015/07/06 07:17:07.862 [ctdbp:DLOGP3]:time out
2015/07/06 07:18:05.865 [ctdbp:DLOGP3]:Battery power off message
2015/07/06 07:30:04.011 [ctdbp:DLOGP3]:Battery power on message
2015/07/06 07:30:08.713 [ctdbp:DLOGP3]:SBE 16plus
2015/07/06 07:32:08.357 [ctdbp:DLOGP3]:time out
2015/07/06 07:33:06.361 [ctdbp:DLOGP3]:Battery power off message
2015/07/06 07:45:03.117 [ctdbp:DLOGP3]:Battery power on message
2015/07/06 07:45:07.206 [ctdbp:DLOGP3]:SBE 16plus
2015/07/06 07:47:06.850 [ctdbp:DLOGP3]:time out
2015/07/06 07:48:06.837 [ctdbp:DLOGP3]:Battery power off message
2015/07/06 08:00:02.863 [ctdbp:DLOGP3]:Battery power on message
2015/07/06 08:00:09.684 [ctdbp:DLOGP3]:SBE 16plus
2015/07/06 08:02:09.327 [ctdbp:DLOGP3]:time out
2015/07/06 08:03:05.323 [ctdbp:DLOGP3]:Battery power off message
2015/07/06 08:15:01.471 [ctdbp:DLOGP3]:Battery power on message
2015/07/06 08:15:08.132 [ctdbp:DLOGP3]:SBE 16plus
2015/07/06 08:17:07.778 [ctdbp:DLOGP3]:time out
2015/07/06 08:18:05.861 [ctdbp:DLOGP3]:Battery power off message
2015/07/06 08:30:01.927 [ctdbp:DLOGP3]:Battery power on message
2015/07/06 08:30:06.593 [ctdbp:DLOGP3]:SBE 16plus
2015/07/06 08:32:06.236 [ctdbp:DLOGP3]:time out
2015/07/06 08:33:06.215 [ctdbp:DLOGP3]:Battery power off message
2015/07/06 08:45:02.331 [ctdbp:DLOGP3]:Battery power on message
2015/07/06 08:45:07.056 [ctdbp:DLOGP3]:SBE 16plus
2015/07/06 08:47:06.699 [ctdbp:DLOGP3]:time out
2015/07/06 08:48:04.692 [ctdbp:DLOGP3]:Battery power off message
2015/07/06 09:00:02.907 [ctdbp:DLOGP3]:Battery power on message
2015/07/06 09:00:09.554 [ctdbp:DLOGP3]:SBE 16plus
2015/07/06 09:02:09.197 [ctdbp:DLOGP3]:time out
2015/07/06 09:03:05.177 [ctdbp:DLOGP3]:Battery power off message
2015/07/06 09:15:03.294 [ctdbp:DLOGP3]:Battery power on message
2015/07/06 09:15:07.973 [ctdbp:DLOGP3]:SBE 16plus
2015/07/06 09:17:07.616 [ctdbp:DLOGP3]:time out
2015/07/06 09:18:05.613 [ctdbp:DLOGP3]:Battery power off message
2015/07/06 09:30:01.820 [ctdbp:DLOGP3]:Battery power on message
2015/07/06 09:30:06.407 [ctdbp:DLOGP3]:SBE 16plus
2015/07/06 09:32:06.050 [ctdbp:DLOGP3]:time out
2015/07/06 09:33:04.560 [ctdbp:DLOGP3]:Battery power off message
2015/07/06 09:45:02.575 [ctdbp:DLOGP3]:Battery power on message
2015/07/06 09:45:06.837 [ctdbp:DLOGP3]:SBE 16plus
2015/07/06 09:47:06.481 [ctdbp:DLOGP3]:time out
2015/07/06 09:48:06.476 [ctdbp:DLOGP3]:Battery power off message
2015/07/06 10:00:03.010 [ctdbp:DLOGP3]:Battery power on message
2015/07/06 10:00:11.289 [ctdbp:DLOGP3]:SBE 16plus
2015/07/06 10:02:10.932 [ctdbp:DLOGP3]:time out
2015/07/06 10:03:04.921 [ctdbp:DLOGP3]:Battery power off message
2015/07/06 10:15:03.047 [ctdbp:DLOGP3]:Battery power on message
2015/07/06 10:15:09.719 [ctdbp:DLOGP3]:SBE 16plus
2015/07/06 10:17:09.363 [ctdbp:DLOGP3]:time out
2015/07/06 10:18:05.357 [ctdbp:DLOGP3]:Battery power off message
2015/07/06 10:30:01.454 [ctdbp:DLOGP3]:Battery power on message
2015/07/06 10:30:08.151 [ctdbp:DLOGP3]:SBE 16plus
2015/07/06 10:32:07.794 [ctdbp:DLOGP3]:time out
2015/07/06 10:33:07.782 [ctdbp:DLOGP3]:Battery power off message
2015/07/06 10:45:03.958 [ctdbp:DLOGP3]:Battery power on message
2015/07/06 10:45:08.609 [ctdbp:DLOGP3]:SBE 16plus
2015/07/06 10:47:08.252 [ctdbp:DLOGP3]:time out
2015/07/06 10:48:06.258 [ctdbp:DLOGP3]:Battery power off message
2015/07/06 11:00:04.284 [ctdbp:DLOGP3]:Battery power on message
2015/07/06 11:00:11.081 [ctdbp:DLOGP3]:SBE 16plus
2015/07/06 11:02:10.724 [ctdbp:DLOGP3]:time out
2015/07/06 11:03:06.764 [ctdbp:DLOGP3]:Battery power off message
2015/07/06 11:15:03.140 [ctdbp:DLOGP3]:Battery power on message
2015/07/06 11:15:07.551 [ctdbp:DLOGP3]:SBE 16plus
2015/07/06 11:17:07.194 [ctdbp:DLOGP3]:time out
2015/07/06 11:18:05.751 [ctdbp:DLOGP3]:Battery power off message
2015/07/06 11:30:03.948 [ctdbp:DLOGP3]:Battery power on message
2015/07/06 11:30:08.050 [ctdbp:DLOGP3]:SBE 16plus
2015/07/06 11:32:07.693 [ctdbp:DLOGP3]:time out
2015/07/06 11:33:05.696 [ctdbp:DLOGP3]:Battery power off message
2015/07/06 11:45:02.642 [ctdbp:DLOGP3]:Battery power on message
2015/07/06 11:45:08.551 [ctdbp:DLOGP3]:SBE 16plus
2015/07/06 11:47:08.191 [ctdbp:DLOGP3]:time out
2015/07/06 11:48:06.172 [ctdbp:DLOGP3]:Battery power off message
2015/07/06 12:00:02.258 [ctdbp:DLOGP3]:Battery power on message
2015/07/06 12:00:09.117 [ctdbp:DLOGP3]:üSBE 16plus
2015/07/06 12:02:08.760 [ctdbp:DLOGP3]:time out
2015/07/06 12:03:04.899 [ctdbp:DLOGP3]:Battery power off message
2015/07/06 12:15:02.075 [ctdbp:DLOGP3]:Battery power on message
2015/07/06 12:15:07.689 [ctdbp:DLOGP3]:SBE 16plus
2015/07/06 12:17:07.332 [ctdbp:DLOGP3]:time out
2015/07/06 12:18:05.326 [ctdbp:DLOGP3]:Battery power off message
2015/07/06 12:30:03.401 [ctdbp:DLOGP3]:Battery power on message
2015/07/06 12:30:08.332 [ctdbp:DLOGP3]:SBE 16plus
2015/07/06 12:32:07.975 [ctdbp:DLOGP3]:time out
2015/07/06 12:33:05.972 [ctdbp:DLOGP3]:Battery power off message
2015/07/06 12:45:02.558 [ctdbp:DLOGP3]:Battery power on message
2015/07/06 12:45:09.016 [ctdbp:DLOGP3]:SBE 16plus
2015/07/06 12:47:08.659 [ctdbp:DLOGP3]:time out
2015/07/06 12:48:04.639 [ctdbp:DLOGP3]:Battery power off message
2015/07/06 13:00:03.025 [ctdbp:DLOGP3]:Battery power on message
2015/07/06 13:00:09.763 [ctdbp:DLOGP3]:SBE 16plus
2015/07/06 13:02:09.406 [ctdbp:DLOGP3]:time out
2015/07/06 13:03:05.416 [ctdbp:DLOGP3]:Battery power off message
2015/07/06 13:15:01.891 [ctdbp:DLOGP3]:Battery power on message
2015/07/06 13:15:06.537 [ctdbp:DLOGP3]:SBE 16plus
2015/07/06 13:17:06.180 [ctdbp:DLOGP3]:time out
2015/07/06 13:18:06.222 [ctdbp:DLOGP3]:Battery power off message
2015/07/06 13:30:02.628 [ctdbp:DLOGP3]:Battery power on message
2015/07/06 13:30:07.357 [ctdbp:DLOGP3]:SBE 16plus
2015/07/06 13:32:07.001 [ctdbp:DLOGP3]:time out
2015/07/06 13:33:05.689 [ctdbp:DLOGP3]:Battery power off message
2015/07/06 13:45:02.476 [ctdbp:DLOGP3]:Battery power on message
2015/07/06 13:45:08.262 [ctdbp:DLOGP3]:SBE 16plus
2015/07/06 13:47:07.905 [ctdbp:DLOGP3]:time out
2015/07/06 13:48:05.906 [ctdbp:DLOGP3]:Battery power off message
2015/07/06 14:00:02.302 [ctdbp:DLOGP3]:Battery power on message
2015/07/06 14:00:09.212 [ctdbp:DLOGP3]:SBE 16plus
2015/07/06 14:02:08.856 [ctdbp:DLOGP3]:time out
2015/07/06 14:03:04.843 [ctdbp:DLOGP3]:Battery power off message
2015/07/06 14:15:03.380 [ctdbp:DLOGP3]:Battery power on message
2015/07/06 14:15:08.167 [ctdbp:DLOGP3]:SBE 16plus
2015/07/06 14:17:07.811 [ctdbp:DLOGP3]:time out
2015/07/06 14:18:05.830 [ctdbp:DLOGP3]:Battery power off message
2015/07/06 14:30:02.236 [ctdbp:DLOGP3]:Battery power on message
2015/07/06 14:30:07.146 [ctdbp:DLOGP3]:SBE 16plus
2015/07/06 14:32:06.790 [ctdbp:DLOGP3]:time out
2015/07/06 14:33:06.807 [ctdbp:DLOGP3]:Battery power off message
2015/07/06 14:45:03.424 [ctdbp:DLOGP3]:Battery power on message
2015/07/06 14:45:08.184 [ctdbp:DLOGP3]:SBE 16plus
2015/07/06 14:47:07.827 [ctdbp:DLOGP3]:time out
2015/07/06 14:48:05.885 [ctdbp:DLOGP3]:Battery power off message
2015/07/06 15:00:02.502 [ctdbp:DLOGP3]:Battery power on message
2015/07/06 15:00:09.263 [ctdbp:DLOGP3]:SBE 16plus
2015/07/06 15:02:08.906 [ctdbp:DLOGP3]:time out
2015/07/06 15:03:04.902 [ctdbp:DLOGP3]:Battery power off message
2015/07/06 15:15:03.618 [ctdbp:DLOGP3]:Battery power on message
2015/07/06 15:15:08.465 [ctdbp:DLOGP3]:SBE 16plus
2015/07/06 15:17:08.108 [ctdbp:DLOGP3]:time out
2015/07/06 15:18:06.729 [ctdbp:DLOGP3]:Battery power off message
2015/07/06 15:30:03.027 [ctdbp:DLOGP3]:Battery power on message
2015/07/06 15:30:07.736 [ctdbp:DLOGP3]:SBE 16plus
2015/07/06 15:32:07.379 [ctdbp:DLOGP3]:time out
2015/07/06 15:33:05.377 [ctdbp:DLOGP3]:Battery power off message
2015/07/06 15:45:02.114 [ctdbp:DLOGP3]:Battery power on message
2015/07/06 15:45:07.037 [ctdbp:DLOGP3]:SBE 16plus
2015/07/06 15:47:06.677 [ctdbp:DLOGP3]:time out
2015/07/06 15:48:06.755 [ctdbp:DLOGP3]:Battery power off message
2015/07/06 16:00:03.421 [ctdbp:DLOGP3]:Battery power on message
2015/07/06 16:00:10.342 [ctdbp:DLOGP3]:SBE 16plus
2015/07/06 16:02:09.985 [ctdbp:DLOGP3]:time out
2015/07/06 16:03:06.001 [ctdbp:DLOGP3]:Battery power off message
2015/07/06 16:15:02.159 [ctdbp:DLOGP3]:Battery power on message
2015/07/06 16:15:07.665 [ctdbp:DLOGP3]:SBE 16plus
2015/07/06 16:17:07.309 [ctdbp:DLOGP3]:time out
2015/07/06 16:18:05.350 [ctdbp:DLOGP3]:Battery power off message
2015/07/06 16:30:02.104 [ctdbp:DLOGP3]:Battery power on message
2015/07/06 16:30:07.003 [ctdbp:DLOGP3]:SBE 16plus
2015/07/06 16:32:06.646 [ctdbp:DLOGP3]:time out
2015/07/06 16:33:04.737 [ctdbp:DLOGP3]:Battery power off message
2015/07/06 16:45:03.434 [ctdbp:DLOGP3]:Battery power on message
2015/07/06 16:45:08.346 [ctdbp:DLOGP3]:SBE 16plus
2015/07/06 16:47:07.989 [ctdbp:DLOGP3]:time out
2015/07/06 16:48:05.974 [ctdbp:DLOGP3]:Battery power off message
2015/07/06 17:00:02.421 [ctdbp:DLOGP3]:Battery power on message
2015/07/06 17:00:09.749 [ctdbp:DLOGP3]:SBE 16plus
2015/07/06 17:02:09.392 [ctdbp:DLOGP3]:time out
2015/07/06 17:03:05.403 [ctdbp:DLOGP3]:Battery power off message
2015/07/06 17:15:03.512 [ctdbp:DLOGP3]:Battery power on message
2015/07/06 17:15:07.146 [ctdbp:DLOGP3]:SBE 16plus
2015/07/06 17:17:06.789 [ctdbp:DLOGP3]:time out
2015/07/06 17:18:06.830 [ctdbp:DLOGP3]:Battery power off message
2015/07/06 17:30:03.777 [ctdbp:DLOGP3]:Battery power on message
2015/07/06 17:30:08.624 [ctdbp:DLOGP3]:SBE 16plus
2015/07/06 17:32:08.267 [ctdbp:DLOGP3]:time out
2015/07/06 17:33:04.278 [ctdbp:DLOGP3]:Battery power off message
2015/07/06 17:45:03.104 [ctdbp:DLOGP3]:Battery power on message
2015/07/06 17:45:08.043 [ctdbp:DLOGP3]:SBE 16plus
2015/07/06 17:47:07.686 [ctdbp:DLOGP3]:time out
2015/07/06 17:48:07.765 [ctdbp:DLOGP3]:Battery power off message
2015/07/06 18:00:02.322 [ctdbp:DLOGP3]:Battery power on message
2015/07/06 18:00:09.484 [ctdbp:DLOGP3]:SBE 16plus
2015/07/06 18:02:09.127 [ctdbp:DLOGP3]:time out
2015/07/06 18:03:05.133 [ctdbp:DLOGP3]:Battery power off message
