2015/06/29 18:54:25.376 [ctdbp:DLOGP3]:Logger started: Idle state, without initialize
2015/06/29 19:00:04.589 [ctdbp:DLOGP3]:Battery power on message
2015/06/29 19:00:29.700 # 25.3351,  0.00005,   -0.007, 29 Jun 2015 19:00:27
2015/06/29 19:00:41.741 # 25.3121,  0.00005,   -0.006, 29 Jun 2015 19:00:39
2015/06/29 19:00:53.700 # 25.2918,  0.00005,   -0.005, 29 Jun 2015 19:00:51
2015/06/29 19:01:05.701 # 25.2725,  0.00005,   -0.006, 29 Jun 2015 19:01:03
2015/06/29 19:01:17.700 # 25.2540,  0.00005,   -0.006, 29 Jun 2015 19:01:15
2015/06/29 19:01:29.700 # 25.2368,  0.00005,   -0.007, 29 Jun 2015 19:01:27
2015/06/29 19:01:41.698 # 25.2203,  0.00005,   -0.006, 29 Jun 2015 19:01:39
2015/06/29 19:01:53.709 # 25.2056,  0.00005,   -0.006, 29 Jun 2015 19:01:51
2015/06/29 19:02:05.699 # 25.1912,  0.00005,   -0.006, 29 Jun 2015 19:02:03
2015/06/29 19:02:17.699 # 25.1776,  0.00005,   -0.006, 29 Jun 2015 19:02:15
2015/06/29 19:02:29.699 # 25.1653,  0.00005,   -0.007, 29 Jun 2015 19:02:27
2015/06/29 19:02:41.699 # 25.1532,  0.00005,   -0.006, 29 Jun 2015 19:02:39
2015/06/29 19:02:53.789 # 25.1417,  0.00005,   -0.007, 29 Jun 2015 19:02:51
2015/06/29 19:03:05.700 # 25.1296,  0.00005,   -0.006, 29 Jun 2015 19:03:03
2015/06/29 19:03:09.693 [ctdbp:DLOGP3]:Battery power off message
2015/06/29 19:15:04.652 [ctdbp:DLOGP3]:Battery power on message
2015/06/29 19:15:12.971 [ctdbp:DLOGP3]:SBE 16plus
2015/06/29 19:17:12.615 [ctdbp:DLOGP3]:time out
2015/06/29 19:17:16.769 # 24.4098,  0.00005,   -0.003, 29 Jun 2015 19:17:14
2015/06/29 19:17:16.866 [ctdbp:DLOGP3]:error --> alarm time not far enough in the future, resetting alarm to 5 sec from now
2015/06/29 19:17:24.701 # 24.4235,  0.00005,   -0.004, 29 Jun 2015 19:17:22
2015/06/29 19:17:36.700 # 24.4467,  0.00005,   -0.002, 29 Jun 2015 19:17:34
2015/06/29 19:17:48.700 # 24.4700,  0.00005,   -0.003, 29 Jun 2015 19:17:46
2015/06/29 19:18:00.700 # 24.4929,  0.00005,   -0.003, 29 Jun 2015 19:17:58
2015/06/29 19:18:10.699 [ctdbp:DLOGP3]:Battery power off message
2015/06/29 19:30:02.857 [ctdbp:DLOGP3]:Battery power on message
2015/06/29 19:30:24.700 # 23.7040,  0.00005,   -0.003, 29 Jun 2015 19:30:22
2015/06/29 19:30:36.798 # 23.6974,  0.00005,   -0.003, 29 Jun 2015 19:30:34
2015/06/29 19:30:48.701 # 23.6916,  0.00005,   -0.003, 29 Jun 2015 19:30:46
2015/06/29 19:31:00.700 # 23.6863,  0.00005,   -0.003, 29 Jun 2015 19:30:58
2015/06/29 19:31:12.700 # 23.6820,  0.00005,   -0.003, 29 Jun 2015 19:31:10
2015/06/29 19:31:24.701 # 23.6780,  0.00005,   -0.003, 29 Jun 2015 19:31:22
2015/06/29 19:31:36.700 # 23.6760,  0.00005,   -0.003, 29 Jun 2015 19:31:34
2015/06/29 19:31:48.700 # 23.6743,  0.00005,   -0.003, 29 Jun 2015 19:31:46
2015/06/29 19:32:00.699 # 23.6742,  0.00005,   -0.002, 29 Jun 2015 19:31:58
2015/06/29 19:32:12.700 # 23.6742,  0.00005,   -0.003, 29 Jun 2015 19:32:10
2015/06/29 19:32:24.702 # 23.6739,  0.00005,   -0.003, 29 Jun 2015 19:32:22
2015/06/29 19:32:36.699 # 23.6727,  0.00005,   -0.002, 29 Jun 2015 19:32:34
2015/06/29 19:32:48.705 # 23.6703,  0.00005,   -0.003, 29 Jun 2015 19:32:46
2015/06/29 19:33:00.701 # 23.6665,  0.00005,   -0.002, 29 Jun 2015 19:32:58
2015/06/29 19:33:08.697 [ctdbp:DLOGP3]:Battery power off message
2015/06/29 19:45:03.972 [ctdbp:DLOGP3]:Battery power on message
2015/06/29 19:45:12.701 # 25.1440,  0.00005,   -0.003, 29 Jun 2015 19:45:10
2015/06/29 19:45:24.698 # 25.1885,  0.00005,   -0.002, 29 Jun 2015 19:45:22
2015/06/29 19:45:36.700 # 25.2316,  0.00005,   -0.003, 29 Jun 2015 19:45:34
2015/06/29 19:45:48.700 # 25.2704,  0.00005,   -0.002, 29 Jun 2015 19:45:46
2015/06/29 19:46:00.701 # 25.3062,  0.00005,   -0.003, 29 Jun 2015 19:45:58
2015/06/29 19:46:12.701 # 25.3399,  0.00005,   -0.003, 29 Jun 2015 19:46:10
2015/06/29 19:46:24.701 # 25.3714,  0.00005,   -0.003, 29 Jun 2015 19:46:22
2015/06/29 19:46:36.700 # 25.4011,  0.00005,   -0.003, 29 Jun 2015 19:46:34
2015/06/29 19:46:48.701 # 25.4292,  0.00005,   -0.003, 29 Jun 2015 19:46:46
2015/06/29 19:47:00.700 # 25.4564,  0.00005,   -0.002, 29 Jun 2015 19:46:58
2015/06/29 19:47:12.699 # 25.4833,  0.00005,   -0.003, 29 Jun 2015 19:47:10
2015/06/29 19:47:24.700 # 25.5094,  0.00005,   -0.002, 29 Jun 2015 19:47:22
2015/06/29 19:47:36.700 # 25.5360,  0.00005,   -0.003, 29 Jun 2015 19:47:34
2015/06/29 19:47:48.700 # 25.5636,  0.00005,   -0.003, 29 Jun 2015 19:47:46
2015/06/29 19:48:00.700 # 25.5916,  0.00005,   -0.002, 29 Jun 2015 19:47:58
2015/06/29 19:48:08.693 [ctdbp:DLOGP3]:Battery power off message
2015/06/29 20:00:04.829 [ctdbp:DLOGP3]:Battery power on message
2015/06/29 20:00:15.574 [ctdbp:DLOGP3]:SBE 16plus
2015/06/29 20:02:15.218 [ctdbp:DLOGP3]:time out
2015/06/29 20:02:19.371 # 27.3116,  0.00005,   -0.002, 29 Jun 2015 20:02:17
2015/06/29 20:02:19.468 [ctdbp:DLOGP3]:error --> alarm time not far enough in the future, resetting alarm to 5 sec from now
2015/06/29 20:02:27.699 # 27.3358,  0.00005,   -0.002, 29 Jun 2015 20:02:25
2015/06/29 20:02:39.699 # 27.3690,  0.00005,   -0.003, 29 Jun 2015 20:02:37
2015/06/29 20:02:51.699 # 27.4017,  0.00005,   -0.002, 29 Jun 2015 20:02:49
2015/06/29 20:03:03.698 # 27.4337,  0.00005,   -0.003, 29 Jun 2015 20:03:01
2015/06/29 20:03:09.690 [ctdbp:DLOGP3]:Battery power off message
2015/06/29 20:15:03.886 [ctdbp:DLOGP3]:Battery power on message
2015/06/29 20:15:15.263 # 28.2980,  0.00005,   -0.000, 29 Jun 2015 20:15:13
2015/06/29 20:15:27.701 # 28.3034,  0.00005,   -0.001, 29 Jun 2015 20:15:25
2015/06/29 20:15:39.699 # 28.3099,  0.00005,   -0.002, 29 Jun 2015 20:15:37
2015/06/29 20:15:51.700 # 28.3176,  0.00005,   -0.000, 29 Jun 2015 20:15:49
2015/06/29 20:16:03.699 # 28.3276,  0.00005,   -0.000, 29 Jun 2015 20:16:01
2015/06/29 20:16:15.700 # 28.3394,  0.00005,   -0.001, 29 Jun 2015 20:16:13
2015/06/29 20:16:27.699 # 28.3540,  0.00005,    0.001, 29 Jun 2015 20:16:25
2015/06/29 20:16:39.700 # 28.3724,  0.00005,   -0.001, 29 Jun 2015 20:16:37
2015/06/29 20:16:51.700 # 28.3939,  0.00006,   -0.000, 29 Jun 2015 20:16:49
2015/06/29 20:17:03.698 # 28.4173,  0.00005,   -0.000, 29 Jun 2015 20:17:01
2015/06/29 20:17:15.706 # 28.4423,  0.00005,   -0.001, 29 Jun 2015 20:17:13
2015/06/29 20:17:27.711 # 28.4670,  0.00005,   -0.001, 29 Jun 2015 20:17:25
2015/06/29 20:17:39.700 # 28.4912,  0.00005,   -0.002, 29 Jun 2015 20:17:37
2015/06/29 20:17:51.700 # 28.5151,  0.00006,   -0.001, 29 Jun 2015 20:17:49
2015/06/29 20:18:03.700 # 28.5394,  0.00005,    0.001, 29 Jun 2015 20:18:01
2015/06/29 20:18:09.696 [ctdbp:DLOGP3]:Battery power off message
2015/06/29 20:30:02.912 [ctdbp:DLOGP3]:Battery power on message
2015/06/29 20:30:11.369 [ctdbp:DLOGP3]:SBE 16plus
2015/06/29 20:32:11.012 [ctdbp:DLOGP3]:time out
2015/06/29 20:32:15.167 # 29.3053,  0.00005,    0.006, 29 Jun 2015 20:32:13
2015/06/29 20:32:15.263 [ctdbp:DLOGP3]:error --> alarm time not far enough in the future, resetting alarm to 5 sec from now
2015/06/29 20:32:23.699 # 29.3053,  0.00005,    0.007, 29 Jun 2015 20:32:21
2015/06/29 20:32:35.701 # 29.3051,  0.00005,    0.005, 29 Jun 2015 20:32:33
2015/06/29 20:32:47.700 # 29.3062,  0.00005,    0.006, 29 Jun 2015 20:32:45
2015/06/29 20:32:59.710 # 29.3078,  0.00005,    0.006, 29 Jun 2015 20:32:57
2015/06/29 20:33:09.702 [ctdbp:DLOGP3]:Battery power off message
2015/06/29 20:33:11.699 # 29.3112,  0.00006,    0.005, 29 Jun 2015 20:33:09
2015/06/29 20:45:03.699 [ctdbp:DLOGP3]:Battery power on message
2015/06/29 20:45:12.314 [ctdbp:DLOGP3]:SBE 16plus
2015/06/29 20:47:11.957 [ctdbp:DLOGP3]:time out
2015/06/29 20:47:16.108 # 27.4868,  0.00005,    0.008, 29 Jun 2015 20:47:13
2015/06/29 20:47:16.205 [ctdbp:DLOGP3]:error --> alarm time not far enough in the future, resetting alarm to 5 sec from now
2015/06/29 20:47:24.699 # 27.4492,  0.00006,    0.007, 29 Jun 2015 20:47:22
2015/06/29 20:47:36.699 # 27.3972,  0.00006,    0.008, 29 Jun 2015 20:47:34
2015/06/29 20:47:48.699 # 27.3453,  0.00006,    0.007, 29 Jun 2015 20:47:46
2015/06/29 20:48:00.699 # 27.2957,  0.00006,    0.008, 29 Jun 2015 20:47:58
2015/06/29 20:48:08.700 [ctdbp:DLOGP3]:Battery power off message
2015/06/29 21:00:02.756 [ctdbp:DLOGP3]:Battery power on message
2015/06/29 21:00:12.700 # 25.0246,  0.00005,    0.002, 29 Jun 2015 21:00:10
2015/06/29 21:00:24.701 # 24.9859,  0.00005,    0.003, 29 Jun 2015 21:00:22
2015/06/29 21:00:36.700 # 24.9485,  0.00005,    0.003, 29 Jun 2015 21:00:34
2015/06/29 21:00:48.700 # 24.9115,  0.00005,    0.002, 29 Jun 2015 21:00:46
2015/06/29 21:01:00.700 # 24.8756,  0.00005,    0.003, 29 Jun 2015 21:00:58
2015/06/29 21:01:12.699 # 24.8410,  0.00005,    0.003, 29 Jun 2015 21:01:10
2015/06/29 21:01:24.700 # 24.8081,  0.00006,    0.002, 29 Jun 2015 21:01:22
2015/06/29 21:01:36.698 # 24.7767,  0.00006,    0.003, 29 Jun 2015 21:01:34
2015/06/29 21:01:48.702 # 24.7468,  0.00005,    0.002, 29 Jun 2015 21:01:46
2015/06/29 21:02:00.697 # 24.7187,  0.00006,    0.002, 29 Jun 2015 21:01:58
2015/06/29 21:02:12.699 # 24.6920,  0.00005,    0.003, 29 Jun 2015 21:02:10
2015/06/29 21:02:24.698 # 24.6666,  0.00005,    0.002, 29 Jun 2015 21:02:22
2015/06/29 21:02:36.702 # 24.6436,  0.00006,    0.003, 29 Jun 2015 21:02:34
2015/06/29 21:02:48.700 # 24.6215,  0.00005,    0.001, 29 Jun 2015 21:02:46
2015/06/29 21:03:00.699 # 24.5992,  0.00005,    0.002, 29 Jun 2015 21:02:58
2015/06/29 21:03:10.696 [ctdbp:DLOGP3]:Battery power off message
2015/06/29 21:15:03.226 [ctdbp:DLOGP3]:Battery power on message
2015/06/29 21:15:12.701 # 23.2158,  0.00005,    0.002, 29 Jun 2015 21:15:10
2015/06/29 21:15:24.700 # 23.1955,  0.00005,    0.001, 29 Jun 2015 21:15:22
2015/06/29 21:15:36.701 # 23.1764,  0.00005,    0.002, 29 Jun 2015 21:15:34
2015/06/29 21:15:48.700 # 23.1573,  0.00005,    0.002, 29 Jun 2015 21:15:46
2015/06/29 21:16:00.701 # 23.1393,  0.00005,    0.002, 29 Jun 2015 21:15:58
2015/06/29 21:16:12.700 # 23.1229,  0.00005,    0.001, 29 Jun 2015 21:16:10
2015/06/29 21:16:24.700 # 23.1065,  0.00005,    0.001, 29 Jun 2015 21:16:22
2015/06/29 21:16:36.700 # 23.0909,  0.00005,    0.001, 29 Jun 2015 21:16:34
2015/06/29 21:16:48.699 # 23.0745,  0.00005,    0.001, 29 Jun 2015 21:16:46
2015/06/29 21:17:00.700 # 23.0581,  0.00005,    0.003, 29 Jun 2015 21:16:58
2015/06/29 21:17:12.699 # 23.0407,  0.00005,    0.002, 29 Jun 2015 21:17:10
2015/06/29 21:17:24.699 # 23.0235,  0.00005,    0.001, 29 Jun 2015 21:17:22
2015/06/29 21:17:36.699 # 23.0057,  0.00005,    0.002, 29 Jun 2015 21:17:34
2015/06/29 21:17:48.700 # 22.9882,  0.00005,    0.002, 29 Jun 2015 21:17:46
2015/06/29 21:18:00.713 # 22.9705,  0.00005,    0.003, 29 Jun 2015 21:17:58
2015/06/29 21:18:08.713 [ctdbp:DLOGP3]:Battery power off message
2015/06/29 21:30:02.999 [ctdbp:DLOGP3]:Battery power on message
2015/06/29 21:30:12.708 # 22.0992,  0.00005,    0.003, 29 Jun 2015 21:30:10
2015/06/29 21:30:24.700 # 22.0889,  0.00005,    0.002, 29 Jun 2015 21:30:22
2015/06/29 21:30:36.699 # 22.0787,  0.00005,    0.003, 29 Jun 2015 21:30:34
2015/06/29 21:30:48.700 # 22.0681,  0.00005,    0.003, 29 Jun 2015 21:30:46
2015/06/29 21:31:00.700 # 22.0569,  0.00005,    0.003, 29 Jun 2015 21:30:58
2015/06/29 21:31:12.700 # 22.0462,  0.00005,    0.002, 29 Jun 2015 21:31:10
2015/06/29 21:31:24.701 # 22.0353,  0.00005,    0.002, 29 Jun 2015 21:31:22
2015/06/29 21:31:36.713 # 22.0234,  0.00005,    0.002, 29 Jun 2015 21:31:34
2015/06/29 21:31:48.700 # 22.0113,  0.00005,    0.002, 29 Jun 2015 21:31:46
2015/06/29 21:32:00.700 # 21.9976,  0.00005,    0.002, 29 Jun 2015 21:31:58
2015/06/29 21:32:12.700 # 21.9839,  0.00005,    0.003, 29 Jun 2015 21:32:10
2015/06/29 21:32:24.699 # 21.9700,  0.00005,    0.002, 29 Jun 2015 21:32:22
2015/06/29 21:32:36.707 # 21.9557,  0.00005,    0.004, 29 Jun 2015 21:32:34
2015/06/29 21:32:48.701 # 21.9415,  0.00005,    0.003, 29 Jun 2015 21:32:46
2015/06/29 21:33:00.700 # 21.9277,  0.00005,    0.004, 29 Jun 2015 21:32:58
2015/06/29 21:33:10.699 [ctdbp:DLOGP3]:Battery power off message
2015/06/29 21:45:03.076 [ctdbp:DLOGP3]:Battery power on message
2015/06/29 21:45:12.702 # 21.6373,  0.00005,    0.005, 29 Jun 2015 21:45:10
2015/06/29 21:45:24.721 # 21.6355,  0.00005,    0.004, 29 Jun 2015 21:45:22
2015/06/29 21:45:36.701 # 21.6327,  0.00005,    0.005, 29 Jun 2015 21:45:34
2015/06/29 21:45:48.701 # 21.6293,  0.00005,    0.005, 29 Jun 2015 21:45:46
2015/06/29 21:46:00.702 # 21.6251,  0.00005,    0.006, 29 Jun 2015 21:45:58
2015/06/29 21:46:12.701 # 21.6198,  0.00005,    0.006, 29 Jun 2015 21:46:10
2015/06/29 21:46:24.701 # 21.6140,  0.00005,    0.006, 29 Jun 2015 21:46:22
2015/06/29 21:46:36.702 # 21.6072,  0.00005,    0.006, 29 Jun 2015 21:46:34
2015/06/29 21:46:48.701 # 21.6003,  0.00005,    0.006, 29 Jun 2015 21:46:46
2015/06/29 21:47:00.701 # 21.5928,  0.00005,    0.006, 29 Jun 2015 21:46:58
2015/06/29 21:47:12.701 # 21.5855,  0.00005,    0.005, 29 Jun 2015 21:47:10
2015/06/29 21:47:24.701 # 21.5782,  0.00005,    0.005, 29 Jun 2015 21:47:22
2015/06/29 21:47:36.702 # 21.5721,  0.00005,    0.005, 29 Jun 2015 21:47:34
2015/06/29 21:47:48.701 # 21.5654,  0.00005,    0.006, 29 Jun 2015 21:47:46
2015/06/29 21:48:00.701 # 21.5595,  0.00005,    0.006, 29 Jun 2015 21:47:58
2015/06/29 21:48:10.706 [ctdbp:DLOGP3]:Battery power off message
2015/06/29 21:48:12.701 # 21.5533,  0.00005,    0.006, 29 Jun 2015 21:48:10
2015/06/29 22:00:02.873 [ctdbp:DLOGP3]:Battery power on message
2015/06/29 22:00:14.635 [ctdbp:DLOGP3]:SBE 16plus
2015/06/29 22:02:14.604 [ctdbp:DLOGP3]:time out
2015/06/29 22:02:18.431 # 21.1649,  0.00005,    0.010, 29 Jun 2015 22:02:16
2015/06/29 22:02:18.528 [ctdbp:DLOGP3]:error --> alarm time not far enough in the future, resetting alarm to 5 sec from now
2015/06/29 22:02:26.701 # 21.1636,  0.00005,    0.011, 29 Jun 2015 22:02:24
2015/06/29 22:02:38.702 # 21.1606,  0.00005,    0.010, 29 Jun 2015 22:02:36
2015/06/29 22:02:50.701 # 21.1579,  0.00005,    0.011, 29 Jun 2015 22:02:48
2015/06/29 22:03:02.719 # 21.1548,  0.00005,    0.010, 29 Jun 2015 22:03:00
2015/06/29 22:03:08.712 [ctdbp:DLOGP3]:Battery power off message
2015/06/29 22:15:02.999 [ctdbp:DLOGP3]:Battery power on message
2015/06/29 22:15:14.165 # 20.8386,  0.00005,    0.009, 29 Jun 2015 22:15:12
2015/06/29 22:15:26.702 # 20.8344,  0.00005,    0.010, 29 Jun 2015 22:15:24
2015/06/29 22:15:38.701 # 20.8310,  0.00005,    0.009, 29 Jun 2015 22:15:36
2015/06/29 22:15:50.700 # 20.8275,  0.00005,    0.009, 29 Jun 2015 22:15:48
2015/06/29 22:16:02.701 # 20.8237,  0.00005,    0.009, 29 Jun 2015 22:16:00
2015/06/29 22:16:14.700 # 20.8199,  0.00005,    0.009, 29 Jun 2015 22:16:12
2015/06/29 22:16:26.710 # 20.8156,  0.00005,    0.009, 29 Jun 2015 22:16:24
2015/06/29 22:16:38.701 # 20.8125,  0.00005,    0.010, 29 Jun 2015 22:16:36
2015/06/29 22:16:50.701 # 20.8088,  0.00005,    0.010, 29 Jun 2015 22:16:48
2015/06/29 22:17:02.700 # 20.8043,  0.00005,    0.010, 29 Jun 2015 22:17:00
2015/06/29 22:17:14.701 # 20.8003,  0.00005,    0.009, 29 Jun 2015 22:17:12
2015/06/29 22:17:26.701 # 20.7963,  0.00005,    0.009, 29 Jun 2015 22:17:24
2015/06/29 22:17:38.702 # 20.7924,  0.00005,    0.010, 29 Jun 2015 22:17:36
2015/06/29 22:17:50.701 # 20.7883,  0.00005,    0.009, 29 Jun 2015 22:17:48
2015/06/29 22:18:02.707 # 20.7845,  0.00005,    0.010, 29 Jun 2015 22:18:00
2015/06/29 22:18:10.699 [ctdbp:DLOGP3]:Battery power off message
2015/06/29 22:30:03.075 [ctdbp:DLOGP3]:Battery power on message
2015/06/29 22:30:14.702 # 20.6548,  0.00005,    0.012, 29 Jun 2015 22:30:12
2015/06/29 22:30:26.701 # 20.6530,  0.00005,    0.012, 29 Jun 2015 22:30:24
2015/06/29 22:30:38.701 # 20.6517,  0.00005,    0.013, 29 Jun 2015 22:30:36
2015/06/29 22:30:50.701 # 20.6505,  0.00005,    0.011, 29 Jun 2015 22:30:48
2015/06/29 22:31:02.701 # 20.6493,  0.00005,    0.011, 29 Jun 2015 22:31:00
2015/06/29 22:31:14.700 # 20.6480,  0.00005,    0.013, 29 Jun 2015 22:31:12
2015/06/29 22:31:26.701 # 20.6468,  0.00005,    0.013, 29 Jun 2015 22:31:24
2015/06/29 22:31:38.700 # 20.6457,  0.00005,    0.012, 29 Jun 2015 22:31:36
2015/06/29 22:31:50.702 # 20.6448,  0.00005,    0.012, 29 Jun 2015 22:31:48
2015/06/29 22:32:02.701 # 20.6439,  0.00005,    0.012, 29 Jun 2015 22:32:00
2015/06/29 22:32:14.701 # 20.6423,  0.00005,    0.012, 29 Jun 2015 22:32:12
2015/06/29 22:32:26.700 # 20.6406,  0.00005,    0.012, 29 Jun 2015 22:32:24
2015/06/29 22:32:38.700 # 20.6396,  0.00005,    0.012, 29 Jun 2015 22:32:36
2015/06/29 22:32:50.700 # 20.6383,  0.00005,    0.012, 29 Jun 2015 22:32:48
2015/06/29 22:33:02.701 # 20.6368,  0.00005,    0.013, 29 Jun 2015 22:33:00
2015/06/29 22:33:10.695 [ctdbp:DLOGP3]:Battery power off message
2015/06/29 22:45:02.884 [ctdbp:DLOGP3]:Battery power on message
2015/06/29 22:45:14.703 # 20.5899,  0.00005,    0.013, 29 Jun 2015 22:45:12
2015/06/29 22:45:26.712 # 20.5894,  0.00005,    0.012, 29 Jun 2015 22:45:24
2015/06/29 22:45:38.701 # 20.5891,  0.00005,    0.012, 29 Jun 2015 22:45:36
2015/06/29 22:45:50.702 # 20.5883,  0.00005,    0.012, 29 Jun 2015 22:45:48
2015/06/29 22:46:02.701 # 20.5879,  0.00005,    0.013, 29 Jun 2015 22:46:00
2015/06/29 22:46:14.702 # 20.5876,  0.00005,    0.013, 29 Jun 2015 22:46:12
2015/06/29 22:46:26.701 # 20.5870,  0.00005,    0.013, 29 Jun 2015 22:46:24
2015/06/29 22:46:38.702 # 20.5865,  0.00005,    0.013, 29 Jun 2015 22:46:36
2015/06/29 22:46:50.701 # 20.5859,  0.00005,    0.012, 29 Jun 2015 22:46:48
2015/06/29 22:47:02.701 # 20.5851,  0.00005,    0.013, 29 Jun 2015 22:47:00
2015/06/29 22:47:14.702 # 20.5844,  0.00005,    0.012, 29 Jun 2015 22:47:12
2015/06/29 22:47:26.702 # 20.5835,  0.00005,    0.013, 29 Jun 2015 22:47:24
2015/06/29 22:47:38.702 # 20.5828,  0.00005,    0.013, 29 Jun 2015 22:47:36
2015/06/29 22:47:50.701 # 20.5823,  0.00005,    0.013, 29 Jun 2015 22:47:48
2015/06/29 22:48:02.702 # 20.5815,  0.00005,    0.013, 29 Jun 2015 22:48:00
2015/06/29 22:48:10.701 [ctdbp:DLOGP3]:Battery power off message
2015/06/29 23:00:02.820 [ctdbp:DLOGP3]:Battery power on message
2015/06/29 23:00:13.365 [ctdbp:DLOGP3]:SBE 16plus
2015/06/29 23:02:13.003 [ctdbp:DLOGP3]:time out
2015/06/29 23:02:17.157 # 20.4609,  0.00005,    0.017, 29 Jun 2015 23:02:15
2015/06/29 23:02:17.254 [ctdbp:DLOGP3]:error --> alarm time not far enough in the future, resetting alarm to 5 sec from now
2015/06/29 23:02:25.702 # 20.4599,  0.00005,    0.016, 29 Jun 2015 23:02:23
2015/06/29 23:02:37.702 # 20.4578,  0.00005,    0.017, 29 Jun 2015 23:02:35
2015/06/29 23:02:49.769 # 20.4555,  0.00005,    0.018, 29 Jun 2015 23:02:47
2015/06/29 23:03:01.701 # 20.4536,  0.00005,    0.018, 29 Jun 2015 23:02:59
2015/06/29 23:03:09.699 [ctdbp:DLOGP3]:Battery power off message
2015/06/29 23:15:04.164 [ctdbp:DLOGP3]:Battery power on message
2015/06/29 23:15:25.701 # 20.3334,  0.00005,    0.016, 29 Jun 2015 23:15:23
2015/06/29 23:15:37.701 # 20.3311,  0.00005,    0.016, 29 Jun 2015 23:15:35
2015/06/29 23:15:49.703 # 20.3293,  0.00005,    0.016, 29 Jun 2015 23:15:47
2015/06/29 23:16:01.702 # 20.3267,  0.00005,    0.016, 29 Jun 2015 23:15:59
2015/06/29 23:16:13.702 # 20.3242,  0.00005,    0.015, 29 Jun 2015 23:16:11
2015/06/29 23:16:25.702 # 20.3217,  0.00005,    0.016, 29 Jun 2015 23:16:23
2015/06/29 23:16:37.702 # 20.3192,  0.00005,    0.016, 29 Jun 2015 23:16:35
2015/06/29 23:16:49.702 # 20.3163,  0.00005,    0.016, 29 Jun 2015 23:16:47
2015/06/29 23:17:01.702 # 20.3134,  0.00005,    0.016, 29 Jun 2015 23:16:59
2015/06/29 23:17:13.701 # 20.3110,  0.00005,    0.018, 29 Jun 2015 23:17:11
2015/06/29 23:17:25.701 # 20.3078,  0.00005,    0.017, 29 Jun 2015 23:17:23
2015/06/29 23:17:37.702 # 20.3053,  0.00005,    0.017, 29 Jun 2015 23:17:35
2015/06/29 23:17:49.707 # 20.3021,  0.00005,    0.018, 29 Jun 2015 23:17:47
2015/06/29 23:18:01.702 # 20.2989,  0.00005,    0.016, 29 Jun 2015 23:17:59
2015/06/29 23:18:09.694 [ctdbp:DLOGP3]:Battery power off message
2015/06/29 23:30:01.960 [ctdbp:DLOGP3]:Battery power on message
2015/06/29 23:30:13.705 # 20.1141,  0.00005,    0.018, 29 Jun 2015 23:30:11
2015/06/29 23:30:25.702 # 20.1114,  0.00005,    0.017, 29 Jun 2015 23:30:23
2015/06/29 23:30:37.702 # 20.1087,  0.00005,    0.018, 29 Jun 2015 23:30:35
2015/06/29 23:30:49.703 # 20.1059,  0.00005,    0.018, 29 Jun 2015 23:30:47
2015/06/29 23:31:01.704 # 20.1030,  0.00005,    0.017, 29 Jun 2015 23:30:59
2015/06/29 23:31:13.704 # 20.1005,  0.00005,    0.018, 29 Jun 2015 23:31:11
2015/06/29 23:31:25.702 # 20.0982,  0.00005,    0.018, 29 Jun 2015 23:31:23
2015/06/29 23:31:37.701 # 20.0956,  0.00005,    0.018, 29 Jun 2015 23:31:35
2015/06/29 23:31:49.714 # 20.0931,  0.00005,    0.018, 29 Jun 2015 23:31:47
2015/06/29 23:32:01.709 # 20.0906,  0.00005,    0.018, 29 Jun 2015 23:31:59
2015/06/29 23:32:13.707 # 20.0884,  0.00005,    0.018, 29 Jun 2015 23:32:11
2015/06/29 23:32:25.720 # 20.0856,  0.00005,    0.018, 29 Jun 2015 23:32:23
2015/06/29 23:32:37.738 # 20.0834,  0.00005,    0.018, 29 Jun 2015 23:32:35
2015/06/29 23:32:49.707 # 20.0810,  0.00005,    0.017, 29 Jun 2015 23:32:47
2015/06/29 23:33:01.702 # 20.0789,  0.00005,    0.018, 29 Jun 2015 23:32:59
2015/06/29 23:33:09.700 [ctdbp:DLOGP3]:Battery power off message
2015/06/29 23:45:03.796 [ctdbp:DLOGP3]:Battery power on message
2015/06/29 23:45:13.275 [ctdbp:DLOGP3]:SBE 16plus
2015/06/29 23:47:12.918 [ctdbp:DLOGP3]:time out
2015/06/29 23:47:17.071 # 19.8777,  0.00004,    0.021, 29 Jun 2015 23:47:14
2015/06/29 23:47:17.168 [ctdbp:DLOGP3]:error --> alarm time not far enough in the future, resetting alarm to 5 sec from now
2015/06/29 23:47:25.702 # 19.8751,  0.00005,    0.022, 29 Jun 2015 23:47:23
2015/06/29 23:47:37.703 # 19.8700,  0.00005,    0.022, 29 Jun 2015 23:47:35
2015/06/29 23:47:49.702 # 19.8652,  0.00005,    0.022, 29 Jun 2015 23:47:47
2015/06/29 23:48:01.702 # 19.8604,  0.00005,    0.022, 29 Jun 2015 23:47:59
2015/06/29 23:48:09.696 [ctdbp:DLOGP3]:Battery power off message
