2014/09/12 00:20:49.924 FLUXDATA 1410465600.020,1.3,000001,-13.11,  0.30,  2.06,205.59,  2.14,  4.54,  1.10,  0.21, -4.03, 14.58,  6.73,207.14,-19.49,-13.27, -2.17,204.49,  0.77, -0.16,  9.58,  2.10,  2.12,  1.27  8.16,  7.59, 14.18, -7.57,-11.14,  5.33  0.00, -0.01, -0.00,  0.13,  0.14,  0.07,  0.49,  0.41,  0.22, -0.58, -0.62, -0.24,  1.61, -0.12, -0.00,  0.40,  0.08,  0.08,  2.83,  0.14,  0.27,  0.46, -0.42, -0.33,  1.42, 13.90,  0.90,  1.42, 13.90,  0.90, 14.00, -0.44,  0.04,  0.01  3.84
2014/09/12 00:20:51.923 [fdchp:DLOGP8]:,2014/09/12 01:58:42.248 [fdchp:DLOGP8]:Instrument Started [No Initialize]
2014/09/12 02:20:49.503 FLUXDATA 1410472800.087,1.3,000001,-13.35,  0.66,  2.14,205.31,  2.14,  4.46,  1.11,  0.22, -1.90, 12.53,  8.56,207.00,-21.11,-15.08, -1.91,204.15,  0.78, -0.16,  9.58,  2.01,  2.23,  1.28  8.47,  8.78, 14.95, -8.29, -8.18,  5.58  0.00, -0.01, -0.00,  0.14,  0.14,  0.07,  0.49,  0.44,  0.32, -0.61, -0.57, -0.31,  1.55, -0.12, -0.00,  0.39,  0.07,  0.08,  2.70,  0.13,  0.27, -0.12, -0.47, -0.31,  0.12, 14.16,  0.92,  0.12, 14.16,  0.92, 14.19, -0.40,  0.04,  0.01  4.13
2014/09/12 02:20:51.498 [fdchp:DLOGP8]:,2014/09/12 03:01:14.749 [fdchp:DLOGP8]:Instrument Started [No Initialize]
2014/09/12 03:22:49.900 FLUXDATA 1410476520.032,1.3,000001,-14.25,  0.29,  2.34,205.20,  1.93,  3.85,  1.18,  0.22, -6.06, 12.06,  8.02,206.56,-22.57,-11.82, -2.37,204.03,  0.86, -0.13,  9.58,  2.06,  2.18,  1.36 12.16,  7.88, 15.89,-10.54, -7.92,  4.26  0.00, -0.01, -0.00,  0.13,  0.14,  0.06,  0.57,  0.52,  0.17, -0.43, -0.77, -0.21,  1.46, -0.13,  0.00,  0.32,  0.07,  0.08,  2.43,  0.22,  0.30,  0.41, -0.59, -0.32, -1.26, 14.55,  0.96, -1.26, 14.55,  0.96, 14.63, -0.54,  0.12,  0.02  4.21
2014/09/12 03:22:51.896 [fdchp:DLOGP8]:,2014/09/12 03:23:01.952 [fdchp:DLOGP8]:Instrument Stopped [Power Off]
2014/09/12 03:58:44.483 [fdchp:DLOGP8]:Instrument Started [No Initialize]
2014/09/12 04:20:50.121 FLUXDATA 1410480000.077,1.3,000001,-13.21, -0.36,  2.16,205.13,  1.87,  3.96,  1.07,  0.21, -5.38, 12.60,  5.96,206.39,-18.80,-12.05, -1.79,203.86,  0.83, -0.11,  9.59,  2.02,  2.15,  1.37  9.02,  7.02, 14.00, -7.16, -7.82,  5.07  0.00, -0.01, -0.00,  0.13,  0.14,  0.06,  0.41,  0.41,  0.20, -0.39, -0.63, -0.23,  1.38, -0.12,  0.00,  0.35,  0.07,  0.07,  2.72,  0.15,  0.26,  0.38, -0.46, -0.24, -6.03, 11.43,  0.93, -6.03, 11.43,  0.93, 12.95, -0.44, -0.22,  0.02  3.73
2014/09/12 04:20:52.114 [fdchp:DLOGP8]:,2014/09/12 04:58:42.196 [fdchp:DLOGP8]:Instrument Started [No Initialize]
2014/09/12 05:20:49.971 FLUXDATA 1410483600.020,1.3,000001,-12.80, -0.77,  2.08,205.22,  1.74,  3.66,  0.98,  0.20, -5.88, 11.28,  6.70,206.54,-17.85,-11.46, -1.27,204.20,  0.81, -0.10,  9.61,  2.06,  1.99,  1.32  7.89,  7.59, 14.74, -7.01, -7.38,  5.57  0.00, -0.01, -0.00,  0.12,  0.14,  0.06,  0.46,  0.49,  0.23, -0.43, -0.54, -0.20,  1.39, -0.12,  0.00,  0.33,  0.07,  0.07,  2.43,  0.11,  0.31,  0.44, -0.46, -0.26, -3.38, 12.91,  0.94, -3.38, 12.91,  0.94, 13.38, -0.32,  0.02,  0.01  3.73
2014/09/12 05:20:51.967 [fdchp:DLOGP8]:,2014/09/12 05:58:43.089 [fdchp:DLOGP8]:Instrument Started [No Initialize]
2014/09/12 06:20:49.981 FLUXDATA 1410487200.042,1.3,000001,-13.13, -0.45,  2.13,205.07,  2.04,  3.62,  1.02,  0.22, -4.58, 10.88,  6.11,206.30,-19.72,-11.90, -2.22,203.86,  0.82, -0.12,  9.61,  1.88,  2.03,  1.30 10.11,  7.39, 14.41, -8.81, -8.30,  4.91  0.00, -0.01, -0.00,  0.12,  0.13,  0.06,  0.44,  0.51,  0.20, -0.50, -0.71, -0.19,  1.42, -0.12,  0.00,  0.33,  0.07,  0.07,  2.34,  0.17,  0.29,  0.35, -0.53, -0.27, -2.33, 13.28,  0.93, -2.33, 13.28,  0.93, 13.52, -0.43,  0.13,  0.01  3.72
2014/09/12 06:20:51.979 [fdchp:DLOGP8]:,2014/09/12 06:58:44.751 [fdchp:DLOGP8]:Instrument Started [No Initialize]
2014/09/12 07:20:49.858 FLUXDATA 1410490800.072,1.3,000001,-13.08, -0.90,  2.09,205.09,  2.16,  3.66,  1.05,  0.21, -4.40, 10.96,  5.79,206.42,-19.86,-12.06, -1.69,203.81,  0.81, -0.10,  9.61,  1.99,  1.97,  1.29  8.01,  6.64, 14.75, -9.31, -7.00,  5.57  0.00, -0.01, -0.00,  0.12,  0.13,  0.06,  0.44,  0.43,  0.21, -0.41, -0.59, -0.19,  1.34, -0.12,  0.00,  0.34,  0.07,  0.07,  2.40,  0.12,  0.23,  0.33, -0.44, -0.24, -3.83, 12.89,  0.93, -3.83, 12.89,  0.93, 13.48, -0.47,  0.07,  0.01  3.78
2014/09/12 07:20:51.852 [fdchp:DLOGP8]:,2014/09/12 07:58:41.674 [fdchp:DLOGP8]:Instrument Started [No Initialize]
2014/09/12 08:20:50.655 FLUXDATA 1410494400.084,1.3,000001,-12.29, -1.27,  1.83,204.83,  1.86,  3.69,  0.96,  0.20, -5.55, 10.56,  5.36,205.91,-17.96,-11.43, -1.54,203.79,  0.69, -0.07,  9.60,  1.86,  2.21,  1.23  6.19,  8.28, 13.89, -6.50, -9.59,  5.63  0.00, -0.01, -0.00,  0.14,  0.12,  0.06,  0.64,  0.34,  0.20, -0.48, -0.47, -0.22,  1.23, -0.11,  0.01,  0.34,  0.07,  0.08,  2.22,  0.08,  0.36,  0.26, -0.33, -0.30, -5.41, 11.50,  0.88, -5.41, 11.50,  0.88, 12.74, -0.31,  0.03,  0.02  3.61
2014/09/12 08:20:52.654 [fdchp:DLOGP8]:,2014/09/12 08:58:42.587 [fdchp:DLOGP8]:Instrument Started [No Initialize]
2014/09/12 09:20:49.698 FLUXDATA 1410498000.072,1.3,000001,-11.99, -1.50,  1.74,204.46,  1.81,  3.75,  0.98,  0.19, -5.30, 11.47,  5.67,205.76,-18.56,-10.74, -1.73,203.53,  0.67, -0.06,  9.62,  2.01,  1.97,  1.25  7.73,  7.96, 13.83, -7.77, -7.34,  5.30  0.00, -0.01, -0.00,  0.12,  0.13,  0.06,  0.55,  0.45,  0.19, -0.41, -0.54, -0.20,  1.12, -0.11,  0.01,  0.34,  0.07,  0.07,  2.27,  0.14,  0.31,  0.09, -0.39, -0.25, -6.50, 10.83,  0.85, -6.50, 10.83,  0.85, 12.66, -0.26,  0.01,  0.02  3.61
2014/09/12 09:20:51.697 [fdchp:DLOGP8]:,2014/09/12 09:58:42.130 [fdchp:DLOGP8]:Instrument Started [No Initialize]
2014/09/12 10:20:49.593 FLUXDATA 1410501600.018,1.3,000001,-10.11, -1.28,  1.39,204.31,  1.73,  3.49,  0.80,  0.19, -0.61,  8.21,  4.58,205.38,-16.44,-12.65, -1.41,203.14,  0.56, -0.09,  9.64,  1.85,  2.00,  1.19  7.09,  6.95, 13.75, -6.68, -6.67,  5.81  0.00, -0.01, -0.00,  0.12,  0.12,  0.06,  0.45,  0.38,  0.20, -0.40, -0.50, -0.29,  1.13, -0.09,  0.01,  0.38,  0.07,  0.07,  2.20,  0.13,  0.29, -0.19, -0.36, -0.23, -4.89,  9.52,  0.79, -4.89,  9.52,  0.79, 10.73, -0.16,  0.01,  0.03  3.90
2014/09/12 10:20:51.590 [fdchp:DLOGP8]:,2014/09/12 10:59:58.356 [fdchp:DLOGP8]:Instrument Started [No Initialize]
2014/09/12 11:21:50.259 FLUXDATA 1410505260.019,1.3,000001,-10.14, -1.08,  1.32,203.85,  1.54,  3.07,  0.76,  0.17, -4.30,  9.51,  4.41,204.78,-15.82,-10.38, -1.35,202.83,  0.55, -0.10,  9.65,  1.88,  1.85,  1.15  8.20,  6.07, 14.01, -5.86, -6.76,  4.97  0.00, -0.01, -0.00,  0.11,  0.12,  0.05,  0.44,  0.42,  0.21, -0.40, -0.58, -0.22,  1.16, -0.09,  0.00,  0.34,  0.07,  0.06,  2.31,  0.10,  0.23,  0.11, -0.42, -0.26, -4.95,  9.39,  0.74, -4.95,  9.39,  0.74, 10.64, -0.14,  0.04,  0.03  3.34
2014/09/12 11:21:52.250 [fdchp:DLOGP8]:,2014/09/12 11:58:42.785 [fdchp:DLOGP8]:Instrument Started [No Initialize]
2014/09/12 12:20:50.135 FLUXDATA 1410508800.005,1.3,000001, -9.03, -1.24,  1.16,203.72,  1.66,  3.39,  0.72,  0.16, -2.02,  8.98,  4.35,204.56,-14.41,-10.42, -0.99,202.83,  0.47, -0.09,  9.64,  1.88,  1.91,  1.10  8.55,  6.66, 13.74, -6.03, -7.71,  5.15  0.00, -0.01, -0.00,  0.12,  0.12,  0.06,  0.44,  0.41,  0.24, -0.40, -0.58, -0.19,  1.22, -0.09,  0.00,  0.41,  0.07,  0.07,  2.53,  0.14,  0.25, -0.05, -0.40, -0.26, -5.34,  8.00,  0.70, -5.34,  8.00,  0.70,  9.64, -0.12,  0.04,  0.02  3.17
2014/09/12 12:20:52.126 [fdchp:DLOGP8]:,2014/09/12 12:58:43.068 [fdchp:DLOGP8]:Instrument Started [No Initialize]
2014/09/12 13:00:15.298 [fdchp:DLOGP8]:Instrument Started [No Initialize]
2014/09/12 13:21:49.816 FLUXDATA 1410512460.000,1.3,000001, -8.74, -0.22,  1.12,203.66,  1.62,  3.61,  0.74,  0.18, -2.41,  9.89,  4.19,204.51,-13.54,-10.29, -1.19,202.59,  0.46, -0.13,  9.64,  1.98,  1.89,  1.12  6.95,  6.69, 13.62, -7.06, -6.98,  6.10  0.00, -0.01, -0.00,  0.12,  0.13,  0.06,  0.46,  0.40,  0.22, -0.39, -0.62, -0.18,  1.49, -0.08, -0.00,  0.46,  0.07,  0.07,  2.74,  0.17,  0.27,  0.17, -0.37, -0.23, -2.28,  9.05,  0.68, -2.28,  9.05,  0.68,  9.36, -0.17, -0.05,  0.02  3.19
2014/09/12 13:21:51.815 [fdchp:DLOGP8]:,2014/09/12 13:58:42.441 [fdchp:DLOGP8]:Instrument Started [No Initialize]
2014/09/12 14:20:49.722 FLUXDATA 1410516000.072,1.3,000001, -8.51, -0.27,  1.10,203.80,  1.48,  3.28,  0.68,  0.15, -3.11,  8.70,  3.67,204.63,-12.72,-10.24, -1.34,202.98,  0.45, -0.11,  9.64,  1.90,  1.94,  1.12  8.86,  6.61, 13.72, -7.08, -7.79,  5.65  0.00, -0.01, -0.00,  0.12,  0.13,  0.05,  0.40,  0.47,  0.22, -0.39, -0.60, -0.17,  1.53, -0.08,  0.00,  0.42,  0.07,  0.07,  2.53,  0.18,  0.23,  0.17, -0.40, -0.22, -4.25,  8.01,  0.69, -4.25,  8.01,  0.69,  9.09, -0.11,  0.02,  0.02  3.13
2014/09/12 14:20:51.731 [fdchp:DLOGP8]:,2014/09/12 14:58:43.434 [fdchp:DLOGP8]:Instrument Started [No Initialize]
2014/09/12 15:20:50.358 FLUXDATA 1410519600.082,1.3,000001, -8.39, -0.03,  1.01,204.07,  1.41,  3.06,  0.65,  0.13, -2.94,  9.05,  3.28,204.97,-12.70, -8.24, -1.08,203.26,  0.45, -0.13,  9.63,  1.84,  2.05,  1.07  6.20,  7.72, 13.13, -6.49, -8.84,  5.86  0.00, -0.01, -0.00,  0.13,  0.12,  0.05,  0.55,  0.41,  0.18, -0.53, -0.51, -0.17,  1.73, -0.08,  0.00,  0.41,  0.07,  0.07,  2.87,  0.13,  0.32,  0.78, -0.33, -0.30,  1.48,  8.52,  0.60,  1.48,  8.52,  0.60,  8.67, -0.11, -0.03,  0.02  2.96
2014/09/12 15:20:52.354 [fdchp:DLOGP8]:,2014/09/12 15:58:43.327 [fdchp:DLOGP8]:Instrument Started [No Initialize]
2014/09/12 16:20:50.049 FLUXDATA 1410523200.078,1.3,000001, -8.83, -0.43,  1.12,203.98,  1.42,  3.02,  0.67,  0.15, -4.20,  9.40,  3.85,204.97,-13.17, -9.07, -1.07,203.21,  0.49, -0.14,  9.63,  1.99,  1.92,  1.12  8.58,  8.13, 13.29, -7.56, -7.07,  5.43  0.00, -0.01, -0.00,  0.12,  0.13,  0.05,  0.46,  0.47,  0.20, -0.43, -0.63, -0.18,  1.95, -0.09, -0.00,  0.38,  0.07,  0.07,  3.06,  0.16,  0.20,  0.88, -0.42, -0.30,  4.61,  8.11,  0.65,  4.61,  8.11,  0.65,  9.35, -0.12,  0.03,  0.02  2.70
2014/09/12 16:20:52.048 [fdchp:DLOGP8]:,2014/09/12 16:58:40.631 [fdchp:DLOGP8]:Instrument Started [No Initialize]
2014/09/12 17:20:49.118 FLUXDATA 1410526800.009,1.3,000001, -8.49, -1.02,  1.10,204.39,  1.41,  3.03,  0.67,  0.14, -3.34,  8.13,  3.46,205.18,-12.77, -9.02, -1.17,203.60,  0.48, -0.12,  9.65,  1.93,  1.74,  1.07  6.52,  7.44, 13.30, -6.95, -6.81,  5.50  0.00, -0.01, -0.00,  0.11,  0.13,  0.05,  0.44,  0.38,  0.16, -0.42, -0.49, -0.18,  1.94, -0.09,  0.00,  0.40,  0.07,  0.06,  3.07,  0.11,  0.25,  0.89, -0.36, -0.23,  3.90,  7.70,  0.67,  3.90,  7.70,  0.67,  8.66, -0.14,  0.08,  0.01  2.52
2014/09/12 17:20:51.121 [fdchp:DLOGP8]:,2014/09/12 17:58:42.293 [fdchp:DLOGP8]:Instrument Started [No Initialize]
2014/09/12 18:20:51.127 FLUXDATA 1410530400.057,1.3,000001, -7.60, -0.95,  0.96,204.88,  1.35,  3.01,  0.56,  0.16, -1.88,  7.06,  3.42,205.84,-11.30, -8.96, -1.16,204.10,  0.44, -0.14,  9.68,  1.76,  1.68,  0.99  5.63,  5.87, 13.32, -6.53, -5.95,  5.45  0.00, -0.01, -0.00,  0.10,  0.11,  0.05,  0.33,  0.41,  0.14, -0.31, -0.49, -0.17,  2.12, -0.08, -0.00,  0.42,  0.06,  0.06,  3.14,  0.12,  0.18, -3.14, -0.31, -0.19,  3.44,  7.34,  0.61,  3.44,  7.34,  0.61,  8.13, -0.10,  0.02,  0.00  2.25
2014/09/12 18:20:53.134 [fdchp:DLOGP8]:,2014/09/12 18:58:42.946 [fdchp:DLOGP8]:Instrument Started [No Initialize]
2014/09/12 19:20:49.813 FLUXDATA 1410534000.001,1.3,000001, -7.48, -1.96,  0.94,205.24,  1.23,  2.32,  0.57,  0.17, -2.16,  5.31,  3.17,206.27,-11.36, -8.22, -1.10,204.46,  0.43, -0.11,  9.69,  1.80,  1.49,  0.99  6.14,  6.42, 12.97, -5.68, -5.92,  5.89  0.00, -0.01, -0.00,  0.09,  0.11,  0.04,  0.31,  0.40,  0.13, -0.35, -0.42, -0.12,  2.28, -0.08,  0.00,  0.33,  0.06,  0.05,  3.14,  0.12,  0.18, -3.14, -0.30, -0.22,  3.45,  7.16,  0.63,  3.45,  7.16,  0.63,  7.97, -0.07,  0.02, -0.01  2.37
2014/09/12 19:20:51.812 [fdchp:DLOGP8]:,2014/09/12 19:59:59.373 [fdchp:DLOGP8]:Instrument Started [No Initialize]
2014/09/12 20:21:49.595 FLUXDATA 1410537660.007,1.3,000001, -7.64, -1.48,  0.95,205.24,  1.28,  2.40,  0.56,  0.18, -2.66,  8.21,  3.25,206.61,-11.25, -8.23, -1.00,204.46,  0.41, -0.14,  9.70,  1.68,  1.45,  0.90  5.49,  5.11, 13.12, -6.18, -5.34,  6.34  0.00, -0.01, -0.00,  0.09,  0.11,  0.04,  0.31,  0.36,  0.15, -0.37, -0.56, -0.14,  2.53, -0.08, -0.00,  0.34,  0.06,  0.05,  3.14,  0.13,  0.17, -3.14, -0.34, -0.22,  5.84,  5.57,  0.64,  5.84,  5.57,  0.64,  8.09, -0.11, -0.00, -0.01  2.12
2014/09/12 20:21:51.587 [fdchp:DLOGP8]:,2014/09/12 20:58:42.322 [fdchp:DLOGP8]:Instrument Started [No Initialize]
2014/09/12 21:20:50.111 FLUXDATA 1410541200.078,1.3,000001, -1.54,  4.96,  7.25,205.11, 44.91, 44.07, 43.69,  2.97,327.67,327.67,327.67,213.03,-14.32, -9.92, -1.03,176.13,  0.43, -0.14,  9.69,  1.77,  1.50,  0.92  5.40,  5.96, 12.68, -5.80, -5.15,  6.65  0.00, -0.01, -0.00,  0.09,  0.11,  0.04,  0.32,  0.35,  0.17, -0.35, -0.39, -0.16,  2.71, -0.08, -0.00,  0.31,  0.06,  0.05,  3.14,  0.10,  0.19, -3.14, -0.29, -0.21,  4.55, -2.18,  7.13,  4.55, -2.18,  7.13,  8.74,760.76,-1188.76,-85.01  1.85
2014/09/12 21:20:52.103 [fdchp:DLOGP8]:,2014/09/12 21:58:41.486 [fdchp:DLOGP8]:Instrument Started [No Initialize]
2014/09/12 22:20:50.260 FLUXDATA 1410544800.065,1.3,000001, -8.31, -0.88,  0.98,206.54,  1.26,  2.45,  0.57,  0.21, -4.17,  7.39,  3.55,207.56,-12.38, -7.84, -0.97,205.50,  0.41, -0.14,  9.71,  1.60,  1.41,  0.85  5.40,  5.48, 12.72, -5.29, -4.58,  6.57  0.00, -0.01, -0.00,  0.09,  0.10,  0.04,  0.28,  0.32,  0.14, -0.31, -0.39, -0.13,  3.04, -0.08, -0.00,  0.28,  0.06,  0.05,  3.14,  0.12,  0.14, -3.14, -0.27, -0.16,  8.41,  1.49,  0.63,  8.41,  1.49,  0.63,  8.56, -0.10,  0.01, -0.02  1.83
2014/09/12 22:20:52.256 [fdchp:DLOGP8]:,2014/09/12 22:58:43.248 [fdchp:DLOGP8]:Instrument Started [No Initialize]
2014/09/12 23:20:49.506 FLUXDATA 1410548400.081,1.3,000001,-10.02, -0.78,  1.25,206.57,  1.34,  2.83,  0.69,  0.13, -5.03,  8.18,  3.77,207.56,-14.14, -8.47, -1.08,205.79,  0.48, -0.12,  9.69,  1.69,  1.53,  0.89  5.71,  5.30, 12.69, -5.45, -5.72,  6.49  0.00, -0.01, -0.00,  0.10,  0.11,  0.04,  0.32,  0.37,  0.14, -0.38, -0.49, -0.15,  3.16, -0.09, -0.00,  0.28,  0.06,  0.05,  3.14,  0.09,  0.15, -3.14, -0.32, -0.22, 10.27,  0.53,  0.74, 10.27,  0.53,  0.74, 10.31, -0.17,  0.02, -0.01  1.81
2014/09/12 23:20:51.499 [fdchp:DLOGP8]:,2014/09/12 23:58:42.741 [fdchp:DLOGP8]:Instrument Started [No Initialize]
