2014/08/04 00:23:06.774 $TSPWA,20140803,201817,05311,buoyID,,,170,0.00,6.3,0.00,0.00,10.3,0.00,13.5,6.3,28.6,28.1,0.00,116.7,73.1*64
2014/08/04 00:45:01.117 [wavss:DLOGP5]:Instrument Stopped [Power Off]
2014/08/04 01:23:06.821 $TSPWA,20140803,211817,05311,buoyID,,,188,0.00,5.7,0.00,0.00,8.6,0.00,12.2,6.1,28.6,29.0,0.00,13.2,75.2*69
2014/08/04 01:45:01.159 [wavss:DLOGP5]:Instrument Stopped [Power Off]
2014/08/04 02:23:06.859 $TSPWA,20140803,221817,05311,buoyID,,,136,0.00,7.8,0.00,0.00,13.5,0.00,22.1,7.6,28.6,28.5,0.00,244.5,75.9*65
2014/08/04 02:45:02.190 [wavss:DLOGP5]:Instrument Stopped [Power Off]
2014/08/04 03:23:06.897 $TSPWA,20140803,231817,05311,buoyID,,,169,0.00,6.4,0.00,0.00,10.7,0.00,14.7,6.2,28.6,26.3,0.00,53.3,72.9*59
2014/08/04 03:45:02.231 [wavss:DLOGP5]:Instrument Stopped [Power Off]
2014/08/04 04:23:06.936 $TSPWA,20140804,001817,05311,buoyID,,,172,0.00,6.2,0.00,0.00,10.3,0.00,16.6,6.4,28.6,27.2,0.00,176.0,75.7*6E
2014/08/04 04:45:02.273 [wavss:DLOGP5]:Instrument Stopped [Power Off]
2014/08/04 05:23:08.972 $TSPWA,20140804,011819,05311,buoyID,,,135,0.00,7.9,0.00,0.00,13.3,0.00,16.9,7.3,28.6,28.6,0.00,48.9,69.4*52
2014/08/04 05:45:01.305 [wavss:DLOGP5]:Instrument Stopped [Power Off]
2014/08/04 06:23:08.020 $TSPWA,20140804,021818,05311,buoyID,,,144,0.00,7.4,0.00,0.00,11.4,0.00,12.5,6.3,28.6,28.1,0.00,326.6,74.7*6B
2014/08/04 06:45:00.336 [wavss:DLOGP5]:Instrument Stopped [Power Off]
2014/08/04 07:23:08.052 $TSPWA,20140804,031818,05311,buoyID,,,173,0.00,6.1,0.00,0.00,9.7,0.00,14.8,6.2,22.2,24.0,0.00,156.8,75.2*56
2014/08/04 07:45:00.387 [wavss:DLOGP5]:Instrument Stopped [Power Off]
2014/08/04 08:23:08.087 $TSPWA,20140804,041818,05311,buoyID,,,173,0.00,6.2,0.00,0.00,9.6,0.00,12.9,5.9,33.3,29.8,0.00,153.9,76.1*5C
2014/08/04 08:45:00.419 [wavss:DLOGP5]:Instrument Stopped [Power Off]
2014/08/04 09:23:08.128 $TSPWA,20140804,051818,05311,buoyID,,,167,0.00,6.4,0.00,0.00,10.1,0.00,15.3,6.5,22.2,24.0,0.00,34.4,74.9*50
2014/08/04 09:45:02.459 [wavss:DLOGP5]:Instrument Stopped [Power Off]
2014/08/04 10:23:08.171 $TSPWA,20140804,061818,05311,buoyID,,,189,0.00,5.6,0.00,0.00,9.1,0.00,13.0,6.3,25.0,25.8,0.00,158.2,73.0*56
2014/08/04 10:45:00.501 [wavss:DLOGP5]:Instrument Stopped [Power Off]
2014/08/04 11:23:08.214 $TSPWA,20140804,071818,05311,buoyID,,,140,0.00,7.6,0.00,0.00,12.0,0.00,16.4,6.4,25.0,26.1,0.00,120.2,75.1*6F
2014/08/04 11:45:00.542 [wavss:DLOGP5]:Instrument Stopped [Power Off]
2014/08/04 12:08:16.861 [wavss:DLOGP5]:Instrument Stopped [Quit/Power Off]
2014/08/04 12:34:03.386 [wavss:DLOGP5]:Logger started: Idle state, without initialize
2014/08/04 12:45:00.706 [wavss:DLOGP5]:Instrument Stopped [Power Off]
2014/08/04 12:52:51.619 [wavss:DLOGP5]:Instrument Stopped [Quit/Power Off]
2014/08/04 13:19:40.075 [wavss:DLOGP5]:Logger started: Idle state, without initialize
2014/08/04 13:42:46.303 $TSPWA,20140804,093756,05311,buoyID,,,113,0.00,9.4,0.00,0.00,15.6,0.00,15.2,6.4,25.0,25.8,0.00,210.3,74.3*60
2014/08/04 13:45:02.630 [wavss:DLOGP5]:Instrument Stopped [Power Off]
2014/08/04 14:05:11.268 [wavss:DLOGP5]:Instrument Stopped [Quit/Power Off]
2014/08/04 14:12:03.415 [wavss:DLOGP5]:Logger started: Idle state, without initialize
2014/08/04 14:35:11.338 $TSPWA,20140804,103021,05311,buoyID,,,171,0.00,6.3,0.00,0.00,9.8,0.00,12.9,6.5,22.2,24.1,0.00,132.6,73.9*5B
2014/08/04 14:45:01.665 [wavss:DLOGP5]:Instrument Stopped [Power Off]
2014/08/04 15:23:07.378 $TSPWA,20140804,111817,05311,buoyID,,,157,0.00,6.9,0.00,0.00,11.0,0.00,14.9,6.6,28.6,28.0,0.00,183.1,72.2*6B
2014/08/04 15:45:01.697 [wavss:DLOGP5]:Instrument Stopped [Power Off]
2014/08/04 16:23:07.410 $TSPWA,20140804,121817,05311,buoyID,,,154,0.00,6.9,0.00,0.00,12.2,0.00,16.0,6.9,28.6,28.5,0.00,243.2,75.0*62
2014/08/04 16:45:02.230 [wavss:DLOGP5]:Instrument Stopped [Power Off]
2014/08/04 17:23:07.455 $TSPWA,20140804,131817,05311,buoyID,,,139,0.00,7.6,0.00,0.00,11.7,0.00,16.1,6.3,28.6,28.1,0.00,85.6,70.1*57
2014/08/04 17:45:01.796 [wavss:DLOGP5]:Instrument Stopped [Power Off]
2014/08/04 18:23:07.492 $TSPWA,20140804,141817,05311,buoyID,,,173,0.00,6.2,0.00,0.00,10.2,0.00,15.6,6.1,28.6,26.8,0.00,0.1,76.0*63
2014/08/04 18:45:01.822 [wavss:DLOGP5]:Instrument Stopped [Power Off]
2014/08/04 19:23:07.539 $TSPWA,20140804,151818,05311,buoyID,,,166,0.00,6.4,0.00,0.00,10.5,0.00,14.9,6.9,28.6,29.0,0.00,33.6,74.6*5A
2014/08/04 19:45:00.877 [wavss:DLOGP5]:Instrument Stopped [Power Off]
2014/08/04 20:23:05.579 $TSPWA,20140804,161816,05311,buoyID,,,182,0.00,5.8,0.00,0.00,9.0,0.00,13.8,6.7,28.6,28.4,0.00,80.5,70.8*63
2014/08/04 20:45:01.412 [wavss:DLOGP5]:Instrument Stopped [Power Off]
2014/08/04 21:23:07.627 $TSPWA,20140804,171818,05311,buoyID,,,178,0.00,6.0,0.00,0.00,9.3,0.00,13.0,6.2,28.6,26.9,0.00,76.6,74.6*6F
2014/08/04 21:45:01.956 [wavss:DLOGP5]:Instrument Stopped [Power Off]
2014/08/04 22:23:06.671 $TSPWA,20140804,181817,05311,buoyID,,,139,0.00,7.6,0.00,0.00,11.5,0.00,16.5,6.2,28.6,27.3,0.00,353.0,76.1*6E
2014/08/04 22:45:01.000 [wavss:DLOGP5]:Instrument Stopped [Power Off]
2014/08/04 23:23:08.715 $TSPWA,20140804,191818,05311,buoyID,,,121,0.00,8.8,0.00,0.00,14.6,0.00,17.1,7.6,28.6,29.3,0.00,217.5,74.0*67
2014/08/04 23:45:02.053 [wavss:DLOGP5]:Instrument Stopped [Power Off]
