1999/04/01 15:17:20.025 [nutnr:DLOGP1]:Missing Turning ON Spectrometer. record
1999/04/01 15:17:20.025 [nutnr:DLOGP1]:Idle state, without initialize
1999/04/01 15:17:22.383 [nutnr:DLOGP1]:Instrument sampling - Data logger entering data acquisition state
1999/04/01 15:17:24.741 
1999/04/01 15:17:27.099 04/01/1999 15:17:27: Message: ISUS Awakened on Schedule at UTC 04/30/2014 01:00:00.
1999/04/01 15:17:29.457 
1999/04/01 15:17:31.815 04/01/1999 15:17:31: Message: Initializing analog output.
1999/04/01 15:17:34.173 04/01/1999 15:17:34: Message: NOT Turning ON Spectrometer.
1999/04/01 15:17:36.531 04/01/1999 15:17:36: Message: Spectrometer powered up.
1999/04/01 15:17:38.889 04/01/1999 15:17:38: Message: Turning ON UV light source.
1999/04/01 15:17:41.247 04/01/1999 15:17:41: Message: UV light source powered up.
1999/04/01 15:17:43.605 04/01/1999 15:17:43: Message: Data log file is 'DATA/LOG_19990401.LOG'.
1999/04/01 15:17:45.963 SATNDC1999,1999091,0.000000,-11.11,-22.22,-33.33,-44.44,0.000000
1999/04/01 15:17:48.321 SATNLC1999,1999091,0.135790,-10.00,-20.00,-30.00,-40.00,6.666666
1999/04/01 15:17:50.679 SATNLC1999,1999091,0.271580,-8.89,-17.78,-26.66,-35.55,13.333332
1999/04/01 15:17:53.037 SATNLC1999,1999091,0.407370,-7.78,-15.55,-23.33,-31.11,19.999998
1999/04/01 15:17:55.395 SATNLC1999,1999091,0.543160,-6.67,-13.33,-20.00,-26.66,26.666664
1999/04/01 15:17:57.753 SATNLC1999,1999091,0.678950,-5.55,-11.11,-16.67,-22.22,33.333330
1999/04/01 15:18:00.111 SATNLC1999,1999091,0.814740,-4.44,-8.89,-13.33,-17.78,39.999996
1999/04/01 15:18:02.469 SATNLC1999,1999091,0.950530,-3.33,-6.67,-10.00,-13.33,46.666662
1999/04/01 15:18:04.827 SATNLC1999,1999091,1.086320,-2.22,-4.44,-6.67,-8.89,53.333328
1999/04/01 15:18:07.185 SATNLC1999,1999091,1.222110,-1.11,-2.22,-3.33,-4.44,59.999994
1999/04/01 15:18:09.543 SATNLC1999,1999091,1.357900,0.00,0.00,-0.00,0.00,66.666660
1999/04/01 15:18:11.901 SATNLC1999,1999091,1.493690,1.11,2.22,3.33,4.44,73.333326
1999/04/01 15:18:14.259 SATNLC1999,1999091,1.629480,2.22,4.44,6.67,8.89,79.999992
1999/04/01 15:18:16.617 SATNLC1999,1999091,1.765270,3.33,6.67,10.00,13.33,86.666658
1999/04/01 15:18:18.975 SATNLC1999,1999091,1.901060,4.44,8.89,13.33,17.78,93.333324
1999/04/01 15:18:21.333 SATNLC1999,1999091,2.036850,5.55,11.11,16.66,22.22,99.999990
1999/04/01 15:18:23.691 SATNLC1999,1999091,2.172640,6.67,13.33,20.00,26.66,106.666656
1999/04/01 15:18:26.049 SATNLC1999,1999091,2.308430,7.78,15.55,23.33,31.11,113.333322
1999/04/01 15:18:28.407 SATNLC1999,1999091,2.444220,8.89,17.78,26.66,35.55,119.999988
1999/04/01 15:18:30.765 SATNLC1999,1999091,2.580010,10.00,20.00,30.00,40.00,126.666654
1999/04/01 15:18:33.123 04/01/1999 15:18:33: Message: ISUS Next Wakeup at UTC 04/30/2014 02:00:00.
1999/04/01 15:18:35.481 04/01/1999 15:18:35: Message: Entering low power suspension, waiting for scheduled event.
1999/04/01 15:18:37.839 [nutnr:DLOGP7]:Instrument Stopped [Power Off]
1999/04/01 15:18:40.197 [nutnr:DLOGP7]:----- END OF BLOCK -----
1999/04/01 15:18:42.555 
