2002/01/25 05:07:10.015 [nutnr:DLOGP1]:Idle state, without initialize
2002/01/25 05:07:12.373 [nutnr:DLOGP1]:Instrument sampling - Data logger entering data acquisition state
2002/01/25 05:07:14.731 
2002/01/25 05:07:17.089 01/25/2002 05:07:17: Message: ISUS Awakened on Schedule at UTC 04/30/2014 01:00:00.
2002/01/25 05:07:19.447 
2002/01/25 05:07:21.805 01/25/2002 05:07:21: Message: Initializing analog output.
2002/01/25 05:07:24.163 01/25/2002 05:07:24: Message: Turning ON Spectrometer.
2002/01/25 05:07:26.521 01/25/2002 05:07:26: Message: Spectrometer powered up.
2002/01/25 05:07:28.879 01/25/2002 05:07:28: Message: Turning ON UV light source.
2002/01/25 05:07:31.237 01/25/2002 05:07:31: Message: UV light source powered up.
2002/01/25 05:07:33.595 01/25/2002 05:07:33: Message: Data log file is 'DATA/LOG_20020125.LOG'.
2002/01/25 05:07:35.953 SATNDC2002,2002025,0.000000,-13.33,-26.66,-40.00,-53.33,0.000000
2002/01/25 05:07:38.311 SATNLC2002,2002025,0.135790,-12.22,-24.44,-36.66,-48.88,6.666666
2002/01/25 05:07:40.669 SATNLC2002,2002025,0.271580,-11.11,-22.22,-33.33,-44.44,13.333332
2002/01/25 05:07:43.027 SATNLC2002,2002025,0.407370,-10.00,-20.00,-30.00,-40.00,19.999998
2002/01/25 05:07:45.385 SATNLC2002,2002025,0.543160,-8.89,-17.78,-26.66,-35.55,26.666664
2002/01/25 05:07:47.743 SATNLC2002,2002025,0.678950,-7.78,-15.55,-23.33,-31.11,33.333330
2002/01/25 05:07:50.101 SATNLC2002,2002025,0.814740,-6.67,-13.33,-20.00,-26.66,39.999996
2002/01/25 05:07:52.459 SATNLC2002,2002025,0.950530,-5.55,-11.11,-16.67,-22.22,46.666662
2002/01/25 05:07:54.817 SATNLC2002,2002025,1.086320,-4.44,-8.89,-13.33,-17.78,53.333328
2002/01/25 05:07:57.175 SATNLC2002,2002025,1.222110,-3.33,-6.67,-10.00,-13.33,59.999994
2002/01/25 05:07:59.533 SATNLC2002,2002025,1.357900,-2.22,-4.44,-6.67,-8.89,66.666660
2002/01/25 05:08:01.891 SATNLC2002,2002025,1.493690,-1.11,-2.22,-3.33,-4.44,73.333326
2002/01/25 05:08:04.249 SATNLC2002,2002025,1.629480,0.00,0.00,-0.00,0.00,79.999992
2002/01/25 05:08:06.607 SATNLC2002,2002025,1.765270,1.11,2.22,3.33,4.44,86.666658
2002/01/25 05:08:08.965 SATNLC2002,2002025,1.901060,2.22,4.44,6.67,8.89,93.333324
2002/01/25 05:08:11.323 SATNLC2002,2002025,2.036850,3.33,6.67,10.00,13.33,99.999990
2002/01/25 05:08:13.681 SATNLC2002,2002025,2.172640,4.44,8.89,13.33,17.78,106.666656
2002/01/25 05:08:16.039 SATNLC2002,2002025,2.308430,5.55,11.11,16.66,22.22,113.333322
2002/01/25 05:08:18.397 SATNLC2002,2002025,2.444220,6.67,13.33,20.00,26.66,119.999988
2002/01/25 05:08:20.755 SATNLC2002,2002025,2.580010,7.78,15.55,23.33,31.11,126.666654
2002/01/25 05:08:23.113 SATNLC2002,2002025,2.715800,8.89,17.78,26.66,35.55,133.333320
2002/01/25 05:08:25.471 SATNLC2002,2002025,2.851590,10.00,20.00,30.00,40.00,139.999986
2002/01/25 05:08:27.829 SATNLC2002,2002025,2.987380,11.11,22.22,33.33,44.44,146.666652
2002/01/25 05:08:30.187 SATNLC2002,2002025,3.123170,12.22,24.44,36.66,48.88,153.333318
2002/01/25 05:08:32.545 SATNLC2002,2002025,3.258960,13.33,26.66,40.00,53.33,159.999984
2002/01/25 05:08:34.903 01/25/2002 05:08:34: Message: ISUS Next Wakeup at UTC 04/30/2014 02:00:00.
2002/01/25 05:08:37.261 01/25/2002 05:08:37: Message: Entering low power suspension, waiting for scheduled event.
2002/01/25 05:08:39.619 [nutnr:DLOGP7]:Instrument Stopped [Power Off]
2002/01/25 05:08:41.977 [nutnr:DLOGP7]:----- END OF BLOCK -----
2002/01/25 05:08:44.335 
