2003/11/29 07:09:12.017 [nutnr:DLOGP1]:Idle state, without initialize
2003/11/29 07:09:14.375 [nutnr:DLOGP1]:Instrument sampling - Data logger entering data acquisition state
2003/11/29 07:09:16.733 
2003/11/29 07:09:19.091 11/29/2003 07:09:19: Message: ISUS Awakened on Schedule at UTC 04/30/2014 01:00:00.
2003/11/29 07:09:21.449 
2003/11/29 07:09:23.807 11/29/2003 07:09:23: Message: Initializing analog output.
2003/11/29 07:09:26.165 11/29/2003 07:09:26: Message: Turning ON Spectrometer.
2003/11/29 07:09:28.523 11/29/2003 07:09:28: Message: Spectrometer powered up.
2003/11/29 07:09:30.881 11/29/2003 07:09:30: Message: Turning ON UV light source.
2003/11/29 07:09:33.239 11/29/2003 07:09:33: Message: UV light source powered up.
2003/11/29 07:09:35.597 11/29/2003 07:09:35: Message: Data log file is 'DATA/LOG_20031129.LOG'.
2003/11/29 07:09:37.955 SATNDC2003,2003329,0.000000,-22.22,-44.44,-66.66,-88.88,0.000000
2003/11/29 07:09:40.313 SATNLC2003,2003329,0.135790,-21.11,-42.22,-63.33,-84.44,6.666666
2003/11/29 07:09:42.671 SATNLC2003,2003329,0.271580,-20.00,-40.00,-59.99,-79.99,13.333332
2003/11/29 07:09:45.029 SATNLC2003,2003329,0.407370,-18.89,-37.77,-56.66,-75.55,19.999998
2003/11/29 07:09:47.387 SATNLC2003,2003329,0.543160,-17.78,-35.55,-53.33,-71.10,26.666664
2003/11/29 07:09:49.745 SATNLC2003,2003329,0.678950,-16.66,-33.33,-50.00,-66.66,33.333330
2003/11/29 07:09:52.103 SATNLC2003,2003329,0.814740,-15.55,-31.11,-46.66,-62.22,39.999996
2003/11/29 07:09:54.461 SATNLC2003,2003329,0.950530,-14.44,-28.89,-43.33,-57.77,46.666662
2003/11/29 07:09:56.819 SATNLC2003,2003329,1.086320,-13.33,-26.66,-40.00,-53.33,53.333328
2003/11/29 07:09:59.177 SATNLC2003,2003329,1.222110,-12.22,-24.44,-36.66,-48.88,59.999994
2003/11/29 07:10:01.535 SATNLC2003,2003329,1.357900,-11.11,-22.22,-33.33,-44.44,66.666660
2003/11/29 07:10:03.893 11/29/2003 07:10:03: Message: ISUS Next Wakeup at UTC 04/30/2014 02:00:00.
2003/11/29 07:10:06.251 11/29/2003 07:10:06: Message: Entering low power suspension, waiting for scheduled event.
2003/11/29 07:10:08.609 [nutnr:DLOGP7]:Instrument Stopped [Power Off]
2003/11/29 07:10:10.967 [nutnr:DLOGP7]:----- END OF BLOCK -----
2003/11/29 07:10:13.325 
2003/11/29 07:10:15.683 [nutnr:DLOGP1]:Idle state, without initialize
2003/11/29 07:10:18.041 [nutnr:DLOGP1]:Instrument sampling - Data logger entering data acquisition state
2003/11/29 07:10:20.399 
2003/11/29 07:10:22.757 11/29/2003 07:10:22: Message: ISUS Awakened on Schedule at UTC 04/30/2014 01:00:00.
2003/11/29 07:10:25.115 
2003/11/29 07:10:27.473 11/29/2003 07:10:27: Message: Initializing analog output.
2003/11/29 07:10:29.831 11/29/2003 07:10:29: Message: Turning ON Spectrometer.
2003/11/29 07:10:32.189 11/29/2003 07:10:32: Message: Spectrometer powered up.
2003/11/29 07:10:34.547 11/29/2003 07:10:34: Message: Turning ON UV light source.
2003/11/29 07:10:36.905 11/29/2003 07:10:36: Message: UV light source powered up.
2003/11/29 07:10:39.263 11/29/2003 07:10:39: Message: Data log file is 'DATA/LOG_20031129.LOG'.
2003/11/29 07:10:41.621 SATNDC2003,2003329,1.493690,-10.00,-20.00,-30.00,-40.00,73.333326
2003/11/29 07:10:43.979 SATNLC2003,2003329,1.629480,-8.89,-17.78,-26.66,-35.55,79.999992
2003/11/29 07:10:46.337 SATNLC2003,2003329,1.765270,-7.78,-15.55,-23.33,-31.11,86.666658
2003/11/29 07:10:48.695 SATNLC2003,2003329,1.901060,-6.67,-13.33,-20.00,-26.66,93.333324
2003/11/29 07:10:51.053 SATNLC2003,2003329,2.036850,-5.55,-11.11,-16.67,-22.22,99.999990
2003/11/29 07:10:53.411 SATNLC2003,2003329,2.172640,-4.44,-8.89,-13.33,-17.78,106.666656
2003/11/29 07:10:55.769 SATNLC2003,2003329,2.308430,-3.33,-6.67,-10.00,-13.33,113.333322
2003/11/29 07:10:58.127 SATNLC2003,2003329,2.444220,-2.22,-4.44,-6.67,-8.89,119.999988
2003/11/29 07:11:00.485 SATNLC2003,2003329,2.580010,-1.11,-2.22,-3.33,-4.44,126.666654
2003/11/29 07:11:02.843 SATNLC2003,2003329,2.715800,0.00,0.00,-0.00,0.00,133.333320
2003/11/29 07:11:05.201 SATNLC2003,2003329,2.851590,1.11,2.22,3.33,4.44,139.999986
2003/11/29 07:11:07.559 SATNLC2003,2003329,2.987380,2.22,4.44,6.67,8.89,146.666652
2003/11/29 07:11:09.917 SATNLC2003,2003329,3.123170,3.33,6.67,10.00,13.33,153.333318
2003/11/29 07:11:12.275 SATNLC2003,2003329,3.258960,4.44,8.89,13.33,17.78,159.999984
2003/11/29 07:11:14.633 SATNLC2003,2003329,3.394750,5.56,11.11,16.66,22.22,166.666650
2003/11/29 07:11:16.991 SATNLC2003,2003329,3.530540,6.67,13.33,20.00,26.66,173.333316
2003/11/29 07:11:19.349 SATNLC2003,2003329,3.666330,7.78,15.55,23.33,31.11,179.999982
2003/11/29 07:11:21.707 SATNLC2003,2003329,3.802120,8.89,17.78,26.66,35.55,186.666648
2003/11/29 07:11:24.065 SATNLC2003,2003329,3.937910,10.00,20.00,30.00,40.00,193.333314
2003/11/29 07:11:26.423 SATNLC2003,2003329,4.073700,11.11,22.22,33.33,44.44,199.999980
2003/11/29 07:11:28.781 SATNLC2003,2003329,4.209490,12.22,24.44,36.66,48.88,206.666646
2003/11/29 07:11:31.139 SATNLC2003,2003329,4.345280,13.33,26.66,40.00,53.33,213.333312
2003/11/29 07:11:33.497 SATNLC2003,2003329,4.481070,14.44,28.89,43.33,57.77,219.999978
2003/11/29 07:11:35.855 SATNLC2003,2003329,4.616860,15.55,31.11,46.66,62.22,226.666644
2003/11/29 07:11:38.213 SATNLC2003,2003329,4.752650,16.67,33.33,49.99,66.66,233.333310
2003/11/29 07:11:40.571 SATNLC2003,2003329,4.888440,17.78,35.55,53.33,71.10,239.999976
2003/11/29 07:11:42.929 SATNLC2003,2003329,5.024230,18.89,37.77,56.66,75.55,246.666642
2003/11/29 07:11:45.287 SATNLC2003,2003329,5.160020,20.00,40.00,59.99,79.99,253.333308
2003/11/29 07:11:47.645 SATNLC2003,2003329,5.295810,21.11,42.22,63.33,84.44,259.999974
2003/11/29 07:11:50.003 11/29/2003 07:11:50: Message: ISUS Next Wakeup at UTC 04/30/2014 02:00:00.
2003/11/29 07:11:52.361 11/29/2003 07:11:52: Message: Entering low power suspension, waiting for scheduled event.
2003/11/29 07:11:54.719 [nutnr:DLOGP7]:Instrument Stopped [Power Off]
2003/11/29 07:11:57.077 [nutnr:DLOGP7]:----- END OF BLOCK -----
2003/11/29 07:11:59.435 
