2004/05/09 09:11:14.019 [nutnr:DLOGP1]:Idle state, without initialize
2004/05/09 09:11:16.377 [nutnr:DLOGP1]:Instrument sampling - Data logger entering data acquisition state
2004/05/09 09:11:18.735 
2004/05/09 09:11:21.093 05/09/2004 09:11:21: Message: ISUS Awakened on Schedule at UTC 04/30/2014 01:00:00.
2004/05/09 09:11:23.451 
2004/05/09 09:11:25.809 05/09/2004 09:11:25: Message: Initializing analog output.
2004/05/09 09:11:28.167 05/09/2004 09:11:28: Message: Turning ON Spectrometer.
2004/05/09 09:11:30.525 05/09/2004 09:11:30: Message: Spectrometer powered up.
2004/05/09 09:11:32.883 05/09/2004 09:11:32: Message: Turning ON UV light source.
2004/05/09 09:11:35.241 05/09/2004 09:11:35: Message: UV light source powered up.
2004/05/09 09:11:37.599 05/09/2004 09:11:37: Message: Data log file is 'DATA/LOG_20040509.LOG'.
2004/05/09 09:11:39.957 SATNDC2004,2004129,0.000000,-10.00,-20.00,-30.00,-40.00,0.000000
2004/05/09 09:11:42.315 SATNLC2004,2004129,0.135790,-8.89,-17.78,-26.66,-35.55,6.666666
2004/05/09 09:11:44.673 SATNLC2004,2004129,0.271580,-7.78,-15.55,-23.33,-31.11,13.333332
2004/05/09 09:11:47.031 SATNLC2004,2004129,0.407370,-6.67,-13.33,-20.00,-26.66,19.999998
2004/05/09 09:11:49.389 05/09/2004 09:11:49: Message: ISUS Next Wakeup at UTC 04/30/2014 02:00:00.
2004/05/09 09:11:51.747 05/09/2004 09:11:51: Message: Entering low power suspension, waiting for scheduled event.
2004/05/09 09:11:54.105 [nutnr:DLOGP7]:Instrument Stopped [Power Off]
2004/05/09 09:11:56.463 [nutnr:DLOGP7]:----- END OF BLOCK -----
2004/05/09 09:11:58.821 
2004/05/09 09:12:01.179 [nutnr:DLOGP1]:Idle state, without initialize
2004/05/09 09:12:03.537 [nutnr:DLOGP1]:Instrument sampling - Data logger entering data acquisition state
2004/05/09 09:12:05.895 
2004/05/09 09:12:08.253 05/09/2004 09:12:08: Message: ISUS Awakened on Schedule at UTC 04/30/2014 01:00:00.
2004/05/09 09:12:10.611 
2004/05/09 09:12:12.969 05/09/2004 09:12:12: Message: Initializing analog output.
2004/05/09 09:12:15.327 05/09/2004 09:12:15: Message: Turning ON Spectrometer.
2004/05/09 09:12:17.685 05/09/2004 09:12:17: Message: Spectrometer powered up.
2004/05/09 09:12:20.043 05/09/2004 09:12:20: Message: Turning ON UV light source.
2004/05/09 09:12:22.401 05/09/2004 09:12:22: Message: UV light source powered up.
2004/05/09 09:12:24.759 05/09/2004 09:12:24: Message: Data log file is 'DATA/LOG_20040509.LOG'.
2004/05/09 09:12:27.117 SATNDC2004,2004129,0.543160,-5.56,-11.11,-16.67,-22.22,26.666664
2004/05/09 09:12:29.475 SATNLC2004,2004129,0.678950,-4.44,-8.89,-13.33,-17.78,33.333330
2004/05/09 09:12:31.833 SATNLC2004,2004129,0.814740,-3.33,-6.67,-10.00,-13.33,39.999996
2004/05/09 09:12:34.191 SATNLC2004,2004129,0.950530,-2.22,-4.44,-6.67,-8.89,46.666662
2004/05/09 09:12:36.549 SATNLC2004,2004129,1.086320,-1.11,-2.22,-3.33,-4.44,53.333328
2004/05/09 09:12:38.907 05/09/2004 09:12:38: Message: ISUS Next Wakeup at UTC 04/30/2014 02:00:00.
2004/05/09 09:12:41.265 05/09/2004 09:12:41: Message: Entering low power suspension, waiting for scheduled event.
2004/05/09 09:12:43.623 [nutnr:DLOGP7]:Instrument Stopped [Power Off]
2004/05/09 09:12:45.981 [nutnr:DLOGP7]:----- END OF BLOCK -----
2004/05/09 09:12:48.339 
2004/05/09 09:12:50.697 [nutnr:DLOGP1]:Idle state, without initialize
2004/05/09 09:12:53.055 [nutnr:DLOGP1]:Instrument sampling - Data logger entering data acquisition state
2004/05/09 09:12:55.413 
2004/05/09 09:12:57.771 05/09/2004 09:12:57: Message: ISUS Awakened on Schedule at UTC 04/30/2014 01:00:00.
2004/05/09 09:13:00.129 
2004/05/09 09:13:02.487 05/09/2004 09:13:02: Message: Initializing analog output.
2004/05/09 09:13:04.845 05/09/2004 09:13:04: Message: Turning ON Spectrometer.
2004/05/09 09:13:07.203 05/09/2004 09:13:07: Message: Spectrometer powered up.
2004/05/09 09:13:09.561 05/09/2004 09:13:09: Message: Turning ON UV light source.
2004/05/09 09:13:11.919 05/09/2004 09:13:11: Message: UV light source powered up.
2004/05/09 09:13:14.277 05/09/2004 09:13:14: Message: Data log file is 'DATA/LOG_20040509.LOG'.
2004/05/09 09:13:16.635 SATNDC2004,2004129,1.222110,-0.00,-0.00,-0.00,-0.00,59.999994
2004/05/09 09:13:18.993 SATNLC2004,2004129,1.357900,1.11,2.22,3.33,4.44,66.666660
2004/05/09 09:13:21.351 SATNLC2004,2004129,1.493690,2.22,4.44,6.67,8.89,73.333326
2004/05/09 09:13:23.709 SATNLC2004,2004129,1.629480,3.33,6.67,10.00,13.33,79.999992
2004/05/09 09:13:26.067 SATNLC2004,2004129,1.765270,4.44,8.89,13.33,17.78,86.666658
2004/05/09 09:13:28.425 SATNLC2004,2004129,1.901060,5.55,11.11,16.66,22.22,93.333324
2004/05/09 09:13:30.783 SATNLC2004,2004129,2.036850,6.67,13.33,20.00,26.66,99.999990
2004/05/09 09:13:33.141 SATNLC2004,2004129,2.172640,7.78,15.55,23.33,31.11,106.666656
2004/05/09 09:13:35.499 SATNLC2004,2004129,2.308430,8.89,17.78,26.66,35.55,113.333322
2004/05/09 09:13:37.857 05/09/2004 09:13:37: Message: ISUS Next Wakeup at UTC 04/30/2014 02:00:00.
2004/05/09 09:13:40.215 05/09/2004 09:13:40: Message: Entering low power suspension, waiting for scheduled event.
2004/05/09 09:13:42.573 [nutnr:DLOGP7]:Instrument Stopped [Power Off]
2004/05/09 09:13:44.931 [nutnr:DLOGP7]:----- END OF BLOCK -----
2004/05/09 09:13:47.289 
