2004/09/01 07:09:12.017 [nutnr:DLOGP1]:Idle state, without initialize
2004/09/01 07:09:14.375 [nutnr:DLOGP1]:Instrument sampling - Data logger entering data acquisition state
2004/09/01 07:09:16.733 
2004/09/01 07:09:19.091 09/01/2004 07:09:19: Message: ISUS Awakened on Schedule at UTC 04/30/2014 01:00:00.
2004/09/01 07:09:21.449 
2004/09/01 07:09:23.807 09/01/2004 07:09:23: Message: Initializing analog output.
2004/09/01 07:09:26.165 09/01/2004 07:09:26: Message: Turning ON Spectrometer.
2004/09/01 07:09:28.523 09/01/2004 07:09:28: Message: Spectrometer powered up.
2004/09/01 07:09:30.881 09/01/2004 07:09:30: Message: Turning ON UV light source.
2004/09/01 07:09:33.239 09/01/2004 07:09:33: Message: UV light source powered up.
2004/09/01 07:09:35.597 09/01/2004 07:09:35: Message: Data log file is 'DATA/LOG_20031129.LOG'.
2004/09/01 07:10:41.621 SATNDC2003,2004245,1.493690,-10.00,-20.00,-30.00,-40.00,73.333326
2004/09/01 07:10:43.979 SATNLC2003,2004245,1.629480,-8.89,-17.78,-26.66,-35.55,79.999992
2004/09/01 07:10:46.337 SATNLC2003,2004245,1.765270,-7.78,-15.55,-23.33,-31.11,86.666658
2004/09/01 07:10:48.695 SATNLC2003,2004245,1.901060,-6.67,-13.33,-20.00,-26.66,93.333324
2004/09/01 07:10:51.053 SATNLC2003,2004245,2.036850,-5.55,-11.11,-16.67,-22.22,99.999990
2004/09/01 07:10:52.621 SATNDC2003,2004245,1.493690,-11.00,-19.00,-30.00,-40.00,73.333326
2004/09/01 07:11:50.003 09/01/2004 07:11:50: Message: ISUS Next Wakeup at UTC 04/30/2014 02:00:00.
2004/09/01 07:11:52.361 09/01/2004 07:11:52: Message: Entering low power suspension, waiting for scheduled event.
2004/09/01 07:11:54.719 [nutnr:DLOGP7]:Instrument Stopped [Power Off]
2004/09/01 07:11:57.077 [nutnr:DLOGP7]:----- END OF BLOCK -----
2004/09/01 07:11:59.435 
