2005/12/20 11:13:16.021 [nutnr:DLOGP1]:Idle state, without initialize
2005/12/20 11:13:18.379 [nutnr:DLOGP1]:Instrument sampling - Data logger entering data acquisition state
2005/12/20 11:13:20.737 
2005/12/20 11:13:23.095 12/20/2005 11:13:23: Message: ISUS Awakened on Schedule at UTC 04/30/2014 01:00:00.
2005/12/20 11:13:25.453 
2005/12/20 11:13:27.811 12/20/2005 11:13:27: Message: Initializing analog output.
2005/12/20 11:13:30.169 12/20/2005 11:13:30: Message: Turning ON Spectrometer.
2005/12/20 11:13:32.527 12/20/2005 11:13:32: Message: Spectrometer powered up.
2005/12/20 11:13:34.885 12/20/2005 11:13:34: Message: Turning ON UV light source.
2005/12/20 11:13:37.243 12/20/2005 11:13:37: Message: UV light source powered up.
2005/12/20 11:13:39.601 12/20/2005 11:13:39: Message: Data log file is 'DATA/LOG_20051220.LOG'.
2005/12/20 11:13:41.959 SATNDC2005,2005350,0.000000,-63.33,-126.65,-189.98,-253.31,0.000000
2005/12/20 11:13:44.317 SATNLC2005,2005350,0.135790,-62.22,-124.43,-186.65,-248.86,6.666666
2005/12/20 11:13:46.675 SATNLC2005,2005350,0.271580,-61.11,-122.21,-183.32,-244.42,13.333332
2005/12/20 11:13:49.033 SATNLC2005,2005350,0.407370,-59.99,-119.99,-179.98,-239.98,19.999998
2005/12/20 11:13:51.391 SATNLC2005,2005350,0.543160,-58.88,-117.77,-176.65,-235.53,26.666664
2005/12/20 11:13:53.749 SATNLC2005,2005350,0.678950,-57.77,-115.54,-173.32,-231.09,33.333330
2005/12/20 11:13:56.107 SATNLC2005,2005350,0.814740,-56.66,-113.32,-169.98,-226.64,39.999996
2005/12/20 11:13:58.465 SATNLC2005,2005350,0.950530,-55.55,-111.10,-166.65,-222.20,46.666662
2005/12/20 11:14:00.823 SATNLC2005,2005350,1.086320,-54.44,-108.88,-163.32,-217.76,53.333328
2005/12/20 11:14:03.181 SATNLC2005,2005350,1.222110,-53.33,-106.66,-159.98,-213.31,59.999994
2005/12/20 11:14:05.539 SATNLC2005,2005350,1.357900,-52.22,-104.43,-156.65,-208.87,66.666660
2005/12/20 11:14:07.897 SATNLC2005,2005350,1.493690,-51.11,-102.21,-153.32,-204.42,73.333326
2005/12/20 11:14:10.255 SATNLC2005,2005350,1.629480,-50.00,-99.99,-149.99,-199.98,79.999992
2005/12/20 11:14:12.613 SATNLC2005,2005350,1.765270,-48.88,-97.77,-146.65,-195.54,86.666658
2005/12/20 11:14:14.971 SATNLC2005,2005350,1.901060,-47.77,-95.55,-143.32,-191.09,93.333324
2005/12/20 11:14:17.329 SATNLC2005,2005350,2.036850,-46.66,-93.32,-139.99,-186.65,99.999990
2005/12/20 11:14:19.687 SATNLC2005,2005350,2.172640,-45.55,-91.10,-136.65,-182.20,106.666656
2005/12/20 11:14:22.045 SATNLC2005,2005350,2.308430,-44.44,-88.88,-133.32,-177.76,113.333322
2005/12/20 11:14:24.403 SATNLC2005,2005350,2.444220,-43.33,-86.66,-129.99,-173.32,119.999988
2005/12/20 11:14:26.761 SATNLC2005,2005350,2.580010,-42.22,-84.44,-126.65,-168.87,126.666654
2005/12/20 11:14:29.119 SATNLC2005,2005350,2.715800,-41.11,-82.21,-123.32,-164.43,133.333320
2005/12/20 11:14:31.477 SATNLC2005,2005350,2.851590,-40.00,-79.99,-119.99,-159.98,139.999986
2005/12/20 11:14:33.835 SATNLC2005,2005350,2.987380,-38.89,-77.77,-116.66,-155.54,146.666652
2005/12/20 11:14:36.193 SATNLC2005,2005350,3.123170,-37.77,-75.55,-113.32,-151.10,153.333318
2005/12/20 11:14:38.551 SATNLC2005,2005350,3.258960,-36.66,-73.33,-109.99,-146.65,159.999984
2005/12/20 11:14:40.909 SATNLC2005,2005350,3.394750,-35.55,-71.10,-106.66,-142.21,166.666650
2005/12/20 11:14:43.267 SATNLC2005,2005350,3.530540,-34.44,-68.88,-103.32,-137.76,173.333316
2005/12/20 11:14:45.625 SATNLC2005,2005350,3.666330,-33.33,-66.66,-99.99,-133.32,179.999982
2005/12/20 11:14:47.983 SATNLC2005,2005350,3.802120,-32.22,-64.44,-96.66,-128.88,186.666648
2005/12/20 11:14:50.341 SATNLC2005,2005350,3.937910,-31.11,-62.22,-93.32,-124.43,193.333314
2005/12/20 11:14:52.699 SATNLC2005,2005350,4.073700,-30.00,-59.99,-89.99,-119.99,199.999980
2005/12/20 11:14:55.057 SATNLC2005,2005350,4.209490,-28.89,-57.77,-86.66,-115.54,206.666646
2005/12/20 11:14:57.415 SATNLC2005,2005350,4.345280,-27.78,-55.55,-83.33,-111.10,213.333312
2005/12/20 11:14:59.773 SATNLC2005,2005350,4.481070,-26.66,-53.33,-79.99,-106.66,219.999978
2005/12/20 11:15:02.131 SATNLC2005,2005350,4.616860,-25.55,-51.11,-76.66,-102.21,226.666644
2005/12/20 11:15:04.489 SATNLC2005,2005350,4.752650,-24.44,-48.88,-73.33,-97.77,233.333310
2005/12/20 11:15:06.847 SATNLC2005,2005350,4.888440,-23.33,-46.66,-69.99,-93.32,239.999976
2005/12/20 11:15:09.205 SATNLC2005,2005350,5.024230,-22.22,-44.44,-66.66,-88.88,246.666642
2005/12/20 11:15:11.563 SATNLC2005,2005350,5.160020,-21.11,-42.22,-63.33,-84.44,253.333308
2005/12/20 11:15:13.921 SATNLC2005,2005350,5.295810,-20.00,-40.00,-59.99,-79.99,259.999974
2005/12/20 11:15:16.279 12/20/2005 11:15:16: Message: ISUS Next Wakeup at UTC 04/30/2014 02:00:00.
2005/12/20 11:15:18.637 12/20/2005 11:15:18: Message: Entering low power suspension, waiting for scheduled event.
2005/12/20 11:15:20.995 [nutnr:DLOGP7]:Instrument Stopped [Power Off]
2005/12/20 11:15:23.353 [nutnr:DLOGP7]:----- END OF BLOCK -----
2005/12/20 11:15:25.711 
2005/12/20 11:15:28.069 [nutnr:DLOGP1]:Idle state, without initialize
2005/12/20 11:15:30.427 [nutnr:DLOGP1]:Instrument sampling - Data logger entering data acquisition state
2005/12/20 11:15:32.785 
2005/12/20 11:15:35.143 12/20/2005 11:15:35: Message: ISUS Awakened on Schedule at UTC 04/30/2014 01:00:00.
2005/12/20 11:15:37.501 
2005/12/20 11:15:39.859 12/20/2005 11:15:39: Message: Initializing analog output.
2005/12/20 11:15:42.217 12/20/2005 11:15:42: Message: Turning ON Spectrometer.
2005/12/20 11:15:44.575 12/20/2005 11:15:44: Message: Spectrometer powered up.
2005/12/20 11:15:46.933 12/20/2005 11:15:46: Message: Turning ON UV light source.
2005/12/20 11:15:49.291 12/20/2005 11:15:49: Message: UV light source powered up.
2005/12/20 11:15:51.649 12/20/2005 11:15:51: Message: Data log file is 'DATA/LOG_20051220.LOG'.
2005/12/20 11:15:54.007 SATNDC2005,2005350,5.431600,-18.89,-37.77,-56.66,-75.55,266.666640
2005/12/20 11:15:56.365 SATNLC2005,2005350,5.567390,-17.78,-35.55,-53.33,-71.10,273.333306
2005/12/20 11:15:58.723 SATNLC2005,2005350,5.703180,-16.67,-33.33,-50.00,-66.66,279.999972
2005/12/20 11:16:01.081 SATNLC2005,2005350,5.838970,-15.55,-31.11,-46.66,-62.22,286.666638
2005/12/20 11:16:03.439 SATNLC2005,2005350,5.974760,-14.44,-28.89,-43.33,-57.77,293.333304
2005/12/20 11:16:05.797 SATNLC2005,2005350,6.110550,-13.33,-26.66,-40.00,-53.33,299.999970
2005/12/20 11:16:08.155 SATNLC2005,2005350,6.246340,-12.22,-24.44,-36.66,-48.88,306.666636
2005/12/20 11:16:10.513 SATNLC2005,2005350,6.382130,-11.11,-22.22,-33.33,-44.44,313.333302
2005/12/20 11:16:12.871 SATNLC2005,2005350,6.517920,-10.00,-20.00,-30.00,-40.00,319.999968
2005/12/20 11:16:15.229 SATNLC2005,2005350,6.653710,-8.89,-17.78,-26.66,-35.55,326.666634
2005/12/20 11:16:17.587 SATNLC2005,2005350,6.789500,-7.78,-15.55,-23.33,-31.11,333.333300
2005/12/20 11:16:19.945 SATNLC2005,2005350,6.925290,-6.67,-13.33,-20.00,-26.66,339.999966
2005/12/20 11:16:22.303 SATNLC2005,2005350,7.061080,-5.56,-11.11,-16.67,-22.22,346.666632
2005/12/20 11:16:24.661 SATNLC2005,2005350,7.196870,-4.44,-8.89,-13.33,-17.78,353.333298
2005/12/20 11:16:27.019 SATNLC2005,2005350,7.332660,-3.33,-6.67,-10.00,-13.33,359.999964
2005/12/20 11:16:29.377 SATNLC2005,2005350,7.468450,-2.22,-4.44,-6.67,-8.89,366.666630
2005/12/20 11:16:31.735 SATNLC2005,2005350,7.604240,-1.11,-2.22,-3.33,-4.44,373.333296
2005/12/20 11:16:34.093 SATNLC2005,2005350,7.740030,-0.00,-0.00,-0.00,-0.00,379.999962
2005/12/20 11:16:36.451 SATNLC2005,2005350,7.875820,1.11,2.22,3.33,4.44,386.666628
2005/12/20 11:16:38.809 SATNLC2005,2005350,8.011610,2.22,4.44,6.67,8.89,393.333294
2005/12/20 11:16:41.167 SATNLC2005,2005350,8.147400,3.33,6.67,10.00,13.33,399.999960
2005/12/20 11:16:43.525 SATNLC2005,2005350,8.283190,4.44,8.89,13.33,17.78,406.666626
2005/12/20 11:16:45.883 SATNLC2005,2005350,8.418980,5.55,11.11,16.66,22.22,413.333292
2005/12/20 11:16:48.241 SATNLC2005,2005350,8.554770,6.67,13.33,20.00,26.66,419.999958
2005/12/20 11:16:50.599 SATNLC2005,2005350,8.690560,7.78,15.55,23.33,31.11,426.666624
2005/12/20 11:16:52.957 SATNLC2005,2005350,8.826350,8.89,17.78,26.66,35.55,433.333290
2005/12/20 11:16:55.315 SATNLC2005,2005350,8.962140,10.00,20.00,30.00,40.00,439.999956
2005/12/20 11:16:57.673 SATNLC2005,2005350,9.097930,11.11,22.22,33.33,44.44,446.666622
2005/12/20 11:17:00.031 SATNLC2005,2005350,9.233720,12.22,24.44,36.66,48.88,453.333288
2005/12/20 11:17:02.389 SATNLC2005,2005350,9.369510,13.33,26.66,40.00,53.33,459.999954
2005/12/20 11:17:04.747 SATNLC2005,2005350,9.505300,14.44,28.89,43.33,57.77,466.666620
2005/12/20 11:17:07.105 SATNLC2005,2005350,9.641090,15.55,31.11,46.66,62.22,473.333286
2005/12/20 11:17:09.463 SATNLC2005,2005350,9.776880,16.66,33.33,49.99,66.66,479.999952
2005/12/20 11:17:11.821 SATNLC2005,2005350,9.912670,17.78,35.55,53.33,71.10,486.666618
2005/12/20 11:17:14.179 SATNLC2005,2005350,10.048460,18.89,37.77,56.66,75.55,493.333284
2005/12/20 11:17:16.537 SATNLC2005,2005350,10.184250,20.00,40.00,59.99,79.99,499.999950
2005/12/20 11:17:18.895 SATNLC2005,2005350,10.320040,21.11,42.22,63.33,84.44,506.666616
2005/12/20 11:17:21.253 SATNLC2005,2005350,10.455830,22.22,44.44,66.66,88.88,513.333282
2005/12/20 11:17:23.611 SATNLC2005,2005350,10.591620,23.33,46.66,69.99,93.32,519.999948
2005/12/20 11:17:25.969 SATNLC2005,2005350,10.727410,24.44,48.88,73.33,97.77,526.666614
2005/12/20 11:17:28.327 SATNLC2005,2005350,10.863200,25.55,51.11,76.66,102.21,533.333280
2005/12/20 11:17:30.685 SATNLC2005,2005350,10.998990,26.66,53.33,79.99,106.66,539.999946
2005/12/20 11:17:33.043 SATNLC2005,2005350,11.134780,27.77,55.55,83.32,111.10,546.666612
2005/12/20 11:17:35.401 SATNLC2005,2005350,11.270570,28.89,57.77,86.66,115.54,553.333278
2005/12/20 11:17:37.759 SATNLC2005,2005350,11.406360,30.00,59.99,89.99,119.99,559.999944
2005/12/20 11:17:40.117 SATNLC2005,2005350,11.542150,31.11,62.22,93.32,124.43,566.666610
2005/12/20 11:17:42.475 SATNLC2005,2005350,11.677940,32.22,64.44,96.66,128.88,573.333276
2005/12/20 11:17:44.833 SATNLC2005,2005350,11.813730,33.33,66.66,99.99,133.32,579.999942
2005/12/20 11:17:47.191 SATNLC2005,2005350,11.949520,34.44,68.88,103.32,137.76,586.666608
2005/12/20 11:17:49.549 SATNLC2005,2005350,12.085310,35.55,71.10,106.66,142.21,593.333274
2005/12/20 11:17:51.907 SATNLC2005,2005350,12.221100,36.66,73.33,109.99,146.65,599.999940
2005/12/20 11:17:54.265 SATNLC2005,2005350,12.356890,37.77,75.55,113.32,151.10,606.666606
2005/12/20 11:17:56.623 SATNLC2005,2005350,12.492680,38.88,77.77,116.65,155.54,613.333272
2005/12/20 11:17:58.981 SATNLC2005,2005350,12.628470,40.00,79.99,119.99,159.98,619.999938
2005/12/20 11:18:01.339 SATNLC2005,2005350,12.764260,41.11,82.21,123.32,164.43,626.666604
2005/12/20 11:18:03.697 SATNLC2005,2005350,12.900050,42.22,84.44,126.65,168.87,633.333270
2005/12/20 11:18:06.055 SATNLC2005,2005350,13.035840,43.33,86.66,129.99,173.32,639.999936
2005/12/20 11:18:08.413 SATNLC2005,2005350,13.171630,44.44,88.88,133.32,177.76,646.666602
2005/12/20 11:18:10.771 SATNLC2005,2005350,13.307420,45.55,91.10,136.65,182.20,653.333268
2005/12/20 11:18:13.129 SATNLC2005,2005350,13.443210,46.66,93.32,139.99,186.65,659.999934
2005/12/20 11:18:15.487 SATNLC2005,2005350,13.579000,47.77,95.55,143.32,191.09,666.666600
2005/12/20 11:18:17.845 SATNLC2005,2005350,13.714790,48.88,97.77,146.65,195.54,673.333266
2005/12/20 11:18:20.203 SATNLC2005,2005350,13.850580,49.99,99.99,149.98,199.98,679.999932
2005/12/20 11:18:22.561 SATNLC2005,2005350,13.986370,51.11,102.21,153.32,204.42,686.666598
2005/12/20 11:18:24.919 SATNLC2005,2005350,14.122160,52.22,104.43,156.65,208.87,693.333264
2005/12/20 11:18:27.277 SATNLC2005,2005350,14.257950,53.33,106.66,159.98,213.31,699.999930
2005/12/20 11:18:29.635 SATNLC2005,2005350,14.393740,54.44,108.88,163.32,217.76,706.666596
2005/12/20 11:18:31.993 SATNLC2005,2005350,14.529530,55.55,111.10,166.65,222.20,713.333262
2005/12/20 11:18:34.351 SATNLC2005,2005350,14.665320,56.66,113.32,169.98,226.64,719.999928
2005/12/20 11:18:36.709 SATNLC2005,2005350,14.801110,57.77,115.54,173.32,231.09,726.666594
2005/12/20 11:18:39.067 SATNLC2005,2005350,14.936900,58.88,117.77,176.65,235.53,733.333260
2005/12/20 11:18:41.425 SATNLC2005,2005350,15.072690,59.99,119.99,179.98,239.98,739.999926
2005/12/20 11:18:43.783 SATNLC2005,2005350,15.208480,61.10,122.21,183.31,244.42,746.666592
2005/12/20 11:18:46.141 SATNLC2005,2005350,15.344270,62.22,124.43,186.65,248.86,753.333258
2005/12/20 11:18:48.499 SATNLC2005,2005350,15.480060,63.33,126.65,189.98,253.31,759.999924
2005/12/20 11:18:50.857 12/20/2005 11:18:50: Message: ISUS Next Wakeup at UTC 04/30/2014 02:00:00.
2005/12/20 11:18:53.215 12/20/2005 11:18:53: Message: Entering low power suspension, waiting for scheduled event.
2005/12/20 11:18:55.573 [nutnr:DLOGP7]:Instrument Stopped [Power Off]
2005/12/20 11:18:57.931 [nutnr:DLOGP7]:----- END OF BLOCK -----
2005/12/20 11:19:00.289 
