2006/12/25 13:15:18.023 [nutnr:DLOGP1]:Idle state, without initialize
2006/12/25 13:15:20.381 [nutnr:DLOGP1]:Instrument sampling - Data logger entering data acquisition state
2006/12/25 13:15:22.739 
2006/12/25 13:15:25.097 12/25/2006 13:15:25: Message: ISUS Awakened on Schedule at UTC 04/30/2014 01:00:00.
2006/12/25 13:15:27.455 
2006/12/25 13:15:29.813 12/25/2006 13:15:29: Message: Initializing analog output.
2006/12/25 13:15:32.171 12/25/2006 13:15:32: Message: Turning ON Spectrometer.
2006/12/25 13:15:34.529 12/25/2006 13:15:34: Message: Spectrometer powered up.
2006/12/25 13:15:36.887 12/25/2006 13:15:36: Message: Turning ON UV light source.
2006/12/25 13:15:39.245 12/25/2006 13:15:39: Message: UV light source powered up.
2006/12/25 13:15:41.603 12/25/2006 13:15:41: Message: Data log file is 'DATA/LOG_20061225.LOG'.
2006/12/25 13:15:43.961 SATNDC2006,2006355,0.000000,-141.10,-282.19,-423.29,-564.39,0.000000
2006/12/25 13:15:46.319 SATNLC2006,2006355,0.135790,-139.99,-279.97,-419.96,-559.94,6.666666
2006/12/25 13:15:48.677 SATNLC2006,2006355,0.271580,-138.88,-277.75,-416.62,-555.50,13.333332
2006/12/25 13:15:51.035 SATNLC2006,2006355,0.407370,-137.76,-275.53,-413.29,-551.06,19.999998
2006/12/25 13:15:53.393 SATNLC2006,2006355,0.543160,-136.65,-273.31,-409.96,-546.61,26.666664
2006/12/25 13:15:55.751 SATNLC2006,2006355,0.678950,-135.54,-271.08,-406.63,-542.17,33.333330
2006/12/25 13:15:58.109 SATNLC2006,2006355,0.814740,-134.43,-268.86,-403.29,-537.72,39.999996
2006/12/25 13:16:00.467 SATNLC2006,2006355,0.950530,-133.32,-266.64,-399.96,-533.28,46.666662
2006/12/25 13:16:02.825 SATNLC2006,2006355,1.086320,-132.21,-264.42,-396.63,-528.84,53.333328
2006/12/25 13:16:05.183 SATNLC2006,2006355,1.222110,-131.10,-262.20,-393.29,-524.39,59.999994
2006/12/25 13:16:07.541 SATNLC2006,2006355,1.357900,-129.99,-259.97,-389.96,-519.95,66.666660
2006/12/25 13:16:09.899 SATNLC2006,2006355,1.493690,-128.88,-257.75,-386.63,-515.50,73.333326
2006/12/25 13:16:12.257 SATNLC2006,2006355,1.629480,-127.77,-255.53,-383.29,-511.06,79.999992
2006/12/25 13:16:14.615 SATNLC2006,2006355,1.765270,-126.65,-253.31,-379.96,-506.62,86.666658
2006/12/25 13:16:16.973 SATNLC2006,2006355,1.901060,-125.54,-251.09,-376.63,-502.17,93.333324
2006/12/25 13:16:19.331 SATNLC2006,2006355,2.036850,-124.43,-248.86,-373.30,-497.73,99.999990
2006/12/25 13:16:21.689 SATNLC2006,2006355,2.172640,-123.32,-246.64,-369.96,-493.28,106.666656
2006/12/25 13:16:24.047 SATNLC2006,2006355,2.308430,-122.21,-244.42,-366.63,-488.84,113.333322
2006/12/25 13:16:26.405 SATNLC2006,2006355,2.444220,-121.10,-242.20,-363.30,-484.40,119.999988
2006/12/25 13:16:28.763 SATNLC2006,2006355,2.580010,-119.99,-239.98,-359.96,-479.95,126.666654
2006/12/25 13:16:31.121 SATNLC2006,2006355,2.715800,-118.88,-237.75,-356.63,-475.51,133.333320
2006/12/25 13:16:33.479 SATNLC2006,2006355,2.851590,-117.77,-235.53,-353.30,-471.06,139.999986
2006/12/25 13:16:35.837 SATNLC2006,2006355,2.987380,-116.66,-233.31,-349.96,-466.62,146.666652
2006/12/25 13:16:38.195 SATNLC2006,2006355,3.123170,-115.54,-231.09,-346.63,-462.18,153.333318
2006/12/25 13:16:40.553 SATNLC2006,2006355,3.258960,-114.43,-228.87,-343.30,-457.73,159.999984
2006/12/25 13:16:42.911 SATNLC2006,2006355,3.394750,-113.32,-226.64,-339.97,-453.29,166.666650
2006/12/25 13:16:45.269 SATNLC2006,2006355,3.530540,-112.21,-224.42,-336.63,-448.84,173.333316
2006/12/25 13:16:47.627 SATNLC2006,2006355,3.666330,-111.10,-222.20,-333.30,-444.40,179.999982
2006/12/25 13:16:49.985 SATNLC2006,2006355,3.802120,-109.99,-219.98,-329.97,-439.96,186.666648
2006/12/25 13:16:52.343 SATNLC2006,2006355,3.937910,-108.88,-217.76,-326.63,-435.51,193.333314
2006/12/25 13:16:54.701 SATNLC2006,2006355,4.073700,-107.77,-215.53,-323.30,-431.07,199.999980
2006/12/25 13:16:57.059 SATNLC2006,2006355,4.209490,-106.66,-213.31,-319.97,-426.62,206.666646
2006/12/25 13:16:59.417 SATNLC2006,2006355,4.345280,-105.55,-211.09,-316.63,-422.18,213.333312
2006/12/25 13:17:01.775 SATNLC2006,2006355,4.481070,-104.43,-208.87,-313.30,-417.74,219.999978
2006/12/25 13:17:04.133 SATNLC2006,2006355,4.616860,-103.32,-206.65,-309.97,-413.29,226.666644
2006/12/25 13:17:06.491 SATNLC2006,2006355,4.752650,-102.21,-204.42,-306.64,-408.85,233.333310
2006/12/25 13:17:08.849 SATNLC2006,2006355,4.888440,-101.10,-202.20,-303.30,-404.40,239.999976
2006/12/25 13:17:11.207 SATNLC2006,2006355,5.024230,-99.99,-199.98,-299.97,-399.96,246.666642
2006/12/25 13:17:13.565 SATNLC2006,2006355,5.160020,-98.88,-197.76,-296.64,-395.52,253.333308
2006/12/25 13:17:15.923 SATNLC2006,2006355,5.295810,-97.77,-195.54,-293.30,-391.07,259.999974
2006/12/25 13:17:18.281 SATNLC2006,2006355,5.431600,-96.66,-193.31,-289.97,-386.63,266.666640
2006/12/25 13:17:20.639 SATNLC2006,2006355,5.567390,-95.55,-191.09,-286.64,-382.18,273.333306
2006/12/25 13:17:22.997 SATNLC2006,2006355,5.703180,-94.43,-188.87,-283.30,-377.74,279.999972
2006/12/25 13:17:25.355 SATNLC2006,2006355,5.838970,-93.32,-186.65,-279.97,-373.30,286.666638
2006/12/25 13:17:27.713 SATNLC2006,2006355,5.974760,-92.21,-184.43,-276.64,-368.85,293.333304
2006/12/25 13:17:30.071 SATNLC2006,2006355,6.110550,-91.10,-182.20,-273.31,-364.41,299.999970
2006/12/25 13:17:32.429 SATNLC2006,2006355,6.246340,-89.99,-179.98,-269.97,-359.96,306.666636
2006/12/25 13:17:34.787 SATNLC2006,2006355,6.382130,-88.88,-177.76,-266.64,-355.52,313.333302
2006/12/25 13:17:37.145 SATNLC2006,2006355,6.517920,-87.77,-175.54,-263.31,-351.08,319.999968
2006/12/25 13:17:39.503 SATNLC2006,2006355,6.653710,-86.66,-173.32,-259.97,-346.63,326.666634
2006/12/25 13:17:41.861 12/25/2006 13:17:41: Message: ISUS Next Wakeup at UTC 04/30/2014 02:00:00.
2006/12/25 13:17:44.219 12/25/2006 13:17:44: Message: Entering low power suspension, waiting for scheduled event.
2006/12/25 13:17:46.577 [nutnr:DLOGP7]:Instrument Stopped [Power Off]
2006/12/25 13:17:48.935 [nutnr:DLOGP7]:----- END OF BLOCK -----
2006/12/25 13:17:51.293 
2006/12/25 13:17:53.651 [nutnr:DLOGP1]:Idle state, without initialize
2006/12/25 13:17:56.009 [nutnr:DLOGP1]:Instrument sampling - Data logger entering data acquisition state
2006/12/25 13:17:58.367 
2006/12/25 13:18:00.725 12/25/2006 13:18:00: Message: ISUS Awakened on Schedule at UTC 04/30/2014 01:00:00.
2006/12/25 13:18:03.083 
2006/12/25 13:18:05.441 12/25/2006 13:18:05: Message: Initializing analog output.
2006/12/25 13:18:07.799 12/25/2006 13:18:07: Message: Turning ON Spectrometer.
2006/12/25 13:18:10.157 12/25/2006 13:18:10: Message: Spectrometer powered up.
2006/12/25 13:18:12.515 12/25/2006 13:18:12: Message: Turning ON UV light source.
2006/12/25 13:18:14.873 12/25/2006 13:18:14: Message: UV light source powered up.
2006/12/25 13:18:17.231 12/25/2006 13:18:17: Message: Data log file is 'DATA/LOG_20061225.LOG'.
2006/12/25 13:18:19.589 SATNDC2006,2006355,6.789500,-85.55,-171.09,-256.64,-342.19,333.333300
2006/12/25 13:18:21.947 SATNLC2006,2006355,6.925290,-84.44,-168.87,-253.31,-337.74,339.999966
2006/12/25 13:18:24.305 SATNLC2006,2006355,7.061080,-83.32,-166.65,-249.97,-333.30,346.666632
2006/12/25 13:18:26.663 SATNLC2006,2006355,7.196870,-82.21,-164.43,-246.64,-328.86,353.333298
2006/12/25 13:18:29.021 SATNLC2006,2006355,7.332660,-81.10,-162.21,-243.31,-324.41,359.999964
2006/12/25 13:18:31.379 SATNLC2006,2006355,7.468450,-79.99,-159.98,-239.98,-319.97,366.666630
2006/12/25 13:18:33.737 SATNLC2006,2006355,7.604240,-78.88,-157.76,-236.64,-315.52,373.333296
2006/12/25 13:18:36.095 SATNLC2006,2006355,7.740030,-77.77,-155.54,-233.31,-311.08,379.999962
2006/12/25 13:18:38.453 SATNLC2006,2006355,7.875820,-76.66,-153.32,-229.98,-306.64,386.666628
2006/12/25 13:18:40.811 SATNLC2006,2006355,8.011610,-75.55,-151.10,-226.64,-302.19,393.333294
2006/12/25 13:18:43.169 SATNLC2006,2006355,8.147400,-74.44,-148.87,-223.31,-297.75,399.999960
2006/12/25 13:18:45.527 SATNLC2006,2006355,8.283190,-73.33,-146.65,-219.98,-293.30,406.666626
2006/12/25 13:18:47.885 SATNLC2006,2006355,8.418980,-72.21,-144.43,-216.64,-288.86,413.333292
2006/12/25 13:18:50.243 SATNLC2006,2006355,8.554770,-71.10,-142.21,-213.31,-284.42,419.999958
2006/12/25 13:18:52.601 SATNLC2006,2006355,8.690560,-69.99,-139.99,-209.98,-279.97,426.666624
2006/12/25 13:18:54.959 SATNLC2006,2006355,8.826350,-68.88,-137.76,-206.65,-275.53,433.333290
2006/12/25 13:18:57.317 SATNLC2006,2006355,8.962140,-67.77,-135.54,-203.31,-271.08,439.999956
2006/12/25 13:18:59.675 SATNLC2006,2006355,9.097930,-66.66,-133.32,-199.98,-266.64,446.666622
2006/12/25 13:19:02.033 SATNLC2006,2006355,9.233720,-65.55,-131.10,-196.65,-262.20,453.333288
2006/12/25 13:19:04.391 SATNLC2006,2006355,9.369510,-64.44,-128.88,-193.31,-257.75,459.999954
2006/12/25 13:19:06.749 SATNLC2006,2006355,9.505300,-63.33,-126.65,-189.98,-253.31,466.666620
2006/12/25 13:19:09.107 SATNLC2006,2006355,9.641090,-62.22,-124.43,-186.65,-248.86,473.333286
2006/12/25 13:19:11.465 SATNLC2006,2006355,9.776880,-61.10,-122.21,-183.31,-244.42,479.999952
2006/12/25 13:19:13.823 SATNLC2006,2006355,9.912670,-59.99,-119.99,-179.98,-239.98,486.666618
2006/12/25 13:19:16.181 SATNLC2006,2006355,10.048460,-58.88,-117.77,-176.65,-235.53,493.333284
2006/12/25 13:19:18.539 SATNLC2006,2006355,10.184250,-57.77,-115.54,-173.32,-231.09,499.999950
2006/12/25 13:19:20.897 SATNLC2006,2006355,10.320040,-56.66,-113.32,-169.98,-226.64,506.666616
2006/12/25 13:19:23.255 SATNLC2006,2006355,10.455830,-55.55,-111.10,-166.65,-222.20,513.333282
2006/12/25 13:19:25.613 SATNLC2006,2006355,10.591620,-54.44,-108.88,-163.32,-217.76,519.999948
2006/12/25 13:19:27.971 SATNLC2006,2006355,10.727410,-53.33,-106.66,-159.98,-213.31,526.666614
2006/12/25 13:19:30.329 SATNLC2006,2006355,10.863200,-52.22,-104.43,-156.65,-208.87,533.333280
2006/12/25 13:19:32.687 SATNLC2006,2006355,10.998990,-51.11,-102.21,-153.32,-204.42,539.999946
2006/12/25 13:19:35.045 SATNLC2006,2006355,11.134780,-49.99,-99.99,-149.98,-199.98,546.666612
2006/12/25 13:19:37.403 SATNLC2006,2006355,11.270570,-48.88,-97.77,-146.65,-195.54,553.333278
2006/12/25 13:19:39.761 SATNLC2006,2006355,11.406360,-47.77,-95.55,-143.32,-191.09,559.999944
2006/12/25 13:19:42.119 SATNLC2006,2006355,11.542150,-46.66,-93.32,-139.99,-186.65,566.666610
2006/12/25 13:19:44.477 SATNLC2006,2006355,11.677940,-45.55,-91.10,-136.65,-182.20,573.333276
2006/12/25 13:19:46.835 SATNLC2006,2006355,11.813730,-44.44,-88.88,-133.32,-177.76,579.999942
2006/12/25 13:19:49.193 SATNLC2006,2006355,11.949520,-43.33,-86.66,-129.99,-173.32,586.666608
2006/12/25 13:19:51.551 SATNLC2006,2006355,12.085310,-42.22,-84.44,-126.65,-168.87,593.333274
2006/12/25 13:19:53.909 SATNLC2006,2006355,12.221100,-41.11,-82.21,-123.32,-164.43,599.999940
2006/12/25 13:19:56.267 SATNLC2006,2006355,12.356890,-40.00,-79.99,-119.99,-159.98,606.666606
2006/12/25 13:19:58.625 SATNLC2006,2006355,12.492680,-38.88,-77.77,-116.65,-155.54,613.333272
2006/12/25 13:20:00.983 SATNLC2006,2006355,12.628470,-37.77,-75.55,-113.32,-151.10,619.999938
2006/12/25 13:20:03.341 SATNLC2006,2006355,12.764260,-36.66,-73.33,-109.99,-146.65,626.666604
2006/12/25 13:20:05.699 SATNLC2006,2006355,12.900050,-35.55,-71.10,-106.66,-142.21,633.333270
2006/12/25 13:20:08.057 SATNLC2006,2006355,13.035840,-34.44,-68.88,-103.32,-137.76,639.999936
2006/12/25 13:20:10.415 SATNLC2006,2006355,13.171630,-33.33,-66.66,-99.99,-133.32,646.666602
2006/12/25 13:20:12.773 SATNLC2006,2006355,13.307420,-32.22,-64.44,-96.66,-128.88,653.333268
2006/12/25 13:20:15.131 SATNLC2006,2006355,13.443210,-31.11,-62.22,-93.32,-124.43,659.999934
2006/12/25 13:20:17.489 SATNLC2006,2006355,13.579000,-30.00,-59.99,-89.99,-119.99,666.666600
2006/12/25 13:20:19.847 SATNLC2006,2006355,13.714790,-28.89,-57.77,-86.66,-115.54,673.333266
2006/12/25 13:20:22.205 SATNLC2006,2006355,13.850580,-27.77,-55.55,-83.32,-111.10,679.999932
2006/12/25 13:20:24.563 SATNLC2006,2006355,13.986370,-26.66,-53.33,-79.99,-106.66,686.666598
2006/12/25 13:20:26.921 SATNLC2006,2006355,14.122160,-25.55,-51.11,-76.66,-102.21,693.333264
2006/12/25 13:20:29.279 SATNLC2006,2006355,14.257950,-24.44,-48.88,-73.33,-97.77,699.999930
2006/12/25 13:20:31.637 SATNLC2006,2006355,14.393740,-23.33,-46.66,-69.99,-93.32,706.666596
2006/12/25 13:20:33.995 SATNLC2006,2006355,14.529530,-22.22,-44.44,-66.66,-88.88,713.333262
2006/12/25 13:20:36.353 SATNLC2006,2006355,14.665320,-21.11,-42.22,-63.33,-84.44,719.999928
2006/12/25 13:20:38.711 SATNLC2006,2006355,14.801110,-20.00,-40.00,-59.99,-79.99,726.666594
2006/12/25 13:20:41.069 SATNLC2006,2006355,14.936900,-18.89,-37.77,-56.66,-75.55,733.333260
2006/12/25 13:20:43.427 SATNLC2006,2006355,15.072690,-17.78,-35.55,-53.33,-71.10,739.999926
2006/12/25 13:20:45.785 SATNLC2006,2006355,15.208480,-16.66,-33.33,-49.99,-66.66,746.666592
2006/12/25 13:20:48.143 SATNLC2006,2006355,15.344270,-15.55,-31.11,-46.66,-62.22,753.333258
2006/12/25 13:20:50.501 SATNLC2006,2006355,15.480060,-14.44,-28.89,-43.33,-57.77,759.999924
2006/12/25 13:20:52.859 SATNLC2006,2006355,15.615850,-13.33,-26.66,-40.00,-53.33,766.666590
2006/12/25 13:20:55.217 SATNLC2006,2006355,15.751640,-12.22,-24.44,-36.66,-48.88,773.333256
2006/12/25 13:20:57.575 SATNLC2006,2006355,15.887430,-11.11,-22.22,-33.33,-44.44,779.999922
2006/12/25 13:20:59.933 SATNLC2006,2006355,16.023220,-10.00,-20.00,-30.00,-40.00,786.666588
2006/12/25 13:21:02.291 SATNLC2006,2006355,16.159010,-8.89,-17.78,-26.66,-35.55,793.333254
2006/12/25 13:21:04.649 SATNLC2006,2006355,16.294800,-7.78,-15.55,-23.33,-31.11,799.999920
2006/12/25 13:21:07.007 SATNLC2006,2006355,16.430590,-6.67,-13.33,-20.00,-26.66,806.666586
2006/12/25 13:21:09.365 SATNLC2006,2006355,16.566380,-5.55,-11.11,-16.66,-22.22,813.333252
2006/12/25 13:21:11.723 SATNLC2006,2006355,16.702170,-4.44,-8.89,-13.33,-17.78,819.999918
2006/12/25 13:21:14.081 SATNLC2006,2006355,16.837960,-3.33,-6.67,-10.00,-13.33,826.666584
2006/12/25 13:21:16.439 SATNLC2006,2006355,16.973750,-2.22,-4.44,-6.67,-8.89,833.333250
2006/12/25 13:21:18.797 SATNLC2006,2006355,17.109540,-1.11,-2.22,-3.33,-4.44,839.999916
2006/12/25 13:21:21.155 SATNLC2006,2006355,17.245330,0.00,0.00,0.00,0.00,846.666582
2006/12/25 13:21:23.513 SATNLC2006,2006355,17.381120,1.11,2.22,3.33,4.44,853.333248
2006/12/25 13:21:25.871 SATNLC2006,2006355,17.516910,2.22,4.44,6.67,8.89,859.999914
2006/12/25 13:21:28.229 12/25/2006 13:21:28: Message: ISUS Next Wakeup at UTC 04/30/2014 02:00:00.
2006/12/25 13:21:30.587 12/25/2006 13:21:30: Message: Entering low power suspension, waiting for scheduled event.
2006/12/25 13:21:32.945 [nutnr:DLOGP7]:Instrument Stopped [Power Off]
2006/12/25 13:21:35.303 [nutnr:DLOGP7]:----- END OF BLOCK -----
2006/12/25 13:21:37.661 
2006/12/25 13:21:40.019 [nutnr:DLOGP1]:Idle state, without initialize
2006/12/25 13:21:42.377 [nutnr:DLOGP1]:Instrument sampling - Data logger entering data acquisition state
2006/12/25 13:21:44.735 
2006/12/25 13:21:47.093 12/25/2006 13:21:47: Message: ISUS Awakened on Schedule at UTC 04/30/2014 01:00:00.
2006/12/25 13:21:49.451 
2006/12/25 13:21:51.809 12/25/2006 13:21:51: Message: Initializing analog output.
2006/12/25 13:21:54.167 12/25/2006 13:21:54: Message: Turning ON Spectrometer.
2006/12/25 13:21:56.525 12/25/2006 13:21:56: Message: Spectrometer powered up.
2006/12/25 13:21:58.883 12/25/2006 13:21:58: Message: Turning ON UV light source.
2006/12/25 13:22:01.241 12/25/2006 13:22:01: Message: UV light source powered up.
2006/12/25 13:22:03.599 12/25/2006 13:22:03: Message: Data log file is 'DATA/LOG_20061225.LOG'.
2006/12/25 13:22:05.957 SATNDC2006,2006355,17.652700,3.33,6.67,10.00,13.33,866.666580
2006/12/25 13:22:08.315 SATNLC2006,2006355,17.788490,4.44,8.89,13.33,17.78,873.333246
2006/12/25 13:22:10.673 SATNLC2006,2006355,17.924280,5.56,11.11,16.67,22.22,879.999912
2006/12/25 13:22:13.031 SATNLC2006,2006355,18.060070,6.67,13.33,20.00,26.66,886.666578
2006/12/25 13:22:15.389 SATNLC2006,2006355,18.195860,7.78,15.55,23.33,31.11,893.333244
2006/12/25 13:22:17.747 SATNLC2006,2006355,18.331650,8.89,17.78,26.66,35.55,899.999910
2006/12/25 13:22:20.105 SATNLC2006,2006355,18.467440,10.00,20.00,30.00,40.00,906.666576
2006/12/25 13:22:22.463 SATNLC2006,2006355,18.603230,11.11,22.22,33.33,44.44,913.333242
2006/12/25 13:22:24.821 SATNLC2006,2006355,18.739020,12.22,24.44,36.66,48.88,919.999908
2006/12/25 13:22:27.179 SATNLC2006,2006355,18.874810,13.33,26.66,40.00,53.33,926.666574
2006/12/25 13:22:29.537 SATNLC2006,2006355,19.010600,14.44,28.89,43.33,57.77,933.333240
2006/12/25 13:22:31.895 SATNLC2006,2006355,19.146390,15.55,31.11,46.66,62.22,939.999906
2006/12/25 13:22:34.253 SATNLC2006,2006355,19.282180,16.67,33.33,50.00,66.66,946.666572
2006/12/25 13:22:36.611 SATNLC2006,2006355,19.417970,17.78,35.55,53.33,71.10,953.333238
2006/12/25 13:22:38.969 SATNLC2006,2006355,19.553760,18.89,37.77,56.66,75.55,959.999904
2006/12/25 13:22:41.327 SATNLC2006,2006355,19.689550,20.00,40.00,59.99,79.99,966.666570
2006/12/25 13:22:43.685 SATNLC2006,2006355,19.825340,21.11,42.22,63.33,84.44,973.333236
2006/12/25 13:22:46.043 SATNLC2006,2006355,19.961130,22.22,44.44,66.66,88.88,979.999902
2006/12/25 13:22:48.401 SATNLC2006,2006355,20.096920,23.33,46.66,69.99,93.32,986.666568
2006/12/25 13:22:50.759 SATNLC2006,2006355,20.232710,24.44,48.88,73.33,97.77,993.333234
2006/12/25 13:22:53.117 SATNLC2006,2006355,20.368500,25.55,51.11,76.66,102.21,999.999900
2006/12/25 13:22:55.475 SATNLC2006,2006355,20.504290,26.66,53.33,79.99,106.66,1006.666566
2006/12/25 13:22:57.833 SATNLC2006,2006355,20.640080,27.78,55.55,83.33,111.10,1013.333232
2006/12/25 13:23:00.191 SATNLC2006,2006355,20.775870,28.89,57.77,86.66,115.54,1019.999898
2006/12/25 13:23:02.549 SATNLC2006,2006355,20.911660,30.00,59.99,89.99,119.99,1026.666564
2006/12/25 13:23:04.907 SATNLC2006,2006355,21.047450,31.11,62.22,93.32,124.43,1033.333230
2006/12/25 13:23:07.265 SATNLC2006,2006355,21.183240,32.22,64.44,96.66,128.88,1039.999896
2006/12/25 13:23:09.623 SATNLC2006,2006355,21.319030,33.33,66.66,99.99,133.32,1046.666562
2006/12/25 13:23:11.981 SATNLC2006,2006355,21.454820,34.44,68.88,103.32,137.76,1053.333228
2006/12/25 13:23:14.339 SATNLC2006,2006355,21.590610,35.55,71.10,106.66,142.21,1059.999894
2006/12/25 13:23:16.697 SATNLC2006,2006355,21.726400,36.66,73.33,109.99,146.65,1066.666560
2006/12/25 13:23:19.055 SATNLC2006,2006355,21.862190,37.77,75.55,113.32,151.10,1073.333226
2006/12/25 13:23:21.413 SATNLC2006,2006355,21.997980,38.89,77.77,116.66,155.54,1079.999892
2006/12/25 13:23:23.771 SATNLC2006,2006355,22.133770,40.00,79.99,119.99,159.98,1086.666558
2006/12/25 13:23:26.129 SATNLC2006,2006355,22.269560,41.11,82.21,123.32,164.43,1093.333224
2006/12/25 13:23:28.487 SATNLC2006,2006355,22.405350,42.22,84.44,126.65,168.87,1099.999890
2006/12/25 13:23:30.845 SATNLC2006,2006355,22.541140,43.33,86.66,129.99,173.32,1106.666556
2006/12/25 13:23:33.203 SATNLC2006,2006355,22.676930,44.44,88.88,133.32,177.76,1113.333222
2006/12/25 13:23:35.561 SATNLC2006,2006355,22.812720,45.55,91.10,136.65,182.20,1119.999888
2006/12/25 13:23:37.919 SATNLC2006,2006355,22.948510,46.66,93.32,139.99,186.65,1126.666554
2006/12/25 13:23:40.277 SATNLC2006,2006355,23.084300,47.77,95.55,143.32,191.09,1133.333220
2006/12/25 13:23:42.635 SATNLC2006,2006355,23.220090,48.88,97.77,146.65,195.54,1139.999886
2006/12/25 13:23:44.993 SATNLC2006,2006355,23.355880,50.00,99.99,149.99,199.98,1146.666552
2006/12/25 13:23:47.351 SATNLC2006,2006355,23.491670,51.11,102.21,153.32,204.42,1153.333218
2006/12/25 13:23:49.709 SATNLC2006,2006355,23.627460,52.22,104.43,156.65,208.87,1159.999884
2006/12/25 13:23:52.067 SATNLC2006,2006355,23.763250,53.33,106.66,159.98,213.31,1166.666550
2006/12/25 13:23:54.425 SATNLC2006,2006355,23.899040,54.44,108.88,163.32,217.76,1173.333216
2006/12/25 13:23:56.783 SATNLC2006,2006356,0.034830,55.55,111.10,166.65,222.20,1179.999882
2006/12/25 13:23:59.141 SATNLC2006,2006356,0.170620,56.66,113.32,169.98,226.64,1186.666548
2006/12/25 13:24:01.499 SATNLC2006,2006356,0.306410,57.77,115.54,173.32,231.09,1193.333214
2006/12/25 13:24:03.857 SATNLC2006,2006356,0.442200,58.88,117.77,176.65,235.53,1199.999880
2006/12/25 13:24:06.215 SATNLC2006,2006356,0.577990,59.99,119.99,179.98,239.98,1206.666546
2006/12/25 13:24:08.573 SATNLC2006,2006356,0.713780,61.10,122.21,183.32,244.42,1213.333212
2006/12/25 13:24:10.931 SATNLC2006,2006356,0.849570,62.22,124.43,186.65,248.86,1219.999878
2006/12/25 13:24:13.289 SATNLC2006,2006356,0.985360,63.33,126.65,189.98,253.31,1226.666544
2006/12/25 13:24:15.647 SATNLC2006,2006356,1.121150,64.44,128.88,193.31,257.75,1233.333210
2006/12/25 13:24:18.005 SATNLC2006,2006356,1.256940,65.55,131.10,196.65,262.20,1239.999876
2006/12/25 13:24:20.363 SATNLC2006,2006356,1.392730,66.66,133.32,199.98,266.64,1246.666542
2006/12/25 13:24:22.721 SATNLC2006,2006356,1.528520,67.77,135.54,203.31,271.08,1253.333208
2006/12/25 13:24:25.079 SATNLC2006,2006356,1.664310,68.88,137.76,206.65,275.53,1259.999874
2006/12/25 13:24:27.437 SATNLC2006,2006356,1.800100,69.99,139.99,209.98,279.97,1266.666540
2006/12/25 13:24:29.795 SATNLC2006,2006356,1.935890,71.10,142.21,213.31,284.42,1273.333206
2006/12/25 13:24:32.153 SATNLC2006,2006356,2.071680,72.22,144.43,216.65,288.86,1279.999872
2006/12/25 13:24:34.511 SATNLC2006,2006356,2.207470,73.33,146.65,219.98,293.30,1286.666538
2006/12/25 13:24:36.869 SATNLC2006,2006356,2.343260,74.44,148.87,223.31,297.75,1293.333204
2006/12/25 13:24:39.227 SATNLC2006,2006356,2.479050,75.55,151.10,226.64,302.19,1299.999870
2006/12/25 13:24:41.585 SATNLC2006,2006356,2.614840,76.66,153.32,229.98,306.64,1306.666536
2006/12/25 13:24:43.943 SATNLC2006,2006356,2.750630,77.77,155.54,233.31,311.08,1313.333202
2006/12/25 13:24:46.301 SATNLC2006,2006356,2.886420,78.88,157.76,236.64,315.52,1319.999868
2006/12/25 13:24:48.659 SATNLC2006,2006356,3.022210,79.99,159.98,239.98,319.97,1326.666534
2006/12/25 13:24:51.017 SATNLC2006,2006356,3.158000,81.10,162.21,243.31,324.41,1333.333200
2006/12/25 13:24:53.375 SATNLC2006,2006356,3.293790,82.21,164.43,246.64,328.86,1339.999866
2006/12/25 13:24:55.733 SATNLC2006,2006356,3.429580,83.33,166.65,249.98,333.30,1346.666532
2006/12/25 13:24:58.091 SATNLC2006,2006356,3.565370,84.44,168.87,253.31,337.74,1353.333198
2006/12/25 13:25:00.449 SATNLC2006,2006356,3.701160,85.55,171.09,256.64,342.19,1359.999864
2006/12/25 13:25:02.807 SATNLC2006,2006356,3.836950,86.66,173.32,259.97,346.63,1366.666530
2006/12/25 13:25:05.165 SATNLC2006,2006356,3.972740,87.77,175.54,263.31,351.08,1373.333196
2006/12/25 13:25:07.523 SATNLC2006,2006356,4.108530,88.88,177.76,266.64,355.52,1379.999862
2006/12/25 13:25:09.881 SATNLC2006,2006356,4.244320,89.99,179.98,269.97,359.96,1386.666528
2006/12/25 13:25:12.239 SATNLC2006,2006356,4.380110,91.10,182.20,273.31,364.41,1393.333194
2006/12/25 13:25:14.597 SATNLC2006,2006356,4.515900,92.21,184.43,276.64,368.85,1399.999860
2006/12/25 13:25:16.955 SATNLC2006,2006356,4.651690,93.32,186.65,279.97,373.30,1406.666526
2006/12/25 13:25:19.313 SATNLC2006,2006356,4.787480,94.44,188.87,283.31,377.74,1413.333192
2006/12/25 13:25:21.671 SATNLC2006,2006356,4.923270,95.55,191.09,286.64,382.18,1419.999858
2006/12/25 13:25:24.029 SATNLC2006,2006356,5.059060,96.66,193.31,289.97,386.63,1426.666524
2006/12/25 13:25:26.387 SATNLC2006,2006356,5.194850,97.77,195.54,293.30,391.07,1433.333190
2006/12/25 13:25:28.745 SATNLC2006,2006356,5.330640,98.88,197.76,296.64,395.52,1439.999856
2006/12/25 13:25:31.103 SATNLC2006,2006356,5.466430,99.99,199.98,299.97,399.96,1446.666522
2006/12/25 13:25:33.461 SATNLC2006,2006356,5.602220,101.10,202.20,303.30,404.40,1453.333188
2006/12/25 13:25:35.819 SATNLC2006,2006356,5.738010,102.21,204.42,306.64,408.85,1459.999854
2006/12/25 13:25:38.177 SATNLC2006,2006356,5.873800,103.32,206.65,309.97,413.29,1466.666520
2006/12/25 13:25:40.535 SATNLC2006,2006356,6.009590,104.43,208.87,313.30,417.74,1473.333186
2006/12/25 13:25:42.893 SATNLC2006,2006356,6.145380,105.55,211.09,316.64,422.18,1479.999852
2006/12/25 13:25:45.251 SATNLC2006,2006356,6.281170,106.66,213.31,319.97,426.62,1486.666518
2006/12/25 13:25:47.609 SATNLC2006,2006356,6.416960,107.77,215.53,323.30,431.07,1493.333184
2006/12/25 13:25:49.967 SATNLC2006,2006356,6.552750,108.88,217.76,326.63,435.51,1499.999850
2006/12/25 13:25:52.325 SATNLC2006,2006356,6.688540,109.99,219.98,329.97,439.96,1506.666516
2006/12/25 13:25:54.683 SATNLC2006,2006356,6.824330,111.10,222.20,333.30,444.40,1513.333182
2006/12/25 13:25:57.041 SATNLC2006,2006356,6.960120,112.21,224.42,336.63,448.84,1519.999848
2006/12/25 13:25:59.399 SATNLC2006,2006356,7.095910,113.32,226.64,339.97,453.29,1526.666514
2006/12/25 13:26:01.757 SATNLC2006,2006356,7.231700,114.43,228.87,343.30,457.73,1533.333180
2006/12/25 13:26:04.115 SATNLC2006,2006356,7.367490,115.54,231.09,346.63,462.18,1539.999846
2006/12/25 13:26:06.473 SATNLC2006,2006356,7.503280,116.66,233.31,349.97,466.62,1546.666512
2006/12/25 13:26:08.831 SATNLC2006,2006356,7.639070,117.77,235.53,353.30,471.06,1553.333178
2006/12/25 13:26:11.189 SATNLC2006,2006356,7.774860,118.88,237.75,356.63,475.51,1559.999844
2006/12/25 13:26:13.547 SATNLC2006,2006356,7.910650,119.99,239.98,359.96,479.95,1566.666510
2006/12/25 13:26:15.905 SATNLC2006,2006356,8.046440,121.10,242.20,363.30,484.40,1573.333176
2006/12/25 13:26:18.263 SATNLC2006,2006356,8.182230,122.21,244.42,366.63,488.84,1579.999842
2006/12/25 13:26:20.621 SATNLC2006,2006356,8.318020,123.32,246.64,369.96,493.28,1586.666508
2006/12/25 13:26:22.979 SATNLC2006,2006356,8.453810,124.43,248.86,373.30,497.73,1593.333174
2006/12/25 13:26:25.337 SATNLC2006,2006356,8.589600,125.54,251.09,376.63,502.17,1599.999840
2006/12/25 13:26:27.695 SATNLC2006,2006356,8.725390,126.65,253.31,379.96,506.62,1606.666506
2006/12/25 13:26:30.053 SATNLC2006,2006356,8.861180,127.77,255.53,383.30,511.06,1613.333172
2006/12/25 13:26:32.411 SATNLC2006,2006356,8.996970,128.88,257.75,386.63,515.50,1619.999838
2006/12/25 13:26:34.769 SATNLC2006,2006356,9.132760,129.99,259.97,389.96,519.95,1626.666504
2006/12/25 13:26:37.127 SATNLC2006,2006356,9.268550,131.10,262.20,393.29,524.39,1633.333170
2006/12/25 13:26:39.485 SATNLC2006,2006356,9.404340,132.21,264.42,396.63,528.84,1639.999836
2006/12/25 13:26:41.843 SATNLC2006,2006356,9.540130,133.32,266.64,399.96,533.28,1646.666502
2006/12/25 13:26:44.201 SATNLC2006,2006356,9.675920,134.43,268.86,403.29,537.72,1653.333168
2006/12/25 13:26:46.559 SATNLC2006,2006356,9.811710,135.54,271.08,406.63,542.17,1659.999834
2006/12/25 13:26:48.917 SATNLC2006,2006356,9.947500,136.65,273.31,409.96,546.61,1666.666500
2006/12/25 13:26:51.275 SATNLC2006,2006356,10.083290,137.76,275.53,413.29,551.06,1673.333166
2006/12/25 13:26:53.633 SATNLC2006,2006356,10.219080,138.88,277.75,416.63,555.50,1679.999832
2006/12/25 13:26:55.991 SATNLC2006,2006356,10.354870,139.99,279.97,419.96,559.94,1686.666498
2006/12/25 13:26:58.349 SATNLC2006,2006356,10.490660,141.10,282.19,423.29,564.39,1693.333164
2006/12/25 13:27:00.707 12/25/2006 13:27:00: Message: ISUS Next Wakeup at UTC 04/30/2014 02:00:00.
2006/12/25 13:27:03.065 12/25/2006 13:27:03: Message: Entering low power suspension, waiting for scheduled event.
2006/12/25 13:27:05.423 [nutnr:DLOGP7]:Instrument Stopped [Power Off]
2006/12/25 13:27:07.781 [nutnr:DLOGP7]:----- END OF BLOCK -----
2006/12/25 13:27:10.139 
