2015/04/05 17:38:10.477 [zplsc:DLOGP7]:Logger started: Idle state, without initialize
2015/04/05 17:44:09.599 [zplsc:DLOGP7]:Logger started: Idle state, without initialize
2015/04/05 18:34:04.396 [zplsc:DLOGP7]:Instrument Started [Power On]
2015/04/05 18:34:06.421 $5e02300000000001bSTAT- 104457 seconds to Phase 01#07f9
2015/04/05 18:34:07.421 $5e02300000000001bSTAT- 104456 seconds to Phase 01#07f8
2015/04/05 18:34:08.421 $5e02300000000001bSTAT- 104455 seconds to Phase 01#07f7
2015/04/05 18:34:09.421 $5e02300000000001bSTAT- 104454 seconds to Phase 01#07f6
2015/04/05 18:34:10.421 $5e02300000000001bSTAT- 104453 seconds to Phase 01#07f5
2015/04/05 18:34:11.421 $5e02300000000001bSTAT- 104452 seconds to Phase 01#07f4
2015/04/05 18:34:12.421 $5e02300000000001bSTAT- 104451 seconds to Phase 01#07f3
2015/04/05 18:34:13.421 $5e02300000000001bSTAT- 104450 seconds to Phase 01#07f2
2015/04/05 18:34:14.421 $5e02300000000001bSTAT- 104449 seconds to Phase 01#07fa
2015/04/05 18:34:15.422 $5e02300000000001bSTAT- 104448 seconds to Phase 01#07f9
2015/04/05 18:34:16.421 $5e02300000000001bSTAT- 104447 seconds to Phase 01#07f8
2015/04/05 18:34:17.421 $5e02300000000001bSTAT- 104446 seconds to Phase 01#07f7
2015/04/05 18:34:18.421 $5e02300000000001bSTAT- 104445 seconds to Phase 01#07f6
2015/04/05 18:34:19.421 $5e02300000000001bSTAT- 104444 seconds to Phase 01#07f5
2015/04/05 18:34:20.421 $5e02300000000001bSTAT- 104443 seconds to Phase 01#07f4
2015/04/05 18:34:21.421 $5e02300000000001bSTAT- 104442 seconds to Phase 01#07f3
2015/04/05 18:34:22.421 $5e02300000000001bSTAT- 104441 seconds to Phase 01#07f2
2015/04/05 18:34:23.421 $5e02300000000001bSTAT- 104440 seconds to Phase 01#07f1
2015/04/05 18:34:24.421 $5e02300000000001bSTAT- 104439 seconds to Phase 01#07f9
2015/04/05 18:34:25.422 $5e02300000000001bSTAT- 104438 seconds to Phase 01#07f8
2015/04/05 18:34:26.422 $5e02300000000001bSTAT- 104437 seconds to Phase 01#07f7
2015/04/05 18:34:27.422 $5e02300000000001bSTAT- 104436 seconds to Phase 01#07f6
2015/04/05 18:34:28.421 $5e02300000000001bSTAT- 104435 seconds to Phase 01#07f5
2015/04/05 18:34:29.422 $5e02300000000001bSTAT- 104434 seconds to Phase 01#07f4
2015/04/05 18:34:30.421 $5e02300000000001bSTAT- 104433 seconds to Phase 01#07f3
2015/04/05 18:34:31.432 $5e02300000000001bSTAT- 104432 seconds to Phase 01#07f2
2015/04/05 18:34:32.422 $5e02300000000001bSTAT- 104431 seconds to Phase 01#07f1
2015/04/05 18:34:33.421 $5e02300000000001bSTAT- 104430 seconds to Phase 01#07f0
2015/04/05 18:34:34.421 $5e02300000000001bSTAT- 104429 seconds to Phase 01#07f8
2015/04/05 18:34:35.421 $5e02300000000001bSTAT- 104428 seconds to Phase 01#07f7
2015/04/05 18:34:36.421 $5e02300000000001bSTAT- 104427 seconds to Phase 01#07f6
2015/04/05 18:34:37.429 $5e02300000000001bSTAT- 104426 seconds to Phase 01#07f5
2015/04/05 18:34:38.445 $5e02300000000001bSTAT- 104425 seconds to Phase 01#07f4
2015/04/05 18:34:39.428 $5e02300000000001bSTAT- 104424 seconds to Phase 01#07f3
2015/04/05 18:34:40.421 $5e02300000000001bSTAT- 104423 seconds to Phase 01#07f2
2015/04/05 18:34:41.428 $5e02300000000001bSTAT- 104422 seconds to Phase 01#07f1
2015/04/05 18:34:42.421 $5e02300000000001bSTAT- 104421 seconds to Phase 01#07f0
2015/04/05 18:34:43.438 $5e02300000000001bSTAT- 104420 seconds to Phase 01#07ef
2015/04/05 18:34:44.421 $5e02300000000001bSTAT- 104419 seconds to Phase 01#07f7
2015/04/05 18:34:45.422 $5e02300000000001bSTAT- 104418 seconds to Phase 01#07f6
2015/04/05 18:34:46.422 $5e02300000000001bSTAT- 104417 seconds to Phase 01#07f5
2015/04/05 18:34:47.422 $5e02300000000001bSTAT- 104416 seconds to Phase 01#07f4
2015/04/05 18:34:48.421 $5e02300000000001bSTAT- 104415 seconds to Phase 01#07f3
2015/04/05 18:34:49.421 $5e02300000000001bSTAT- 104414 seconds to Phase 01#07f2
2015/04/05 18:34:50.421 $5e02300000000001bSTAT- 104413 seconds to Phase 01#07f1
2015/04/05 18:34:51.422 $5e02300000000001bSTAT- 104412 seconds to Phase 01#07f0
2015/04/05 18:34:52.421 $5e02300000000001bSTAT- 104411 seconds to Phase 01#07ef
2015/04/05 18:34:53.422 $5e02300000000001bSTAT- 104410 seconds to Phase 01#07ee
2015/04/05 18:34:54.421 $5e02300000000001bSTAT- 104409 seconds to Phase 01#07f6
2015/04/05 18:34:55.422 $5e02300000000001bSTAT- 104408 seconds to Phase 01#07f5
2015/04/05 18:34:56.421 $5e02300000000001bSTAT- 104407 seconds to Phase 01#07f4
2015/04/05 18:34:57.422 $5e02300000000001bSTAT- 104406 seconds to Phase 01#07f3
2015/04/05 18:34:58.421 $5e02300000000001bSTAT- 104405 seconds to Phase 01#07f2
2015/04/05 18:34:59.422 $5e02300000000001bSTAT- 104404 seconds to Phase 01#07f1
2015/04/05 18:35:00.421 $5e02300000000001bSTAT- 104403 seconds to Phase 01#07f0
2015/04/05 18:35:01.421 $5e02300000000001bSTAT- 104402 seconds to Phase 01#07ef
2015/04/05 18:35:02.421 $5e02300000000001bSTAT- 104401 seconds to Phase 01#07ee
2015/04/05 18:35:03.423 $5e02300000000001bSTAT- 104400 seconds to Phase 01#07ed
2015/04/05 18:35:04.421 $5e02300000000001bSTAT- 104399 seconds to Phase 01#07fe
2015/04/05 18:35:05.423 $5e02300000000001bSTAT- 104398 seconds to Phase 01#07fd
2015/04/05 18:35:06.421 $5e02300000000001bSTAT- 104397 seconds to Phase 01#07fc
2015/04/05 18:35:07.422 $5e02300000000001bSTAT- 104396 seconds to Phase 01#07fb
2015/04/05 18:35:08.421 $5e02300000000001bSTAT- 104395 seconds to Phase 01#07fa
2015/04/05 18:35:09.422 $5e02300000000001bSTAT- 104394 seconds to Phase 01#07f9
2015/04/05 18:35:10.421 $5e02300000000001bSTAT- 104393 seconds to Phase 01#07f8
2015/04/05 18:35:11.422 $5e02300000000001bSTAT- 104392 seconds to Phase 01#07f7
2015/04/05 18:35:12.421 $5e02300000000001bSTAT- 104391 seconds to Phase 01#07f6
2015/04/05 18:35:13.422 $5e02300000000001bSTAT- 104390 seconds to Phase 01#07f5
2015/04/05 18:35:14.421 $5e02300000000001bSTAT- 104389 seconds to Phase 01#07fd
2015/04/05 18:35:15.422 $5e02300000000001bSTAT- 104388 seconds to Phase 01#07fc
2015/04/05 18:35:16.421 $5e02300000000001bSTAT- 104387 seconds to Phase 01#07fb
2015/04/05 18:35:17.423 $5e02300000000001bSTAT- 104386 seconds to Phase 01#07fa
2015/04/05 18:35:18.421 $5e02300000000001bSTAT- 104385 seconds to Phase 01#07f9
2015/04/05 18:35:19.422 $5e02300000000001bSTAT- 104384 seconds to Phase 01#07f8
2015/04/05 18:35:20.422 $5e02300000000001bSTAT- 104383 seconds to Phase 01#07f7
2015/04/05 18:35:21.422 $5e02300000000001bSTAT- 104382 seconds to Phase 01#07f6
2015/04/05 18:35:22.421 $5e02300000000001bSTAT- 104381 seconds to Phase 01#07f5
2015/04/05 18:35:23.422 $5e02300000000001bSTAT- 104380 seconds to Phase 01#07f4
2015/04/05 18:35:24.421 $5e02300000000001bSTAT- 104379 seconds to Phase 01#07fc
2015/04/05 18:35:25.427 $5e02300000000001bSTAT- 104378 seconds to Phase 01#07fb
2015/04/05 18:35:26.432 $5e02300000000001bSTAT- 104377 seconds to Phase 01#07fa
2015/04/05 18:35:27.428 $5e02300000000001bSTAT- 104376 seconds to Phase 01#07f9
2015/04/05 18:35:28.421 $5e02300000000001bSTAT- 104375 seconds to Phase 01#07f8
2015/04/05 18:35:29.422 $5e02300000000001bSTAT- 104374 seconds to Phase 01#07f7
2015/04/05 18:35:30.421 $5e02300000000001bSTAT- 104373 seconds to Phase 01#07f6
2015/04/05 18:35:31.428 $5e02300000000001bSTAT- 104372 seconds to Phase 01#07f5
2015/04/05 18:35:32.421 $5e02300000000001bSTAT- 104371 seconds to Phase 01#07f4
2015/04/05 18:35:33.422 $5e02300000000001bSTAT- 104370 seconds to Phase 01#07f3
2015/04/05 18:35:34.421 $5e02300000000001bSTAT- 104369 seconds to Phase 01#07fb
2015/04/05 18:35:35.422 $5e02300000000001bSTAT- 104368 seconds to Phase 01#07fa
2015/04/05 18:35:36.421 $5e02300000000001bSTAT- 104367 seconds to Phase 01#07f9
2015/04/05 18:35:37.422 $5e02300000000001bSTAT- 104366 seconds to Phase 01#07f8
2015/04/05 18:35:38.426 $5e02300000000001bSTAT- 104365 seconds to Phase 01#07f7
2015/04/05 18:35:39.422 $5e02300000000001bSTAT- 104364 seconds to Phase 01#07f6
2015/04/05 18:35:40.422 $5e02300000000001bSTAT- 104363 seconds to Phase 01#07f5
2015/04/05 18:35:41.422 $5e02300000000001bSTAT- 104362 seconds to Phase 01#07f4
2015/04/05 18:35:42.422 $5e02300000000001bSTAT- 104361 seconds to Phase 01#07f3
2015/04/05 18:35:43.422 $5e02300000000001bSTAT- 104360 seconds to Phase 01#07f2
2015/04/05 18:35:44.422 $5e02300000000001bSTAT- 104359 seconds to Phase 01#07fa
2015/04/05 18:35:45.422 $5e02300000000001bSTAT- 104358 seconds to Phase 01#07f9
2015/04/05 18:35:46.421 $5e02300000000001bSTAT- 104357 seconds to Phase 01#07f8
2015/04/05 18:35:47.422 $5e02300000000001bSTAT- 104356 seconds to Phase 01#07f7
2015/04/05 18:35:48.422 $5e02300000000001bSTAT- 104355 seconds to Phase 01#07f6
2015/04/05 18:35:49.422 $5e02300000000001bSTAT- 104354 seconds to Phase 01#07f5
2015/04/05 18:35:50.422 $5e02300000000001bSTAT- 104353 seconds to Phase 01#07f4
2015/04/05 18:35:51.422 $5e02300000000001bSTAT- 104352 seconds to Phase 01#07f3
2015/04/05 18:35:52.422 $5e02300000000001bSTAT- 104351 seconds to Phase 01#07f2
2015/04/05 18:35:53.422 $5e02300000000001bSTAT- 104350 seconds to Phase 01#07f1
2015/04/05 18:35:54.422 $5e02300000000001bSTAT- 104349 seconds to Phase 01#07f9
2015/04/05 18:35:55.422 $5e02300000000001bSTAT- 104348 seconds to Phase 01#07f8
2015/04/05 18:35:56.422 $5e02300000000001bSTAT- 104347 seconds to Phase 01#07f7
2015/04/05 18:35:57.423 $5e02300000000001bSTAT- 104346 seconds to Phase 01#07f6
2015/04/05 18:35:58.422 $5e02300000000001bSTAT- 104345 seconds to Phase 01#07f5
2015/04/05 18:35:59.422 $5e02300000000001bSTAT- 104344 seconds to Phase 01#07f4
2015/04/05 18:36:00.422 [zplsc:DLOGP7]:Instrument Stopped [Power Off]
2015/04/05 18:36:00.423 $5e02300000000001bSTAT- 104343 seconds to Phase 01#07f3
2015/04/05 18:36:01.422 $5e02300000000001bSTAT- 104342 seconds to Phase 01#07f2
2015/04/05 18:36:02.422 $5e02300000000001bSTAT- 104341 seconds to Phase 01#07f1
2015/04/05 18:36:03.426 $5e02300000000001bSTAT- 104340 seconds to Phase 01#07f0
2015/04/05 19:27:22.590 [zplsc:DLOGP7]:Logger started: Idle state, without initialize
2015/04/05 19:34:01.462 [zplsc:DLOGP7]:Instrument Started [Power On]
2015/04/05 19:34:04.434 $5e02300000000001bSTAT- 100859 seconds to Phase 01#07fb
2015/04/05 19:34:05.434 $5e02300000000001bSTAT- 100858 seconds to Phase 01#07fa
2015/04/05 19:34:06.434 $5e02300000000001bSTAT- 100857 seconds to Phase 01#07f9
2015/04/05 19:34:07.434 $5e02300000000001bSTAT- 100856 seconds to Phase 01#07f8
2015/04/05 19:34:08.434 $5e02300000000001bSTAT- 100855 seconds to Phase 01#07f7
2015/04/05 19:34:09.434 $5e02300000000001bSTAT- 100854 seconds to Phase 01#07f6
2015/04/05 19:34:10.434 $5e02300000000001bSTAT- 100853 seconds to Phase 01#07f5
2015/04/05 19:34:11.434 $5e02300000000001bSTAT- 100852 seconds to Phase 01#07f4
2015/04/05 19:34:12.434 $5e02300000000001bSTAT- 100851 seconds to Phase 01#07f3
2015/04/05 19:34:13.434 $5e02300000000001bSTAT- 100850 seconds to Phase 01#07f2
2015/04/05 19:34:14.434 $5e02300000000001bSTAT- 100849 seconds to Phase 01#07fa
2015/04/05 19:34:15.434 $5e02300000000001bSTAT- 100848 seconds to Phase 01#07f9
2015/04/05 19:34:16.434 $5e02300000000001bSTAT- 100847 seconds to Phase 01#07f8
2015/04/05 19:34:17.434 $5e02300000000001bSTAT- 100846 seconds to Phase 01#07f7
2015/04/05 19:34:18.434 $5e02300000000001bSTAT- 100845 seconds to Phase 01#07f6
2015/04/05 19:34:19.434 $5e02300000000001bSTAT- 100844 seconds to Phase 01#07f5
2015/04/05 19:34:20.434 $5e02300000000001bSTAT- 100843 seconds to Phase 01#07f4
2015/04/05 19:34:21.434 $5e02300000000001bSTAT- 100842 seconds to Phase 01#07f3
2015/04/05 19:34:22.434 $5e02300000000001bSTAT- 100841 seconds to Phase 01#07f2
2015/04/05 19:34:23.434 $5e02300000000001bSTAT- 100840 seconds to Phase 01#07f1
2015/04/05 19:34:24.434 $5e02300000000001bSTAT- 100839 seconds to Phase 01#07f9
2015/04/05 19:34:25.434 $5e02300000000001bSTAT- 100838 seconds to Phase 01#07f8
2015/04/05 19:34:26.434 $5e02300000000001bSTAT- 100837 seconds to Phase 01#07f7
2015/04/05 19:34:27.434 $5e02300000000001bSTAT- 100836 seconds to Phase 01#07f6
2015/04/05 19:34:28.434 $5e02300000000001bSTAT- 100835 seconds to Phase 01#07f5
2015/04/05 19:34:29.434 $5e02300000000001bSTAT- 100834 seconds to Phase 01#07f4
2015/04/05 19:34:30.434 $5e02300000000001bSTAT- 100833 seconds to Phase 01#07f3
2015/04/05 19:34:31.434 $5e02300000000001bSTAT- 100832 seconds to Phase 01#07f2
2015/04/05 19:34:32.631 $5e02300000000001bSTAT- 100831 seconds to Phase 01#07f1
2015/04/05 19:34:33.434 $5e02300000000001bSTAT- 100830 seconds to Phase 01#07f0
2015/04/05 19:34:34.434 $5e02300000000001bSTAT- 100829 seconds to Phase 01#07f8
2015/04/05 19:34:35.434 $5e02300000000001bSTAT- 100828 seconds to Phase 01#07f7
2015/04/05 19:34:36.435 $5e02300000000001bSTAT- 100827 seconds to Phase 01#07f6
2015/04/05 19:34:37.452 $5e02300000000001bSTAT- 100826 seconds to Phase 01#07f5
2015/04/05 19:34:38.434 $5e02300000000001bSTAT- 100825 seconds to Phase 01#07f4
2015/04/05 19:34:39.434 $5e02300000000001bSTAT- 100824 seconds to Phase 01#07f3
2015/04/05 19:34:40.434 $5e02300000000001bSTAT- 100823 seconds to Phase 01#07f2
2015/04/05 19:34:41.434 $5e02300000000001bSTAT- 100822 seconds to Phase 01#07f1
2015/04/05 19:34:42.434 $5e02300000000001bSTAT- 100821 seconds to Phase 01#07f0
2015/04/05 19:34:43.434 $5e02300000000001bSTAT- 100820 seconds to Phase 01#07ef
2015/04/05 19:34:44.434 $5e02300000000001bSTAT- 100819 seconds to Phase 01#07f7
2015/04/05 19:34:45.434 $5e02300000000001bSTAT- 100818 seconds to Phase 01#07f6
2015/04/05 19:34:46.434 $5e02300000000001bSTAT- 100817 seconds to Phase 01#07f5
2015/04/05 19:34:47.434 $5e02300000000001bSTAT- 100816 seconds to Phase 01#07f4
2015/04/05 19:34:48.434 $5e02300000000001bSTAT- 100815 seconds to Phase 01#07f3
2015/04/05 19:34:49.434 $5e02300000000001bSTAT- 100814 seconds to Phase 01#07f2
2015/04/05 19:34:50.434 $5e02300000000001bSTAT- 100813 seconds to Phase 01#07f1
2015/04/05 19:34:51.434 $5e02300000000001bSTAT- 100812 seconds to Phase 01#07f0
2015/04/05 19:34:52.434 $5e02300000000001bSTAT- 100811 seconds to Phase 01#07ef
2015/04/05 19:34:53.434 $5e02300000000001bSTAT- 100810 seconds to Phase 01#07ee
2015/04/05 19:34:54.434 $5e02300000000001bSTAT- 100809 seconds to Phase 01#07f6
2015/04/05 19:34:55.434 $5e02300000000001bSTAT- 100808 seconds to Phase 01#07f5
2015/04/05 19:34:56.434 $5e02300000000001bSTAT- 100807 seconds to Phase 01#07f4
2015/04/05 19:34:57.434 $5e02300000000001bSTAT- 100806 seconds to Phase 01#07f3
2015/04/05 19:34:58.434 $5e02300000000001bSTAT- 100805 seconds to Phase 01#07f2
2015/04/05 19:34:59.434 $5e02300000000001bSTAT- 100804 seconds to Phase 01#07f1
2015/04/05 19:35:00.434 $5e02300000000001bSTAT- 100803 seconds to Phase 01#07f0
2015/04/05 19:35:01.434 $5e02300000000001bSTAT- 100802 seconds to Phase 01#07ef
2015/04/05 19:35:02.434 $5e02300000000001bSTAT- 100801 seconds to Phase 01#07ee
2015/04/05 19:35:03.434 $5e02300000000001bSTAT- 100800 seconds to Phase 01#07ed
2015/04/05 19:35:04.434 $5e02300000000001bSTAT- 100799 seconds to Phase 01#07fe
2015/04/05 19:35:05.435 $5e02300000000001bSTAT- 100798 seconds to Phase 01#07fd
2015/04/05 19:35:06.434 $5e02300000000001bSTAT- 100797 seconds to Phase 01#07fc
2015/04/05 19:35:07.434 $5e02300000000001bSTAT- 100796 seconds to Phase 01#07fb
2015/04/05 19:35:08.434 $5e02300000000001bSTAT- 100795 seconds to Phase 01#07fa
2015/04/05 19:35:09.435 $5e02300000000001bSTAT- 100794 seconds to Phase 01#07f9
2015/04/05 19:35:10.434 $5e02300000000001bSTAT- 100793 seconds to Phase 01#07f8
2015/04/05 19:35:11.435 $5e02300000000001bSTAT- 100792 seconds to Phase 01#07f7
2015/04/05 19:35:12.434 $5e02300000000001bSTAT- 100791 seconds to Phase 01#07f6
2015/04/05 19:35:13.434 $5e02300000000001bSTAT- 100790 seconds to Phase 01#07f5
2015/04/05 19:35:14.434 $5e02300000000001bSTAT- 100789 seconds to Phase 01#07fd
2015/04/05 19:35:15.435 $5e02300000000001bSTAT- 100788 seconds to Phase 01#07fc
2015/04/05 19:35:16.434 $5e02300000000001bSTAT- 100787 seconds to Phase 01#07fb
2015/04/05 19:35:17.435 $5e02300000000001bSTAT- 100786 seconds to Phase 01#07fa
2015/04/05 19:35:18.436 $5e02300000000001bSTAT- 100785 seconds to Phase 01#07f9
2015/04/05 19:35:19.435 $5e02300000000001bSTAT- 100784 seconds to Phase 01#07f8
2015/04/05 19:35:20.434 $5e02300000000001bSTAT- 100783 seconds to Phase 01#07f7
2015/04/05 19:35:21.435 $5e02300000000001bSTAT- 100782 seconds to Phase 01#07f6
2015/04/05 19:35:22.609 $5e02300000000001bSTAT- 100781 seconds to Phase 01#07f5
2015/04/05 19:35:23.434 $5e02300000000001bSTAT- 100780 seconds to Phase 01#07f4
2015/04/05 19:35:24.435 $5e02300000000001bSTAT- 100779 seconds to Phase 01#07fc
2015/04/05 19:35:25.435 $5e02300000000001bSTAT- 100778 seconds to Phase 01#07fb
2015/04/05 19:35:26.434 $5e02300000000001bSTAT- 100777 seconds to Phase 01#07fa
2015/04/05 19:35:27.440 $5e02300000000001bSTAT- 100776 seconds to Phase 01#07f9
2015/04/05 19:35:28.434 $5e02300000000001bSTAT- 100775 seconds to Phase 01#07f8
2015/04/05 19:35:29.434 $5e02300000000001bSTAT- 100774 seconds to Phase 01#07f7
2015/04/05 19:35:30.441 $5e02300000000001bSTAT- 100773 seconds to Phase 01#07f6
2015/04/05 19:35:31.471 $5e02300000000001bSTAT- 100772 seconds to Phase 01#07f5
2015/04/05 19:35:32.434 $5e02300000000001bSTAT- 100771 seconds to Phase 01#07f4
2015/04/05 19:35:33.441 $5e02300000000001bSTAT- 100770 seconds to Phase 01#07f3
2015/04/05 19:35:34.434 $5e02300000000001bSTAT- 100769 seconds to Phase 01#07fb
2015/04/05 19:35:35.451 $5e02300000000001bSTAT- 100768 seconds to Phase 01#07fa
2015/04/05 19:35:36.434 $5e02300000000001bSTAT- 100767 seconds to Phase 01#07f9
2015/04/05 19:35:37.451 $5e02300000000001bSTAT- 100766 seconds to Phase 01#07f8
2015/04/05 19:35:38.434 $5e02300000000001bSTAT- 100765 seconds to Phase 01#07f7
2015/04/05 19:35:39.435 $5e02300000000001bSTAT- 100764 seconds to Phase 01#07f6
2015/04/05 19:35:40.434 $5e02300000000001bSTAT- 100763 seconds to Phase 01#07f5
2015/04/05 19:35:41.435 $5e02300000000001bSTAT- 100762 seconds to Phase 01#07f4
2015/04/05 19:35:42.434 $5e02300000000001bSTAT- 100761 seconds to Phase 01#07f3
2015/04/05 19:35:43.434 $5e02300000000001bSTAT- 100760 seconds to Phase 01#07f2
2015/04/05 19:35:44.434 $5e02300000000001bSTAT- 100759 seconds to Phase 01#07fa
2015/04/05 19:35:45.434 $5e02300000000001bSTAT- 100758 seconds to Phase 01#07f9
2015/04/05 19:35:46.434 $5e02300000000001bSTAT- 100757 seconds to Phase 01#07f8
2015/04/05 19:35:47.434 $5e02300000000001bSTAT- 100756 seconds to Phase 01#07f7
2015/04/05 19:35:48.434 $5e02300000000001bSTAT- 100755 seconds to Phase 01#07f6
2015/04/05 19:35:49.435 $5e02300000000001bSTAT- 100754 seconds to Phase 01#07f5
2015/04/05 19:35:50.434 $5e02300000000001bSTAT- 100753 seconds to Phase 01#07f4
2015/04/05 19:35:51.434 $5e02300000000001bSTAT- 100752 seconds to Phase 01#07f3
2015/04/05 19:35:52.434 $5e02300000000001bSTAT- 100751 seconds to Phase 01#07f2
2015/04/05 19:35:53.435 $5e02300000000001bSTAT- 100750 seconds to Phase 01#07f1
2015/04/05 19:35:54.437 $5e02300000000001bSTAT- 100749 seconds to Phase 01#07f9
2015/04/05 19:35:55.435 $5e02300000000001bSTAT- 100748 seconds to Phase 01#07f8
2015/04/05 19:35:56.434 $5e02300000000001bSTAT- 100747 seconds to Phase 01#07f7
2015/04/05 19:35:57.435 $5e02300000000001bSTAT- 100746 seconds to Phase 01#07f6
2015/04/05 19:35:58.437 $5e02300000000001bSTAT- 100745 seconds to Phase 01#07f5
2015/04/05 19:35:59.435 $5e02300000000001bSTAT- 100744 seconds to Phase 01#07f4
2015/04/05 19:36:00.436 $5e02300000000001bSTAT- 100743 seconds to Phase 01#07f3
2015/04/05 19:36:01.436 [zplsc:DLOGP7]:Instrument Stopped [Power Off]
2015/04/05 19:36:01.438 $5e02300000000001bSTAT- 100742 seconds to Phase 01#07f2
2015/04/05 19:36:02.434 $5e02300000000001bSTAT- 100741 seconds to Phase 01#07f1
2015/04/05 19:36:03.434 $5e02300000000001bSTAT- 100740 seconds to Phase 01#07f0
2015/04/05 19:36:05.534 [zplsc:DLOGP7]:À
2015/04/05 19:44:37.308 [zplsc:DLOGP7]:Logger started: Idle state, without initialize
2015/04/05 20:34:02.344 [zplsc:DLOGP7]:Instrument Started [Power On]
2015/04/05 20:34:05.446 $5e02300000000001aSTAT- 97258 seconds to Phase 01#07d3
2015/04/05 20:34:06.446 $5e02300000000001aSTAT- 97257 seconds to Phase 01#07d2
2015/04/05 20:34:07.446 $5e02300000000001aSTAT- 97256 seconds to Phase 01#07d1
2015/04/05 20:34:08.446 $5e02300000000001aSTAT- 97255 seconds to Phase 01#07d0
2015/04/05 20:34:09.447 $5e02300000000001aSTAT- 97254 seconds to Phase 01#07cf
2015/04/05 20:34:10.446 $5e02300000000001aSTAT- 97253 seconds to Phase 01#07ce
2015/04/05 20:34:11.446 $5e02300000000001aSTAT- 97252 seconds to Phase 01#07cd
2015/04/05 20:34:12.446 $5e02300000000001aSTAT- 97251 seconds to Phase 01#07cc
2015/04/05 20:34:13.446 $5e02300000000001aSTAT- 97250 seconds to Phase 01#07cb
2015/04/05 20:34:14.446 $5e02300000000001aSTAT- 97249 seconds to Phase 01#07d3
2015/04/05 20:34:15.446 $5e02300000000001aSTAT- 97248 seconds to Phase 01#07d2
2015/04/05 20:34:16.446 $5e02300000000001aSTAT- 97247 seconds to Phase 01#07d1
2015/04/05 20:34:17.446 $5e02300000000001aSTAT- 97246 seconds to Phase 01#07d0
2015/04/05 20:34:18.447 $5e02300000000001aSTAT- 97245 seconds to Phase 01#07cf
2015/04/05 20:34:19.446 $5e02300000000001aSTAT- 97244 seconds to Phase 01#07ce
2015/04/05 20:34:20.446 $5e02300000000001aSTAT- 97243 seconds to Phase 01#07cd
2015/04/05 20:34:21.446 $5e02300000000001aSTAT- 97242 seconds to Phase 01#07cc
2015/04/05 20:34:22.446 $5e02300000000001aSTAT- 97241 seconds to Phase 01#07cb
2015/04/05 20:34:23.446 $5e02300000000001aSTAT- 97240 seconds to Phase 01#07ca
2015/04/05 20:34:24.446 $5e02300000000001aSTAT- 97239 seconds to Phase 01#07d2
2015/04/05 20:34:25.446 $5e02300000000001aSTAT- 97238 seconds to Phase 01#07d1
2015/04/05 20:34:26.446 $5e02300000000001aSTAT- 97237 seconds to Phase 01#07d0
2015/04/05 20:34:27.447 $5e02300000000001aSTAT- 97236 seconds to Phase 01#07cf
2015/04/05 20:34:28.446 $5e02300000000001aSTAT- 97235 seconds to Phase 01#07ce
2015/04/05 20:34:29.457 $5e02300000000001aSTAT- 97234 seconds to Phase 01#07cd
2015/04/05 20:34:30.446 $5e02300000000001aSTAT- 97233 seconds to Phase 01#07cc
2015/04/05 20:34:31.446 $5e02300000000001aSTAT- 97232 seconds to Phase 01#07cb
2015/04/05 20:34:32.446 $5e02300000000001aSTAT- 97231 seconds to Phase 01#07ca
2015/04/05 20:34:33.446 $5e02300000000001aSTAT- 97230 seconds to Phase 01#07c9
2015/04/05 20:34:34.446 $5e02300000000001aSTAT- 97229 seconds to Phase 01#07d1
2015/04/05 20:34:35.446 $5e02300000000001aSTAT- 97228 seconds to Phase 01#07d0
2015/04/05 20:34:36.446 $5e02300000000001aSTAT- 97227 seconds to Phase 01#07cf
2015/04/05 20:34:37.446 $5e02300000000001aSTAT- 97226 seconds to Phase 01#07ce
2015/04/05 20:34:38.446 $5e02300000000001aSTAT- 97225 seconds to Phase 01#07cd
2015/04/05 20:34:39.446 $5e02300000000001aSTAT- 97224 seconds to Phase 01#07cc
2015/04/05 20:34:40.447 $5e02300000000001aSTAT- 97223 seconds to Phase 01#07cb
2015/04/05 20:34:41.446 $5e02300000000001aSTAT- 97222 seconds to Phase 01#07ca
2015/04/05 20:34:42.446 $5e02300000000001aSTAT- 97221 seconds to Phase 01#07c9
2015/04/05 20:34:43.446 $5e02300000000001aSTAT- 97220 seconds to Phase 01#07c8
2015/04/05 20:34:44.446 $5e02300000000001aSTAT- 97219 seconds to Phase 01#07d0
2015/04/05 20:34:45.446 $5e02300000000001aSTAT- 97218 seconds to Phase 01#07cf
2015/04/05 20:34:46.446 $5e02300000000001aSTAT- 97217 seconds to Phase 01#07ce
2015/04/05 20:34:47.446 $5e02300000000001aSTAT- 97216 seconds to Phase 01#07cd
2015/04/05 20:34:48.446 $5e02300000000001aSTAT- 97215 seconds to Phase 01#07cc
2015/04/05 20:34:49.446 $5e02300000000001aSTAT- 97214 seconds to Phase 01#07cb
2015/04/05 20:34:50.447 $5e02300000000001aSTAT- 97213 seconds to Phase 01#07ca
2015/04/05 20:34:51.446 $5e02300000000001aSTAT- 97212 seconds to Phase 01#07c9
2015/04/05 20:34:52.447 $5e02300000000001aSTAT- 97211 seconds to Phase 01#07c8
2015/04/05 20:34:53.446 $5e02300000000001aSTAT- 97210 seconds to Phase 01#07c7
2015/04/05 20:34:54.446 $5e02300000000001aSTAT- 97209 seconds to Phase 01#07cf
2015/04/05 20:34:55.446 $5e02300000000001aSTAT- 97208 seconds to Phase 01#07ce
2015/04/05 20:34:56.446 $5e02300000000001aSTAT- 97207 seconds to Phase 01#07cd
2015/04/05 20:34:57.447 $5e02300000000001aSTAT- 97206 seconds to Phase 01#07cc
2015/04/05 20:34:58.447 $5e02300000000001aSTAT- 97205 seconds to Phase 01#07cb
2015/04/05 20:34:59.447 $5e02300000000001aSTAT- 97204 seconds to Phase 01#07ca
2015/04/05 20:35:00.447 $5e02300000000001aSTAT- 97203 seconds to Phase 01#07c9
2015/04/05 20:35:01.447 $5e02300000000001aSTAT- 97202 seconds to Phase 01#07c8
2015/04/05 20:35:02.447 $5e02300000000001aSTAT- 97201 seconds to Phase 01#07c7
2015/04/05 20:35:03.447 $5e02300000000001aSTAT- 97200 seconds to Phase 01#07c6
2015/04/05 20:35:04.447 $5e02300000000001aSTAT- 97199 seconds to Phase 01#07d7
2015/04/05 20:35:05.447 $5e02300000000001aSTAT- 97198 seconds to Phase 01#07d6
2015/04/05 20:35:06.447 $5e02300000000001aSTAT- 97197 seconds to Phase 01#07d5
2015/04/05 20:35:07.447 $5e02300000000001aSTAT- 97196 seconds to Phase 01#07d4
2015/04/05 20:35:08.447 $5e02300000000001aSTAT- 97195 seconds to Phase 01#07d3
2015/04/05 20:35:09.447 $5e02300000000001aSTAT- 97194 seconds to Phase 01#07d2
2015/04/05 20:35:10.447 $5e02300000000001aSTAT- 97193 seconds to Phase 01#07d1
2015/04/05 20:35:11.447 $5e02300000000001aSTAT- 97192 seconds to Phase 01#07d0
2015/04/05 20:35:12.447 $5e02300000000001aSTAT- 97191 seconds to Phase 01#07cf
2015/04/05 20:35:13.447 $5e02300000000001aSTAT- 97190 seconds to Phase 01#07ce
2015/04/05 20:35:14.447 $5e02300000000001aSTAT- 97189 seconds to Phase 01#07d6
2015/04/05 20:35:15.447 $5e02300000000001aSTAT- 97188 seconds to Phase 01#07d5
2015/04/05 20:35:16.447 $5e02300000000001aSTAT- 97187 seconds to Phase 01#07d4
2015/04/05 20:35:17.447 $5e02300000000001aSTAT- 97186 seconds to Phase 01#07d3
2015/04/05 20:35:18.447 $5e02300000000001aSTAT- 97185 seconds to Phase 01#07d2
2015/04/05 20:35:19.447 $5e02300000000001aSTAT- 97184 seconds to Phase 01#07d1
2015/04/05 20:35:20.447 $5e02300000000001aSTAT- 97183 seconds to Phase 01#07d0
2015/04/05 20:35:21.447 $5e02300000000001aSTAT- 97182 seconds to Phase 01#07cf
2015/04/05 20:35:22.447 $5e02300000000001aSTAT- 97181 seconds to Phase 01#07ce
2015/04/05 20:35:23.447 $5e02300000000001aSTAT- 97180 seconds to Phase 01#07cd
2015/04/05 20:35:24.447 $5e02300000000001aSTAT- 97179 seconds to Phase 01#07d5
2015/04/05 20:35:25.447 $5e02300000000001aSTAT- 97178 seconds to Phase 01#07d4
2015/04/05 20:35:26.447 $5e02300000000001aSTAT- 97177 seconds to Phase 01#07d3
2015/04/05 20:35:27.447 $5e02300000000001aSTAT- 97176 seconds to Phase 01#07d2
2015/04/05 20:35:28.447 $5e02300000000001aSTAT- 97175 seconds to Phase 01#07d1
2015/04/05 20:35:29.447 $5e02300000000001aSTAT- 97174 seconds to Phase 01#07d0
2015/04/05 20:35:30.447 $5e02300000000001aSTAT- 97173 seconds to Phase 01#07cf
2015/04/05 20:35:31.447 $5e02300000000001aSTAT- 97172 seconds to Phase 01#07ce
2015/04/05 20:35:32.447 $5e02300000000001aSTAT- 97171 seconds to Phase 01#07cd
2015/04/05 20:35:33.447 $5e02300000000001aSTAT- 97170 seconds to Phase 01#07cc
2015/04/05 20:35:34.447 $5e02300000000001aSTAT- 97169 seconds to Phase 01#07d4
2015/04/05 20:35:35.447 $5e02300000000001aSTAT- 97168 seconds to Phase 01#07d3
2015/04/05 20:35:36.447 $5e02300000000001aSTAT- 97167 seconds to Phase 01#07d2
2015/04/05 20:35:37.447 $5e02300000000001aSTAT- 97166 seconds to Phase 01#07d1
2015/04/05 20:35:38.447 $5e02300000000001aSTAT- 97165 seconds to Phase 01#07d0
2015/04/05 20:35:39.447 $5e02300000000001aSTAT- 97164 seconds to Phase 01#07cf
2015/04/05 20:35:40.447 $5e02300000000001aSTAT- 97163 seconds to Phase 01#07ce
2015/04/05 20:35:41.447 $5e02300000000001aSTAT- 97162 seconds to Phase 01#07cd
2015/04/05 20:35:42.447 $5e02300000000001aSTAT- 97161 seconds to Phase 01#07cc
2015/04/05 20:35:43.447 $5e02300000000001aSTAT- 97160 seconds to Phase 01#07cb
2015/04/05 20:35:44.447 $5e02300000000001aSTAT- 97159 seconds to Phase 01#07d3
2015/04/05 20:35:45.447 $5e02300000000001aSTAT- 97158 seconds to Phase 01#07d2
2015/04/05 20:35:46.447 $5e02300000000001aSTAT- 97157 seconds to Phase 01#07d1
2015/04/05 20:35:47.447 $5e02300000000001aSTAT- 97156 seconds to Phase 01#07d0
2015/04/05 20:35:48.447 $5e02300000000001aSTAT- 97155 seconds to Phase 01#07cf
2015/04/05 20:35:49.447 $5e02300000000001aSTAT- 97154 seconds to Phase 01#07ce
2015/04/05 20:35:50.447 $5e02300000000001aSTAT- 97153 seconds to Phase 01#07cd
2015/04/05 20:35:51.447 $5e02300000000001aSTAT- 97152 seconds to Phase 01#07cc
2015/04/05 20:35:52.447 $5e02300000000001aSTAT- 97151 seconds to Phase 01#07cb
2015/04/05 20:35:53.447 $5e02300000000001aSTAT- 97150 seconds to Phase 01#07ca
2015/04/05 20:35:54.447 $5e02300000000001aSTAT- 97149 seconds to Phase 01#07d2
2015/04/05 20:35:55.447 $5e02300000000001aSTAT- 97148 seconds to Phase 01#07d1
2015/04/05 20:35:56.447 $5e02300000000001aSTAT- 97147 seconds to Phase 01#07d0
2015/04/05 20:35:57.447 $5e02300000000001aSTAT- 97146 seconds to Phase 01#07cf
2015/04/05 20:35:58.447 $5e02300000000001aSTAT- 97145 seconds to Phase 01#07ce
2015/04/05 20:35:59.447 $5e02300000000001aSTAT- 97144 seconds to Phase 01#07cd
2015/04/05 20:36:00.447 [zplsc:DLOGP7]:Instrument Stopped [Power Off]
2015/04/05 20:36:00.448 $5e02300000000001aSTAT- 97143 seconds to Phase 01#07cc
2015/04/05 20:36:01.447 $5e02300000000001aSTAT- 97142 seconds to Phase 01#07cb
2015/04/05 20:36:02.447 $5e02300000000001aSTAT- 97141 seconds to Phase 01#07ca
2015/04/05 21:27:17.226 [zplsc:DLOGP7]:Logger started: Idle state, without initialize
2015/04/05 21:34:04.437 [zplsc:DLOGP7]:Instrument Started [Power On]
2015/04/05 21:34:06.460 $5e02300000000001aSTAT- 93657 seconds to Phase 01#07d2
2015/04/05 21:34:07.460 $5e02300000000001aSTAT- 93656 seconds to Phase 01#07d1
2015/04/05 21:34:08.459 $5e02300000000001aSTAT- 93655 seconds to Phase 01#07d0
2015/04/05 21:34:09.460 $5e02300000000001aSTAT- 93654 seconds to Phase 01#07cf
2015/04/05 21:34:10.460 $5e02300000000001aSTAT- 93653 seconds to Phase 01#07ce
2015/04/05 21:34:11.471 $5e02300000000001aSTAT- 93652 seconds to Phase 01#07cd
2015/04/05 21:34:12.460 $5e02300000000001aSTAT- 93651 seconds to Phase 01#07cc
2015/04/05 21:34:13.460 $5e02300000000001aSTAT- 93650 seconds to Phase 01#07cb
2015/04/05 21:34:14.460 $5e02300000000001aSTAT- 93649 seconds to Phase 01#07d3
2015/04/05 21:34:15.460 $5e02300000000001aSTAT- 93648 seconds to Phase 01#07d2
2015/04/05 21:34:16.460 $5e02300000000001aSTAT- 93647 seconds to Phase 01#07d1
2015/04/05 21:34:17.460 $5e02300000000001aSTAT- 93646 seconds to Phase 01#07d0
2015/04/05 21:34:18.460 $5e02300000000001aSTAT- 93645 seconds to Phase 01#07cf
2015/04/05 21:34:19.463 $5e02300000000001aSTAT- 93644 seconds to Phase 01#07ce
2015/04/05 21:34:20.460 $5e02300000000001aSTAT- 93643 seconds to Phase 01#07cd
2015/04/05 21:34:21.460 $5e02300000000001aSTAT- 93642 seconds to Phase 01#07cc
2015/04/05 21:34:22.460 $5e02300000000001aSTAT- 93641 seconds to Phase 01#07cb
2015/04/05 21:34:23.460 $5e02300000000001aSTAT- 93640 seconds to Phase 01#07ca
2015/04/05 21:34:24.460 $5e02300000000001aSTAT- 93639 seconds to Phase 01#07d2
2015/04/05 21:34:25.460 $5e02300000000001aSTAT- 93638 seconds to Phase 01#07d1
2015/04/05 21:34:26.460 $5e02300000000001aSTAT- 93637 seconds to Phase 01#07d0
2015/04/05 21:34:27.460 $5e02300000000001aSTAT- 93636 seconds to Phase 01#07cf
2015/04/05 21:34:28.460 $5e02300000000001aSTAT- 93635 seconds to Phase 01#07ce
2015/04/05 21:34:29.460 $5e02300000000001aSTAT- 93634 seconds to Phase 01#07cd
2015/04/05 21:34:30.460 $5e02300000000001aSTAT- 93633 seconds to Phase 01#07cc
2015/04/05 21:34:31.460 $5e02300000000001aSTAT- 93632 seconds to Phase 01#07cb
2015/04/05 21:34:32.460 $5e02300000000001aSTAT- 93631 seconds to Phase 01#07ca
2015/04/05 21:34:33.460 $5e02300000000001aSTAT- 93630 seconds to Phase 01#07c9
2015/04/05 21:34:34.460 $5e02300000000001aSTAT- 93629 seconds to Phase 01#07d1
2015/04/05 21:34:35.460 $5e02300000000001aSTAT- 93628 seconds to Phase 01#07d0
2015/04/05 21:34:36.460 $5e02300000000001aSTAT- 93627 seconds to Phase 01#07cf
2015/04/05 21:34:37.460 $5e02300000000001aSTAT- 93626 seconds to Phase 01#07ce
2015/04/05 21:34:38.460 $5e02300000000001aSTAT- 93625 seconds to Phase 01#07cd
2015/04/05 21:34:39.460 $5e02300000000001aSTAT- 93624 seconds to Phase 01#07cc
2015/04/05 21:34:40.460 $5e02300000000001aSTAT- 93623 seconds to Phase 01#07cb
2015/04/05 21:34:41.460 $5e02300000000001aSTAT- 93622 seconds to Phase 01#07ca
2015/04/05 21:34:42.460 $5e02300000000001aSTAT- 93621 seconds to Phase 01#07c9
2015/04/05 21:34:43.460 $5e02300000000001aSTAT- 93620 seconds to Phase 01#07c8
2015/04/05 21:34:44.460 $5e02300000000001aSTAT- 93619 seconds to Phase 01#07d0
2015/04/05 21:34:45.460 $5e02300000000001aSTAT- 93618 seconds to Phase 01#07cf
2015/04/05 21:34:46.460 $5e02300000000001aSTAT- 93617 seconds to Phase 01#07ce
2015/04/05 21:34:47.460 $5e02300000000001aSTAT- 93616 seconds to Phase 01#07cd
2015/04/05 21:34:48.476 $5e02300000000001aSTAT- 93615 seconds to Phase 01#07cc
2015/04/05 21:34:49.460 $5e02300000000001aSTAT- 93614 seconds to Phase 01#07cb
2015/04/05 21:34:50.467 $5e02300000000001aSTAT- 93613 seconds to Phase 01#07ca
2015/04/05 21:34:51.460 $5e02300000000001aSTAT- 93612 seconds to Phase 01#07c9
2015/04/05 21:34:52.460 $5e02300000000001aSTAT- 93611 seconds to Phase 01#07c8
2015/04/05 21:34:53.460 $5e02300000000001aSTAT- 93610 seconds to Phase 01#07c7
2015/04/05 21:34:54.460 $5e02300000000001aSTAT- 93609 seconds to Phase 01#07cf
2015/04/05 21:34:55.460 $5e02300000000001aSTAT- 93608 seconds to Phase 01#07ce
2015/04/05 21:34:56.460 $5e02300000000001aSTAT- 93607 seconds to Phase 01#07cd
2015/04/05 21:34:57.460 $5e02300000000001aSTAT- 93606 seconds to Phase 01#07cc
2015/04/05 21:34:58.460 $5e02300000000001aSTAT- 93605 seconds to Phase 01#07cb
2015/04/05 21:34:59.460 $5e02300000000001aSTAT- 93604 seconds to Phase 01#07ca
2015/04/05 21:35:00.460 $5e02300000000001aSTAT- 93603 seconds to Phase 01#07c9
2015/04/05 21:35:01.460 $5e02300000000001aSTAT- 93602 seconds to Phase 01#07c8
2015/04/05 21:35:02.460 $5e02300000000001aSTAT- 93601 seconds to Phase 01#07c7
2015/04/05 21:35:03.460 $5e02300000000001aSTAT- 93600 seconds to Phase 01#07c6
2015/04/05 21:35:04.460 $5e02300000000001aSTAT- 93599 seconds to Phase 01#07d7
2015/04/05 21:35:05.460 $5e02300000000001aSTAT- 93598 seconds to Phase 01#07d6
2015/04/05 21:35:06.460 $5e02300000000001aSTAT- 93597 seconds to Phase 01#07d5
2015/04/05 21:35:07.460 $5e02300000000001aSTAT- 93596 seconds to Phase 01#07d4
2015/04/05 21:35:08.460 $5e02300000000001aSTAT- 93595 seconds to Phase 01#07d3
2015/04/05 21:35:09.460 $5e02300000000001aSTAT- 93594 seconds to Phase 01#07d2
2015/04/05 21:35:10.460 $5e02300000000001aSTAT- 93593 seconds to Phase 01#07d1
2015/04/05 21:35:11.460 $5e02300000000001aSTAT- 93592 seconds to Phase 01#07d0
2015/04/05 21:35:12.460 $5e02300000000001aSTAT- 93591 seconds to Phase 01#07cf
2015/04/05 21:35:13.460 $5e02300000000001aSTAT- 93590 seconds to Phase 01#07ce
2015/04/05 21:35:14.460 $5e02300000000001aSTAT- 93589 seconds to Phase 01#07d6
2015/04/05 21:35:15.460 $5e02300000000001aSTAT- 93588 seconds to Phase 01#07d5
2015/04/05 21:35:16.460 $5e02300000000001aSTAT- 93587 seconds to Phase 01#07d4
2015/04/05 21:35:17.460 $5e02300000000001aSTAT- 93586 seconds to Phase 01#07d3
2015/04/05 21:35:18.460 $5e02300000000001aSTAT- 93585 seconds to Phase 01#07d2
2015/04/05 21:35:19.460 $5e02300000000001aSTAT- 93584 seconds to Phase 01#07d1
2015/04/05 21:35:20.460 $5e02300000000001aSTAT- 93583 seconds to Phase 01#07d0
2015/04/05 21:35:21.460 $5e02300000000001aSTAT- 93582 seconds to Phase 01#07cf
2015/04/05 21:35:22.460 $5e02300000000001aSTAT- 93581 seconds to Phase 01#07ce
2015/04/05 21:35:23.460 $5e02300000000001aSTAT- 93580 seconds to Phase 01#07cd
2015/04/05 21:35:24.460 $5e02300000000001aSTAT- 93579 seconds to Phase 01#07d5
2015/04/05 21:35:25.460 $5e02300000000001aSTAT- 93578 seconds to Phase 01#07d4
2015/04/05 21:35:26.460 $5e02300000000001aSTAT- 93577 seconds to Phase 01#07d3
2015/04/05 21:35:27.460 $5e02300000000001aSTAT- 93576 seconds to Phase 01#07d2
2015/04/05 21:35:28.460 $5e02300000000001aSTAT- 93575 seconds to Phase 01#07d1
2015/04/05 21:35:29.460 $5e02300000000001aSTAT- 93574 seconds to Phase 01#07d0
2015/04/05 21:35:30.460 $5e02300000000001aSTAT- 93573 seconds to Phase 01#07cf
2015/04/05 21:35:31.460 $5e02300000000001aSTAT- 93572 seconds to Phase 01#07ce
2015/04/05 21:35:32.485 $5e02300000000001aSTAT- 93571 seconds to Phase 01#07cd
2015/04/05 21:35:33.460 $5e02300000000001aSTAT- 93570 seconds to Phase 01#07cc
2015/04/05 21:35:34.460 $5e02300000000001aSTAT- 93569 seconds to Phase 01#07d4
2015/04/05 21:35:35.460 $5e02300000000001aSTAT- 93568 seconds to Phase 01#07d3
2015/04/05 21:35:36.460 $5e02300000000001aSTAT- 93567 seconds to Phase 01#07d2
2015/04/05 21:35:37.460 $5e02300000000001aSTAT- 93566 seconds to Phase 01#07d1
2015/04/05 21:35:38.460 $5e02300000000001aSTAT- 93565 seconds to Phase 01#07d0
2015/04/05 21:35:39.460 $5e02300000000001aSTAT- 93564 seconds to Phase 01#07cf
2015/04/05 21:35:40.470 $5e02300000000001aSTAT- 93563 seconds to Phase 01#07ce
2015/04/05 21:35:41.460 $5e02300000000001aSTAT- 93562 seconds to Phase 01#07cd
2015/04/05 21:35:42.460 $5e02300000000001aSTAT- 93561 seconds to Phase 01#07cc
2015/04/05 21:35:43.460 $5e02300000000001aSTAT- 93560 seconds to Phase 01#07cb
2015/04/05 21:35:44.460 $5e02300000000001aSTAT- 93559 seconds to Phase 01#07d3
2015/04/05 21:35:45.460 $5e02300000000001aSTAT- 93558 seconds to Phase 01#07d2
2015/04/05 21:35:46.460 $5e02300000000001aSTAT- 93557 seconds to Phase 01#07d1
2015/04/05 21:35:47.460 $5e02300000000001aSTAT- 93556 seconds to Phase 01#07d0
2015/04/05 21:35:48.460 $5e02300000000001aSTAT- 93555 seconds to Phase 01#07cf
2015/04/05 21:35:49.460 $5e02300000000001aSTAT- 93554 seconds to Phase 01#07ce
2015/04/05 21:35:50.460 $5e02300000000001aSTAT- 93553 seconds to Phase 01#07cd
2015/04/05 21:35:51.460 $5e02300000000001aSTAT- 93552 seconds to Phase 01#07cc
2015/04/05 21:35:52.464 $5e02300000000001aSTAT- 93551 seconds to Phase 01#07cb
2015/04/05 21:35:53.460 $5e02300000000001aSTAT- 93550 seconds to Phase 01#07ca
2015/04/05 21:35:54.473 $5e02300000000001aSTAT- 93549 seconds to Phase 01#07d2
2015/04/05 21:35:55.460 $5e02300000000001aSTAT- 93548 seconds to Phase 01#07d1
2015/04/05 21:35:56.460 $5e02300000000001aSTAT- 93547 seconds to Phase 01#07d0
2015/04/05 21:35:57.460 $5e02300000000001aSTAT- 93546 seconds to Phase 01#07cf
2015/04/05 21:35:58.460 $5e02300000000001aSTAT- 93545 seconds to Phase 01#07ce
2015/04/05 21:35:59.460 $5e02300000000001aSTAT- 93544 seconds to Phase 01#07cd
2015/04/05 21:36:00.460 $5e02300000000001aSTAT- 93543 seconds to Phase 01#07cc
2015/04/05 21:36:01.460 $5e02300000000001aSTAT- 93542 seconds to Phase 01#07cb
2015/04/05 21:36:02.460 [zplsc:DLOGP7]:Instrument Stopped [Power Off]
2015/04/05 21:36:02.461 $5e02300000000001aSTAT- 93541 seconds to Phase 01#07ca
2015/04/05 21:36:03.460 $5e02300000000001aSTAT- 93540 seconds to Phase 01#07c9
2015/04/05 22:27:13.686 [zplsc:DLOGP7]:Logger started: Idle state, without initialize
2015/04/05 22:34:02.960 [zplsc:DLOGP7]:Instrument Started [Power On]
2015/04/05 22:34:04.472 $5e02300000000001aSTAT- 90059 seconds to Phase 01#07cb
2015/04/05 22:34:05.483 $5e02300000000001aSTAT- 90058 seconds to Phase 01#07ca
2015/04/05 22:34:06.475 $5e02300000000001aSTAT- 90057 seconds to Phase 01#07c9
2015/04/05 22:34:07.473 $5e02300000000001aSTAT- 90056 seconds to Phase 01#07c8
2015/04/05 22:34:08.472 $5e02300000000001aSTAT- 90055 seconds to Phase 01#07c7
2015/04/05 22:34:09.473 $5e02300000000001aSTAT- 90054 seconds to Phase 01#07c6
2015/04/05 22:34:10.472 $5e02300000000001aSTAT- 90053 seconds to Phase 01#07c5
2015/04/05 22:34:11.472 $5e02300000000001aSTAT- 90052 seconds to Phase 01#07c4
2015/04/05 22:34:12.472 $5e02300000000001aSTAT- 90051 seconds to Phase 01#07c3
2015/04/05 22:34:13.473 $5e02300000000001aSTAT- 90050 seconds to Phase 01#07c2
2015/04/05 22:34:14.473 $5e02300000000001aSTAT- 90049 seconds to Phase 01#07ca
2015/04/05 22:34:15.473 $5e02300000000001aSTAT- 90048 seconds to Phase 01#07c9
2015/04/05 22:34:16.473 $5e02300000000001aSTAT- 90047 seconds to Phase 01#07c8
2015/04/05 22:34:17.473 $5e02300000000001aSTAT- 90046 seconds to Phase 01#07c7
2015/04/05 22:34:18.472 $5e02300000000001aSTAT- 90045 seconds to Phase 01#07c6
2015/04/05 22:34:19.473 $5e02300000000001aSTAT- 90044 seconds to Phase 01#07c5
2015/04/05 22:34:20.473 $5e02300000000001aSTAT- 90043 seconds to Phase 01#07c4
2015/04/05 22:34:21.473 $5e02300000000001aSTAT- 90042 seconds to Phase 01#07c3
2015/04/05 22:34:22.473 $5e02300000000001aSTAT- 90041 seconds to Phase 01#07c2
2015/04/05 22:34:23.472 $5e02300000000001aSTAT- 90040 seconds to Phase 01#07c1
2015/04/05 22:34:24.473 $5e02300000000001aSTAT- 90039 seconds to Phase 01#07c9
2015/04/05 22:34:25.473 $5e02300000000001aSTAT- 90038 seconds to Phase 01#07c8
2015/04/05 22:34:26.473 $5e02300000000001aSTAT- 90037 seconds to Phase 01#07c7
2015/04/05 22:34:27.473 $5e02300000000001aSTAT- 90036 seconds to Phase 01#07c6
2015/04/05 22:34:28.473 $5e02300000000001aSTAT- 90035 seconds to Phase 01#07c5
2015/04/05 22:34:29.473 $5e02300000000001aSTAT- 90034 seconds to Phase 01#07c4
2015/04/05 22:34:30.473 $5e02300000000001aSTAT- 90033 seconds to Phase 01#07c3
2015/04/05 22:34:31.473 $5e02300000000001aSTAT- 90032 seconds to Phase 01#07c2
2015/04/05 22:34:32.473 $5e02300000000001aSTAT- 90031 seconds to Phase 01#07c1
2015/04/05 22:34:33.473 $5e02300000000001aSTAT- 90030 seconds to Phase 01#07c0
2015/04/05 22:34:34.473 $5e02300000000001aSTAT- 90029 seconds to Phase 01#07c8
2015/04/05 22:34:35.473 $5e02300000000001aSTAT- 90028 seconds to Phase 01#07c7
2015/04/05 22:34:36.473 $5e02300000000001aSTAT- 90027 seconds to Phase 01#07c6
2015/04/05 22:34:37.473 $5e02300000000001aSTAT- 90026 seconds to Phase 01#07c5
2015/04/05 22:34:38.473 $5e02300000000001aSTAT- 90025 seconds to Phase 01#07c4
2015/04/05 22:34:39.473 $5e02300000000001aSTAT- 90024 seconds to Phase 01#07c3
2015/04/05 22:34:40.473 $5e02300000000001aSTAT- 90023 seconds to Phase 01#07c2
2015/04/05 22:34:41.473 $5e02300000000001aSTAT- 90022 seconds to Phase 01#07c1
2015/04/05 22:34:42.473 $5e02300000000001aSTAT- 90021 seconds to Phase 01#07c0
2015/04/05 22:34:43.473 $5e02300000000001aSTAT- 90020 seconds to Phase 01#07bf
2015/04/05 22:34:44.473 $5e02300000000001aSTAT- 90019 seconds to Phase 01#07c7
2015/04/05 22:34:45.473 $5e02300000000001aSTAT- 90018 seconds to Phase 01#07c6
2015/04/05 22:34:46.473 $5e02300000000001aSTAT- 90017 seconds to Phase 01#07c5
2015/04/05 22:34:47.473 $5e02300000000001aSTAT- 90016 seconds to Phase 01#07c4
2015/04/05 22:34:48.473 $5e02300000000001aSTAT- 90015 seconds to Phase 01#07c3
2015/04/05 22:34:49.473 $5e02300000000001aSTAT- 90014 seconds to Phase 01#07c2
2015/04/05 22:34:50.473 $5e02300000000001aSTAT- 90013 seconds to Phase 01#07c1
2015/04/05 22:34:51.473 $5e02300000000001aSTAT- 90012 seconds to Phase 01#07c0
2015/04/05 22:34:52.473 $5e02300000000001aSTAT- 90011 seconds to Phase 01#07bf
2015/04/05 22:34:53.473 $5e02300000000001aSTAT- 90010 seconds to Phase 01#07be
2015/04/05 22:34:54.473 $5e02300000000001aSTAT- 90009 seconds to Phase 01#07c6
2015/04/05 22:34:55.473 $5e02300000000001aSTAT- 90008 seconds to Phase 01#07c5
2015/04/05 22:34:56.473 $5e02300000000001aSTAT- 90007 seconds to Phase 01#07c4
2015/04/05 22:34:57.473 $5e02300000000001aSTAT- 90006 seconds to Phase 01#07c3
2015/04/05 22:34:58.473 $5e02300000000001aSTAT- 90005 seconds to Phase 01#07c2
2015/04/05 22:34:59.473 $5e02300000000001aSTAT- 90004 seconds to Phase 01#07c1
2015/04/05 22:35:00.473 $5e02300000000001aSTAT- 90003 seconds to Phase 01#07c0
2015/04/05 22:35:01.473 $5e02300000000001aSTAT- 90002 seconds to Phase 01#07bf
2015/04/05 22:35:02.473 $5e02300000000001aSTAT- 90001 seconds to Phase 01#07be
2015/04/05 22:35:03.473 $5e02300000000001aSTAT- 90000 seconds to Phase 01#07bd
2015/04/05 22:35:04.473 $5e02300000000001aSTAT- 89999 seconds to Phase 01#07e0
2015/04/05 22:35:05.473 $5e02300000000001aSTAT- 89998 seconds to Phase 01#07df
2015/04/05 22:35:06.473 $5e02300000000001aSTAT- 89997 seconds to Phase 01#07de
2015/04/05 22:35:07.473 $5e02300000000001aSTAT- 89996 seconds to Phase 01#07dd
2015/04/05 22:35:08.473 $5e02300000000001aSTAT- 89995 seconds to Phase 01#07dc
2015/04/05 22:35:09.473 $5e02300000000001aSTAT- 89994 seconds to Phase 01#07db
2015/04/05 22:35:10.473 $5e02300000000001aSTAT- 89993 seconds to Phase 01#07da
2015/04/05 22:35:11.473 $5e02300000000001aSTAT- 89992 seconds to Phase 01#07d9
2015/04/05 22:35:12.473 $5e02300000000001aSTAT- 89991 seconds to Phase 01#07d8
2015/04/05 22:35:13.473 $5e02300000000001aSTAT- 89990 seconds to Phase 01#07d7
2015/04/05 22:35:14.473 $5e02300000000001aSTAT- 89989 seconds to Phase 01#07df
2015/04/05 22:35:15.476 $5e02300000000001aSTAT- 89988 seconds to Phase 01#07de
2015/04/05 22:35:16.473 $5e02300000000001aSTAT- 89987 seconds to Phase 01#07dd
2015/04/05 22:35:17.473 $5e02300000000001aSTAT- 89986 seconds to Phase 01#07dc
2015/04/05 22:35:18.473 $5e02300000000001aSTAT- 89985 seconds to Phase 01#07db
2015/04/05 22:35:19.473 $5e02300000000001aSTAT- 89984 seconds to Phase 01#07da
2015/04/05 22:35:20.473 $5e02300000000001aSTAT- 89983 seconds to Phase 01#07d9
2015/04/05 22:35:21.473 $5e02300000000001aSTAT- 89982 seconds to Phase 01#07d8
2015/04/05 22:35:22.473 $5e02300000000001aSTAT- 89981 seconds to Phase 01#07d7
2015/04/05 22:35:23.473 $5e02300000000001aSTAT- 89980 seconds to Phase 01#07d6
2015/04/05 22:35:24.473 $5e02300000000001aSTAT- 89979 seconds to Phase 01#07de
2015/04/05 22:35:25.473 $5e02300000000001aSTAT- 89978 seconds to Phase 01#07dd
2015/04/05 22:35:26.495 $5e02300000000001aSTAT- 89977 seconds to Phase 01#07dc
2015/04/05 22:35:27.473 $5e02300000000001aSTAT- 89976 seconds to Phase 01#07db
2015/04/05 22:35:28.473 $5e02300000000001aSTAT- 89975 seconds to Phase 01#07da
2015/04/05 22:35:29.473 $5e02300000000001aSTAT- 89974 seconds to Phase 01#07d9
2015/04/05 22:35:30.473 $5e02300000000001aSTAT- 89973 seconds to Phase 01#07d8
2015/04/05 22:35:31.473 $5e02300000000001aSTAT- 89972 seconds to Phase 01#07d7
2015/04/05 22:35:32.473 $5e02300000000001aSTAT- 89971 seconds to Phase 01#07d6
2015/04/05 22:35:33.473 $5e02300000000001aSTAT- 89970 seconds to Phase 01#07d5
2015/04/05 22:35:34.473 $5e02300000000001aSTAT- 89969 seconds to Phase 01#07dd
2015/04/05 22:35:35.473 $5e02300000000001aSTAT- 89968 seconds to Phase 01#07dc
2015/04/05 22:35:36.473 $5e02300000000001aSTAT- 89967 seconds to Phase 01#07db
2015/04/05 22:35:37.473 $5e02300000000001aSTAT- 89966 seconds to Phase 01#07da
2015/04/05 22:35:38.473 $5e02300000000001aSTAT- 89965 seconds to Phase 01#07d9
2015/04/05 22:35:39.473 $5e02300000000001aSTAT- 89964 seconds to Phase 01#07d8
2015/04/05 22:35:40.473 $5e02300000000001aSTAT- 89963 seconds to Phase 01#07d7
2015/04/05 22:35:41.473 $5e02300000000001aSTAT- 89962 seconds to Phase 01#07d6
2015/04/05 22:35:42.473 $5e02300000000001aSTAT- 89961 seconds to Phase 01#07d5
2015/04/05 22:35:43.473 $5e02300000000001aSTAT- 89960 seconds to Phase 01#07d4
2015/04/05 22:35:44.473 $5e02300000000001aSTAT- 89959 seconds to Phase 01#07dc
2015/04/05 22:35:45.473 $5e02300000000001aSTAT- 89958 seconds to Phase 01#07db
2015/04/05 22:35:46.473 $5e02300000000001aSTAT- 89957 seconds to Phase 01#07da
2015/04/05 22:35:47.642 $5e02300000000001aSTAT- 89956 seconds to Phase 01#07d9
2015/04/05 22:35:48.473 $5e02300000000001aSTAT- 89955 seconds to Phase 01#07d8
2015/04/05 22:35:49.473 $5e02300000000001aSTAT- 89954 seconds to Phase 01#07d7
2015/04/05 22:35:50.473 $5e02300000000001aSTAT- 89953 seconds to Phase 01#07d6
2015/04/05 22:35:51.473 $5e02300000000001aSTAT- 89952 seconds to Phase 01#07d5
2015/04/05 22:35:52.473 $5e02300000000001aSTAT- 89951 seconds to Phase 01#07d4
2015/04/05 22:35:53.483 $5e02300000000001aSTAT- 89950 seconds to Phase 01#07d3
2015/04/05 22:35:54.473 $5e02300000000001aSTAT- 89949 seconds to Phase 01#07db
2015/04/05 22:35:55.473 $5e02300000000001aSTAT- 89948 seconds to Phase 01#07da
2015/04/05 22:35:56.473 $5e02300000000001aSTAT- 89947 seconds to Phase 01#07d9
2015/04/05 22:35:57.473 $5e02300000000001aSTAT- 89946 seconds to Phase 01#07d8
2015/04/05 22:35:58.473 $5e02300000000001aSTAT- 89945 seconds to Phase 01#07d7
2015/04/05 22:35:59.473 $5e02300000000001aSTAT- 89944 seconds to Phase 01#07d6
2015/04/05 22:36:00.473 $5e02300000000001aSTAT- 89943 seconds to Phase 01#07d5
2015/04/05 22:36:01.473 $5e02300000000001aSTAT- 89942 seconds to Phase 01#07d4
2015/04/05 22:36:02.473 [zplsc:DLOGP7]:Instrument Stopped [Power Off]
2015/04/05 22:36:02.474 $5e02300000000001aSTAT- 89941 seconds to Phase 01#07d3
2015/04/05 22:36:03.473 $5e02300000000001aSTAT- 89940 seconds to Phase 01#07d2
2015/04/05 22:36:04.473 $5e02300000000001aSTAT- 89939 seconds to Phase 01#07da
2015/04/05 22:36:05.473 $5e02300000000001aSTAT- 89938 seconds to Phase 01#07d9
2015/04/05 23:27:17.762 [zplsc:DLOGP7]:Logger started: Idle state, without initialize
2015/04/05 23:34:01.841 [zplsc:DLOGP7]:Instrument Started [Power On]
2015/04/05 23:34:05.485 $5e02300000000001aSTAT- 86458 seconds to Phase 01#07d3
2015/04/05 23:34:06.485 $5e02300000000001aSTAT- 86457 seconds to Phase 01#07d2
2015/04/05 23:34:07.485 $5e02300000000001aSTAT- 86456 seconds to Phase 01#07d1
2015/04/05 23:34:08.485 $5e02300000000001aSTAT- 86455 seconds to Phase 01#07d0
2015/04/05 23:34:09.485 $5e02300000000001aSTAT- 86454 seconds to Phase 01#07cf
2015/04/05 23:34:10.486 $5e02300000000001aSTAT- 86453 seconds to Phase 01#07ce
2015/04/05 23:34:11.485 $5e02300000000001aSTAT- 86452 seconds to Phase 01#07cd
2015/04/05 23:34:12.485 $5e02300000000001aSTAT- 86451 seconds to Phase 01#07cc
2015/04/05 23:34:13.485 $5e02300000000001aSTAT- 86450 seconds to Phase 01#07cb
2015/04/05 23:34:14.485 $5e02300000000001aSTAT- 86449 seconds to Phase 01#07d3
2015/04/05 23:34:15.485 $5e02300000000001aSTAT- 86448 seconds to Phase 01#07d2
2015/04/05 23:34:16.485 $5e02300000000001aSTAT- 86447 seconds to Phase 01#07d1
2015/04/05 23:34:17.487 $5e02300000000001aSTAT- 86446 seconds to Phase 01#07d0
2015/04/05 23:34:18.485 $5e02300000000001aSTAT- 86445 seconds to Phase 01#07cf
2015/04/05 23:34:19.495 $5e02300000000001aSTAT- 86444 seconds to Phase 01#07ce
2015/04/05 23:34:20.485 $5e02300000000001aSTAT- 86443 seconds to Phase 01#07cd
2015/04/05 23:34:21.485 $5e02300000000001aSTAT- 86442 seconds to Phase 01#07cc
2015/04/05 23:34:22.485 $5e02300000000001aSTAT- 86441 seconds to Phase 01#07cb
2015/04/05 23:34:23.485 $5e02300000000001aSTAT- 86440 seconds to Phase 01#07ca
2015/04/05 23:34:24.485 $5e02300000000001aSTAT- 86439 seconds to Phase 01#07d2
2015/04/05 23:34:25.485 $5e02300000000001aSTAT- 86438 seconds to Phase 01#07d1
2015/04/05 23:34:26.485 $5e02300000000001aSTAT- 86437 seconds to Phase 01#07d0
2015/04/05 23:34:27.485 $5e02300000000001aSTAT- 86436 seconds to Phase 01#07cf
2015/04/05 23:34:28.486 $5e02300000000001aSTAT- 86435 seconds to Phase 01#07ce
2015/04/05 23:34:29.485 $5e02300000000001aSTAT- 86434 seconds to Phase 01#07cd
2015/04/05 23:34:30.486 $5e02300000000001aSTAT- 86433 seconds to Phase 01#07cc
2015/04/05 23:34:31.485 $5e02300000000001aSTAT- 86432 seconds to Phase 01#07cb
2015/04/05 23:34:32.486 $5e02300000000001aSTAT- 86431 seconds to Phase 01#07ca
2015/04/05 23:34:33.485 $5e02300000000001aSTAT- 86430 seconds to Phase 01#07c9
2015/04/05 23:34:34.485 $5e02300000000001aSTAT- 86429 seconds to Phase 01#07d1
2015/04/05 23:34:35.485 $5e02300000000001aSTAT- 86428 seconds to Phase 01#07d0
2015/04/05 23:34:36.485 $5e02300000000001aSTAT- 86427 seconds to Phase 01#07cf
2015/04/05 23:34:37.492 $5e02300000000001aSTAT- 86426 seconds to Phase 01#07ce
2015/04/05 23:34:38.486 $5e02300000000001aSTAT- 86425 seconds to Phase 01#07cd
2015/04/05 23:34:39.486 $5e02300000000001aSTAT- 86424 seconds to Phase 01#07cc
2015/04/05 23:34:40.485 $5e02300000000001aSTAT- 86423 seconds to Phase 01#07cb
2015/04/05 23:34:41.486 $5e02300000000001aSTAT- 86422 seconds to Phase 01#07ca
2015/04/05 23:34:42.485 $5e02300000000001aSTAT- 86421 seconds to Phase 01#07c9
2015/04/05 23:34:43.485 $5e02300000000001aSTAT- 86420 seconds to Phase 01#07c8
2015/04/05 23:34:44.485 $5e02300000000001aSTAT- 86419 seconds to Phase 01#07d0
2015/04/05 23:34:45.486 $5e02300000000001aSTAT- 86418 seconds to Phase 01#07cf
2015/04/05 23:34:46.486 $5e02300000000001aSTAT- 86417 seconds to Phase 01#07ce
2015/04/05 23:34:47.486 $5e02300000000001aSTAT- 86416 seconds to Phase 01#07cd
2015/04/05 23:34:48.486 $5e02300000000001aSTAT- 86415 seconds to Phase 01#07cc
2015/04/05 23:34:49.486 $5e02300000000001aSTAT- 86414 seconds to Phase 01#07cb
2015/04/05 23:34:50.486 $5e02300000000001aSTAT- 86413 seconds to Phase 01#07ca
2015/04/05 23:34:51.486 $5e02300000000001aSTAT- 86412 seconds to Phase 01#07c9
2015/04/05 23:34:52.486 $5e02300000000001aSTAT- 86411 seconds to Phase 01#07c8
2015/04/05 23:34:53.486 $5e02300000000001aSTAT- 86410 seconds to Phase 01#07c7
2015/04/05 23:34:54.486 $5e02300000000001aSTAT- 86409 seconds to Phase 01#07cf
2015/04/05 23:34:55.486 $5e02300000000001aSTAT- 86408 seconds to Phase 01#07ce
2015/04/05 23:34:56.486 $5e02300000000001aSTAT- 86407 seconds to Phase 01#07cd
2015/04/05 23:34:57.488 $5e02300000000001aSTAT- 86406 seconds to Phase 01#07cc
2015/04/05 23:34:58.486 $5e02300000000001aSTAT- 86405 seconds to Phase 01#07cb
2015/04/05 23:34:59.486 $5e02300000000001aSTAT- 86404 seconds to Phase 01#07ca
2015/04/05 23:35:00.486 $5e02300000000001aSTAT- 86403 seconds to Phase 01#07c9
2015/04/05 23:35:01.486 $5e02300000000001aSTAT- 86402 seconds to Phase 01#07c8
2015/04/05 23:35:02.486 $5e02300000000001aSTAT- 86401 seconds to Phase 01#07c7
2015/04/05 23:35:03.486 $5e02300000000001aSTAT- 86400 seconds to Phase 01#07c6
2015/04/05 23:35:04.486 $5e02300000000001aSTAT- 86399 seconds to Phase 01#07d7
2015/04/05 23:35:05.486 $5e02300000000001aSTAT- 86398 seconds to Phase 01#07d6
2015/04/05 23:35:06.486 $5e02300000000001aSTAT- 86397 seconds to Phase 01#07d5
2015/04/05 23:35:07.486 $5e02300000000001aSTAT- 86396 seconds to Phase 01#07d4
2015/04/05 23:35:08.486 $5e02300000000001aSTAT- 86395 seconds to Phase 01#07d3
2015/04/05 23:35:09.486 $5e02300000000001aSTAT- 86394 seconds to Phase 01#07d2
2015/04/05 23:35:10.486 $5e02300000000001aSTAT- 86393 seconds to Phase 01#07d1
2015/04/05 23:35:11.486 $5e02300000000001aSTAT- 86392 seconds to Phase 01#07d0
2015/04/05 23:35:12.496 $5e02300000000001aSTAT- 86391 seconds to Phase 01#07cf
2015/04/05 23:35:13.497 $5e02300000000001aSTAT- 86390 seconds to Phase 01#07ce
2015/04/05 23:35:14.486 $5e02300000000001aSTAT- 86389 seconds to Phase 01#07d6
2015/04/05 23:35:15.486 $5e02300000000001aSTAT- 86388 seconds to Phase 01#07d5
2015/04/05 23:35:16.486 $5e02300000000001aSTAT- 86387 seconds to Phase 01#07d4
2015/04/05 23:35:17.486 $5e02300000000001aSTAT- 86386 seconds to Phase 01#07d3
2015/04/05 23:35:18.486 $5e02300000000001aSTAT- 86385 seconds to Phase 01#07d2
2015/04/05 23:35:19.486 $5e02300000000001aSTAT- 86384 seconds to Phase 01#07d1
2015/04/05 23:35:20.486 $5e02300000000001aSTAT- 86383 seconds to Phase 01#07d0
2015/04/05 23:35:21.486 $5e02300000000001aSTAT- 86382 seconds to Phase 01#07cf
2015/04/05 23:35:22.486 $5e02300000000001aSTAT- 86381 seconds to Phase 01#07ce
2015/04/05 23:35:23.486 $5e02300000000001aSTAT- 86380 seconds to Phase 01#07cd
2015/04/05 23:35:24.486 $5e02300000000001aSTAT- 86379 seconds to Phase 01#07d5
2015/04/05 23:35:25.486 $5e02300000000001aSTAT- 86378 seconds to Phase 01#07d4
2015/04/05 23:35:26.486 $5e02300000000001aSTAT- 86377 seconds to Phase 01#07d3
2015/04/05 23:35:27.486 $5e02300000000001aSTAT- 86376 seconds to Phase 01#07d2
2015/04/05 23:35:28.486 $5e02300000000001aSTAT- 86375 seconds to Phase 01#07d1
2015/04/05 23:35:29.486 $5e02300000000001aSTAT- 86374 seconds to Phase 01#07d0
2015/04/05 23:35:30.486 $5e02300000000001aSTAT- 86373 seconds to Phase 01#07cf
2015/04/05 23:35:31.486 $5e02300000000001aSTAT- 86372 seconds to Phase 01#07ce
2015/04/05 23:35:32.486 $5e02300000000001aSTAT- 86371 seconds to Phase 01#07cd
2015/04/05 23:35:33.486 $5e02300000000001aSTAT- 86370 seconds to Phase 01#07cc
2015/04/05 23:35:34.486 $5e02300000000001aSTAT- 86369 seconds to Phase 01#07d4
2015/04/05 23:35:35.486 $5e02300000000001aSTAT- 86368 seconds to Phase 01#07d3
2015/04/05 23:35:36.486 $5e02300000000001aSTAT- 86367 seconds to Phase 01#07d2
2015/04/05 23:35:37.486 $5e02300000000001aSTAT- 86366 seconds to Phase 01#07d1
2015/04/05 23:35:38.486 $5e02300000000001aSTAT- 86365 seconds to Phase 01#07d0
2015/04/05 23:35:39.486 $5e02300000000001aSTAT- 86364 seconds to Phase 01#07cf
2015/04/05 23:35:40.486 $5e02300000000001aSTAT- 86363 seconds to Phase 01#07ce
2015/04/05 23:35:41.486 $5e02300000000001aSTAT- 86362 seconds to Phase 01#07cd
2015/04/05 23:35:42.486 $5e02300000000001aSTAT- 86361 seconds to Phase 01#07cc
2015/04/05 23:35:43.486 $5e02300000000001aSTAT- 86360 seconds to Phase 01#07cb
2015/04/05 23:35:44.486 $5e02300000000001aSTAT- 86359 seconds to Phase 01#07d3
2015/04/05 23:35:45.486 $5e02300000000001aSTAT- 86358 seconds to Phase 01#07d2
2015/04/05 23:35:46.486 $5e02300000000001aSTAT- 86357 seconds to Phase 01#07d1
2015/04/05 23:35:47.486 $5e02300000000001aSTAT- 86356 seconds to Phase 01#07d0
2015/04/05 23:35:48.486 $5e02300000000001aSTAT- 86355 seconds to Phase 01#07cf
2015/04/05 23:35:49.486 $5e02300000000001aSTAT- 86354 seconds to Phase 01#07ce
2015/04/05 23:35:50.486 $5e02300000000001aSTAT- 86353 seconds to Phase 01#07cd
2015/04/05 23:35:51.486 $5e02300000000001aSTAT- 86352 seconds to Phase 01#07cc
2015/04/05 23:35:52.486 $5e02300000000001aSTAT- 86351 seconds to Phase 01#07cb
2015/04/05 23:35:53.486 $5e02300000000001aSTAT- 86350 seconds to Phase 01#07ca
2015/04/05 23:35:54.486 $5e02300000000001aSTAT- 86349 seconds to Phase 01#07d2
2015/04/05 23:35:55.486 $5e02300000000001aSTAT- 86348 seconds to Phase 01#07d1
2015/04/05 23:35:56.486 $5e02300000000001aSTAT- 86347 seconds to Phase 01#07d0
2015/04/05 23:35:57.486 $5e02300000000001aSTAT- 86346 seconds to Phase 01#07cf
2015/04/05 23:35:58.486 $5e02300000000001aSTAT- 86345 seconds to Phase 01#07ce
2015/04/05 23:35:59.486 $5e02300000000001aSTAT- 86344 seconds to Phase 01#07cd
2015/04/05 23:36:00.486 $5e02300000000001aSTAT- 86343 seconds to Phase 01#07cc
2015/04/05 23:36:01.486 [zplsc:DLOGP7]:Instrument Stopped [Power Off]
2015/04/05 23:36:01.487 $5e02300000000001aSTAT- 86342 seconds to Phase 01#07cb
2015/04/05 23:36:02.486 $5e02300000000001aSTAT- 86341 seconds to Phase 01#07ca
2015/04/05 23:36:03.486 $5e02300000000001aSTAT- 86340 seconds to Phase 01#07c9
2015/04/05 23:36:04.486 $5e02300000000001aSTAT- 86339 seconds to Phase 01#07d1
