2014/04/17 16:18:59.385 [presf:DLOGP2]:Idle state, without initialize
2014/04/17 17:57:06.915 [presf:DLOGP2]:Idle state, without initialize
2014/04/17 17:59:02.906 [presf:DLOGP2]:Instrument sampling - Data logger entering data acquisition state
2014/04/17 17:59:11.323 tide: start time = 17 Apr 2014 17:00:00, p = 14.6612, pt = 11.380, t = 11.5248
2014/04/17 17:59:12.334 wave: start time = 17 Apr 2014 17:59:17
2014/04/17 17:59:12.362 wave: ptfreq = 171226.968
2014/04/17 17:59:12.878   14.6498
2014/04/17 17:59:13.128   14.6482
2014/04/17 17:59:13.378   14.6482
2014/04/17 17:59:13.628   14.6482
2014/04/17 17:59:13.878   14.6511
2014/04/17 17:59:14.128   14.6511
2014/04/17 17:59:14.378   14.6566
2014/04/17 17:59:14.628   14.6538
2014/04/17 17:59:14.878   14.6566
2014/04/17 17:59:15.128   14.6566
2014/04/17 17:59:15.378   14.6544
2014/04/17 17:59:15.628   14.6544
2014/04/17 17:59:15.878   14.6490
2014/04/17 17:59:16.128   14.6462
2014/04/17 17:59:16.378   14.6407
2014/04/17 17:59:16.628   14.6352
2014/04/17 17:59:16.878   14.6297
2014/04/17 17:59:17.128   14.6270
2014/04/17 17:59:17.378   14.6270
2014/04/17 17:59:17.628   14.6324
2014/04/17 17:59:17.666 wave: end burst
