2014/01/05 00:00:11.193 [presf:DLOGP2]:Instrument Started [Power On]
2014/01/05 00:05:22.594 tide: start time = 05 Jan 2014 00:00:28, p = 208.8057, pt = 14.004, t = 13.8633
2014/01/05 00:05:23.604 wave: start time = 05 Jan 2014 00:05:30
2014/01/05 00:05:23.632 wave: ptfreq = 171756.000
2014/01/05 00:05:25.669  208.8438
2014/01/05 00:05:26.669  208.8346
2014/01/05 00:05:27.669  208.8244
2014/01/05 00:05:28.669  208.8148
2014/01/05 00:05:29.669  208.8069
2014/01/05 00:05:30.671  208.7991
2014/01/05 00:05:31.669  208.8004
2014/01/05 00:05:32.673  208.8049
2014/01/05 00:05:33.671  208.8111
2014/01/05 00:05:34.671  208.8189
2014/01/05 00:05:35.671  208.8267
2014/01/05 00:05:36.669  208.8388
2014/01/05 00:05:37.669  208.8445
2014/01/05 00:05:38.670  208.8462
2014/01/05 00:05:39.669  208.8425
2014/01/05 00:05:40.671  208.8325
2014/01/05 00:05:41.669  208.8168
2014/01/05 00:05:42.670  208.8004
2014/01/05 00:05:43.669  208.7873
2014/01/05 00:05:44.670  208.7773
2014/01/05 00:05:44.707 wave: end burst
2014/01/05 00:07:19.376 [presf:DLOGP2]:Instrument Stopped [Power Off]
2014/01/05 01:00:10.897 [presf:DLOGP2]:Instrument Started [Power On]
2014/01/05 01:05:22.589 tide: start time = 05 Jan 2014 01:00:28, p = 209.1991, pt = 13.990, t = 13.8445
2014/01/05 01:05:23.599 wave: start time = 05 Jan 2014 01:05:30
2014/01/05 01:05:23.627 wave: ptfreq = 171756.062
2014/01/05 01:05:25.644  209.1599
2014/01/05 01:05:26.687  209.1439
2014/01/05 01:05:27.644  209.1500
2014/01/05 01:05:28.644  209.1641
2014/01/05 01:05:29.644  209.1876
2014/01/05 01:05:30.644  209.2136
2014/01/05 01:05:31.644  209.2350
2014/01/05 01:05:32.644  209.2491
2014/01/05 01:05:33.644  209.2512
2014/01/05 01:05:34.644  209.2454
2014/01/05 01:05:35.644  209.2272
2014/01/05 01:05:36.666  209.2094
2014/01/05 01:05:37.644  209.1933
2014/01/05 01:05:38.644  209.1797
2014/01/05 01:05:39.644  209.1719
2014/01/05 01:05:40.644  209.1739
2014/01/05 01:05:41.647  209.1797
2014/01/05 01:05:42.644  209.1855
2014/01/05 01:05:43.644  209.1995
2014/01/05 01:05:44.644  209.2074
2014/01/05 01:05:44.683 wave: end burst
2014/01/05 01:07:19.364 [presf:DLOGP2]:Instrument Stopped [Power Off]
2014/01/05 01:57:33.855 [presf:DLOGP2]:Idle state, without initialize
2014/01/05 02:00:10.032 [presf:DLOGP2]:Instrument Started [Power On]
2014/01/05 02:05:21.585 tide: start time = 05 Jan 2014 02:00:27, p = 209.4531, pt = 14.004, t = 13.8373
2014/01/05 02:05:22.594 wave: start time = 05 Jan 2014 02:05:29
2014/01/05 02:05:22.623 wave: ptfreq = 171755.828
2014/01/05 02:05:24.640  209.4457
2014/01/05 02:05:25.640  209.4482
2014/01/05 02:05:26.640  209.4462
2014/01/05 02:05:27.640  209.4405
2014/01/05 02:05:28.640  209.4368
2014/01/05 02:05:29.642  209.4306
2014/01/05 02:05:30.640  209.4306
2014/01/05 02:05:31.640  209.4247
2014/01/05 02:05:32.640  209.4306
2014/01/05 02:05:33.640  209.4383
2014/01/05 02:05:34.640  209.4482
2014/01/05 02:05:35.640  209.4623
2014/01/05 02:05:36.640  209.4722
2014/01/05 02:05:37.640  209.4780
2014/01/05 02:05:38.640  209.4842
2014/01/05 02:05:39.640  209.4801
2014/01/05 02:05:40.640  209.4743
2014/01/05 02:05:41.640  209.4644
2014/01/05 02:05:42.640  209.4544
2014/01/05 02:05:43.640  209.4482
2014/01/05 02:05:43.678 wave: end burst
2014/01/05 02:07:20.363 [presf:DLOGP2]:Instrument Stopped [Power Off]
2014/01/05 02:57:34.668 [presf:DLOGP2]:Idle state, without initialize
2014/01/05 03:00:10.169 [presf:DLOGP2]:Instrument Started [Power On]
2014/01/05 03:05:21.578 tide: start time = 05 Jan 2014 03:00:27, p = 209.5021, pt = 13.981, t = 13.8246
2014/01/05 03:05:22.588 wave: start time = 05 Jan 2014 03:05:29
2014/01/05 03:05:22.616 wave: ptfreq = 171755.890
2014/01/05 03:05:24.633  209.4386
2014/01/05 03:05:25.633  209.4368
2014/01/05 03:05:26.633  209.4551
2014/01/05 03:05:27.633  209.4727
2014/01/05 03:05:28.633  209.4910
2014/01/05 03:05:29.633  209.5165
2014/01/05 03:05:30.633  209.5306
2014/01/05 03:05:31.633  209.5382
2014/01/05 03:05:32.633  209.5404
2014/01/05 03:05:33.633  209.5284
2014/01/05 03:05:34.633  209.5145
2014/01/05 03:05:35.633  209.4925
2014/01/05 03:05:36.633  209.4727
2014/01/05 03:05:37.633  209.4566
2014/01/05 03:05:38.633  209.4529
2014/01/05 03:05:39.633  209.4551
2014/01/05 03:05:40.633  209.4665
2014/01/05 03:05:41.633  209.4910
2014/01/05 03:05:42.633  209.5108
2014/01/05 03:05:43.634  209.5321
2014/01/05 03:05:43.672 wave: end burst
2014/01/05 03:07:20.354 [presf:DLOGP2]:Instrument Stopped [Power Off]
2014/01/05 03:57:35.212 [presf:DLOGP2]:Idle state, without initialize
2014/01/05 04:00:10.626 [presf:DLOGP2]:Instrument Started [Power On]
2014/01/05 04:05:22.572 tide: start time = 05 Jan 2014 04:00:28, p = 209.3532, pt = 13.960, t = 13.8111
2014/01/05 04:05:23.582 wave: start time = 05 Jan 2014 04:05:30
2014/01/05 04:05:23.610 wave: ptfreq = 171755.640
2014/01/05 04:05:25.627  209.3247
2014/01/05 04:05:26.627  209.3293
2014/01/05 04:05:27.634  209.3313
2014/01/05 04:05:28.627  209.3412
2014/01/05 04:05:29.627  209.3470
2014/01/05 04:05:30.627  209.3491
2014/01/05 04:05:31.627  209.3511
2014/01/05 04:05:32.627  209.3491
2014/01/05 04:05:33.627  209.3470
2014/01/05 04:05:34.627  209.3433
2014/01/05 04:05:35.627  209.3392
2014/01/05 04:05:36.627  209.3371
2014/01/05 04:05:37.627  209.3334
2014/01/05 04:05:38.631  209.3334
2014/01/05 04:05:39.627  209.3313
2014/01/05 04:05:40.627  209.3293
2014/01/05 04:05:41.627  209.3313
2014/01/05 04:05:42.627  209.3272
2014/01/05 04:05:43.627  209.3214
2014/01/05 04:05:44.627  209.3194
2014/01/05 04:05:44.665 wave: end burst
2014/01/05 04:07:19.331 [presf:DLOGP2]:Instrument Stopped [Power Off]
2014/01/05 04:57:28.487 [presf:DLOGP2]:Idle state, without initialize
2014/01/05 05:00:12.030 [presf:DLOGP2]:Instrument Started [Power On]
2014/01/05 05:05:23.564 tide: start time = 05 Jan 2014 05:00:29, p = 209.0280, pt = 13.960, t = 13.8105
2014/01/05 05:05:24.574 wave: start time = 05 Jan 2014 05:05:31
2014/01/05 05:05:24.602 wave: ptfreq = 171755.718
2014/01/05 05:05:26.619  209.0053
2014/01/05 05:05:27.620  208.9986
2014/01/05 05:05:28.619  208.9946
2014/01/05 05:05:29.625  208.9929
2014/01/05 05:05:30.619  208.9904
2014/01/05 05:05:31.620  208.9929
2014/01/05 05:05:32.619  208.9966
2014/01/05 05:05:33.619  208.9986
2014/01/05 05:05:34.619  208.9983
2014/01/05 05:05:35.619  209.0008
2014/01/05 05:05:36.619  208.9986
2014/01/05 05:05:37.619  208.9986
2014/01/05 05:05:38.619  209.0008
2014/01/05 05:05:39.620  209.0003
2014/01/05 05:05:40.619  209.0065
2014/01/05 05:05:41.627  209.0065
2014/01/05 05:05:42.619  209.0085
2014/01/05 05:05:43.620  209.0122
2014/01/05 05:05:44.619  209.0107
2014/01/05 05:05:45.620  209.0107
2014/01/05 05:05:45.658 wave: end burst
2014/01/05 05:07:20.336 [presf:DLOGP2]:Instrument Stopped [Power Off]
2014/01/05 05:57:34.957 [presf:DLOGP2]:Idle state, without initialize
2014/01/05 06:00:10.384 [presf:DLOGP2]:Instrument Started [Power On]
2014/01/05 06:05:21.558 tide: start time = 05 Jan 2014 06:00:27, p = 208.6364, pt = 14.004, t = 13.9294
2014/01/05 06:05:22.567 wave: start time = 05 Jan 2014 06:05:29
2014/01/05 06:05:22.595 wave: ptfreq = 171756.062
2014/01/05 06:05:24.613  208.5386
2014/01/05 06:05:25.613  208.5379
2014/01/05 06:05:26.613  208.5494
2014/01/05 06:05:27.612  208.5713
2014/01/05 06:05:28.612  208.5973
2014/01/05 06:05:29.613  208.6230
2014/01/05 06:05:30.622  208.6488
2014/01/05 06:05:31.613  208.6624
2014/01/05 06:05:32.613  208.6686
2014/01/05 06:05:33.612  208.6587
2014/01/05 06:05:34.612  208.6389
2014/01/05 06:05:35.612  208.6163
2014/01/05 06:05:36.612  208.5854
2014/01/05 06:05:37.613  208.5594
2014/01/05 06:05:38.613  208.5478
2014/01/05 06:05:39.612  208.5457
2014/01/05 06:05:40.613  208.5556
2014/01/05 06:05:41.613  208.5733
2014/01/05 06:05:42.613  208.5990
2014/01/05 06:05:43.613  208.6269
2014/01/05 06:05:43.651 wave: end burst
2014/01/05 06:07:20.474 [presf:DLOGP2]:Instrument Stopped [Power Off]
2014/01/05 06:57:30.437 [presf:DLOGP2]:Idle state, without initialize
2014/01/05 07:00:11.835 [presf:DLOGP2]:Instrument Started [Power On]
2014/01/05 07:05:23.553 tide: start time = 05 Jan 2014 07:00:29, p = 208.2919, pt = 14.074, t = 13.9423
2014/01/05 07:05:24.562 wave: start time = 05 Jan 2014 07:05:31
2014/01/05 07:05:24.590 wave: ptfreq = 171756.609
2014/01/05 07:05:26.607  208.3075
2014/01/05 07:05:27.610  208.2983
2014/01/05 07:05:28.607  208.2845
2014/01/05 07:05:29.607  208.2746
2014/01/05 07:05:30.607  208.2629
2014/01/05 07:05:31.611  208.2448
2014/01/05 07:05:32.607  208.2333
2014/01/05 07:05:33.608  208.2390
2014/01/05 07:05:34.630  208.2469
2014/01/05 07:05:35.609  208.2530
2014/01/05 07:05:36.607  208.2687
2014/01/05 07:05:37.607  208.2906
2014/01/05 07:05:38.607  208.3005
2014/01/05 07:05:39.608  208.3045
2014/01/05 07:05:40.607  208.3045
2014/01/05 07:05:41.607  208.3025
2014/01/05 07:05:42.607  208.2906
2014/01/05 07:05:43.607  208.2746
2014/01/05 07:05:44.607  208.2647
2014/01/05 07:05:45.607  208.2588
2014/01/05 07:05:45.658 wave: end burst
2014/01/05 07:07:20.343 [presf:DLOGP2]:Instrument Stopped [Power Off]
2014/01/05 07:57:34.107 [presf:DLOGP2]:Idle state, without initialize
2014/01/05 08:00:09.388 [presf:DLOGP2]:Instrument Started [Power On]
2014/01/05 08:05:20.544 tide: start time = 05 Jan 2014 08:00:26, p = 208.0616, pt = 14.096, t = 13.9301
2014/01/05 08:05:21.554 wave: start time = 05 Jan 2014 08:05:28
2014/01/05 08:05:21.582 wave: ptfreq = 171756.781
2014/01/05 08:05:23.599  208.0312
2014/01/05 08:05:24.599  208.0255
2014/01/05 08:05:25.599  208.0233
2014/01/05 08:05:26.599  208.0176
2014/01/05 08:05:27.603  208.0114
2014/01/05 08:05:28.599  208.0114
2014/01/05 08:05:29.599  208.0134
2014/01/05 08:05:30.599  208.0196
2014/01/05 08:05:31.599  208.0295
2014/01/05 08:05:32.599  208.0332
2014/01/05 08:05:33.602  208.0394
2014/01/05 08:05:34.599  208.0473
2014/01/05 08:05:35.604  208.0473
2014/01/05 08:05:36.599  208.0411
2014/01/05 08:05:37.606  208.0354
2014/01/05 08:05:38.599  208.0354
2014/01/05 08:05:39.605  208.0332
2014/01/05 08:05:40.599  208.0275
2014/01/05 08:05:41.599  208.0295
2014/01/05 08:05:42.600  208.0332
2014/01/05 08:05:42.638 wave: end burst
2014/01/05 08:07:21.303 [presf:DLOGP2]:Instrument Stopped [Power Off]
2014/01/05 08:57:34.714 [presf:DLOGP2]:Idle state, without initialize
2014/01/05 09:00:12.008 [presf:DLOGP2]:Instrument Started [Power On]
2014/01/05 09:05:23.538 tide: start time = 05 Jan 2014 09:00:29, p = 208.0029, pt = 14.074, t = 13.9239
2014/01/05 09:05:24.547 wave: start time = 05 Jan 2014 09:05:31
2014/01/05 09:05:24.576 wave: ptfreq = 171756.609
2014/01/05 09:05:26.593  208.0307
2014/01/05 09:05:27.592  208.0208
2014/01/05 09:05:28.592  208.0109
2014/01/05 09:05:29.592  207.9973
2014/01/05 09:05:30.608  207.9853
2014/01/05 09:05:31.597  207.9775
2014/01/05 09:05:32.593  207.9754
2014/01/05 09:05:33.592  207.9754
2014/01/05 09:05:34.593  207.9832
2014/01/05 09:05:35.606  207.9973
2014/01/05 09:05:36.593  208.0129
2014/01/05 09:05:37.592  208.0228
2014/01/05 09:05:38.593  208.0348
2014/01/05 09:05:39.592  208.0426
2014/01/05 09:05:40.593  208.0406
2014/01/05 09:05:41.592  208.0327
2014/01/05 09:05:42.593  208.0228
2014/01/05 09:05:43.592  208.0129
2014/01/05 09:05:44.595  207.9989
2014/01/05 09:05:45.593  207.9853
2014/01/05 09:05:45.631 wave: end burst
2014/01/05 09:07:20.324 [presf:DLOGP2]:Instrument Stopped [Power Off]
2014/01/05 09:57:34.464 [presf:DLOGP2]:Idle state, without initialize
2014/01/05 10:00:11.670 [presf:DLOGP2]:Instrument Started [Power On]
2014/01/05 10:05:23.531 tide: start time = 05 Jan 2014 10:00:29, p = 208.1539, pt = 14.074, t = 13.9204
2014/01/05 10:05:24.543 wave: start time = 05 Jan 2014 10:05:31
2014/01/05 10:05:24.580 wave: ptfreq = 171756.609
2014/01/05 10:05:26.586  208.1378
2014/01/05 10:05:27.586  208.1239
2014/01/05 10:05:28.586  208.1118
2014/01/05 10:05:29.586  208.1103
2014/01/05 10:05:30.586  208.1202
2014/01/05 10:05:31.586  208.1358
2014/01/05 10:05:32.586  208.1519
2014/01/05 10:05:33.586  208.1655
2014/01/05 10:05:34.588  208.1776
2014/01/05 10:05:35.586  208.1776
2014/01/05 10:05:36.586  208.1697
2014/01/05 10:05:37.586  208.1536
2014/01/05 10:05:38.586  208.1358
2014/01/05 10:05:39.586  208.1217
2014/01/05 10:05:40.586  208.1103
2014/01/05 10:05:41.586  208.1103
2014/01/05 10:05:42.586  208.1202
2014/01/05 10:05:43.585  208.1316
2014/01/05 10:05:44.586  208.1457
2014/01/05 10:05:45.585  208.1635
2014/01/05 10:05:45.624 wave: end burst
2014/01/05 10:07:20.297 [presf:DLOGP2]:Instrument Stopped [Power Off]
2014/01/05 10:57:32.177 [presf:DLOGP2]:Idle state, without initialize
2014/01/05 11:00:11.324 [presf:DLOGP2]:Instrument Started [Power On]
2014/01/05 11:05:22.525 tide: start time = 05 Jan 2014 11:00:28, p = 208.4803, pt = 14.050, t = 13.9226
2014/01/05 11:05:23.534 wave: start time = 05 Jan 2014 11:05:30
2014/01/05 11:05:23.562 wave: ptfreq = 171756.609
2014/01/05 11:05:25.600  208.4705
2014/01/05 11:05:26.600  208.4688
2014/01/05 11:05:27.600  208.4650
2014/01/05 11:05:28.600  208.4680
2014/01/05 11:05:29.602  208.4688
2014/01/05 11:05:30.600  208.4730
2014/01/05 11:05:31.600  208.4788
2014/01/05 11:05:32.600  208.4848
2014/01/05 11:05:33.600  208.4947
2014/01/05 11:05:34.600  208.4984
2014/01/05 11:05:35.599  208.4969
2014/01/05 11:05:36.600  208.4982
2014/01/05 11:05:37.600  208.4969
2014/01/05 11:05:38.600  208.4947
2014/01/05 11:05:39.600  208.4828
2014/01/05 11:05:40.600  208.4788
2014/01/05 11:05:41.600  208.4771
2014/01/05 11:05:42.600  208.4749
2014/01/05 11:05:43.600  208.4710
2014/01/05 11:05:44.600  208.4722
2014/01/05 11:05:44.638 wave: end burst
2014/01/05 11:07:19.310 [presf:DLOGP2]:Instrument Stopped [Power Off]
2014/01/05 11:57:32.612 [presf:DLOGP2]:Idle state, without initialize
2014/01/05 12:00:11.743 [presf:DLOGP2]:Instrument Started [Power On]
2014/01/05 12:05:23.534 tide: start time = 05 Jan 2014 12:00:29, p = 208.9059, pt = 14.074, t = 13.9247
2014/01/05 12:05:24.527 wave: start time = 05 Jan 2014 12:05:31
2014/01/05 12:05:24.555 wave: ptfreq = 171756.671
2014/01/05 12:05:26.572  208.8919
2014/01/05 12:05:27.572  208.9010
2014/01/05 12:05:28.573  208.9212
2014/01/05 12:05:29.573  208.9348
2014/01/05 12:05:30.573  208.9468
2014/01/05 12:05:31.578  208.9547
2014/01/05 12:05:32.573  208.9609
2014/01/05 12:05:33.573  208.9567
2014/01/05 12:05:34.573  208.9431
2014/01/05 12:05:35.572  208.9307
2014/01/05 12:05:36.577  208.9212
2014/01/05 12:05:37.616  208.9072
2014/01/05 12:05:38.572  208.9014
2014/01/05 12:05:39.572  208.8949
2014/01/05 12:05:40.573  208.8973
2014/01/05 12:05:41.572  208.9035
2014/01/05 12:05:42.572  208.9072
2014/01/05 12:05:43.573  208.9167
2014/01/05 12:05:44.573  208.9233
2014/01/05 12:05:45.573  208.9270
2014/01/05 12:05:45.611 wave: end burst
2014/01/05 12:07:18.301 [presf:DLOGP2]:Instrument Stopped [Power Off]
2014/01/05 12:57:33.911 [presf:DLOGP2]:Idle state, without initialize
2014/01/05 13:00:10.975 [presf:DLOGP2]:Instrument Started [Power On]
2014/01/05 13:05:22.510 tide: start time = 05 Jan 2014 13:00:28, p = 209.3463, pt = 14.074, t = 13.9250
2014/01/05 13:05:23.520 wave: start time = 05 Jan 2014 13:05:30
2014/01/05 13:05:23.548 wave: ptfreq = 171756.718
2014/01/05 13:05:25.565  209.3675
2014/01/05 13:05:26.565  209.3787
2014/01/05 13:05:27.565  209.3870
2014/01/05 13:05:28.565  209.3849
2014/01/05 13:05:29.574  209.3808
2014/01/05 13:05:30.565  209.3750
2014/01/05 13:05:31.565  209.3630
2014/01/05 13:05:32.565  209.3510
2014/01/05 13:05:33.565  209.3411
2014/01/05 13:05:34.565  209.3371
2014/01/05 13:05:35.565  209.3371
2014/01/05 13:05:36.565  209.3411
2014/01/05 13:05:37.565  209.3510
2014/01/05 13:05:38.565  209.3651
2014/01/05 13:05:39.565  209.3808
2014/01/05 13:05:40.572  209.3927
2014/01/05 13:05:41.565  209.3948
2014/01/05 13:05:42.565  209.3948
2014/01/05 13:05:43.565  209.3870
2014/01/05 13:05:44.565  209.3766
2014/01/05 13:05:44.604 wave: end burst
2014/01/05 13:07:19.277 [presf:DLOGP2]:Instrument Stopped [Power Off]
2014/01/05 13:57:33.980 [presf:DLOGP2]:Idle state, without initialize
2014/01/05 14:00:13.031 [presf:DLOGP2]:Instrument Started [Power On]
2014/01/05 14:05:24.503 tide: start time = 05 Jan 2014 14:00:30, p = 209.6399, pt = 14.082, t = 13.9249
2014/01/05 14:05:25.512 wave: start time = 05 Jan 2014 14:05:32
2014/01/05 14:05:25.597 wave: ptfreq = 171756.609
2014/01/05 14:05:27.558  209.6890
2014/01/05 14:05:28.558  209.6920
2014/01/05 14:05:29.558  209.6863
2014/01/05 14:05:30.558  209.6762
2014/01/05 14:05:31.558  209.6623
2014/01/05 14:05:32.558  209.6482
2014/01/05 14:05:33.557  209.6403
2014/01/05 14:05:34.558  209.6362
2014/01/05 14:05:35.568  209.6425
2014/01/05 14:05:36.557  209.6461
2014/01/05 14:05:37.558  209.6560
2014/01/05 14:05:38.558  209.6660
2014/01/05 14:05:39.558  209.6737
2014/01/05 14:05:40.558  209.6759
2014/01/05 14:05:41.558  209.6717
2014/01/05 14:05:42.558  209.6660
2014/01/05 14:05:43.558  209.6539
2014/01/05 14:05:44.558  209.6420
2014/01/05 14:05:45.592  209.6362
2014/01/05 14:05:46.557  209.6321
2014/01/05 14:05:46.596 wave: end burst
2014/01/05 14:07:21.277 [presf:DLOGP2]:Instrument Stopped [Power Off]
2014/01/05 14:57:33.732 [presf:DLOGP2]:Idle state, without initialize
2014/01/05 15:00:12.844 [presf:DLOGP2]:Instrument Started [Power On]
2014/01/05 15:05:24.496 tide: start time = 05 Jan 2014 15:00:30, p = 209.7503, pt = 14.074, t = 13.9242
2014/01/05 15:05:25.506 wave: start time = 05 Jan 2014 15:05:32
2014/01/05 15:05:25.534 wave: ptfreq = 171756.609
2014/01/05 15:05:27.551  209.7471
2014/01/05 15:05:28.551  209.7409
2014/01/05 15:05:29.551  209.7369
2014/01/05 15:05:30.551  209.7271
2014/01/05 15:05:31.551  209.7253
2014/01/05 15:05:32.552  209.7291
2014/01/05 15:05:33.551  209.7409
2014/01/05 15:05:34.552  209.7488
2014/01/05 15:05:35.551  209.7607
2014/01/05 15:05:36.551  209.7706
2014/01/05 15:05:37.551  209.7706
2014/01/05 15:05:38.551  209.7666
2014/01/05 15:05:39.551  209.7550
2014/01/05 15:05:40.551  209.7451
2014/01/05 15:05:41.551  209.7332
2014/01/05 15:05:42.551  209.7271
2014/01/05 15:05:43.551  209.7234
2014/01/05 15:05:44.551  209.7310
2014/01/05 15:05:45.551  209.7467
2014/01/05 15:05:46.552  209.7607
2014/01/05 15:05:46.590 wave: end burst
2014/01/05 15:07:19.263 [presf:DLOGP2]:Instrument Stopped [Power Off]
2014/01/05 15:57:32.120 [presf:DLOGP2]:Idle state, without initialize
2014/01/05 16:00:13.057 [presf:DLOGP2]:Instrument Started [Power On]
2014/01/05 16:05:24.490 tide: start time = 05 Jan 2014 16:00:30, p = 209.6321, pt = 14.074, t = 13.9216
2014/01/05 16:05:25.500 wave: start time = 05 Jan 2014 16:05:32
2014/01/05 16:05:25.528 wave: ptfreq = 171756.609
2014/01/05 16:05:27.545  209.6168
2014/01/05 16:05:28.545  209.6180
2014/01/05 16:05:29.545  209.6123
2014/01/05 16:05:30.545  209.6049
2014/01/05 16:05:31.545  209.6065
2014/01/05 16:05:32.545  209.6049
2014/01/05 16:05:33.545  209.6028
2014/01/05 16:05:34.545  209.6049
2014/01/05 16:05:35.545  209.6106
2014/01/05 16:05:36.545  209.6127
2014/01/05 16:05:37.545  209.6165
2014/01/05 16:05:38.545  209.6185
2014/01/05 16:05:39.545  209.6222
2014/01/05 16:05:40.545  209.6222
2014/01/05 16:05:41.545  209.6180
2014/01/05 16:05:42.545  209.6102
2014/01/05 16:05:43.545  209.6081
2014/01/05 16:05:44.545  209.6044
2014/01/05 16:05:45.545  209.5926
2014/01/05 16:05:46.545  209.5926
2014/01/05 16:05:46.584 wave: end burst
2014/01/05 16:07:19.254 [presf:DLOGP2]:Instrument Stopped [Power Off]
2014/01/05 16:57:34.560 [presf:DLOGP2]:Idle state, without initialize
2014/01/05 17:00:13.469 [presf:DLOGP2]:Instrument Started [Power On]
2014/01/05 17:05:25.489 tide: start time = 05 Jan 2014 17:00:31, p = 209.3104, pt = 14.074, t = 13.9193
2014/01/05 17:05:26.493 wave: start time = 05 Jan 2014 17:05:33
2014/01/05 17:05:26.521 wave: ptfreq = 171756.609
2014/01/05 17:05:28.538  209.2699
2014/01/05 17:05:29.538  209.2738
2014/01/05 17:05:30.538  209.2775
2014/01/05 17:05:31.538  209.2894
2014/01/05 17:05:32.538  209.2973
2014/01/05 17:05:33.557  209.3013
2014/01/05 17:05:34.538  209.3072
2014/01/05 17:05:35.538  209.3092
2014/01/05 17:05:36.540  209.3035
2014/01/05 17:05:37.541  209.2956
2014/01/05 17:05:38.538  209.2874
2014/01/05 17:05:39.538  209.2775
2014/01/05 17:05:40.538  209.2716
2014/01/05 17:05:41.538  209.2716
2014/01/05 17:05:42.538  209.2758
2014/01/05 17:05:43.538  209.2874
2014/01/05 17:05:44.538  209.2956
2014/01/05 17:05:45.538  209.3112
2014/01/05 17:05:46.539  209.3210
2014/01/05 17:05:47.538  209.3232
2014/01/05 17:05:47.584 wave: end burst
2014/01/05 17:07:18.266 [presf:DLOGP2]:Instrument Stopped [Power Off]
2014/01/05 17:57:35.107 [presf:DLOGP2]:Idle state, without initialize
2014/01/05 18:00:11.977 [presf:DLOGP2]:Instrument Started [Power On]
2014/01/05 18:05:23.476 tide: start time = 05 Jan 2014 18:00:29, p = 208.9126, pt = 14.074, t = 13.9237
2014/01/05 18:05:24.486 wave: start time = 05 Jan 2014 18:05:31
2014/01/05 18:05:24.514 wave: ptfreq = 171756.609
2014/01/05 18:05:26.531  208.8860
2014/01/05 18:05:27.531  208.8850
2014/01/05 18:05:28.531  208.8850
2014/01/05 18:05:29.554  208.8830
2014/01/05 18:05:30.531  208.8798
2014/01/05 18:05:31.531  208.8793
2014/01/05 18:05:32.531  208.8751
2014/01/05 18:05:33.532  208.8749
2014/01/05 18:05:34.532  208.8793
2014/01/05 18:05:35.531  208.8813
2014/01/05 18:05:36.531  208.8872
2014/01/05 18:05:37.531  208.8929
2014/01/05 18:05:38.531  208.8949
2014/01/05 18:05:39.531  208.9011
2014/01/05 18:05:40.531  208.9048
2014/01/05 18:05:41.531  208.9045
2014/01/05 18:05:42.531  208.9033
2014/01/05 18:05:43.531  208.9011
2014/01/05 18:05:44.531  208.8949
2014/01/05 18:05:45.531  208.8887
2014/01/05 18:05:45.573 wave: end burst
2014/01/05 18:07:20.253 [presf:DLOGP2]:Instrument Stopped [Power Off]
2014/01/05 18:57:33.737 [presf:DLOGP2]:Idle state, without initialize
2014/01/05 19:00:12.633 [presf:DLOGP2]:Instrument Started [Power On]
2014/01/05 19:05:24.469 tide: start time = 05 Jan 2014 19:00:30, p = 208.4976, pt = 14.074, t = 13.9303
2014/01/05 19:05:25.479 wave: start time = 05 Jan 2014 19:05:32
2014/01/05 19:05:25.507 wave: ptfreq = 171756.609
2014/01/05 19:05:27.524  208.4643
2014/01/05 19:05:28.524  208.4650
2014/01/05 19:05:29.524  208.4672
2014/01/05 19:05:30.524  208.4730
2014/01/05 19:05:31.524  208.4788
2014/01/05 19:05:32.524  208.4848
2014/01/05 19:05:33.524  208.4907
2014/01/05 19:05:34.524  208.4927
2014/01/05 19:05:35.524  208.4927
2014/01/05 19:05:36.524  208.4927
2014/01/05 19:05:37.524  208.4870
2014/01/05 19:05:38.524  208.4788
2014/01/05 19:05:39.524  208.4749
2014/01/05 19:05:40.524  208.4650
2014/01/05 19:05:41.524  208.4574
2014/01/05 19:05:42.524  208.4511
2014/01/05 19:05:43.524  208.4474
2014/01/05 19:05:44.524  208.4453
2014/01/05 19:05:45.524  208.4490
2014/01/05 19:05:46.524  208.4574
2014/01/05 19:05:46.563 wave: end burst
2014/01/05 19:07:19.229 [presf:DLOGP2]:Instrument Stopped [Power Off]
2014/01/05 19:57:35.811 [presf:DLOGP2]:Idle state, without initialize
2014/01/05 20:00:10.646 [presf:DLOGP2]:Instrument Started [Power On]
2014/01/05 20:05:22.462 tide: start time = 05 Jan 2014 20:00:28, p = 208.1874, pt = 14.074, t = 13.9247
2014/01/05 20:05:23.471 wave: start time = 05 Jan 2014 20:05:30
2014/01/05 20:05:23.499 wave: ptfreq = 171756.609
2014/01/05 20:05:25.517  208.1573
2014/01/05 20:05:26.517  208.1635
2014/01/05 20:05:27.516  208.1717
2014/01/05 20:05:28.525  208.1754
2014/01/05 20:05:29.516  208.1816
2014/01/05 20:05:30.516  208.1853
2014/01/05 20:05:31.516  208.1853
2014/01/05 20:05:32.516  208.1833
2014/01/05 20:05:33.517  208.1754
2014/01/05 20:05:34.516  208.1697
2014/01/05 20:05:35.516  208.1598
2014/01/05 20:05:36.517  208.1536
2014/01/05 20:05:37.516  208.1499
2014/01/05 20:05:38.516  208.1478
2014/01/05 20:05:39.516  208.1478
2014/01/05 20:05:40.516  208.1556
2014/01/05 20:05:41.516  208.1618
2014/01/05 20:05:42.516  208.1677
2014/01/05 20:05:43.516  208.1776
2014/01/05 20:05:44.516  208.1833
2014/01/05 20:05:44.555 wave: end burst
2014/01/05 20:07:19.232 [presf:DLOGP2]:Instrument Stopped [Power Off]
2014/01/05 20:57:33.403 [presf:DLOGP2]:Idle state, without initialize
2014/01/05 21:00:11.144 [presf:DLOGP2]:Instrument Started [Power On]
2014/01/05 21:05:22.452 tide: start time = 05 Jan 2014 21:00:28, p = 208.0096, pt = 14.074, t = 13.9242
2014/01/05 21:05:23.461 wave: start time = 05 Jan 2014 21:05:30
2014/01/05 21:05:23.490 wave: ptfreq = 171756.609
2014/01/05 21:05:25.507  208.0079
2014/01/05 21:05:26.507  208.0121
2014/01/05 21:05:27.507  208.0129
2014/01/05 21:05:28.507  208.0099
2014/01/05 21:05:29.507  208.0072
2014/01/05 21:05:30.507  207.9989
2014/01/05 21:05:31.507  207.9951
2014/01/05 21:05:32.507  207.9911
2014/01/05 21:05:33.515  207.9889
2014/01/05 21:05:34.507  207.9889
2014/01/05 21:05:35.507  207.9889
2014/01/05 21:05:36.507  207.9951
2014/01/05 21:05:37.507  208.0010
2014/01/05 21:05:38.507  208.0050
2014/01/05 21:05:39.507  208.0088
2014/01/05 21:05:40.507  208.0129
2014/01/05 21:05:41.507  208.0088
2014/01/05 21:05:42.507  208.0050
2014/01/05 21:05:43.507  207.9989
2014/01/05 21:05:44.507  207.9911
2014/01/05 21:05:44.545 wave: end burst
2014/01/05 21:07:19.266 [presf:DLOGP2]:Instrument Stopped [Power Off]
2014/01/05 21:57:32.897 [presf:DLOGP2]:Idle state, without initialize
2014/01/05 22:00:12.627 [presf:DLOGP2]:Instrument Started [Power On]
2014/01/05 22:05:24.460 tide: start time = 05 Jan 2014 22:00:30, p = 208.0120, pt = 14.074, t = 13.9245
2014/01/05 22:05:25.470 wave: start time = 05 Jan 2014 22:05:32
2014/01/05 22:05:25.498 wave: ptfreq = 171756.609
2014/01/05 22:05:27.515  208.0022
2014/01/05 22:05:28.515  207.9985
2014/01/05 22:05:29.515  207.9973
2014/01/05 22:05:30.515  207.9963
2014/01/05 22:05:31.515  207.9951
2014/01/05 22:05:32.515  208.0010
2014/01/05 22:05:33.514  208.0010
2014/01/05 22:05:34.515  208.0072
2014/01/05 22:05:35.514  208.0109
2014/01/05 22:05:36.514  208.0149
2014/01/05 22:05:37.514  208.0171
2014/01/05 22:05:38.514  208.0171
2014/01/05 22:05:39.514  208.0129
2014/01/05 22:05:40.514  208.0072
2014/01/05 22:05:41.514  207.9973
2014/01/05 22:05:42.514  207.9889
2014/01/05 22:05:43.514  207.9812
2014/01/05 22:05:44.514  207.9775
2014/01/05 22:05:45.514  207.9733
2014/01/05 22:05:46.514  207.9790
2014/01/05 22:05:46.553 wave: end burst
2014/01/05 22:07:19.230 [presf:DLOGP2]:Instrument Stopped [Power Off]
2014/01/05 22:57:30.291 [presf:DLOGP2]:Idle state, without initialize
2014/01/05 23:00:12.011 [presf:DLOGP2]:Instrument Started [Power On]
2014/01/05 23:05:23.468 tide: start time = 05 Jan 2014 23:00:29, p = 208.1874, pt = 14.074, t = 13.9247
2014/01/05 23:05:24.477 wave: start time = 05 Jan 2014 23:05:31
2014/01/05 23:05:24.505 wave: ptfreq = 171756.609
2014/01/05 23:05:26.530  208.1825
2014/01/05 23:05:27.522  208.1853
2014/01/05 23:05:28.522  208.1895
2014/01/05 23:05:29.522  208.1953
2014/01/05 23:05:30.522  208.2015
2014/01/05 23:05:31.522  208.2052
2014/01/05 23:05:32.522  208.2093
2014/01/05 23:05:33.521  208.2114
2014/01/05 23:05:34.521  208.2093
2014/01/05 23:05:35.521  208.2052
2014/01/05 23:05:36.550  208.1994
2014/01/05 23:05:37.521  208.1932
2014/01/05 23:05:38.520  208.1875
2014/01/05 23:05:39.522  208.1816
2014/01/05 23:05:40.520  208.1816
2014/01/05 23:05:41.520  208.1833
2014/01/05 23:05:42.520  208.1875
2014/01/05 23:05:43.520  208.1932
2014/01/05 23:05:44.520  208.2031
2014/01/05 23:05:45.520  208.2073
2014/01/05 23:05:45.559 wave: end burst
2014/01/05 23:07:18.219 [presf:DLOGP2]:Instrument Stopped [Power Off]
2014/01/05 23:57:32.553 [presf:DLOGP2]:Idle state, without initialize
