2014/01/05 00:00:11.193 [presf:DLOGP2]:Instrument Started [Power On]
2014/01/05 00:05:22.594 tide: start time = 05 Jan 2014 00:00:28, p = 208.8057, pt = 14.004, t = 13.8633
2014/01/05 00:05:23.604 wave: start time = 05 Jan 2014 00:05:30
2014/01/05 00:05:23.632 wave: ptfreq = 171756.000
2014/01/05 00:05:25.669  208.8438
2014/01/05 00:05:26.669  208.8346
2014/01/05 00:05:27.669  208.8244
2014/01/05 00:05:28.669  208.8148
2014/01/05 00:05:29.669  208.8069
2014/01/05 00:05:30.671  208.7991
2014/01/05 00:05:31.669  208.8004
2014/01/05 00:05:32.673  208.8049
2014/01/05 00:05:33.671  208.8111
2014/01/05 00:05:34.671  208.8189
2014/01/05 00:05:35.671  208.8267
2014/01/05 00:05:36.669  208.8388
2014/01/05 00:05:37.669  208.8445
2014/01/05 00:05:38.670  208.8462
2014/01/05 00:05:39.669  208.8425
2014/01/05 00:05:40.671  208.8325
2014/01/05 00:05:41.669  208.8168
2014/01/05 00:05:42.670  208.8004
2014/01/05 00:05:43.669  208.7873
2014/01/05 00:05:44.670  208.7773
2014/01/05 00:05:44.707 wave: end burst
2014/01/05 00:07:19.376 [presf:DLOGP2]:Instrument Stopped [Power Off]
2014/01/05 01:00:10.897 [presf:DLOGP2]:Instrument Started [Power On]
2014/01/05 01:05:22.589 tide: start time = 05 Jan 2014 01:00:28, p = 209.1991, pt = 13.990, t = 13.8445
2014/01/05 01:05:23.599 wave: start time = 05 Jan 2014 01:05:30
2014/01/05 01:05:23.627 wave: ptfreq = 171756.062
2014/01/05 01:05:25.644  209.1599
2014/01/05 01:05:26.687  209.1439
2014/01/05 01:05:27.644  209.1500
2014/01/05 01:05:28.644  209.1641
2014/01/05 01:05:29.644  209.1876
2014/01/05 01:05:30.644  209.2136
2014/01/05 01:05:31.644  209.2350
2014/01/05 01:05:32.644  209.2491
2014/01/05 01:05:33.644  209.2512
2014/01/05 01:05:34.644  209.2454
2014/01/05 01:05:35.644  209.2272
2014/01/05 01:05:36.666  209.2094
2014/01/05 01:05:37.644  209.1933
2014/01/05 01:05:38.644  209.1797
2014/01/05 01:05:39.644  209.1719
2014/01/05 01:05:40.644  209.1739
2014/01/05 01:05:41.647  209.1797
2014/01/05 01:05:42.644  209.1855
2014/01/05 01:05:43.644  209.1995
2014/01/05 01:05:44.644  209.2074
2014/01/05 01:05:44.683 wave: end burst
2014/01/05 01:07:19.364 [presf:DLOGP2]:Instrument Stopped [Power Off]
2014/01/05 01:57:33.855 [presf:DLOGP2]:Idle state, without initialize
2014/01/05 02:00:10.032 [presf:DLOGP2]:Instrument Started [Power On]
2014/01/05 02:05:21.585 tide: start time = 05 Jan 2014 02:00:27, p = 209.4531, pt = 14.004, t = 13.8373
2014/01/05 02:05:22.594 wave: start time = 05 Jan 2014 02:05:29
2014/01/05 02:05:22.623 wave: ptfreq = 171755.828
2014/01/05 02:05:24.640  209.4457
2014/01/05 02:05:25.640  209.4482
2014/01/05 02:05:26.640  209.4462
2014/01/05 02:05:27.640  209.4405
2014/01/05 02:05:28.640  209.4368
2014/01/05 02:05:29.642  209.4306
2014/01/05 02:05:30.640  209.4306
2014/01/05 02:05:31.640  209.4247
2014/01/05 02:05:32.640  209.4306
2014/01/05 02:05:33.640  209.4383
2014/01/05 02:05:34.640  209.4482
2014/01/05 02:05:35.640  209.4623
2014/01/05 02:05:36.640  209.4722
2014/01/05 02:05:37.640  209.4780
2014/01/05 02:05:38.640  209.4842
2014/01/05 02:05:39.640  209.4801
2014/01/05 02:05:40.640  209.4743
2014/01/05 02:05:41.640  209.4644
2014/01/05 02:05:42.640  209.4544
2014/01/05 02:05:43.640  209.4482
2014/01/05 02:05:43.678 wave: end burst
2014/01/05 02:07:20.363 [presf:DLOGP2]:Instrument Stopped [Power Off]
2014/01/05 02:57:34.668 [presf:DLOGP2]:Idle state, without initialize
2014/01/05 03:00:10.169 [presf:DLOGP2]:Instrument Started [Power On]
2014/01/05 03:05:21.578 tide: start time = 05 Jan 2014 03:00:27, p = 209.5021, pt = 13.981, t = 13.8246
2014/01/05 03:05:22.588 wave: start time = 05 Jan 2014 03:05:29
2014/01/05 03:05:22.616 wave: ptfreq = 171755.890
2014/01/05 03:05:24.633  209.4386
2014/01/05 03:05:25.633  209.4368
2014/01/05 03:05:26.633  209.4551
2014/01/05 03:05:27.633  209.4727
2014/01/05 03:05:28.633  209.4910
2014/01/05 03:05:29.633  209.5165
2014/01/05 03:05:30.633  209.5306
2014/01/05 03:05:31.633  209.5382
2014/01/05 03:05:32.633  209.5404
2014/01/05 03:05:33.633  209.5284
2014/01/05 03:05:34.633  209.5145
2014/01/05 03:05:35.633  209.4925
2014/01/05 03:05:36.633  209.4727
2014/01/05 03:05:37.633  209.4566
2014/01/05 03:05:38.633  209.4529
2014/01/05 03:05:39.633  209.4551
2014/01/05 03:05:40.633  209.4665
2014/01/05 03:05:41.633  209.4910
2014/01/05 03:05:42.633  209.5108
2014/01/05 03:05:43.634  209.5321
2014/01/05 03:05:43.672 wave: end burst
2014/01/05 03:07:20.354 [presf:DLOGP2]:Instrument Stopped [Power Off]
2014/01/05 03:57:35.212 [presf:DLOGP2]:Idle state, without initialize
2014/01/05 04:00:10.626 [presf:DLOGP2]:Instrument Started [Power On]
2014/01/05 04:05:22.572 tide: start time = 05 Jan 2014 04:00:28, q = 209.3532, pt = 13.960, t = 13.8111
2014/01/05 04:05:23.582 wave: start time = 05 Jan 2014 04:05:30
2014/01/05 04:05:23.610 wave: ptfreq = 171755.640
2014/01/05 04:05:25.627  209.3247
2014/01/05 04:05:26.627  209.3293
2014/01/05 04:05:27.634  209.3313
2014/01/05 04:05:28.627  209.3412
2014/01/05 04:05:29.627  209.3470
2014/01/05 04:05:30.627  209.3491
2014/01/05 04:05:31.627  209.3511
2014/01/05 04:05:32.627  209.3491
2014/01/05 04:05:33.627  209.3470
2014/01/05 04:05:34.627  209.3433
2014/01/05 04:05:35.627  209.3392
2014/01/05 04:05:36.627  209.3371
2014/01/05 04:05:37.627  209.3334
2014/01/05 04:05:38.631  209.3334
2014/01/05 04:05:39.627  209.3313
2014/01/05 04:05:40.627  209.3293
2014/01/05 04:05:41.627  209.3313
2014/01/05 04:05:42.627  209.3272
2014/01/05 04:05:43.627  209.3214
2014/01/05 04:05:44.627  209.3194
2014/01/05 04:05:44.665 wave: end burst
2014/01/05 04:07:19.331 [presf:DLOGP2]:Instrument Stopped [Power Off]
2014/01/05 04:57:28.487 [presf:DLOGP2]:Idle state, without initialize
2014/01/05 05:00:12.030 [presf:DLOGP2]:Instrument Started [Power On]
2014/01/05 05:05:23.564 tide: start time = 05 Jan 2014 05:00:29, p = 209.0280, pt = 13.960, t = 13.8105
2014/01/05 05:05:24.574 wave: start time = 05 Jan 2014 05:05:31
2014/01/05 05:05:24.602 wave: ptfreq = 171755.718
2014/01/05 05:05:26.619  209.0053
2014/01/05 05:05:27.620  208.9986
2014/01/05 05:05:28.619  208.9946
2014/01/05 05:05:29.625  208.9929
2014/01/05 05:05:30.619  208.9904
2014/01/05 05:05:31.620  208.9929
2014/01/05 05:05:32.619  208.9966
2014/01/05 05:05:33.619  208.9986
2014/01/05 05:05:34.619  208.9983
2014/01/05 05:05:35.619  209.0008
2014/01/05 05:05:36.619  208.9986
2014/01/05 05:05:37.619  208.9986
2014/01/05 05:05:38.619  209.0008
2014/01/05 05:05:39.620  209.0003
2014/01/05 05:05:40.619  209.0065
2014/01/05 05:05:41.627  209.0065
2014/01/05 05:05:42.619  209.0085
2014/01/05 05:05:43.620  209.0122
2014/01/05 05:05:44.619  209.0107
2014/01/05 05:05:45.620  209.0107
2014/01/05 05:05:45.658 wave: end burst
2014/01/05 05:07:20.336 [presf:DLOGP2]:Instrument Stopped [Power Off]
2014/01/05 05:57:34.957 [presf:DLOGP2]:Idle state, without initialize
2014/01/05 06:00:10.384 [presf:DLOGP2]:Instrument Started [Power On]
2014/01/05 06:05:21.558 tide: start time = 05 Jan 2014 06:00:27, p = 208.6364, pt = 14.004, t = 13.9294
2014/01/05 06:05:22.567 wave: start time = 05 Jan 2014 06:05:29
2014/01/05 06:05:22.595 wave: ptfreq = 171756.062
2014/01/05 06:05:24.613  208.5386
2014/01/05 06:05:25.613  208.5379
2014/01/05 06:05:26.613  208.5494
2014/01/05 06:05:27.612  208.5713
2014/01/05 06:05:28.612  208.5973
2014/01/05 06:05:29.613  208.6230
2014/01/05 06:05:30.622  208.6488
2014/01/05 06:05:31.613  208.6624
2014/01/05 06:05:32.613  208.6686
2014/01/05 06:05:33.612  208.6587
2014/01/05 06:05:34.612  208.6389
2014/01/05 06:05:35.612  208.6163
2014/01/05 06:05:36.612  208.5854
2014/01/05 06:05:37.613  208.5594
2014/01/05 06:05:38.613  208.5478
2014/01/05 06:05:39.612  208.5457
2014/01/05 06:05:40.613  208.5556
2014/01/05 06:05:41.613  208.5733
2014/01/05 06:05:42.613  208.5990
2014/01/05 06:05:43.613  208.6269
2014/01/05 06:05:43.651 wave: end burst
2014/01/05 06:07:20.474 [presf:DLOGP2]:Instrument Stopped [Power Off]
2014/01/05 06:57:30.437 [presf:DLOGP2]:Idle state, without initialize
2014/01/05 07:00:11.835 [presf:DLOGP2]:Instrument Started [Power On]
2014/01/05 07:05:23.553 tide: start time = 05 Jan 2014 07:00:29, p = 208.2919, pt = 14.074, t = 13.9423
2014/01/05 07:05:24.562 wave: start time = 05 Jan 2014 07:05:31
2014/01/05 07:05:24.590 wave: ptfreq = 171756.609
2014/01/05 07:05:26.607  208.3075
2014/01/05 07:05:27.610  208.2983
2014/01/05 07:05:28.607  208.2845
2014/01/05 07:05:29.607  208.2746
2014/01/05 07:05:30.607  208.2629
2014/01/05 07:05:31.611  208.2448
2014/01/05 07:05:32.607  208.2333
2014/01/05 07:05:33.608  208.2390
2014/01/05 07:05:34.630  208.2469
2014/01/05 07:05:35.609  208.2530
2014/01/05 07:05:36.607  208.2687
2014/01/05 07:05:37.607  208.2906
2014/01/05 07:05:38.607  208.3005
2014/01/05 07:05:39.608  208.3045
2014/01/05 07:05:40.607  208.3045
2014/01/05 07:05:41.607  208.3025
2014/01/05 07:05:42.607  208.2906
2014/01/05 07:05:43.607  208.2746
2014/01/05 07:05:44.607  208.2647
2014/01/05 07:05:45.607  208.2588
2014/01/05 07:05:45.658 wave: end burst
2014/01/05 07:07:20.343 [presf:DLOGP2]:Instrument Stopped [Power Off]
2014/01/05 07:57:34.107 [presf:DLOGP2]:Idle state, without initialize
2014/01/05 08:00:09.388 [presf:DLOGP2]:Instrument Started [Power On]
2014/01/05 08:05:20.544 tide: start time = 05 Jan 2014 08:00:26, p = 208.0616, pt = 14.096, t = 13.9301
2014/01/05 08:05:21.554 wave: start time = 05 Jan 2014 08:05:28
2014/01/05 08:05:21.582 wave: ptfreq = 171756.781
2014/01/05 08:05:23.599  208.0312
2014/01/05 08:05:24.599  208.0255
2014/01/05 08:05:25.599  208.0233
2014/01/05 08:05:26.599  208.0176
2014/01/05 08:05:27.603  208.0114
2014/01/05 08:05:28.599  208.0114
2014/01/05 08:05:29.599  208.0134
2014/01/05 08:05:30.599  208.0196
2014/01/05 08:05:31.599  208.0295
2014/01/05 08:05:32.599  208.0332
2014/01/05 08:05:33.602  208.0394
2014/01/05 08:05:34.599  208.0473
2014/01/05 08:05:35.604  208.0473
2014/01/05 08:05:36.599  208.0411
2014/01/05 08:05:37.606  208.0354
2014/01/05 08:05:38.599  208.0354
2014/01/05 08:05:39.605  208.0332
2014/01/05 08:05:40.599  208.0275
2014/01/05 08:05:41.599  208.0295
2014/01/05 08:05:42.600  208.0332
2014/01/05 08:05:42.638 wave: end burst
2014/01/05 08:07:21.303 [presf:DLOGP2]:Instrument Stopped [Power Off]
2014/01/05 08:57:34.714 [presf:DLOGP2]:Idle state, without initialize
2014/01/05 09:00:12.008 [presf:DLOGP2]:Instrument Started [Power On]
2014/01/05 09:05:23.538 tide: start time = 05 Jan 2014 09:00:29, p = 208.0029, pt = 14.074, t = 13.9239
2014/01/05 09:05:24.547 wave: start time = 05 Jan 2014 09:05:31
2014/01/05 09:05:24.576 wave: ptfreq = 171756.609
2014/01/05 09:05:26.593  208.0307
2014/01/05 09:05:27.592  208.0208
2014/01/05 09:05:28.592  208.0109
2014/01/05 09:05:29.592  207.9973
2014/01/05 09:05:30.608  207.9853
2014/01/05 09:05:31.597  207.9775
2014/01/05 09:05:32.593  207.9754
2014/01/05 09:05:33.592  207.9754
2014/01/05 09:05:34.593  207.9832
2014/01/05 09:05:35.606  207.9973
2014/01/05 09:05:36.593  208.0129
2014/01/05 09:05:37.592  208.0228
2014/01/05 09:05:38.593  208.0348
2014/01/05 09:05:39.592  208.0426
2014/01/05 09:05:40.593  208.0406
2014/01/05 09:05:41.592  208.0327
2014/01/05 09:05:42.593  208.0228
2014/01/05 09:05:43.592  208.0129
2014/01/05 09:05:44.595  207.9989
2014/01/05 09:05:45.593  207.9853
2014/01/05 09:05:45.631 wave: end burst
2014/01/05 23:07:18.219 [presf:DLOGP2]:Instrument Stopped [Power Off]
2014/01/05 23:57:32.553 [presf:DLOGP2]:Idle state, without initialize
