2015/09/24 18:30:17.876 sent: +++
2015/09/24 18:30:17.927 rcvd: user:1>
2015/09/24 18:30:17.928 sent: ATR2
2015/09/24 18:30:21.645 rcvd: Range 1 to 2 : 122.9 m 
2015/09/24 18:30:21.647 sent: AT$V2
2015/09/24 18:30:24.796 rcvd: Remote Battery Voltages
2015/09/24 18:30:24.814 rcvd: DSP Bat = 02.9V
2015/09/24 18:30:24.833 rcvd: Xmit Bat = 15.6V
2015/09/24 18:30:24.834 sent: ATD2
2015/09/24 18:30:27.991 rcvd: CONNECT 00800 bits/sec
2015/09/24 18:30:28.002 sent: $PWETC,,,,,WHE*07
2015/09/24 18:30:38.520 rcvd: $PWETA,,,PC,P1,WHE,5,08:08:45,09/24/2015,0.82,7.74,1*75
2015/09/24 18:30:38.631 sent: $PWETC,,,BC,,SUM*17
2015/09/24 18:30:50.875 rcvd: $PWETA,BC,,PC,P1,SUM,14,23.55,0.75,1.55,30.1,-6627967,12673414.PPB,228106,279478272,1399,140,30.45,3.800,-1935.35,2*3A
2015/09/24 18:30:50.998 sent: $PWETC,,,BC,,DATE*48
2015/09/24 18:31:01.451 rcvd: $PWETA,BC,,PC,P1,DATE,3,9/24/2015,18:31:19,0.0*1F
2015/09/24 18:31:01.564 sent: $PWETC,,,BC,,PFS*19
2015/09/24 18:31:11.785 rcvd: $PWETA,BC,,PC,P1,PFS,2,5,0*72
2015/09/24 18:31:11.899 sent: $PWETC,,,BC,,PST*0B
2015/09/24 18:31:22.354 rcvd: $PWETA,BC,,PC,P1,PST,3,20:11:34,09/24/2015,5994*45
2015/09/24 18:31:22.468 sent: $PWETC,,,,,ENA,2,ACS,0*68
2015/09/24 18:31:32.781 rcvd: $PWETA,,,PC,P1,ENA,2,ACS,OFF*67
2015/09/24 18:31:32.894 sent: $PWETC,,,,,ENA,2,PMP,0*74
2015/09/24 18:31:43.177 rcvd: $PWETA,,,PC,P1,ENA,2,PMP,OFF*7B
2015/09/24 18:31:43.293 sent: +++
2015/09/24 18:31:43.376 rcvd: user:4>
2015/09/24 18:31:43.377 sent: ATH
2015/09/24 18:31:43.420 rcvd: Off Line
