2015/10/12 18:30:16.976 sent: +++
2015/10/12 18:30:17.031 rcvd: user:1>
2015/10/12 18:30:17.032 sent: ATR2
2015/10/12 18:30:20.783 rcvd: Range 1 to 2 : 126.7 m 
2015/10/12 18:30:20.784 sent: AT$V2
2015/10/12 18:30:24.001 rcvd: Remote Battery Voltages
2015/10/12 18:30:24.019 rcvd: DSP Bat = 03.0V
2015/10/12 18:30:24.038 rcvd: Xmit Bat = 15.4V
2015/10/12 18:30:24.039 sent: ATD2
2015/10/12 18:30:27.246 rcvd: CONNECT 00800 bits/sec
2015/10/12 18:30:27.258 sent: $PWETC,,,BC,,DATE*48
2015/10/12 18:30:37.754 rcvd: $PWETA,BC,,PC,P1,DATE,3,10/12/2015,18:31:06,0.0*2C
2015/10/12 18:30:37.869 sent: $PWETC,,,,,PRO,10,,86400,,,,,,,86400,*3D
2015/10/12 18:31:05.179 rcvd: $PWETA,,,WC,,NOT,1,CCSTP*78
2015/10/12 18:31:05.295 sent: $PWETC,,,,,PRO*10
2015/10/12 18:31:18.152 rcvd: $PWETA,,,PC,P1,PRO,10,-6640764,86370,10.0,-1.00,1.00,1.4,35.0,1,86400,0*51
2015/10/12 18:31:18.262 sent: $PWETC,,,,,WHE*07
2015/10/12 18:31:28.780 rcvd: $PWETA,,,PC,P1,WHE,5,00:00:00,01/01/1970,0.00,0.00,0*7D
2015/10/12 18:31:28.889 sent: $PWETC,,,BC,,SUM*17
2015/10/12 18:31:41.253 rcvd: $PWETA,BC,,PC,P1,SUM,14,27.84,10.19/J.12,29.4,-6605054,12847717.PPB,142119,255410176,1806,172,30.11,3.712,1858.74,1*22
2015/10/12 18:31:41.367 sent: $PWETC,,BC,,PFS*19
2015/10/12 18:32:21.367 rcvd: 
2015/10/12 18:32:21.490 sent: $PWETC,,,,,ENA,2,ACS,0*68
2015/10/12 18:33:01.479 rcvd: 
2015/10/12 18:33:01.591 sent: $PWETC,,,,,ENA,2,PMP,0*7B
2015/10/12 18:33:41.601 rcvd: 
2015/10/12 18:33:41.715 sent: +++
2015/10/12 18:33:41.788 rcvd: user:4>
2015/10/12 18:33:41.790 sent: ATH
2015/10/12 18:33:41.883 rcvd: Off Line
