2015/09/02 00:30:18.824 sent: +++
2015/09/02 00:30:18.891 rcvd: user:1>
2015/09/02 00:30:18.892 sent: ATR2
2015/09/02 00:30:22.610 rcvd: Range 1 to 2 : 120.3 m 
2015/09/02 00:30:22.612 sent: AT$V2
2015/09/02 00:30:25.762 rcvd: Remote Battery Voltages
2015/09/02 00:30:25.779 rcvd: DSP Bat = 02.9V
2015/09/02 00:30:25.798 rcvd: Xmit Bat = 16.1V
2015/09/02 00:30:25.800 sent: ATD2
2015/09/02 00:30:28.956 rcvd: CONNECT 00800 bits/sec
2015/09/02 00:30:28.968 sent: $PWETC,,,BC,,DATE*48
2015/09/02 00:30:39.412 rcvd: $PWETA,BC,,PC,P1,DATE,3,9/2/2015,00:30:43,0.0*2C
2015/09/02 00:30:39.530 sent: $PWETC,,,BC,,PFS*19
2015/09/02 00:30:49.748 rcvd: $PWETA,BC,,PC,P1,PFS,2,5,0*72
2015/09/02 00:30:49.856 sent: $PWETC,,,BC,,PST*0B
2015/09/02 00:31:00.319 rcvd: $PWETA,BC,,PC,P1,PST,3,01:56:06,09/02/2015,5102*47
2015/09/02 00:31:00.437 sent: $PWETC,,,BC,,SUM*17
2015/09/02 00:31:12.042 rcvd: $PWETA,BC,,PC,P1,SUM,14,14.58,1.63,1.67,31.4,-5476119,12448306.PPB,235590,325730304,630,64,31.79,3.976,1997.09,2*1E
2015/09/02 00:31:12.153 sent: $PWETC,,,,,ENA,2,ACS,0*68
2015/09/02 00:31:22.453 rcvd: $PWETA,,,PC,P1,ENA,2,ACS,OFF*67
2015/09/02 00:31:22.560 sent: $PWETC,,,,,ENA,2,PMP,0*74
2015/09/02 00:31:32.850 rcvd: $PWETA,,,PC,P1,ENA,2,PMP,OFF*7B
2015/09/02 00:31:32.960 sent: +++
2015/09/02 00:31:32.992 rcvd: user:4>
2015/09/02 00:31:32.993 sent: ATH
2015/09/02 00:31:33.097 rcvd: Off Line
