2015/10/06 18:30:17.011 sent: +++
2015/10/06 18:30:17.077 rcvd: user:1>
2015/10/06 18:30:17.078 sent: ATR2
2015/10/06 18:30:20.796 rcvd: Range 1 to 2 : 120.2 m 
2015/10/06 18:30:20.797 sent: AT$V2
2015/10/06 18:30:28.390 rcvd: Response Not Received
2015/10/06 18:30:28.392 sent: AT$V2
2015/10/06 18:30:31.549 rcvd: Remote Battery Voltages
2015/10/06 18:30:31.562 rcvd: DSP Bat = 03.0V
2015/10/06 18:30:31.580 rcvd: Xmit Bat = 15.4V
2015/10/06 18:30:31.582 sent: ATD2
2015/10/06 18:30:34.747 rcvd: CONNECT 00800 bits/sec
2015/10/06 18:30:34.760 sent: $PWETC,,,,,WHE*07
2015/10/06 18:31:14.757 rcvd: 
2015/10/06 18:31:14.869 sent: $PWETC,,,BC,,SUM*17
2015/10/06 18:31:54.859 rcvd: 
2015/10/06 18:31:54.971 sent: $PWETC,,,BC,,DATE*48
2015/10/06 18:32:34.971 rcvd: 
2015/10/06 18:32:35.092 sent: $PWETC,,,BC,,PFS*19
2015/10/06 18:33:15.083 rcvd: 
2015/10/06 18:33:15.194 sent: $PWETC,,,BC,,PST*0B
2015/10/06 18:33:55.184 rcvd: 
2015/10/06 18:33:55.297 sent: $PWETC,,,,,ENA,2,ACS,0*68
2015/10/06 18:34:35.296 rcvd: 
2015/10/06 18:34:35.418 sent: $PWETC,,,,,ENA,2,PMP,0*74
2015/10/06 18:35:15.408 rcvd: 
