2015/10/10 00:30:18.703 sent: +++
2015/10/10 00:30:18.778 rcvd: user:1>
2015/10/10 00:30:18.779 sent: ATR2
2015/10/10 00:30:22.497 rcvd: Range 1 to 2 : 131.2 m 
2015/10/10 00:30:22.500 sent: AT$V2
2015/10/10 00:30:25.640 rcvd: Remote Battery Voltages
2015/10/10 00:30:25.658 rcvd: DSP Bat = 02.9V
2015/10/10 00:30:25.677 rcvd: Xmit Bat = 15.4V
2015/10/10 00:30:25.679 sent: ATD2
2015/10/10 00:30:28.793 rcvd: CONNECT 00800 bits/sec
2015/10/10 00:30:28.808 sent: $PWETC,,,BC,,DATE*48
2015/10/10 00:30:39.259 rcvd: $PWETA,BC,,PC,P1,DATE,3,10/10/2015,00:31:05,0.0*24
2015/10/10 00:30:39.377 sent: $PWETC,,,,,PRO,10,,86400,,,,,,,86400,*3D
2015/10/10 00:31:06.225 rcvd: $PWETA,,,WC,,NOT,1,CCSTP*78
2015/10/10 00:31:06.341 sent: $PWETC,,,,,PRO*10
2015/10/10 00:31:22.359 rcvd: $PWETA,,,PC,P1,PRO,10,-6640764,86368,10.0,-1.00,1.00,1.4,35.0,1,86400,0*58
2015/10/10 00:31:22.468 sent: $PWETC,,,,,WHE*07
2015/10/10 00:31:32.978 rcvd: $PWETA,,,PC,P1,WHE,5,00:00:00,01/01/1970,0.00,0.00,0*7D
2015/10/10 00:31:33.085 sent: $PWETC,,,BC,,SUM*17
2015/10/10 00:31:45.324 rcvd: $PWETA,BC,,PC,P1,SUM,14,22.00,0.67,1.65,29.5,-6645074,12808414.PPB,229257,257818624,1709,171,30.15,3.729,2321.07,1*10
2015/10/10 00:31:45.433 sent: $PWETC,,BC,,PFS*19
2015/10/10 00:32:25.431 rcvd: 
2015/10/10 00:32:25.549 sent: $PWETC,,,,,ENA,2,ACS,0*68
2015/10/10 00:33:05.534 rcvd: 
2015/10/10 00:33:05.645 sent: $PWETC,,,,,ENA,2,PMP,0*7B
2015/10/10 00:33:45.654 rcvd: 
2015/10/10 00:33:45.788 sent: +++
2015/10/10 00:33:45.828 rcvd: user:4>
2015/10/10 00:33:45.829 sent: ATH
2015/10/10 00:33:45.879 rcvd: Off Line
