2015/10/11 12:30:17.355 sent: +++
2015/10/11 12:30:17.424 rcvd: user:1>
2015/10/11 12:30:17.426 sent: ATR2
2015/10/11 12:30:21.142 rcvd: Range 1 to 2 : 124.9 m 
2015/10/11 12:30:21.144 sent: AT$V2
2015/10/11 12:30:24.294 rcvd: Remote Battery Voltages
2015/10/11 12:30:24.312 rcvd: DSP Bat = 03.0V
2015/10/11 12:30:24.330 rcvd: Xmit Bat = 15.4V
2015/10/11 12:30:24.332 sent: ATD2
2015/10/11 12:30:27.489 rcvd: CONNECT 00800 bits/sec
2015/10/11 12:30:27.508 sent: $PWETC,,,BC,,DATE*48
2015/10/11 12:30:37.955 rcvd: $PWETA,BC,,PC,P1,DATE,3,10/11/2015,12:31:05,0.0*26
2015/10/11 12:30:38.070 sent: $PWETC,,,,,PRO,10,,86400,,,,,,,86400,*3D
2015/10/11 12:31:06.822 rcvd: $PWETA,,,WC,,NOT,1,CCSTP*78
2015/10/11 12:31:06.934 sent: $PWETC,,,,,PRO*10
2015/10/11 12:31:19.596 rcvd: $PWETA,,,PC,P1,PRO,10,-6640764,86370,10.0,-1.00,1.00,1.4,35.0,1,86400,0*51
2015/10/11 12:31:19.712 sent: $PWETC,,,,,WHE*07
2015/10/11 12:31:30.223 rcvd: $PWETA,,,PC,P1,WHE,5,00:00:00,01/01/1970,0.00,0.00,0*7D
2015/10/11 12:31:30.339 sent: $PWETC,,,BC,,SUM*17
2015/10/11 12:31:42.621 rcvd: $PWETA,BC,,PC,P1,SUM,14,27.84,10.19,2.12,29.4,-6667566,12847717.PPB,142119,256065536,1806,172,30.11,3.721,2067.30,1*20
2015/10/11 12:31:42.736 sent: $PWETC,,BC,,PFS*19
2015/10/11 12:32:22.736 rcvd: 
2015/10/11 12:32:22.859 sent: $PWETC,,,,,ENA,2,ACS,0*68
2015/10/11 12:33:02.848 rcvd: 
2015/10/11 12:33:02.960 sent: $PWETC,,,,,ENA,2,PMP,0*7B
2015/10/11 12:33:42.950 rcvd: 
2015/10/11 12:33:43.063 sent: +++
2015/10/11 12:33:43.124 rcvd: user:4>
2015/10/11 12:33:43.126 sent: ATH
2015/10/11 12:33:43.176 rcvd: Off Line
