2015/09/29 06:30:18.250 sent: +++
2015/09/29 06:30:18.320 rcvd: user:1>
2015/09/29 06:30:18.321 sent: ATR2
2015/09/29 06:30:22.039 rcvd: Range 1 to 2 : 116.6 m 
2015/09/29 06:30:22.040 sent: AT$V2
2015/09/29 06:30:25.182 rcvd: Remote Battery Voltages
2015/09/29 06:30:25.200 rcvd: DSP Bat = 02.9V
2015/09/29 06:30:25.219 rcvd: Xmit Bat = 15.5V
2015/09/29 06:30:25.220 sent: ATD2
2015/09/29 06:30:28.335 rcvd: CONNECT 00800 bits/sec
2015/09/29 06:30:28.349 sent: $PWETC,,,,,WHE*07
2015/09/29 06:30:38.824 rcvd: $PWETA,,,PC,P1,WHE,5,20:08:46,09/28/2015,0.96,5.08,1*7C
2015/09/29 06:30:38.934 sent: $PWETC,,,BC,,SUM*17
2015/09/29 06:30:51.071 rcvd: $PWETA,BC,,PC,P1,SUM,14,25.73,0.85,2.30,29.4,-6646046,12718414.PPB,277419,273383424,1489,149,30.18,3.787,-2705.49,2*34
2015/09/29 06:30:51.183 sent: $PWETC,,,BC,,DATE*48
2015/09/29 06:31:01.647 rcvd: $PWETA,BC,,PC,P1,DATE,3,9/29/2015,06:31:22,0.0*15
2015/09/29 06:31:01.759 sent: $PWETC,,,BC,,PFS*19
2015/09/29 06:31:11.982 rcvd: $PWETA,BC,,PC,P1,PFS,2,5,0*72
2015/09/29 06:31:12.089 sent: $PWETC,,,BC,,PST*0B
2015/09/29 06:31:22.557 rcvd: $PWETA,BC,,PC,P1,PST,3,08:11:34,09/29/2015,5991*47
2015/09/29 06:31:22.676 sent: $PWETC,,,,,ENA,2,ACS,0*68
2015/09/29 06:31:32.980 rcvd: $PWETA,,,PC,P1,ENA,2,ACS,OFF*67
2015/09/29 06:31:33.094 sent: $PWETC,,,,,ENA,2,PMP,0*74
2015/09/29 06:31:43.377 rcvd: $PWETA,,,PC,P1,ENA,2,PMP,OFF*7B
2015/09/29 06:31:43.493 sent: +++
2015/09/29 06:31:43.576 rcvd: user:4>
2015/09/29 06:31:43.578 sent: ATH
2015/09/29 06:31:43.670 rcvd: Off Line
