2015/09/11 18:30:18.347 sent: +++
2015/09/11 18:30:18.425 rcvd: user:1>
2015/09/11 18:30:18.426 sent: ATR2
2015/09/11 18:30:22.143 rcvd: Range 1 to 2 : 113.2 m 
2015/09/11 18:30:22.145 sent: AT$V2
2015/09/11 18:30:25.336 rcvd: Remote Battery Voltages
2015/09/11 18:30:25.337 rcvd: DSP Bat = 02.9V
2015/09/11 18:30:25.339 rcvd: Xmit Bat = 15.9V
2015/09/11 18:30:25.340 sent: ATD2
2015/09/11 18:30:28.490 rcvd: CONNECT 00800 bits/sec
2015/09/11 18:30:28.504 sent: $PWETC,,,BC,,DATE*48
2015/09/11 18:30:38.946 rcvd: $PWETA,BC,,PC,P1,DATE,3,9/11/2015,18:30:49,0.0*1D
2015/09/11 18:30:39.052 sent: $PWETC,,,BC,,PFS*19
2015/09/11 18:30:49.282 rcvd: $PWETA,BC,,PC,P1,PFS,2,5,0*72
2015/09/11 18:30:49.400 sent: $PWETC,,,BC,,PST*0B
2015/09/11 18:30:59.851 rcvd: $PWETA,BC,,PC,P1,PST,3,19:59:39,09/11/2015,5309*46
2015/09/11 18:30:59.968 sent: $PWETC,,,BC,,SUM*17
2015/09/11 18:31:11.920 rcvd: $PWETA,BC,,PC,P1,SUM,14,21.51,0.88,1.58,30.5,-6456717,12545831.PPB,230077,302940160,1027,104,31.14,3.891,290.42,2*21
2015/09/11 18:31:12.036 sent: $PWETC,,,,,ENA,2,ACS,0*68
2015/09/11 18:31:22.344 rcvd: $PWETA,,,PC,P1,ENA,2,ACS,OFF*67
2015/09/11 18:31:22.462 sent: $PWETC,,,,,ENA,2,PMP,0*74
2015/09/11 18:31:32.734 rcvd: $PWETA,,,PC,P1,ENA,2,PMP,OFF*7B
2015/09/11 18:31:32.852 sent: +++
2015/09/11 18:31:32.925 rcvd: user:4>
2015/09/11 18:31:32.927 sent: ATH
2015/09/11 18:31:33.026 rcvd: Off Line
