2015/09/21 00:30:17.446 sent: +++
2015/09/21 00:30:17.521 rcvd: user:1>
2015/09/21 00:30:17.524 sent: ATR2
2015/09/21 00:30:21.239 rcvd: Range 1 to 2 : 118.1 m 
2015/09/21 00:30:21.240 sent: AT$V2
2015/09/21 00:30:24.382 rcvd: Remote Battery Voltages
2015/09/21 00:30:24.399 rcvd: DSP Bat = 02.9V
2015/09/21 00:30:24.419 rcvd: Xmit Bat = 15.7V
2015/09/21 00:30:24.423 sent: ATD2
2015/09/21 00:30:27.584 rcvd: CONNECT 00800 bits/sec
2015/09/21 00:30:27.598 sent: $PWETC,,,,,WHE*07
2015/09/21 00:30:38.126 rcvd: $PWETA,,,PC,P1,WHE,5,00:00:00,01/01/1970,0.00,0.00,0*7D
2015/09/21 00:30:38.240 sent: $PWETC,,,BC,,SUM*17
2015/09/21 00:30:50.402 rcvd: $PWETA,BC,,PC,P1,SUM,14,20.40,0.89,1.30,30.2,-6644547,12635886.PPB,207952,284082176,1330,133,30.68,3.841,-1291.69,2*31
2015/09/21 00:30:50.516 sent: $PWETC,,,BC,,DATE*48
2015/09/21 00:31:00.952 rcvd: $PWETA,BC,,PC,P1,DATE,3,9/21/2015,00:31:17,0.0*1D
2015/09/21 00:31:01.063 sent: $PWETC,,,BC,,PFS*19
2015/09/21 00:31:11.294 rcvd: $PWETA,BC,,PC,P1,PFS,2,5,0*72
2015/09/21 00:31:11.399 sent: $PWETC,,,BC,,PST*0B
2015/09/21 00:31:21.855 rcvd: $PWETA,BC,,PC,P1,PST,3,02:08:09,09/21/2015,5792*4E
2015/09/21 00:31:21.967 sent: $PWETC,,,,,ENA,2,ACS,0*68
2015/09/21 00:31:32.290 rcvd: $PWETA,,,PC,P1,ENA,2,ACS,OFF*67
2015/09/21 00:31:32.404 sent: $PWETC,,,,,ENA,2,PMP,0*74
2015/09/21 00:31:42.691 rcvd: $PWETA,,,PC,P1,ENA,2,PMP,OFF*7B
2015/09/21 00:31:42.812 sent: +++
2015/09/21 00:31:42.869 rcvd: user:4>
2015/09/21 00:31:42.870 sent: ATH
2015/09/21 00:31:42.963 rcvd: Off Line
