2015/10/03 06:30:17.963 sent: +++
2015/10/03 06:30:18.038 rcvd: user:1>
2015/10/03 06:30:18.039 sent: ATR2
2015/10/03 06:30:21.707 rcvd: Range 1 to 2 : 102.4 m 
2015/10/03 06:30:21.709 sent: AT$V2
2015/10/03 06:30:29.327 rcvd: Response Not Received
2015/10/03 06:30:29.328 sent: AT$V2
2015/10/03 06:30:32.455 rcvd: Remote Battery Voltages
2015/10/03 06:30:32.472 rcvd: DSP Bat = 02.9V
2015/10/03 06:30:32.491 rcvd: Xmit Bat = 15.4V
2015/10/03 06:30:32.493 sent: ATD2
2015/10/03 06:30:35.658 rcvd: CONNECT 00800 bits/sec
2015/10/03 06:30:35.672 sent: $PWETC,,,,,WHE*07
2015/10/03 06:30:46.129 rcvd: $PWETA,,,PC,P1,WHE,5,20:08:47,10/02/2015,0.90,7.31,1*73
2015/10/03 06:30:46.247 sent: $PWETC,,,BC,,SUM*17
2015/10/03 06:31:26.237 rcvd: 
2015/10/03 06:31:26.349 sent: $PWETC,,,BC,,DATE*48
2015/10/03 06:32:06.349 rcvd: 
2015/10/03 06:32:06.461 sent: $PWETC,,,BC,,PFS*19
2015/10/03 06:32:46.451 rcvd: 
2015/10/03 06:32:46.566 sent: $PWETC,,,BC,,PST*0B
2015/10/03 06:33:26.552 rcvd: 
2015/10/03 06:33:26.665 sent: $PWETC,,,,,ENA,2,ACS,0*68
2015/10/03 06:34:06.664 rcvd: 
2015/10/03 06:34:06.776 sent: $PWETC,,,,,ENA,2,PMP,0*74
2015/10/03 06:34:46.766 rcvd: 
2015/10/03 06:34:46.879 sent: +++
2015/10/03 06:34:46.943 rcvd: user:5>
2015/10/03 06:34:46.944 sent: ATH
2015/10/03 06:34:47.044 rcvd: Off Line
