2015/09/17 06:30:16.948 sent: +++
2015/09/17 06:30:17.026 rcvd: user:1>
2015/09/17 06:30:17.028 sent: ATR2
2015/09/17 06:30:20.773 rcvd: Range 1 to 2 : 118.8 m 
2015/09/17 06:30:20.775 sent: AT$V2
2015/09/17 06:30:23.896 rcvd: Remote Battery Voltages
2015/09/17 06:30:23.914 rcvd: DSP Bat = 02.9V
2015/09/17 06:30:23.933 rcvd: Xmit Bat = 15.7V
2015/09/17 06:30:23.935 sent: ATD2
2015/09/17 06:30:27.091 rcvd: CONNECT 00800 bits/sec
2015/09/17 06:30:27.104 sent: $PWETC,,,,,WHE*07
2015/09/17 06:30:37.286 rcvd: $PWETA,,WHE,PC,P1,NAK,2,,E*7D
2015/09/17 06:30:37.392 sent: $PWETC,,,BC,,SUM*17
2015/09/17 06:30:49.457 rcvd: $PWETA,BC,,PC,P1,SUM,14,23.41,0.79,24041190.40,30.3,-6627919,12600216.PPB,237962,291094528,1211,121,30.87,3.862,-711.59,2*35
2015/09/17 06:30:49.571 sent: $PWETC,,,BC,,DATE*48
2015/09/17 06:31:00.002 rcvd: $PWETA,BC,,PC,P1,DATE,3,9/17/2015,06:31:13,0.0*1A
2015/09/17 06:31:00.118 sent: $PWETC,,,BC,,PFS*19
2015/09/17 06:31:11.088 rcvd: $PWETA,BC,,PC,P1,PFS,2,12,0*44
2015/09/17 06:31:11.205 sent: $PWETC,,,BC,,PST*0B
2015/09/17 06:31:11.206 rcvd: $PWETA,,,WC,,NOT,1,CCSTP*78
2015/09/17 06:31:11.324 sent: $PWETC,,,,,ENA,2,ACS,0*68
2015/09/17 06:31:51.314 rcvd: 
2015/09/17 06:31:51.426 sent: $PWETC,,,,,ENA,2,PMP,0*74
2015/09/17 06:32:31.423 rcvd: 
2015/09/17 06:32:31.547 sent: +++
2015/09/17 06:32:31.623 rcvd: user:4>
2015/09/17 06:32:31.625 sent: ATH
2015/09/17 06:32:31.675 rcvd: Off Line
