2014/12/08 00:00:02.336 [adcp:DLOGP1]:Battery power on message
2014/12/08 00:06:48.942 2014/12/08 00:05:00.00 00147
2014/12/08 00:06:48.975 Hdg: 50.3 Pitch: -1.0 Roll: -1.1
2014/12/08 00:06:49.009 Temp:  0.4 SoS: 1452 BIT: 00
2014/12/08 00:06:49.092 Bin    Dir    Mag     E/W     N/S    Vert     Err   Echo1  Echo2  Echo3  Echo4
2014/12/08 00:06:49.175   1  183.3   17.0      -1     -17      77      73     49     41     55     56
2014/12/08 00:06:49.259   2  108.4    3.2       3      -1      86       6     49     40     57     58
2014/12/08 00:06:49.342   3  323.2    5.0      -3       4      86       0     49     40     57     58
2014/12/08 00:06:49.425   4  351.9    7.1      -1       7      73      -1     49     39     57     58
2014/12/08 00:06:49.508   5   90.0    2.0       2       0      68      -4     49     39     57     58
2014/12/08 00:06:49.584   6  338.2    5.4      -2       5      64       1     49     39     57     58
2014/12/08 00:06:49.667   7  320.2    7.8      -5       6      63      -1     49     39     57     58
2014/12/08 00:06:49.753   8    0.0    1.0       0       1      47      -2     50     40     57     58
2014/12/08 00:06:49.834   9  153.4    2.2       1      -2      56      -1     49     39     57     58
2014/12/08 00:06:49.918  10  321.4    6.4      -4       5      53       1     49     39     57     58
2014/12/08 00:06:50.002  11    0.0    5.0       0       5      41      -1     49     40     57     58
2014/12/08 00:06:50.107  12    0.0    2.0       0       2      39       4     49     39     57     58
2014/12/08 00:06:50.167  13   90.0    0.0       0       0       5      -3     50     39     57     58
2014/12/08 00:06:50.242  14  108.4    3.2       3      -1       5      -2     49     40     57     58
2014/12/08 00:06:50.325  15  326.4   10.8      -6       9     -10      -3     50     40     57     58
2014/12/08 00:06:50.409  16  149.0    5.8       3      -5     -38      -1     50     40     57     58
2014/12/08 00:06:50.492  17  288.5    3.2      -3       1     -34      -1     50     40     57     58
2014/12/08 00:06:50.575  18  315.0    1.4      -1       1     -43      -2     50     40     57     58
2014/12/08 00:06:50.659  19  288.5    3.2      -3       1     -58      -1     50     39     57     58
2014/12/08 00:06:50.742  20    0.0    3.0       0       3     -61       3     50     40     57     58
2014/12/08 00:06:50.825  21  284.1    4.1      -4       1     -74      -4     50     40     57     58
2014/12/08 00:06:50.900  22  206.5    2.2      -1      -2     -76      -2     50     40     57     58
2014/12/08 00:06:50.983  23  346.0    4.1      -1       4     -89      -1     50     40     57     58
2014/12/08 00:06:51.067  24  236.3    3.6      -3      -2     -98      -2     50     40     57     58
2014/12/08 00:06:51.179  25  150.2    8.1       4      -7     -96      -2     50     40     57     58
2014/12/08 00:06:51.233  26  255.9    4.1      -4      -1    -109       0     50     40     57     58
2014/12/08 00:06:51.317  27  180.0    3.0       0      -3    -122       1     50     40     57     58
2014/12/08 00:06:51.400  28  333.5    4.5      -2       4    -122      -6     50     40     57     58
2014/12/08 00:06:51.483  29  172.8    8.1       1      -8    -136       1     50     40     57     58
2014/12/08 00:06:51.559  30  171.8    7.1       1      -7    -146      -1     50     40     57     58
2014/12/08 00:06:51.642  31  291.9    5.4      -5       2    -152      -3     50     40     57     58
2014/12/08 00:06:51.727  32  180.0    4.0       0      -4    -156       3     50     40     57     57
2014/12/08 00:06:51.809  33  180.0    1.0       0      -1    -163       0     50     40     57     58
2014/12/08 00:06:51.892  34  194.0    4.1      -1      -4    -175      -2     50     40     57     58
2014/12/08 00:06:51.975  35  243.4    2.2      -2      -1    -182      -3     50     40     57     58
2014/12/08 00:06:52.058  36  243.4    2.2      -2      -1    -193       2     50     40     57     58
2014/12/08 00:10:02.207 [adcp:DLOGP1]:Battery power off message
2014/12/08 01:00:03.983 [adcp:DLOGP1]:Battery power on message
2014/12/08 01:00:08.541 [adcp:DLOGP1]:þ
2014/12/08 01:06:49.020 2014/12/08 01:05:00.00 00149
2014/12/08 01:06:49.053 Hdg: 50.4 Pitch: -1.0 Roll: -1.1
2014/12/08 01:06:49.087 Temp:  0.0 SoS: 1450 BIT: 00
2014/12/08 01:06:49.170 Bin    Dir    Mag     E/W     N/S    Vert     Err   Echo1  Echo2  Echo3  Echo4
2014/12/08 01:06:49.253   1  303.0  229.9    -193     125     217      12     47     42     54     56
2014/12/08 01:06:49.337   2  304.0  211.1    -175     118     233       4     47     40     56     58
2014/12/08 01:06:49.420   3  303.6  206.3    -172     114     221      -5     47     40     56     58
2014/12/08 01:06:49.503   4  304.7  216.4    -178     123     212       0     47     40     56     58
2014/12/08 01:06:49.587   5  303.3  202.2    -169     111     196      -2     47     40     56     58
2014/12/08 01:06:49.662   6  302.9  201.1    -169     109     206      -3     47     40     56     58
2014/12/08 01:06:49.745   7  303.4  205.8    -172     113     194       2     47     40     56     58
2014/12/08 01:06:49.830   8  304.0  202.5    -168     113     194      -3     47     40     56     58
2014/12/08 01:06:49.912   9  303.0  209.7    -176     114     194       1     47     40     56     58
2014/12/08 01:06:49.995  10  304.9  211.9    -174     121     190      -5     47     40     56     58
2014/12/08 01:06:50.079  11  301.9  202.6    -172     107     186       0     47     40     56     58
2014/12/08 01:06:50.162  12  304.5  208.6    -172     118     167      -3     47     41     56     58
2014/12/08 01:06:50.245  13  304.0  211.1    -175     118     153      -1     47     40     56     58
2014/12/08 01:06:50.320  14  303.7  212.7    -177     118     137      -5     47     40     56     58
2014/12/08 01:06:50.403  15  303.4  207.2    -173     114     128       2     47     40     56     58
2014/12/08 01:06:50.487  16  303.7  212.7    -177     118     100      -2     47     40     56     58
2014/12/08 01:06:50.570  17  302.1  199.5    -169     106      95      -4     47     40     56     58
2014/12/08 01:06:50.654  18  304.3  209.4    -173     118     111       0     47     40     56     58
2014/12/08 01:06:50.737  19  302.4  205.9    -174     110      67      -5     47     40     56     58
2014/12/08 01:06:50.822  20  303.5  205.0    -171     113      80       0     47     41     57     58
2014/12/08 01:06:50.903  21  303.3  211.6    -177     116      75       2     47     40     56     58
2014/12/08 01:06:50.978  22  302.2  200.9    -170     107      53      -1     47     40     56     58
2014/12/08 01:06:51.062  23  303.8  210.5    -175     117      50      -1     47     41     56     58
2014/12/08 01:06:51.145  24  302.4  200.0    -169     107      58      -2     48     40     56     58
2014/12/08 01:06:51.229  25  303.1  211.1    -177     115      34       1     47     41     57     58
2014/12/08 01:06:51.312  26  303.1  205.3    -172     112      19       1     48     41     56     58
2014/12/08 01:06:51.395  27  301.6  197.1    -168     103      19      -1     48     41     57     58
2014/12/08 01:06:51.478  28  303.2  210.2    -176     115      17      -2     47     41     56     58
2014/12/08 01:06:51.562  29  302.8  206.9    -174     112      15      -1     47     41     56     58
2014/12/08 01:06:51.637  30  302.2  200.9    -170     107     -16       0     48     41     57     58
2014/12/08 01:06:51.720  31  302.3  202.2    -171     108     -14       1     48     41     57     58
2014/12/08 01:06:51.805  32  302.0  203.9    -173     108     -13       0     48     41     56     58
2014/12/08 01:06:51.888  33  302.6  202.8    -171     109     -27      -1     48     41     57     58
2014/12/08 01:06:51.970  34  301.0  204.1    -175     105     -42       5     47     41     56     58
2014/12/08 01:06:52.059  35  302.7  205.5    -173     111     -43       0     48     41     57     58
2014/12/08 01:06:52.136  36  302.4  205.9    -174     110     -47       1     47     41     57     58
2014/12/08 01:10:02.149 [adcp:DLOGP1]:Battery power off message
2014/12/08 02:00:01.960 [adcp:DLOGP1]:Battery power on message
2014/12/08 02:06:49.101 2014/12/08 02:05:00.00 00151
2014/12/08 02:06:49.134 Hdg: 50.3 Pitch: -1.0 Roll: -1.1
2014/12/08 02:06:49.167 Temp: -0.6 SoS: 1448 BIT: 00
2014/12/08 02:06:49.251 Bin    Dir    Mag     E/W     N/S    Vert     Err   Echo1  Echo2  Echo3  Echo4
2014/12/08 02:06:49.334   1  273.7   62.1     -62       4      58      13     44     43     53     55
2014/12/08 02:06:49.417   2  286.4  103.2     -99      29      65      16     43     41     55     57
2014/12/08 02:06:49.501   3  277.6   91.8     -91      12      64       0     43     41     55     57
2014/12/08 02:06:49.584   4  276.9   91.7     -91      11      55      -2     43     41     55     57
2014/12/08 02:06:49.684   5  275.5   84.4     -84       8      61      -4     43     40     55     57
2014/12/08 02:06:49.742   6  278.7   93.1     -92      14      40       0     43     41     55     57
2014/12/08 02:06:49.826   7  278.1   92.9     -92      13      50       4     43     41     55     57
2014/12/08 02:06:49.909   8  277.8   88.8     -88      12      35      -6     43     41     55     57
2014/12/08 02:06:49.992   9  276.4   90.6     -90      10      45      -3     43     41     55     57
2014/12/08 02:06:50.076  10  275.2   89.4     -89       8      27      -3     43     41     55     57
2014/12/08 02:06:50.159  11  277.2   88.7     -88      11      38       0     43     40     55     57
2014/12/08 02:06:50.242  12  277.6   90.8     -90      12      27      -4     43     41     55     57
2014/12/08 02:06:50.326  13  278.2   91.9     -91      13      12       0     43     41     55     57
2014/12/08 02:06:50.401  14  279.4   92.2     -91      15      -8       0     43     41     55     57
2014/12/08 02:06:50.484  15  272.7   85.1     -85       4     -13      -4     43     41     55     57
2014/12/08 02:06:50.567  16  278.0   93.9     -93      13     -20       0     43     41     55     57
2014/12/08 02:06:50.651  17  274.0   87.2     -87       6     -42      -7     43     41     55     57
2014/12/08 02:06:50.734  18  277.0   90.7     -90      11     -48      -3     43     41     55     57
2014/12/08 02:06:50.817  19  276.4   90.6     -90      10     -47       2     43     41     55     57
2014/12/08 02:06:50.901  20  275.2   88.4     -88       8     -69      -7     44     41     55     57
2014/12/08 02:06:50.984  21  278.2   91.9     -91      13     -68       1     43     41     55     57
2014/12/08 02:06:51.059  22  275.1   91.4     -91       8     -77      -7     43     41     55     57
2014/12/08 02:06:51.142  23  277.8   96.9     -96      13     -85      -1     43     41     55     57
2014/12/08 02:06:51.226  24  275.8   89.5     -89       9     -89      -3     44     41     55     57
2014/12/08 02:06:51.309  25  272.6   90.1     -90       4     -88      -2     44     41     55     57
2014/12/08 02:06:51.392  26  278.2   91.9     -91      13    -119       3     43     41     55     57
2014/12/08 02:06:51.476  27  278.3   98.0     -97      14    -107       0     44     41     55     57
2014/12/08 02:06:51.559  28  273.3   87.1     -87       5    -123       1     44     41     55     57
2014/12/08 02:06:51.643  29  274.5   89.3     -89       7    -135      -4     43     41     55     57
2014/12/08 02:06:51.717  30  277.4   93.8     -93      12    -131      -3     44     41     55     57
2014/12/08 02:06:51.801  31  274.4   91.3     -91       7    -144       4     44     41     55     57
2014/12/08 02:06:51.884  32  274.4   92.3     -92       7    -155      -6     44     41     55     57
2014/12/08 02:06:51.967  33  273.3   87.1     -87       5    -150      -4     43     41     55     57
2014/12/08 02:06:52.051  34  273.8   92.2     -92       6    -176      -2     43     41     55     57
2014/12/08 02:06:52.134  35  270.7   87.0     -87       1    -172      -2     44     41     55     57
2014/12/08 02:06:52.217  36  277.3   94.8     -94      12    -171       2     43     41     55     57
2014/12/08 02:10:02.211 [adcp:DLOGP1]:Battery power off message
2014/12/08 02:33:07.512 [adcp:DLOGP1]:Battery stop message
2014/12/08 03:26:41.052 [adcp:DLOGP1]:Logger started: Idle state, without initialize
2014/12/08 04:00:03.308 [adcp:DLOGP1]:Battery power on message
2014/12/08 04:06:49.269 2014/12/08 04:05:00.00 00155
2014/12/08 04:06:49.302 Hdg: 50.4 Pitch: -1.0 Roll: -1.1
2014/12/08 04:06:49.335 Temp: -1.4 SoS: 1442 BIT: 00
2014/12/08 04:06:49.418 Bin    Dir    Mag     E/W     N/S    Vert     Err   Echo1  Echo2  Echo3  Echo4
2014/12/08 04:06:49.502   1     --     --      99       2     196  -32768     44     42     51     52
2014/12/08 04:06:49.586   2  278.5   88.0     -87      13     224       0     43     38     51     53
2014/12/08 04:06:49.669   3  282.4   93.2     -91      20     219       0     43     38     51     52
2014/12/08 04:06:49.752   4  276.6   87.6     -87      10     213      -2     42     38     51     53
2014/12/08 04:06:49.835   5  281.2   92.8     -91      18     203       1     43     38     51     53
2014/12/08 04:06:49.910   6  280.5   93.6     -92      17     200       6     42     38     51     53
2014/12/08 04:06:49.993   7  272.9   81.1     -81       4     195       1     43     38     51     53
2014/12/08 04:06:50.077   8  276.0   87.5     -87       9     193     -10     43     38     51     53
2014/12/08 04:06:50.160   9  274.7   87.3     -87       7     192      -6     42     38     51     53
2014/12/08 04:06:50.244  10  283.6   89.5     -87      21     189       1     42     38     51     53
2014/12/08 04:06:50.327  11  279.9   93.4     -92      16     178      -1     42     38     51     53
2014/12/08 04:06:50.410  12  279.4   86.1     -85      14     167      -1     42     38     51     53
2014/12/08 04:06:50.493  13  278.9   91.1     -90      14     149       8     42     38     51     53
2014/12/08 04:06:50.569  14  281.5   95.9     -94      19     135       4     42     38     51     53
2014/12/08 04:06:50.654  15  279.7   89.3     -88      15     120      -5     42     38     51     53
2014/12/08 04:06:50.735  16  276.3   91.5     -91      10     107      -4     42     38     51     53
2014/12/08 04:06:50.818  17  278.9   91.1     -90      14      98       0     42     38     52     53
2014/12/08 04:06:50.902  18  276.7   86.6     -86      10      88      -1     42     38     51     53
2014/12/08 04:06:50.985  19  278.1   85.8     -85      12      81      -3     42     38     51     53
2014/12/08 04:06:51.068  20  277.8   88.8     -88      12      73       3     42     38     52     53
2014/12/08 04:06:51.152  21  277.7   89.8     -89      12      64      -3     42     38     52     53
2014/12/08 04:06:51.227  22  276.9   91.7     -91      11      55      -1     42     38     52     53
2014/12/08 04:06:51.310  23  276.0   86.5     -86       9      48       5     42     38     52     53
2014/12/08 04:06:51.393  24  278.4   89.9     -89      13      38       0     42     38     52     53
2014/12/08 04:06:51.477  25  276.7   94.6     -94      11      30       1     42     38     52     53
2014/12/08 04:06:51.561  26  275.4   85.4     -85       8      24      -2     42     38     52     53
2014/12/08 04:06:51.644  27  278.6   94.0     -93      14      14       2     42     38     52     53
2014/12/08 04:06:51.727  28  275.8   89.5     -89       9       5       2     42     38     52     53
2014/12/08 04:06:51.812  29  278.8   92.1     -91      14      -2       0     42     38     52     53
2014/12/08 04:06:51.885  30  279.7   95.4     -94      16      -9       3     42     38     52     53
2014/12/08 04:06:51.968  31  278.3   90.9     -90      13     -18      -3     42     38     52     53
2014/12/08 04:06:52.052  32  273.3   87.1     -87       5     -26      -4     42     38     52     53
2014/12/08 04:06:52.135  33  278.8   92.1     -91      14     -35      12     42     38     52     53
2014/12/08 04:06:52.218  34  275.3   87.4     -87       8     -39      -5     42     38     52     53
2014/12/08 04:06:52.302  35  274.0   87.2     -87       6     -51      -2     42     38     52     53
2014/12/08 04:06:52.384  36  278.2   91.9     -91      13     -57       0     42     38     52     53
2014/12/08 04:10:00.399 [adcp:DLOGP1]:Battery power off message
2014/12/08 05:00:03.369 [adcp:DLOGP1]:Battery power on message
2014/12/08 05:06:49.361 2014/12/08 05:05:00.00 00157
2014/12/08 05:06:49.394 Hdg: 50.4 Pitch: -1.0 Roll: -1.1
2014/12/08 05:06:49.428 Temp: -1.4 SoS: 1443 BIT: 00
2014/12/08 05:06:49.511 Bin    Dir    Mag     E/W     N/S    Vert     Err   Echo1  Echo2  Echo3  Echo4
2014/12/08 05:06:49.595   1     --     --      23      54     237  -32768     44     42     51     52
2014/12/08 05:06:49.678   2  282.7   91.2     -89      20     251       1     43     38     51     53
2014/12/08 05:06:49.761   3  283.6   89.5     -87      21     246       1     43     37     51     53
2014/12/08 05:06:49.844   4  279.2   88.1     -87      14     238       1     43     37     51     53
2014/12/08 05:06:49.928   5  280.5   88.5     -87      16     231       2     43     37     51     53
2014/12/08 05:06:50.003   6  277.4   85.7     -85      11     227       8     43     37     51     53
2014/12/08 05:06:50.086   7  282.3   84.9     -83      18     223       0     43     37     51     53
2014/12/08 05:06:50.169   8  280.6   92.6     -91      17     217       3     43     37     51     53
2014/12/08 05:06:50.253   9  278.6   87.0     -86      13     219      -2     43     37     51     53
2014/12/08 05:06:50.336  10  280.4   89.4     -88      16     213       1     43     37     51     53
2014/12/08 05:06:50.419  11  283.0   89.3     -87      20     204       2     43     37     51     53
2014/12/08 05:06:50.503  12  283.1   88.3     -86      20     195      -3     43     37     51     53
2014/12/08 05:06:50.586  13  278.9   91.1     -90      14     178      -3     43     37     51     53
2014/12/08 05:06:50.662  14  279.3   87.1     -86      14     161      -1     43     37     51     53
2014/12/08 05:06:50.745  15  283.3   91.4     -89      21     145       1     43     37     52     53
2014/12/08 05:06:50.828  16  281.6   94.9     -93      19     135      -2     43     38     52     53
2014/12/08 05:06:50.911  17  277.9   80.8     -80      11     124      -4     43     38     52     53
2014/12/08 05:06:50.995  18  278.4   89.9     -89      13     115       3     43     38     52     53
2014/12/08 05:06:51.078  19  281.7   93.9     -92      19     106      -1     43     38     52     53
2014/12/08 05:06:51.161  20  277.8   88.8     -88      12      99       0     43     38     52     53
2014/12/08 05:06:51.245  21  278.4   82.9     -82      12      91      -2     43     38     52     53
2014/12/08 05:06:51.319  22  276.1   85.5     -85       9      82      -2     43     38     52     53
2014/12/08 05:06:51.403  23  281.0   89.6     -88      17      76      -1     43     38     52     53
2014/12/08 05:06:51.486  24  279.1   89.1     -88      14      66       2     43     38     52     53
2014/12/08 05:06:51.570  25  277.8   88.8     -88      12      57       1     43     38     52     53
2014/12/08 05:06:51.653  26  276.2   83.5     -83       9      50      -1     43     38     52     53
2014/12/08 05:06:51.736  27  277.5   84.7     -84      11      41      -4     43     38     52     53
2014/12/08 05:06:51.820  28  271.4   82.0     -82       2      32       0     43     38     52     53
2014/12/08 05:06:51.903  29  277.6   91.8     -91      12      25       0     43     38     52     53
2014/12/08 05:06:52.001  30  272.9   79.1     -79       4      18      -7     43     38     52     53
2014/12/08 05:06:52.061  31  274.6   88.3     -88       7       9      -2     42     38     52     53
2014/12/08 05:06:52.144  32  279.2   88.1     -87      14       0       1     42     38     52     53
2014/12/08 05:06:52.228  33  278.4   89.9     -89      13      -7      -1     42     38     52     53
2014/12/08 05:06:52.311  34  277.3   86.7     -86      11     -13      -6     42     38     52     54
2014/12/08 05:06:52.394  35  277.6   90.8     -90      12     -24       3     42     38     52     53
2014/12/08 05:06:52.477  36  274.1   84.2     -84       6     -31       2     42     38     52     53
2014/12/08 05:10:02.460 [adcp:DLOGP1]:Battery power off message
2014/12/08 06:00:01.291 [adcp:DLOGP1]:Battery power on message
2014/12/08 06:06:49.446 2014/12/08 06:05:00.00 00159
2014/12/08 06:06:49.480 Hdg: 50.4 Pitch: -1.0 Roll: -1.1
2014/12/08 06:06:49.513 Temp: -1.3 SoS: 1442 BIT: 00
2014/12/08 06:06:49.597 Bin    Dir    Mag     E/W     N/S    Vert     Err   Echo1  Echo2  Echo3  Echo4
2014/12/08 06:06:49.680   1  318.9  620.1    -408     467     299    -382     46     45     49     53
2014/12/08 06:06:49.763   2  266.7   70.1     -70      -4     252     -18     41     44     50     53
2014/12/08 06:06:49.846   3  274.1   85.2     -85       6     243       5     41     43     49     53
2014/12/08 06:06:49.930   4  279.1   95.2     -94      15     234       7     41     43     49     53
2014/12/08 06:06:50.013   5  276.7   86.6     -86      10     228       1     40     43     49     53
2014/12/08 06:06:50.088   6  278.9   91.1     -90      14     223      12     41     43     49     53
2014/12/08 06:06:50.171   7  277.8   95.9     -95      13     217       8     40     43     50     53
2014/12/08 06:06:50.255   8  279.7   89.3     -88      15     215       3     41     43     50     53
2014/12/08 06:06:50.338   9  277.2   96.7     -96      12     214       5     41     43     49     53
2014/12/08 06:06:50.421  10  279.3   87.1     -86      14     210       6     40     43     50     53
2014/12/08 06:06:50.505  11  278.6   87.0     -86      13     199       8     40     43     50     53
2014/12/08 06:06:50.588  12  275.2   89.4     -89       8     191       1     41     43     50     53
2014/12/08 06:06:50.671  13  278.2   91.9     -91      13     173       9     40     43     50     53
2014/12/08 06:06:50.747  14  277.6   90.8     -90      12     156       3     40     43     49     53
2014/12/08 06:06:50.830  15  276.7   95.6     -95      11     142      12     40     43     50     54
2014/12/08 06:06:50.913  16  277.0   90.7     -90      11     129       8     40     43     50     53
2014/12/08 06:06:50.997  17  277.5   92.8     -92      12     119       6     40     43     50     54
2014/12/08 06:06:51.080  18  274.0   88.2     -88       6     112       0     40     44     50     54
2014/12/08 06:06:51.166  19  275.4   86.4     -86       8     104       4     41     43     50     53
2014/12/08 06:06:51.246  20  276.2   93.5     -93      10      94      11     40     43     50     53
2014/12/08 06:06:51.330  21  272.7   85.1     -85       4      87       4     40     44     50     54
2014/12/08 06:06:51.405  22  277.3   94.8     -94      12      77       7     40     43     50     54
2014/12/08 06:06:51.488  23  276.5   88.6     -88      10      71      10     40     43     50     54
2014/12/08 06:06:51.571  24  274.4   91.3     -91       7      62       5     40     44     50     54
2014/12/08 06:06:51.655  25  274.4   93.3     -93       7      53      10     40     43     50     54
2014/12/08 06:06:51.738  26  275.9   88.5     -88       9      45       5     40     44     50     54
2014/12/08 06:06:51.821  27  275.6   93.4     -93       9      37      13     40     43     50     54
2014/12/08 06:06:51.905  28  272.6   89.1     -89       4      29       4     40     43     50     54
2014/12/08 06:06:51.988  29  276.9   92.7     -92      11      19      15     40     43     50     54
2014/12/08 06:06:52.072  30  276.3   91.5     -91      10      12       7     40     43     50     54
2014/12/08 06:06:52.147  31  275.2   89.4     -89       8       5       5     40     43     50     54
2014/12/08 06:06:52.230  32  273.2   92.1     -92       5      -3       4     40     43     50     54
2014/12/08 06:06:52.313  33  270.7   86.0     -86       1     -11      12     40     44     50     54
2014/12/08 06:06:52.397  34  277.2   96.7     -96      12     -21      11     40     44     50     54
2014/12/08 06:06:52.480  35  274.4   91.3     -91       7     -27       9     40     44     50     54
2014/12/08 06:06:52.562  36  273.2   92.1     -92       5     -34       7     40     44     50     54
2014/12/08 06:10:02.581 [adcp:DLOGP1]:Battery power off message
2014/12/08 07:00:03.366 [adcp:DLOGP1]:Battery power on message
2014/12/08 07:06:49.535 2014/12/08 07:05:00.00 00161
2014/12/08 07:06:49.568 Hdg: 50.4 Pitch: -1.0 Roll: -1.1
2014/12/08 07:06:49.601 Temp: -1.2 SoS: 1443 BIT: 00
2014/12/08 07:06:49.685 Bin    Dir    Mag     E/W     N/S    Vert     Err   Echo1  Echo2  Echo3  Echo4
2014/12/08 07:06:49.768   1  310.9  793.3    -600     519     279    -274     45     45     50     53
2014/12/08 07:06:49.854   2  273.9  267.6    -267      18     247      -6     42     43     51     54
2014/12/08 07:06:49.935   3  276.3  275.6    -274      30     238       5     41     43     51     54
2014/12/08 07:06:50.018   4  276.5  275.7    -274      31     230       5     41     43     51     54
2014/12/08 07:06:50.101   5  277.2  282.2    -280      35     222      10     41     43     51     54
2014/12/08 07:06:50.177   6  276.3  276.6    -275      30     219      10     41     43     51     54
2014/12/08 07:06:50.260   7  276.7  274.9    -273      32     215       1     41     43     51     54
2014/12/08 07:06:50.359   8  276.5  277.7    -276      31     210       7     41     43     51     54
2014/12/08 07:06:50.427   9  276.2  281.6    -280      30     210       7     41     42     51     54
2014/12/08 07:06:50.546  10  276.9  277.0    -275      33     205       8     41     43     51     54
2014/12/08 07:06:50.594  11  276.9  278.0    -276      33     196       7     41     43     51     54
2014/12/08 07:06:50.676  12  276.6  280.8    -279      32     186      11     41     43     51     54
2014/12/08 07:06:50.760  13  276.9  276.0    -274      33     169      13     41     43     51     54
2014/12/08 07:06:50.835  14  275.9  275.4    -274      28     152      11     41     43     51     54
2014/12/08 07:06:50.918  15  276.2  279.6    -278      30     137       7     41     43     51     54
2014/12/08 07:06:51.002  16  275.7  275.3    -274      27     125      10     41     43     51     54
2014/12/08 07:06:51.085  17  276.7  276.9    -275      32     115      10     41     43     51     54
2014/12/08 07:06:51.168  18  275.4  278.2    -277      26     107       9     41     43     51     54
2014/12/08 07:06:51.251  19  275.5  275.2    -274      26      99       6     41     43     51     54
2014/12/08 07:06:51.335  20  275.8  278.4    -277      28      91       9     41     43     51     54
2014/12/08 07:06:51.418  21  276.7  277.8    -276      32      81      12     41     43     51     54
2014/12/08 07:06:51.493  22  275.6  280.3    -279      27      74       3     41     43     51     54
2014/12/08 07:06:51.577  23  275.9  275.4    -274      28      67       8     41     43     51     54
2014/12/08 07:06:51.660  24  274.8  277.0    -276      23      57       9     41     43     51     54
2014/12/08 07:06:51.743  25  276.3  277.6    -276      30      49       9     41     43     51     54
2014/12/08 07:06:51.826  26  275.3  275.1    -274      25      42       5     41     43     51     54
2014/12/08 07:06:51.910  27  276.6  281.8    -280      32      31      14     41     43     51     54
2014/12/08 07:06:51.993  28  275.9  276.4    -275      28      25       6     41     43     51     54
2014/12/08 07:06:52.076  29  275.6  279.3    -278      27      16      10     40     43     51     54
2014/12/08 07:06:52.152  30  275.9  276.4    -275      28       9       8     40     43     51     54
2014/12/08 07:06:52.271  31  274.8  277.0    -276      23       0       4     40     43     51     54
2014/12/08 07:06:52.352  32  275.4  278.2    -277      26      -8      11     40     43     51     54
2014/12/08 07:06:52.410  33  275.1  273.1    -272      24     -14       7     40     43     51     54
2014/12/08 07:06:52.485  34  274.4  276.8    -276      21     -23       5     40     43     51     54
2014/12/08 07:06:52.568  35  275.0  277.0    -276      24     -32       9     40     43     51     54
2014/12/08 07:06:52.683  36  275.4  279.2    -278      26     -38       6     40     43     51     54
2014/12/08 07:10:02.661 [adcp:DLOGP1]:Battery power off message
2014/12/08 08:00:04.566 [adcp:DLOGP1]:Battery power on message
2014/12/08 08:06:49.626 2014/12/08 08:05:00.00 00163
2014/12/08 08:06:49.659 Hdg: 50.4 Pitch: -1.0 Roll: -1.1
2014/12/08 08:06:49.692 Temp: -1.2 SoS: 1444 BIT: 00
2014/12/08 08:06:49.776 Bin    Dir    Mag     E/W     N/S    Vert     Err   Echo1  Echo2  Echo3  Echo4
2014/12/08 08:06:49.860   1  323.6  328.2    -195     264     255    -347     45     45     51     53
2014/12/08 08:06:49.944   2   90.0    5.0       5       0     206      11     42     43     52     54
2014/12/08 08:06:50.026   3   63.4    6.7       6       3     199       7     41     43     52     53
2014/12/08 08:06:50.109   4   63.4    2.2       2       1     192      10     41     42     52     54
2014/12/08 08:06:50.192   5   90.0    4.0       4       0     184       6     41     42     52     54
2014/12/08 08:06:50.267   6    0.0    4.0       0       4     180       8     41     43     52     54
2014/12/08 08:06:50.350   7   18.4    3.2       1       3     175      12     41     43     52     54
2014/12/08 08:06:50.434   8   15.9    7.3       2       7     171      10     41     42     52     54
2014/12/08 08:06:50.517   9    0.0    2.0       0       2     168      10     41     42     52     54
2014/12/08 08:06:50.601  10   18.4    3.2       1       3     166      14     41     43     52     54
2014/12/08 08:06:50.684  11    0.0    4.0       0       4     156      14     41     42     52     54
2014/12/08 08:06:50.767  12   11.3    5.1       1       5     145      11     41     43     52     54
2014/12/08 08:06:50.851  13   14.0    4.1       1       4     129      16     41     43     52     54
2014/12/08 08:06:50.926  14   14.0    4.1       1       4     113      11     41     43     52     54
2014/12/08 08:06:51.009  15  141.3    6.4       4      -5      98      11     41     43     52     54
2014/12/08 08:06:51.092  16   90.0    3.0       3       0      86      10     41     43     52     54
2014/12/08 08:06:51.176  17   44.9    4.2       3       3      77      12     41     43     52     54
2014/12/08 08:06:51.259  18   90.0    2.0       2       0      67      14     41     43     52     54
2014/12/08 08:06:51.342  19  315.0    4.2      -3       3      58      17     41     43     52     54
2014/12/08 08:06:51.425  20   90.0    1.0       1       0      51      14     41     43     52     54
2014/12/08 08:06:51.509  21  135.0    2.8       2      -2      43      10     41     43     52     54
2014/12/08 08:06:51.584  22   90.0    4.0       4       0      35      10     41     43     52     54
2014/12/08 08:06:51.667  23  146.3    3.6       2      -3      26      16     41     43     52     54
2014/12/08 08:06:51.751  24  346.0    4.1      -1       4      18      10     41     43     52     54
2014/12/08 08:06:51.834  25  161.5    3.2       1      -3      10      14     41     43     52     54
2014/12/08 08:06:51.918  26  315.0    1.4      -1       1       1      11     40     43     52     54
2014/12/08 08:06:52.001  27  153.4    2.2       1      -2      -7      18     41     43     52     54
2014/12/08 08:06:52.084  28  135.0    2.8       2      -2     -16      14     40     43     52     54
2014/12/08 08:06:52.167  29  101.3    5.1       5      -1     -23      18     40     43     52     54
2014/12/08 08:06:52.242  30  288.5    3.2      -3       1     -31       9     40     43     52     54
2014/12/08 08:06:52.326  31  149.0    5.8       3      -5     -38      15     40     43     52     54
2014/12/08 08:06:52.409  32  225.0    2.8      -2      -2     -48      12     40     43     52     54
2014/12/08 08:06:52.492  33  116.5    6.7       6      -3     -54      12     40     43     52     54
2014/12/08 08:06:52.575  34  255.9    4.1      -4      -1     -62      20     40     43     52     54
2014/12/08 08:06:52.659  35  161.5    3.2       1      -3     -72      11     40     43     52     54
2014/12/08 08:06:52.741  36  135.0    1.4       1      -1     -78      13     40     43     52     54
2014/12/08 08:10:02.761 [adcp:DLOGP1]:Battery power off message
2014/12/08 09:00:04.197 [adcp:DLOGP1]:Battery power on message
2014/12/08 09:00:07.395 [adcp:DLOGP1]:þ
2014/12/08 09:06:49.717 2014/12/08 09:05:00.00 00165
2014/12/08 09:06:49.747 Hdg: 50.4 Pitch: -1.0 Roll: -1.1
2014/12/08 09:06:49.780 Temp: -1.2 SoS: 1444 BIT: 00
2014/12/08 09:06:49.863 Bin    Dir    Mag     E/W     N/S    Vert     Err   Echo1  Echo2  Echo3  Echo4
2014/12/08 09:06:49.946   1  136.0  379.1     263    -273     262    -255     45     45     51     53
2014/12/08 09:06:50.030   2  120.9    5.8       5      -3     212       0     42     43     52     53
2014/12/08 09:06:50.113   3   59.0    5.8       5       3     204       7     41     43     52     53
2014/12/08 09:06:50.196   4  351.9    7.1      -1       7     197       9     41     43     52     53
2014/12/08 09:06:50.280   5   21.8    5.4       2       5     190       2     41     43     52     53
2014/12/08 09:06:50.355   6  338.2    5.4      -2       5     185       5     41     43     52     53
2014/12/08 09:06:50.438   7   18.4    6.3       2       6     180       7     41     43     52     53
2014/12/08 09:06:50.521   8  341.6    6.3      -2       6     176       6     41     43     52     53
2014/12/08 09:06:50.611   9   26.5    4.5       2       4     176       4     41     43     52     53
2014/12/08 09:06:50.689  10    0.0    9.0       0       9     172       7     41     43     52     53
2014/12/08 09:06:50.772  11    0.0    3.0       0       3     162       9     41     43     52     53
2014/12/08 09:06:50.856  12   53.1    5.0       4       3     152       5     41     43     52     53
2014/12/08 09:06:50.938  13  341.6    6.3      -2       6     137       8     41     43     52     54
2014/12/08 09:06:51.013  14   18.4    3.2       1       3     118      11     41     43     52     53
2014/12/08 09:06:51.096  15  101.3    5.1       5      -1     105       4     41     43     52     54
2014/12/08 09:06:51.180  16  341.6    6.3      -2       6      91       9     41     43     52     54
2014/12/08 09:06:51.263  17   90.0    3.0       3       0      82       6     41     43     52     54
2014/12/08 09:06:51.346  18    0.0    3.0       0       3      74       8     41     43     52     54
2014/12/08 09:06:51.430  19  104.0    4.1       4      -1      66       8     41     43     52     54
2014/12/08 09:06:51.513  20  333.5    4.5      -2       4      57      10     41     43     52     54
2014/12/08 09:06:51.597  21   14.0    4.1       1       4      48       5     41     43     52     54
2014/12/08 09:06:51.672  22   63.4    2.2       2       1      40      13     41     43     52     54
2014/12/08 09:06:51.755  23    0.0    4.0       0       4      32       9     41     43     52     54
2014/12/08 09:06:51.838  24  206.5    2.2      -1      -2      25       6     41     43     52     54
2014/12/08 09:06:51.921  25  116.5    4.5       4      -2      16       8     41     43     52     54
2014/12/08 09:06:52.005  26  303.7    3.6      -3       2       7      11     41     43     52     54
2014/12/08 09:06:52.088  27  116.5    4.5       4      -2      -1       4     41     43     52     54
2014/12/08 09:06:52.171  28  333.5    2.2      -1       2      -9      11     41     43     52     54
2014/12/08 09:06:52.255  29  135.0    4.2       3      -3     -16      -4     41     43     52     54
2014/12/08 09:06:52.330  30  315.0    1.4      -1       1     -25      11     41     43     52     54
2014/12/08 09:06:52.413  31  146.3    7.2       4      -6     -32      -5     41     43     52     54
2014/12/08 09:06:52.498  32  146.3    3.6       2      -3     -41       2     41     43     52     54
2014/12/08 09:06:52.580  33  126.8    5.0       4      -3     -48       1     40     43     52     54
2014/12/08 09:06:52.663  34   90.0    0.0       0       0     -57      11     40     43     53     54
2014/12/08 09:06:52.747  35  251.5    3.2      -3      -1     -64       3     40     43     52     54
2014/12/08 09:06:52.829  36  111.8    5.4       5      -2     -73       2     40     43     52     54
2014/12/08 09:10:02.891 [adcp:DLOGP1]:Battery power off message
2014/12/08 10:00:03.277 [adcp:DLOGP1]:Battery power on message
2014/12/08 10:06:49.799 2014/12/08 10:05:00.00 00167
2014/12/08 10:06:49.833 Hdg: 50.4 Pitch: -1.0 Roll: -1.1
2014/12/08 10:06:49.866 Temp: -1.2 SoS: 1443 BIT: 00
2014/12/08 10:06:49.949 Bin    Dir    Mag     E/W     N/S    Vert     Err   Echo1  Echo2  Echo3  Echo4
2014/12/08 10:06:50.032   1  135.4  560.0     393    -399     344    -296     45     45     51     52
2014/12/08 10:06:50.116   2   96.3    9.1       9      -1     271       0     42     43     52     53
2014/12/08 10:06:50.199   3  344.1    7.3      -2       7     262       9     42     43     52     53
2014/12/08 10:06:50.282   4  352.9    8.1      -1       8     257       7     42     43     52     53
2014/12/08 10:06:50.366   5  344.1   14.6      -4      14     248      10     42     43     52     53
2014/12/08 10:06:50.441   6  349.7   11.2      -2      11     244       5     42     43     51     53
2014/12/08 10:06:50.524   7    0.0    4.0       0       4     239       5     42     43     52     53
2014/12/08 10:06:50.608   8  341.6    9.5      -3       9     235       6     42     43     51     53
2014/12/08 10:06:50.691   9  338.2   10.8      -4      10     234      11     42     43     52     53
2014/12/08 10:06:50.791  10   44.9    4.2       3       3     231       2     42     43     51     53
2014/12/08 10:06:50.858  11  336.1    9.8      -4       9     221      12     42     43     52     53
2014/12/08 10:06:50.941  12  354.3   10.0      -1      10     211      10     42     43     51     53
2014/12/08 10:06:51.024  13  340.1   11.7      -4      11     193      11     42     43     51     53
2014/12/08 10:06:51.099  14    0.0    6.0       0       6     178      12     42     43     52     53
2014/12/08 10:06:51.182  15  336.9    7.6      -3       7     163       8     42     43     52     53
2014/12/08 10:06:51.266  16    9.4    6.1       1       6     149      11     42     43     52     53
2014/12/08 10:06:51.349  17  336.9    7.6      -3       7     140      12     42     43     52     53
2014/12/08 10:06:51.432  18   90.0    0.0       0       0     132       6     42     43     52     53
2014/12/08 10:06:51.516  19  340.1   11.7      -4      11     123      15     42     43     52     53
2014/12/08 10:06:51.600  20   63.4    2.2       2       1     116       9     42     43     52     53
2014/12/08 10:06:51.685  21  323.2   10.0      -6       8     106      12     41     43     52     53
2014/12/08 10:06:51.758  22  108.4    3.2       3      -1     101       4     41     43     52     53
2014/12/08 10:06:51.841  23  324.5    8.6      -5       7      90      15     41     43     52     53
2014/12/08 10:06:51.924  24   11.3    5.1       1       5      83       9     41     43     52     53
2014/12/08 10:06:52.008  25  336.9    7.6      -3       7      73      13     41     43     52     53
2014/12/08 10:06:52.091  26  315.0    8.5      -6       6      67      12     41     43     52     53
2014/12/08 10:06:52.174  27   11.3    5.1       1       5      57      10     41     43     52     53
2014/12/08 10:06:52.257  28  303.7    3.6      -3       2      50       8     41     43     52     53
2014/12/08 10:06:52.341  29   44.9    1.4       1       1      42      11     41     43     52     54
2014/12/08 10:06:52.416  30  310.7    9.2      -7       6      32      15     41     43     52     53
2014/12/08 10:06:52.499  31   63.4    2.2       2       1      26      10     41     43     52     53
2014/12/08 10:06:52.583  32  303.7    3.6      -3       2      18      11     41     43     52     54
2014/12/08 10:06:52.670  33  338.2    5.4      -2       5      10      11     41     43     52     53
2014/12/08 10:06:52.749  34  309.9    7.8      -6       5       2      10     41     43     52     54
2014/12/08 10:06:52.833  35    0.0    1.0       0       1      -6      16     41     43     52     53
2014/12/08 10:06:52.915  36  306.9    5.0      -4       3     -13      10     41     43     52     53
2014/12/08 10:10:00.932 [adcp:DLOGP1]:Battery power off message
2014/12/08 11:00:03.347 [adcp:DLOGP1]:Battery power on message
2014/12/08 11:06:49.891 2014/12/08 11:05:00.00 00169
2014/12/08 11:06:49.931 Hdg: 50.3 Pitch: -1.0 Roll: -1.1
2014/12/08 11:06:49.961 Temp: -1.3 SoS: 1443 BIT: 00
2014/12/08 11:06:50.041 Bin    Dir    Mag     E/W     N/S    Vert     Err   Echo1  Echo2  Echo3  Echo4
2014/12/08 11:06:50.125   1  144.6  973.3     563    -794     352    -414     46     45     51     52
2014/12/08 11:06:50.208   2  278.6  182.0    -180      27     257       6     43     43     52     53
2014/12/08 11:06:50.291   3  281.1  188.5    -185      36     251       6     42     43     52     53
2014/12/08 11:06:50.375   4  282.1  192.2    -188      40     242       8     42     42     52     53
2014/12/08 11:06:50.458   5  281.8  192.0    -188      39     234       6     42     42     52     53
2014/12/08 11:06:50.533   6  280.4  189.1    -186      34     231       5     42     42     52     53
2014/12/08 11:06:50.617   7  282.2  195.4    -191      41     225      12     42     43     52     53
2014/12/08 11:06:50.700   8  280.9  190.4    -187      36     223       4     42     43     52     53
2014/12/08 11:06:50.783   9  281.1  193.6    -190      37     219       8     42     42     52     53
2014/12/08 11:06:50.867  10  280.9  191.4    -188      36     218       8     42     42     52     53
2014/12/08 11:06:50.950  11  281.2  190.6    -187      37     208      12     42     43     52     53
2014/12/08 11:06:51.033  12  281.6  194.0    -190      39     196       7     42     43     52     53
2014/12/08 11:06:51.116  13  279.6  187.6    -185      31     182       7     42     43     52     53
2014/12/08 11:06:51.191  14  282.4  191.4    -187      41     165      12     42     43     52     53
2014/12/08 11:06:51.275  15  280.8  193.4    -190      36     148      13     42     43     52     53
2014/12/08 11:06:51.358  16  279.3  187.4    -185      30     138       7     42     43     52     53
2014/12/08 11:06:51.451  17  280.7  189.3    -186      35     128       9     42     43     52     53
2014/12/08 11:06:51.525  18  280.6  191.2    -188      35     118      15     42     43     52     53
2014/12/08 11:06:51.609  19  280.4  190.1    -187      34     110      10     42     43     52     53
2014/12/08 11:06:51.691  20  279.7  191.7    -189      32     103      11     42     43     52     53
2014/12/08 11:06:51.791  21  280.3  191.0    -188      34      94      10     42     43     52     53
2014/12/08 11:06:51.850  22  279.5  188.6    -186      31      86      12     42     43     52     53
2014/12/08 11:06:51.933  23  280.6  191.2    -188      35      77       9     42     43     52     53
2014/12/08 11:06:52.016  24  278.9  188.2    -186      29      71      12     41     43     52     53
2014/12/08 11:06:52.101  25  280.0  191.9    -189      33      61      11     42     43     52     53
2014/12/08 11:06:52.183  26  279.2  189.4    -187      30      53      16     42     43     52     53
2014/12/08 11:06:52.267  27  279.9  192.8    -190      33      44      13     41     43     52     53
2014/12/08 11:06:52.350  28  279.3  187.4    -185      30      36      14     41     43     52     53
2014/12/08 11:06:52.433  29  279.0  192.4    -190      30      28      12     41     43     52     53
2014/12/08 11:06:52.508  30  278.2  183.8    -182      26      22       9     41     43     52     53
2014/12/08 11:06:52.592  31  279.0  192.4    -190      30      14      15     41     43     52     53
2014/12/08 11:06:52.675  32  279.2  188.4    -186      30       3      16     41     43     52     53
2014/12/08 11:06:52.758  33  280.2  192.0    -189      34      -4      15     41     43     52     53
2014/12/08 11:06:52.842  34  279.0  187.3    -185      29     -10      16     41     43     52     53
2014/12/08 11:06:52.925  35  278.5  191.1    -189      28     -20      17     41     43     52     53
2014/12/08 11:06:53.008  36  280.0  190.9    -188      33     -28      15     41     43     52     53
2014/12/08 11:10:01.072 [adcp:DLOGP1]:Battery power off message
2014/12/08 12:00:03.217 [adcp:DLOGP1]:Battery power on message
2014/12/08 12:06:49.979 2014/12/08 12:05:00.00 00171
2014/12/08 12:06:50.012 Hdg: 49.5 Pitch: -1.0 Roll: -1.1
2014/12/08 12:06:50.045 Temp: -1.2 SoS: 1444 BIT: 00
2014/12/08 12:06:50.129 Bin    Dir    Mag     E/W     N/S    Vert     Err   Echo1  Echo2  Echo3  Echo4
2014/12/08 12:06:50.212   1  329.9  496.0    -249     429     301    -386     46     45     51     52
2014/12/08 12:06:50.295   2   18.4   82.2      26      78     256      -6     42     43     52     53
2014/12/08 12:06:50.379   3    7.6   97.9      13      97     247       5     42     43     52     53
2014/12/08 12:06:50.462   4    5.1  100.4       9     100     239       5     42     42     52     53
2014/12/08 12:06:50.546   5    4.2   95.3       7      95     233       9     41     42     52     53
2014/12/08 12:06:50.620   6    5.9   96.5      10      96     229       1     42     42     52     53
2014/12/08 12:06:50.712   7    6.4   97.6      11      97     223       8     42     42     52     53
2014/12/08 12:06:50.788   8    4.7   97.3       8      97     220       5     41     43     52     53
2014/12/08 12:06:50.871   9    4.7   97.3       8      97     218      10     41     42     52     52
2014/12/08 12:06:50.954  10    5.8   98.5      10      98     214       8     41     42     52     53
2014/12/08 12:06:51.037  11    5.9   96.5      10      96     205       8     41     43     52     53
2014/12/08 12:06:51.120  12    7.5   91.8      12      91     195       8     41     42     52     53
2014/12/08 12:06:51.204  13    7.0   97.7      12      97     179       4     41     42     52     53
2014/12/08 12:06:51.279  14    8.1   91.9      13      91     162       7     41     43     52     53
2014/12/08 12:06:51.362  15    4.0   99.2       7      99     146       8     41     43     52     53
2014/12/08 12:06:51.445  16    4.7   97.3       8      97     135      12     41     43     52     53
2014/12/08 12:06:51.529  17    5.5   93.4       9      93     125       5     41     42     52     53
2014/12/08 12:06:51.612  18    4.3   93.3       7      93     116       4     41     43     52     53
2014/12/08 12:06:51.695  19    8.0   92.9      13      92     109      11     41     43     52     53
2014/12/08 12:06:51.779  20    6.8   91.7      11      91     101       5     41     43     52     53
2014/12/08 12:06:51.862  21    7.0   89.7      11      89      90      12     41     43     52     53
2014/12/08 12:06:51.937  22    4.5  100.3       8     100      83       7     41     43     52     53
2014/12/08 12:06:52.020  23    9.2   87.1      14      86      76       6     41     43     52     53
2014/12/08 12:06:52.104  24    5.4   94.4       9      94      66       9     41     43     52     53
2014/12/08 12:06:52.187  25    6.8   92.7      11      92      58       4     41     43     53     53
2014/12/08 12:06:52.270  26    4.1   96.3       7      96      51      15     41     43     52     53
2014/12/08 12:06:52.354  27    7.7   88.8      12      88      42       6     41     43     53     53
2014/12/08 12:06:52.437  28    4.8   94.3       8      94      33       7     41     43     52     53
2014/12/08 12:06:52.520  29    7.0   89.7      11      89      25       8     41     43     52     53
2014/12/08 12:06:52.595  30    6.2   91.5      10      91      19       6     41     43     52     53
2014/12/08 12:06:52.679  31    8.3   89.9      13      89      10       4     41     43     52     53
2014/12/08 12:06:52.763  32    4.9   93.3       8      93       0      13     41     43     52     53
2014/12/08 12:06:52.845  33    7.2   86.7      11      86      -5       5     41     43     52     53
2014/12/08 12:06:52.929  34    8.3   89.9      13      89     -15       6     41     43     53     53
2014/12/08 12:06:53.012  35    4.3   93.3       7      93     -22       9     41     43     53     53
2014/12/08 12:06:53.094  36    6.4   88.6      10      88     -29      11     41     43     53     53
2014/12/08 12:10:01.272 [adcp:DLOGP1]:Battery power off message
2014/12/08 13:00:03.137 [adcp:DLOGP1]:Battery power on message
2014/12/08 13:06:50.065 2014/12/08 13:05:00.00 00173
2014/12/08 13:06:50.098 Hdg: 49.0 Pitch: -1.0 Roll: -1.1
2014/12/08 13:06:50.131 Temp: -0.9 SoS: 1444 BIT: 00
2014/12/08 13:06:50.215 Bin    Dir    Mag     E/W     N/S    Vert     Err   Echo1  Echo2  Echo3  Echo4
2014/12/08 13:06:50.303   1  314.9 1557.1   -1104    1098     145    -227     46     45     51     53
2014/12/08 13:06:50.381   2  267.1  163.2    -163      -8     156      76     41     43     52     53
2014/12/08 13:06:50.470   3  274.2  181.5    -181      13     146      99     41     43     52     53
2014/12/08 13:06:50.548   4  273.9  179.4    -179      12     140      90     41     42     52     53
2014/12/08 13:06:50.633   5  274.1  182.5    -182      13     132      98     41     43     52     54
2014/12/08 13:06:50.706   6  273.6  177.3    -177      11     128      89     41     43     52     53
2014/12/08 13:06:50.790   7  273.6  178.3    -178      11     125      91     41     43     52     53
2014/12/08 13:06:50.873   8  273.8  184.4    -184      12     119      99     41     43     52     53
2014/12/08 13:06:50.956   9  273.3  177.3    -177      10     118      94     41     43     52     53
2014/12/08 13:06:51.039  10  274.4  183.5    -183      14     114      95     41     43     52     53
2014/12/08 13:06:51.123  11  273.8  181.4    -181      12     105      96     41     43     52     53
2014/12/08 13:06:51.206  12  273.5  181.3    -181      11      95      94     40     43     52     53
2014/12/08 13:06:51.289  13  273.5  180.3    -180      11      78      94     40     43     52     54
2014/12/08 13:06:51.365  14  273.2  182.3    -182      10      61      97     40     43     52     54
2014/12/08 13:06:51.448  15  273.8  181.4    -181      12      45     103     40     43     52     54
2014/12/08 13:06:51.532  16  273.8  183.4    -183      12      35      96     40     43     52     54
2014/12/08 13:06:51.615  17  272.9  178.2    -178       9      25      95     41     43     52     54
2014/12/08 13:06:51.698  18  274.9  187.7    -187      16      15      99     40     43     52     54
2014/12/08 13:06:51.782  19  271.3  180.0    -180       4       9      93     40     43     52     54
2014/12/08 13:06:51.865  20  274.4  184.5    -184      14      -1      99     41     43     52     54
2014/12/08 13:06:51.948  21  273.2  181.3    -181      10      -9     100     40     43     52     54
2014/12/08 13:06:52.023  22  272.9  179.2    -179       9     -16      92     40     43     52     54
2014/12/08 13:06:52.112  23  272.9  180.2    -180       9     -26     102     40     43     52     54
2014/12/08 13:06:52.190  24  272.2  185.1    -185       7     -33      97     40     43     52     54
2014/12/08 13:06:52.273  25  273.9  180.4    -180      12     -42      98     40     43     52     54
2014/12/08 13:06:52.357  26  272.6  180.2    -180       8     -51     100     40     43     52     54
2014/12/08 13:06:52.440  27  274.6  187.6    -187      15     -58      97     40     43     53     54
2014/12/08 13:06:52.523  28  271.3  180.0    -180       4     -67      97     40     43     52     54
2014/12/08 13:06:52.607  29  273.8  184.4    -184      12     -76      98     40     43     53     54
2014/12/08 13:06:52.684  30  271.9  181.1    -181       6     -82      98     40     43     52     54
2014/12/08 13:06:52.765  31  273.1  186.3    -186      10     -91     105     40     43     52     54
2014/12/08 13:06:52.848  32  272.3  182.1    -182       7     -98      94     40     43     53     54
2014/12/08 13:06:52.931  33  272.9  182.2    -182       9    -106      96     40     43     52     54
2014/12/08 13:06:53.015  34  271.3  178.0    -178       4    -114      95     40     43     53     54
2014/12/08 13:06:53.098  35  271.9  182.1    -182       6    -122     102     40     43     53     54
2014/12/08 13:06:53.180  36  273.2  183.3    -183      10    -131      97     40     43     53     54
2014/12/08 13:10:03.172 [adcp:DLOGP1]:Battery power off message
2014/12/08 14:00:02.228 [adcp:DLOGP1]:Battery power on message
2014/12/08 14:06:01.193 [adcp:DLOGP1]:Battery power off message
2014/12/08 14:15:04.040 [adcp:DLOGP1]:Battery stop message
2014/12/08 17:22:02.625 [adcp:DLOGP1]:Logger started: Idle state, without initialize
2014/12/08 18:00:03.073 [adcp:DLOGP1]:Battery power on message
2014/12/08 18:06:50.446 2014/12/08 18:05:00.00 00183
2014/12/08 18:06:50.479 Hdg: 48.7 Pitch: -1.0 Roll: -1.1
2014/12/08 18:06:50.512 Temp:  3.2 SoS: 1462 BIT: 00
2014/12/08 18:06:50.596 Bin    Dir    Mag     E/W     N/S    Vert     Err   Echo1  Echo2  Echo3  Echo4
2014/12/08 18:06:50.679   1  168.0  442.7      92    -433    -193     256     52     42     53     52
2014/12/08 18:06:50.762   2  226.8  131.6     -96     -90    -102     300     53     36     55     53
2014/12/08 18:06:50.846   3  228.6  131.8     -99     -87    -111     290     53     34     55     53
2014/12/08 18:06:50.929   4  225.9  132.2     -95     -92    -119     286     53     34     55     53
2014/12/08 18:06:51.012   5  225.9  129.4     -93     -90    -126     291     53     34     55     52
2014/12/08 18:06:51.088   6  222.8  130.9     -89     -96    -129     262     53     34     55     53
2014/12/08 18:06:51.171   7  225.6  131.5     -94     -92    -132     266     53     34     55     53
2014/12/08 18:06:51.254   8  225.9  130.8     -94     -91    -139     285     53     34     55     53
2014/12/08 18:06:51.337   9  222.2  133.8     -90     -99    -143     278     53     34     55     53
2014/12/08 18:06:51.421  10  224.6  130.8     -92     -93    -139     277     53     34     55     53
2014/12/08 18:06:51.504  11  221.1  135.4     -89    -102    -152     289     53     34     55     53
2014/12/08 18:06:51.587  12  225.3  130.8     -93     -92    -160     278     53     34     55     52
2014/12/08 18:06:51.671  13  222.3  135.2     -91    -100    -175     285     53     34     55     52
2014/12/08 18:06:51.746  14  224.0  132.2     -92     -95    -195     295     53     34     55     52
2014/12/08 18:06:51.829  15  225.9  130.8     -94     -91    -206     297     53     34     54     52
2014/12/08 18:06:51.912  16  224.7  135.1     -95     -96    -221     311     53     34     55     52
2014/12/08 18:06:51.996  17  221.0  134.0     -88    -101    -234     265     53     34     54     52
2014/12/08 18:06:52.079  18  221.1  135.4     -89    -102    -241     303     53     34     54     52
2014/12/08 18:06:52.162  19  225.3  130.8     -93     -92    -247     277     53     34     55     52
2014/12/08 18:06:52.246  20  224.3  132.9     -93     -95    -258     294     53     34     55     52
2014/12/08 18:06:52.329  21  226.2  134.4     -97     -93    -265     281     53     34     54     52
2014/12/08 18:06:52.404  22  226.4  135.1     -98     -93    -270     280     53     34     54     52
2014/12/08 18:06:52.487  23  225.0  132.9     -94     -94    -284     248     53     34     54     52
2014/12/08 18:06:52.571  24  224.4  138.6     -97     -99    -291     210     53     34     54     52
2014/12/08 18:06:52.654  25  230.6  135.7    -105     -86    -291     282     53     34     54     52
2014/12/08 18:06:52.738  26  220.8  136.1     -89    -103    -310     289     53     34     54     52
2014/12/08 18:06:52.821  27  231.0  135.1    -105     -85    -313     269     53     34     54     52
2014/12/08 18:06:52.904  28  225.2  136.5     -97     -96    -324     284     53     34     54     52
2014/12/08 18:06:52.987  29  228.8  135.4    -102     -89    -331     279     53     34     54     52
2014/12/08 18:06:53.062  30  220.3  139.1     -90    -106    -335     272     53     34     54     52
2014/12/08 18:06:53.146  31  217.9  138.2     -85    -109    -349     270     53     34     54     52
2014/12/08 18:06:53.229  32  220.0  138.4     -89    -106    -357     250     53     34     54     52
2014/12/08 18:06:53.312  33  227.7  133.8     -99     -90    -361     268     52     34     54     52
2014/12/08 18:06:53.396  34  226.4  136.5     -99     -94    -369     282     53     34     54     52
2014/12/08 18:06:53.479  35  220.3  139.1     -90    -106    -380     256     53     34     54     52
2014/12/08 18:06:53.562  36  230.9  136.5    -106     -86    -384     261     53     34     54     52
2014/12/08 18:10:01.650 [adcp:DLOGP1]:Battery power off message
