2014/09/15 00:04:20.019 MSG D_STATUS STATUS: GPS=601, NTP=1, PPS=30, SUPERV=143, DLOG_MGR=10
2014/09/15 00:04:20.019 MSG D_STTUS STATUS: GPS=601, NTP=1, PPS=30, SUPERV=143, DLOG_MGR=10
2014/09/15 00:04:21.680 MSG D_STATUS CPU Uptime:   4 days 11:48:15  Load: 0.80 0.24 0.18  Free: 12424k  Nproc: 88
2014/09/15 00:04:22.680 MSG D_STATUS CPUUptime:   4 days 11:48:15  Load: 0.80 0.24 0.18  Free: 12424k  Nproc: 88
2014/09/15 00:04:23.680 MSG D_STATUS CPU Uptime:   ys 11:48:15  Load: 0.80 0.24 0.18  Free: 12424k  Nproc: 88
2014/09/15 00:04:24.680 MSG D_STATUS CPU Uptime:   4 days 11:48:15  Lo80 0.24 0.18  Free: 12424k  Nproc: 88
2014/09/15 00:04:25.680 MSG D_STATUS CPU Uptime:   4 days 11:48:15  Load: 0.80 0.24 0.18  Fr24k  Nproc: 88
2014/09/15 00:04:26.680 MSG D_STATUS CPU Uptime:   4 days 11:48:15  Load: 0.80 0.24 0.18  Free: 12424k  Npr88
2014/09/15 00:04:27.383 WNG DLOGP1 Discarded too many bytes [100]
2014/09/15 00:04:28.383 WG DLOGP1 Discarded too many bytes [100]
2014/09/15 00:04:29.191 ALM SUPERV Warning 4 3, NO MPIC DATA
2014/09/15 00:04:30.191 LM SUPERV Warning 4 3, NO MPIC DATA
2013/12/20 00:04:31.621 ERR DLOGP7 Command [(NULL)] Received no recognized response
2013/12/20 00:04:32.621 ER DLOGP7 Command [(NULL)] Received no recognized response
2014/09/15 00:04:33.020 DAT D_GPS 2014/09/15 00:04:19.676 GPS 59.927475 -39.438837 0.00 294.60 2 8 1.00 10.90 150914 000419 5955.6485 N 03926.3302 W
2014/09/15 00:04:34.919 DAT D_GPS 2014/09/15 00:09:20.701 GP9.927337 -39.438795 1.50 285.50 2 7 1.10 1.80 150914 000920 5955.6402 N 03926.3277 W
2014/09/15 00:04:35.020 DAT D_GPS 2014/09/15 00:04:19.676 GPS 59.927475 -39.438837 0.00 294.60  000419 5955.6485 N 03926.3302 W
2014/09/15 00:04:36.020 DAT D_GPS 2014/09/15 00:04:19.676 GPS 59.927475 -39.438837 0.00 294.60 2 8 1.00 10.90 150914 000419 595503926.3302 W
2014/09/15 00:04:37.021 DAT D_PPS D_PPS: NMEA_Lock: TRUE  Delta: 0999963 DeltaMin: -0000028 DeltaMax: -0000048 BadPulses: 0000 TS: 2014/09/15 00:04:15.000
2014/09/15 00:09:38.920 DAT D_PPS D_PPS: NMEA_Lock: TRUE  Delta: 1000000 DeltaMin: +0000000 DeltaMax: +0000039 BadPulses: 0000 TS: 2014/09/15 00:09:15.000
2014/09/15 00:00:11.706 DAT SUPERV dcl: 24.3 768.0 00001070 t 19.2 17.1 20.2 20.5 36.9 h 3.9 p 14.6 gf 7 6.9 -650.4 -310.1 ld 0 0 0 p1 1 12.0 34.2 1 p2 0 0.0 0.0 0 p3 1 24.0 132.0 0 p4 1 12.0 39.1 0 p5 0 1.1 0.0 0 p6 1 12.0 97.8 0 p7 0 0.0 0.0 0 p8 1 24.1 19.6 0 hb 0 0 0 wake 0 wtc 0 wpc 0 pwr 2 2 4 24.3 596.1 12.0 136.0 24.1 204.0 3bae
2014/09/15 00:03:09.876 DAT SUPERV dcl: 24.3 705.0 00001070.8 19.1 21.0 21.0 38.7 h 3.9 p 14.6 gf 7 8.1 -649.2 -825.0 ld 0 0 0 p1 1 12.0 34.2 1 p2 0 0.0 0.0 0 p3 1 24.0 132.0 0 p4 0 0.0 0.0 0 p5 0 0.0 0.0 0 p6 1 12.0 141.7 0 p7 0 0.0 0.0 0 p8 0 0.0 0.0 0 hb 0 0 0 wake 0 wtc 0 wpc 0 pwr 2 2 4 24.2 574.1 12.0 168.0 24.2 168.0 3aee
2014/09/15 00:00:11.706 DAT SUPERV dcl: 24.3 768.0 00001070 t 19.2 17.1 20.2 20.5 36.9 h 3.9 p 14.6 gf 7 6.9 -650.4 -310.1 ld 0 0 0 p1 1 12.0 34.2 1 p2 0 0.0 0.0 0 p3 1 24.0 132.0 0 p4 1 12.0 39.1 0 p5 0 1.1 0.0 0 p6 1 12.0 97.8 0 p7 0 0.0 0.0 0 p8 1 24.1 19.6 0 hb 0 0 0 wake 0 wtc 0 wpc 0 pw596.1 12.0 136.0 24.1 204.0 3bae
2014/09/15 00:00:11.706 DAT SUPERV dcl: 24.3 768.0 00001070 t 19.2 17.1 20.2 20.5 36.9 h 3.9 p 14.6 g.1 ld 0 0 0 p1 1 12.0 34.2 1 p2 0 0.0 0.0 0 p3 1 24.0 132.0 0 p4 1 12.0 39.1 0 p5 0 1.1 0.0 0 p6 1 12.0 97.8 0 p7 0 0.0 0.0 0 p8 1 24.1 19.6 0 hb 0 0 0 wake 0 wtc 0 wpc 0 pwr 2 2 4 24.3 596.1 12.0 136.0 24.1 204.0 3bae
2014/09/15 00:00:11.706 DAT SUPERV dcl: 24.3 768.0 00001070 t 19.2 17.1 20.2 20.5 36.9 h 3.9 p 14.6 gf 7 6.9 -650.4 -310.1 ld 0 0 0 p1 1 12.0 34.2 1 p.0 0.0 0 p3 1 24.0 132.0 0 p4 1 12.0 39.1 0 p5 0 1.1 0.0 0 p6 1 12.0 97.8 0 p7 0 0.0 0.0 0 p8 1 24.1 19.6 0 hb 0 0 0 wake 0 wtc 0 wpc 0 pwr 2 2 4 24.3 596.1 12.0 136.0 24.1 204.0 3bae
2014/09/15 00:04:20.024 DAT DLOG_MGR dmgrstatus: 2014/09/15 00:04:14.018 act:7 str:7 hlt:0 fld:0 map:DDDDDD0D
2014/09/15 00:04:20.024 DAT DLOG_MGR dmgrstatus: 2014/09/15 00:04:14. ct:7 str:7 hlt:0 fld:0 map:DDDDDD0D
2014/09/15 00:04:20.024 DAT DLOG_MGR dmgrstatus: 2014/09/15 00:04:14.018 act:7 st hlt:0 fld:0 map:DDDDDD0D
2014/09/15 00:04:20.024 DAT DLOG_MGR dmgrstatus: 2014/09/15 00:04:14.018 act:7 str:7 h0 fld:0 map:DDDDDD0D
2014/09/15 00:04:20.024 DAT DLOG_MGR dmgrstatus: 2014/09/15 00:04:14.018 act:7 str:7 hlt:0 fld: map:DDDDDD0D
2014/09/15 00:04:20.024 DAT DLOG_MGR dmgrstatus: 2014/09/15 00:04:14.018 act:7 str:7 hlt:0 fld:0 mDDDDDD0D
2014/09/15 00:04:20.025 DAT DLOGP1 istatus: 2014/09/15 00:03:51.083 mopak DAQ tx: 1904 rx: 55079462 log: 55072637 good: 1280759 bad: 18 bb: 0 ld: 1410739431 lc: 1410739431
2014/09/15 00:04:20.025 DAT DLOGP1 istatus: 2014/09/15 00:03:51.083 mopak DA904 rx: 55079462 log: 55072637 good: 1280759 bad: 18 bb: 0 ld: 1410739431 lc: 1410739431
2014/09/15 00:04:20.025 DAT DLOGP1 istatus: 2014/09/15 00:03:51.083 mopak DAQ tx: 1904 r079462 log: 55072637 good: 1280759 bad: 18 bb: 0 ld: 1410739431 lc: 1410739431
2014/09/15 00:04:20.025 DAT DLOGP1 istatus: 2014/09/15 00:03:51.083 mopak DAQ tx: 1904 rx: 55079462 log: 55072637 good: 1280759 bad: 18 bb: 0 ld: 1410739431 l10739431
2014/09/15 00:04:20.025 DAT DLOGP1 istatus: 2014/09/15 00:03:51.083 mopak DAQ tx: 1904 rx: 55079462 lo2637 good: 1280759 bad: 18 bb: 0 ld: 1410739431 lc: 1410739431
2014/09/15 00:04:20.025 DAT DLOGP1 istatus: 2014/09/15 00:03:51.083 mopak DAQ tx: 1904 rx: 55079462 log: 55072637 good: 1280759 bad: 18 b ld: 1410739431 lc: 1410739431
2014/09/15 00:04:20.025 DAT DLOGP1 istatus: 2014/09/15 00:03:51.083 mopak DAQ tx: 1904 rx: 55079462 log: 55072ood: 1280759 bad: 18 bb: 0 ld: 1410739431 lc: 1410739431
2014/09/15 00:04:20.260 DAT D_STATUS NTP: 2014/09/15 00:04:20.031 *SHM(1) .PPS. -0.202 0.067
2014/09/15 00:04:20.260 DAT D_STATUS NTP: 2014/09/15 00:04:20.0SHM(1) .PPS. -0.202 0.067
2014/09/15 00:04:20.260 DAT D_STATUS NTP: 2014/09/15 00:04:20.031 *SHM(1) .PPS. -0.207
2014/09/15 00:00:01.472 MSG D_CTL Sent SUPERV,D_CTL,INST_PORT_ON,1,1
2014/09/15 00:04:20.023 DAT DLOGP1 3DM CB_AARM ax: -0.064557 ay: 0.064915 az: -0.926437 rx: -0.032228 ry: 0.092326 rz: -0.013362 mx: 0.001503 my: -0.201639 mz: 0.496855 t: 254.34
2014/09/15 00:04:20.023 DAT DLOGP1 3D_AARM ax: -0.064557 ay: 0.064915 az: -0.926437 rx: -0.032228 ry: 0.092326 rz: -0.013362 mx: 0.001503 my: -0.201639 mz: 0.496855 t: 254.34
2014/09/15 00:04:20.023 DAT DLOGP1 3DM CB_AARM ax064557 ay: 0.064915 az: -0.926437 rx: -0.032228 ry: 0.092326 rz: -0.013362 mx: 0.001503 my: -0.201639 mz: 0.496855 t: 254.34
2014/09/15 00:04:20.023 DAT DLOGP1 3DM CB_AARM ax: -0.064557 a64915 az: -0.926437 rx: -0.032228 ry: 0.092326 rz: -0.013362 mx: 0.001503 my: -0.201639 mz: 0.496855 t: 254.34
2014/09/15 00:04:20.023 DAT DLOGP1 3DM CB_AARM ax: -0.064557 ay: 0.064915 az: -0.9262228 ry: 0.092326 rz: -0.013362 mx: 0.001503 my: -0.201639 mz: 0.496855 t: 254.34
2014/09/15 00:04:20.023 DAT DLOGP1 3DM CB_AARM ax: -0.064557 ay: 0.064915 az: -0.926437 rx: -0.032228 ry: 0.092326 rz: -0.010.001503 my: -0.201639 mz: 0.496855 t: 254.34
2014/09/15 00:04:20.023 DAT DLOGP1 3DM CB_AARM ax: -0.064557 ay: 0.064915 az: -0.926437 rx: -0.032228 ry: 0.092326 rz: -0.013362 mx: 0.001503 my: -0.201639 mz:  t: 254.34
