233507 681842 529993 26063 2777310 463864090
233513 681843 529992 26053 2777500 463864101
233512 681842 529990 26050 2777540 463864112
233511 681843 529992 26040 2776420 463864123
233511 681841 529994 26055 2777860 463864134
233518 681841 529995 26051 2776730 463864145
233517 681841 529989 26042 2777220 463864156
233521 681842 529993 26039 2774780 463864167
233520 681842 529993 26041 2776720 463864178
233524 681842 529989 26050 2777330 463864189
233527 681842 529991 26045 2775560 463864200
233529 681842 529989 26062 2776340 463864211
233534 681841 529992 26074 2776920 463864222
233531 681842 529990 26064 2775390 463864233
233539 681842 529992 26049 2775130 463864244
233541 681842 529992 26058 2776760 463864255
233546 681843 529990 26057 2774840 463864266
233549 681843 529993 26046 2776570 463864277
233558 681843 529989 26058 2775590 463864288
233563 681842 529988 26058 2775450 463864299
233563 681842 529990 26071 2774280 463864310
233568 681842 529988 26044 2775420 463864321
233576 681842 529987 26065 2775150 463864332
233582 681842 529988 26044 2775110 463864343
233582 681842 529988 26053 2775680 463864354
233593 681842 529990 26070 2774880 463864365
233602 681842 529988 26067 2774670 463864376
233606 681842 529991 26066 2774140 463864387
233609 681842 529989 26057 2773970 463864398
233614 681843 529987 26052 2773850 463864409
233620 681842 529988 26057 2773840 463864420
233625 681842 529990 26056 2773910 463864431
233626 681844 529986 26061 2773960 463864442
233633 681842 529985 26060 2774760 463864453
233639 681842 529991 26065 2774660 463864464
233644 681842 529988 26057 2773470 463864475
233651 681842 529989 26063 2773010 463864486
233653 681842 529988 26059 2774190 463864497
233658 681842 529987 26058 2773250 463864508
233665 681842 529985 26050 2772790 463864519
233669 681842 529988 26052 2772120 463864530
233677 681842 529983 26061 2772650 463864541
233684 681842 529987 26058 2772670 463864552
233692 681842 529988 26057 2772430 463864563
233696 681842 529986 26058 2772070 463864574
233707 681841 529988 26052 2772170 463864585
233713 681841 529984 26059 2772670 463864596
233722 681842 529987 26065 2772550 463864607
233731 681841 529985 26069 2771280 463864618
233739 681842 529990 26049 2771890 463864629
233753 681842 529987 26059 2772770 463864640
233759 681841 529986 26070 2771750 463864651
233768 681841 529989 26055 2772340 463864662
233775 681842 529987 26044 2771940 463864673
233788 681842 529986 26061 2770950 463864684
233803 681842 529987 26057 2771910 463864695
233810 681840 529991 26053 2771410 463864706
233818 681842 529984 26068 2771260 463864717
233833 681841 529983 26072 2771590 463864728
233840 681841 529986 26062 2770870 463864739
233850 681841 529987 26059 2771030 463864750
233860 681842 529988 26063 2770680 463864761
233873 681841 529984 26063 2770360 463864772
233882 681842 529987 26051 2771860 463864783
233892 681841 529986 26061 2770780 463864794
233903 681841 529990 26067 2770300 463864805
233912 681841 529985 26061 2770240 463864816
233920 681840 529984 26056 2770920 463864827
233930 681841 529989 26046 2771610 463864838
233938 681841 529983 26052 2770200 463864849
233948 681841 529984 26066 2770720 463864860
233956 681842 529987 26067 2771640 463864871
233967 681842 529992 26063 2770490 463864882
233978 681841 529983 26060 2771130 463864893
233990 681841 529985 26045 2771800 463864904
234009 681841 529986 26052 2771310 463864915
234020 681840 529981 26056 2770690 463864926
234033 681842 529987 26064 2770930 463864937
234050 681841 529987 26059 2771470 463864948
234065 681842 529984 26050 2771120 463864959
234082 681841 529984 26047 2771400 463864970
234096 681841 529986 26063 2771120 463864981
234111 681842 529981 26061 2770980 463864992
234124 681841 529983 26064 2771560 463865003
234132 681841 529986 26063 2771820 463865014
234144 681841 529986 26062 2771620 463865025
234153 681841 529984 26059 2771800 463865036
234162 681841 529981 26053 2770100 463865047
234171 681842 529982 26064 2771870 463865058
234177 681841 529984 26059 2771690 463865069
234185 681840 529983 26046 2770670 463865080
234198 681842 529984 26046 2771860 463865091
234204 681841 529984 26051 2771500 463865102
234211 681841 529986 26046 2771170 463865113
234227 681841 529985 26058 2770850 463865124
234233 681842 529987 26062 2770480 463865135
234241 681842 529984 26052 2770820 463865146
234254 681841 529985 26049 2771360 463865157
234265 681842 529987 26061 2771380 463865168
234276 681842 529986 26047 2771840 463865179
234288 681840 529985 26054 2771690 463865190
234297 681841 529984 26044 2770810 463865201
234304 681840 529984 26047 2770510 463865212
234320 681839 529985 26053 2771520 463865223
234328 681842 529983 26046 2771740 463865234
234342 681841 529984 26039 2772250 463865245
234351 681841 529984 26056 2772290 463865256
234364 681841 529982 26064 2771500 463865267
234372 681841 529985 26057 2771450 463865278
234384 681841 529983 26054 2772410 463865289
234396 681842 529985 26047 2772080 463865300
234406 681842 529981 26039 2772580 463865311
234419 681842 529982 26041 2772740 463865322
234431 681841 529985 26046 2772540 463865333
234450 681841 529984 26052 2771440 463865344
234471 681842 529985 26057 2772030 463865355
234485 681841 529983 26046 2771670 463865366
234510 681842 529983 26043 2772220 463865377
234528 681841 529987 26041 2772640 463865388
234553 681840 529985 26038 2772450 463865399
234578 681841 529984 26053 2772220 463865410
234600 681841 529984 26052 2773480 463865421
234626 681842 529983 26049 2772470 463865432
234644 681842 529982 26056 2774720 463865443
234666 681842 529981 26040 2771560 463865454
234690 681841 529984 26048 2773660 463865465
234713 681841 529987 26047 2772680 463865476
234731 681841 529983 26056 2773360 463865487
234751 681842 529983 26039 2773180 463865498
234769 681841 529986 26050 2772760 463865509
234786 681841 529983 26042 2774360 463865520
234797 681840 529982 26046 2773360 463865531
234814 681841 529982 26035 2773120 463865542
234835 681842 529981 26041 2773220 463865553
234845 681841 529985 26037 2774170 463865564
234865 681841 529982 26041 2773480 463865575
234883 681842 529983 26044 2773700 463865586
234902 681840 529987 26032 2774440 463865597
234925 681842 529984 26041 2773710 463865608
234945 681842 529984 26047 2773760 463865619
234972 681842 529983 26030 2774760 463865630
234994 681841 529982 26042 2774210 463865641
235017 681841 529983 26028 2773770 463865652
