2014-11-14 19:42:42.699 Idle,0,1097,2.1,0.0,Brake-On
2014-11-14 19:42:45.900 Haul_in,0,1094,3.5,0.0
2014-11-14 19:42:46.000 Haul_in,0,1094,3.6,0.0
2014-11-14 19:42:49.202 Haul_in,11,1062,3.7,0.0
2014-11-14 19:42:49.504 Haul_in,10,1060,3.8,0.0
2014-11-14 19:42:49.804 Haul_in,10,1059,3.7,0.0
2014-11-14 19:42:50.005 Haul_in,10,1057,3.7,0.0
2014-11-14 19:42:50.306 Haul_in,8,1054,3.8,0.0
2014-11-14 19:42:50.507 Haul_in,8,1051,3.7,0.0
2014-11-14 19:42:50.809 Haul_in,8,1049,3.8,0.0
2014-11-14 19:42:51.009 Haul_in,8,1046,3.8,0.0
2014-11-14 19:42:51.309 Haul_in,10,1043,3.8,0.0
2014-11-14 19:42:51.609 Haul_in,10,1041,3.8,0.0
2014-11-14 19:42:51.809 Haul_in,10,1038,3.8,0.0
2014-11-14 19:42:52.110 Haul_in,10,1035,3.8,0.0
2014-11-14 19:42:52.311 Haul_in,10,1032,3.8,0.0
2014-11-14 19:42:52.611 Haul_in,10,1030,3.8,0.0
2014-11-14 19:42:52.711 Haul_in,10,1029,3.8,0.0
2014-11-14 19:42:55.911 Haul_in,10,996,3.8,0.0
2014-11-14 19:42:56.111 Haul_in,10,994,3.8,0.0
2014-11-14 19:42:56.413 Haul_in,10,991,3.8,0.0
2014-11-14 19:42:56.713 Haul_in,10,988,3.8,0.0
2014-11-14 19:42:56.913 Haul_in,10,986,3.7,0.0
2014-11-14 19:42:57.213 Haul_in,10,983,3.8,0.0
2014-11-14 19:42:57.413 Haul_in,11,980,3.8,0.0
2014-11-14 19:42:57.713 Haul_in,11,978,3.8,0.0
2014-11-14 19:42:58.017 Haul_in,11,975,3.8,0.0
2014-11-14 19:42:58.217 Haul_in,11,972,3.8,0.0
2014-11-14 19:42:58.517 Haul_in,10,969,3.8,0.0
2014-11-14 19:42:58.718 Haul_in,10,967,3.8,0.0
2014-11-14 19:42:59.019 Haul_in,10,964,3.8,0.0
2014-11-14 19:42:59.222 Haul_in,10,961,3.8,0.0
2014-11-14 19:42:59.522 Haul_in,10,959,3.8,0.0
2014-11-14 19:42:59.822 Haul_in,10,956,3.8,0.0
2014-11-14 19:43:00.022 Haul_in,10,953,3.8,0.0
2014-11-14 19:43:00.322 Haul_in,11,951,3.8,0.0
2014-11-14 19:43:00.622 Haul_in,11,948,3.8,0.0
2014-11-14 19:43:00.822 Haul_in,11,945,3.8,0.0
2014-11-14 19:43:01.122 Haul_in,11,943,3.8,0.0
2014-11-14 19:43:01.322 Haul_in,10,940,3.8,0.0
2014-11-14 19:43:01.623 Haul_in,10,937,3.8,0.0
2014-11-14 19:43:01.823 Haul_in,10,935,3.8,0.0
2014-11-14 19:43:02.123 Haul_in,10,932,3.9,0.0
2014-11-14 19:43:02.423 Haul_in,10,929,3.8,0.0
2014-11-14 19:43:02.623 Haul_in,10,926,3.8,0.0
2014-11-14 19:43:02.723 Haul_in,10,926,3.8,0.0
2014-11-14 19:43:05.924 Haul_in,8,896,3.8,0.0
2014-11-14 19:43:06.125 Haul_in,8,893,3.9,0.0
2014-11-14 19:43:06.425 Haul_in,10,890,3.8,0.0
2014-11-14 19:43:06.627 Haul_in,10,888,3.8,0.0
2014-11-14 19:43:06.927 Haul_in,10,885,3.8,0.0
2014-11-14 19:43:07.228 Haul_in,10,882,3.8,0.0
2014-11-14 19:43:07.428 Haul_in,10,880,3.8,0.0
2014-11-14 19:43:07.728 Haul_in,10,877,3.9,0.0
2014-11-14 19:43:07.929 Haul_in,10,874,3.8,0.0
2014-11-14 19:43:08.230 Haul_in,10,871,3.8,0.0
2014-11-14 19:43:08.531 Haul_in,11,869,3.8,0.0
2014-11-14 19:43:08.732 Haul_in,11,866,3.8,0.0
2014-11-14 19:43:09.033 Haul_in,11,864,3.8,0.0
2014-11-14 19:43:09.233 Haul_in,10,861,3.8,0.0
2014-11-14 19:43:09.533 Haul_in,10,858,3.8,0.0
2014-11-14 19:43:09.833 Haul_in,10,855,3.8,0.0
2014-11-14 19:43:10.034 Haul_in,10,853,3.7,0.0
2014-11-14 19:43:10.336 Haul_in,10,850,3.8,0.0
2014-11-14 19:43:10.536 Haul_in,10,847,3.8,0.0
2014-11-14 19:43:10.836 Haul_in,10,845,3.7,0.0
2014-11-14 19:43:11.136 Haul_in,10,842,3.7,0.0
2014-11-14 19:43:11.336 Haul_in,10,839,3.8,0.0
2014-11-14 19:43:11.636 Haul_in,10,837,3.8,0.0
2014-11-14 19:43:11.837 Haul_in,10,834,3.7,0.0
2014-11-14 19:43:12.139 Haul_in,10,831,3.7,0.0
2014-11-14 19:43:12.440 Haul_in,11,829,3.7,0.0
2014-11-14 19:43:12.642 Haul_in,11,826,3.8,0.0
2014-11-14 19:43:12.643 Haul_in,11,826,3.8,0.0
2014-11-14 19:43:15.945 Haul_in,11,793,3.8,0.0
2014-11-14 19:43:16.146 Haul_in,11,790,3.8,0.0
2014-11-14 19:43:16.448 Haul_in,10,787,3.8,0.0
2014-11-14 19:43:16.652 Haul_in,10,785,3.8,0.0
2014-11-14 19:43:16.953 Haul_in,10,782,3.8,0.0
2014-11-14 19:43:17.159 Haul_in,10,779,3.8,0.0
2014-11-14 19:43:17.460 Haul_in,10,776,3.8,0.0
2014-11-14 19:43:17.763 Haul_in,10,774,3.9,0.0
2014-11-14 19:43:17.964 Haul_in,10,771,3.8,0.0
2014-11-14 19:43:18.267 Haul_in,10,768,3.8,0.0
2014-11-14 19:43:18.469 Haul_in,11,766,3.8,0.0
2014-11-14 19:43:18.772 Haul_in,11,763,3.8,0.0
2014-11-14 19:43:18.977 Haul_in,11,760,3.8,0.0
2014-11-14 19:43:19.280 Haul_in,10,758,3.8,0.0
2014-11-14 19:43:19.581 Haul_in,10,755,3.8,0.0
2014-11-14 19:43:19.782 Haul_in,10,752,3.8,0.0
2014-11-14 19:43:20.084 Haul_in,10,750,3.8,0.0
2014-11-14 19:43:20.285 Haul_in,10,747,3.8,0.0
2014-11-14 19:43:20.587 Haul_in,10,745,3.8,0.0
2014-11-14 19:43:20.889 Haul_in,10,744,3.7,0.0
2014-11-14 19:43:21.091 Haul_in,10,742,3.8,0.0
2014-11-14 19:43:21.393 Haul_in,8,739,3.8,0.0
2014-11-14 19:43:21.594 Haul_in,8,736,3.8,0.0
2014-11-14 19:43:21.895 Haul_in,8,733,3.8,0.0
2014-11-14 19:43:22.098 Haul_in,8,731,3.8,0.0
2014-11-14 19:43:22.401 Haul_in,10,728,3.8,0.0
2014-11-14 19:43:22.702 Haul_in,10,725,3.8,0.0
2014-11-14 19:43:22.706 Haul_in,10,725,3.8,0.0
2014-11-14 19:43:25.908 Haul_in,10,692,3.7,0.0
2014-11-14 19:43:26.209 Haul_in,10,689,3.8,0.0
2014-11-14 19:43:26.411 Haul_in,11,687,3.8,0.0
2014-11-14 19:43:26.712 Haul_in,11,684,3.8,0.0
2014-11-14 19:43:26.914 Haul_in,11,681,3.8,0.0
2014-11-14 19:43:27.215 Haul_in,11,679,3.8,0.0
2014-11-14 19:43:27.518 Haul_in,10,676,3.8,0.0
2014-11-14 19:43:27.721 Haul_in,10,673,3.8,0.0
2014-11-14 19:43:28.022 Haul_in,10,671,3.8,0.0
2014-11-14 19:43:28.223 Haul_in,10,668,3.8,0.0
2014-11-14 19:43:28.524 Haul_in,10,665,3.8,0.0
2014-11-14 19:43:28.730 Haul_in,10,663,3.8,0.0
2014-11-14 19:43:29.033 Haul_in,10,660,3.8,0.0
2014-11-14 19:43:29.335 Haul_in,10,657,3.8,0.0
2014-11-14 19:43:29.536 Haul_in,10,655,3.8,0.0
2014-11-14 19:43:29.840 Haul_in,10,652,3.8,0.0
2014-11-14 19:43:30.043 Haul_in,10,649,3.8,0.0
2014-11-14 19:43:30.345 Haul_in,11,647,3.8,0.0
2014-11-14 19:43:30.546 Haul_in,11,644,3.8,0.0
2014-11-14 19:43:30.848 Haul_in,11,641,3.8,0.0
2014-11-14 19:43:31.149 Haul_in,11,638,3.8,0.0
2014-11-14 19:43:31.358 Haul_in,10,636,3.8,0.0
2014-11-14 19:43:31.662 Haul_in,10,633,3.8,0.0
2014-11-14 19:43:31.863 Haul_in,10,630,3.8,0.0
2014-11-14 19:43:32.165 Haul_in,10,628,3.8,0.0
2014-11-14 19:43:32.372 Haul_in,10,625,3.8,0.0
2014-11-14 19:43:32.674 Haul_in,10,622,3.8,0.0
2014-11-14 19:43:35.875 Haul_in,11,590,3.8,0.0
2014-11-14 19:43:36.177 Haul_in,11,589,3.8,0.0
2014-11-14 19:43:36.479 Haul_in,7,586,3.7,0.0
2014-11-14 19:43:36.680 Haul_in,7,583,3.8,0.0
2014-11-14 19:43:36.981 Haul_in,7,581,3.8,0.0
2014-11-14 19:43:37.182 Haul_in,7,578,3.8,0.0
2014-11-14 19:43:37.488 Haul_in,11,575,3.8,0.0
2014-11-14 19:43:37.689 Haul_in,11,573,3.8,0.0
2014-11-14 19:43:37.991 Haul_in,11,570,3.8,0.0
2014-11-14 19:43:38.292 Haul_in,11,567,3.8,0.0
2014-11-14 19:43:38.493 Haul_in,10,565,3.8,0.0
2014-11-14 19:43:38.794 Haul_in,10,562,3.8,0.0
2014-11-14 19:43:38.997 Haul_in,10,559,3.8,0.0
2014-11-14 19:43:39.298 Haul_in,10,557,3.8,0.0
2014-11-14 19:43:39.600 Haul_in,10,554,3.8,0.0
2014-11-14 19:43:39.802 Haul_in,10,551,3.8,0.0
2014-11-14 19:43:40.103 Haul_in,10,548,3.8,0.0
2014-11-14 19:43:40.305 Haul_in,11,546,3.8,0.0
2014-11-14 19:43:40.606 Haul_in,11,543,3.8,0.0
2014-11-14 19:43:40.808 Haul_in,11,541,3.8,0.0
2014-11-14 19:43:41.110 Haul_in,11,538,3.7,0.0
2014-11-14 19:43:41.413 Haul_in,10,535,3.8,0.0
2014-11-14 19:43:41.614 Haul_in,10,532,3.7,0.0
2014-11-14 19:43:41.916 Haul_in,10,530,3.8,0.0
2014-11-14 19:43:42.117 Haul_in,10,527,3.8,0.0
2014-11-14 19:43:42.418 Haul_in,10,524,3.7,0.0
2014-11-14 19:43:42.719 Haul_in,10,522,3.8,0.0
2014-11-14 19:43:45.920 Haul_in,10,488,3.8,0.0
2014-11-14 19:43:46.222 Haul_in,10,486,3.8,0.0
2014-11-14 19:43:46.423 Haul_in,10,483,3.8,0.0
2014-11-14 19:43:46.726 Haul_in,10,480,3.8,0.0
2014-11-14 19:43:46.927 Haul_in,10,478,3.8,0.0
2014-11-14 19:43:47.228 Haul_in,10,475,3.8,0.0
2014-11-14 19:43:47.529 Haul_in,11,472,3.8,0.0
2014-11-14 19:43:47.731 Haul_in,11,469,3.9,0.0
2014-11-14 19:43:48.032 Haul_in,11,467,3.8,0.0
2014-11-14 19:43:48.233 Haul_in,11,464,3.8,0.0
2014-11-14 19:43:48.534 Haul_in,10,461,3.9,0.0
2014-11-14 19:43:48.737 Haul_in,10,459,3.8,0.0
2014-11-14 19:43:49.039 Haul_in,10,456,3.8,0.0
2014-11-14 19:43:49.341 Haul_in,10,453,3.8,0.0
2014-11-14 19:43:49.543 Haul_in,10,451,3.8,0.0
2014-11-14 19:43:49.844 Haul_in,10,448,3.8,0.0
2014-11-14 19:43:50.047 Haul_in,10,445,3.8,0.0
2014-11-14 19:43:50.348 Haul_in,11,443,3.8,0.0
2014-11-14 19:43:50.649 Haul_in,11,440,3.8,0.0
2014-11-14 19:43:50.850 Haul_in,11,437,3.8,0.0
2014-11-14 19:43:51.152 Haul_in,11,434,3.8,0.0
2014-11-14 19:43:51.361 Haul_in,10,433,3.9,0.0
2014-11-14 19:43:51.662 Haul_in,10,432,3.8,0.0
2014-11-14 19:43:51.864 Haul_in,10,429,3.8,0.0
2014-11-14 19:43:52.166 Haul_in,10,426,3.8,0.0
2014-11-14 19:43:52.468 Haul_in,8,424,3.8,0.0
2014-11-14 19:43:52.669 Haul_in,8,421,3.8,0.0
2014-11-14 19:43:55.970 Haul_in,10,388,3.8,0.0
2014-11-14 19:43:56.171 Haul_in,10,385,3.8,0.0
2014-11-14 19:43:56.473 Haul_in,11,382,3.8,0.0
2014-11-14 19:43:56.675 Haul_in,11,380,3.7,0.0
2014-11-14 19:43:56.977 Haul_in,11,377,3.7,0.0
2014-11-14 19:43:57.179 Haul_in,11,374,3.7,0.0
2014-11-14 19:43:57.481 Haul_in,10,372,3.7,0.0
2014-11-14 19:43:57.784 Haul_in,10,369,3.7,0.0
2014-11-14 19:43:58.001 Haul_in,10,366,3.7,0.0
2014-11-14 19:43:58.308 Haul_in,10,364,3.7,0.0
2014-11-14 19:43:58.509 Haul_in,11,361,3.8,0.0
2014-11-14 19:43:58.811 Haul_in,11,358,3.7,0.0
2014-11-14 19:43:59.012 Haul_in,11,355,3.7,0.0
2014-11-14 19:43:59.313 Haul_in,10,353,3.8,0.0
2014-11-14 19:43:59.615 Haul_in,10,350,3.7,0.0
2014-11-14 19:43:59.817 Haul_in,10,347,3.8,0.0
2014-11-14 19:44:00.118 Haul_in,10,345,3.8,0.0
2014-11-14 19:44:00.323 Haul_in,10,342,3.8,0.0
2014-11-14 19:44:00.625 Haul_in,10,339,3.8,0.0
2014-11-14 19:44:00.826 Haul_in,10,337,3.8,0.0
2014-11-14 19:44:01.129 Haul_in,10,334,3.8,0.0
2014-11-14 19:44:01.430 Haul_in,10,332,3.8,0.0
2014-11-14 19:44:01.633 Haul_in,10,329,3.8,0.0
2014-11-14 19:44:01.935 Haul_in,10,326,3.8,0.0
2014-11-14 19:44:02.136 Haul_in,10,323,3.8,0.0
2014-11-14 19:44:02.437 Haul_in,11,321,3.8,0.0
2014-11-14 19:44:02.638 Haul_in,11,318,3.8,0.0
2014-11-14 19:44:05.939 Haul_in,11,284,3.8,0.0
2014-11-14 19:44:06.241 Haul_in,11,282,3.8,0.0
2014-11-14 19:44:06.442 Haul_in,10,279,3.8,0.0
2014-11-14 19:44:06.743 Haul_in,10,276,3.8,0.0
2014-11-14 19:44:06.944 Haul_in,10,275,3.8,0.0
2014-11-14 19:44:07.245 Haul_in,10,274,3.8,0.0
2014-11-14 19:44:07.447 Haul_in,8,271,3.7,0.0
2014-11-14 19:44:07.748 Haul_in,8,268,3.8,0.0
2014-11-14 19:44:08.049 Haul_in,8,266,3.8,0.0
2014-11-14 19:44:08.271 Haul_in,8,263,3.8,0.0
2014-11-14 19:44:08.572 Haul_in,10,260,3.8,0.0
2014-11-14 19:44:08.774 Haul_in,10,258,3.8,0.0
2014-11-14 19:44:09.076 Haul_in,10,255,3.8,0.0
2014-11-14 19:44:09.316 Haul_in,10,252,3.8,0.0
2014-11-14 19:44:09.618 Haul_in,10,250,3.8,0.0
2014-11-14 19:44:09.820 Haul_in,10,247,3.8,0.0
2014-11-14 19:44:10.121 Haul_in,10,244,3.8,0.0
2014-11-14 19:44:10.322 Haul_in,11,242,3.8,0.0
2014-11-14 19:44:10.623 Haul_in,11,239,3.8,0.0
2014-11-14 19:44:10.825 Haul_in,11,236,3.8,0.0
2014-11-14 19:44:11.126 Haul_in,11,234,3.8,0.0
2014-11-14 19:44:11.427 Haul_in,10,231,3.8,0.0
2014-11-14 19:44:11.628 Haul_in,10,228,3.8,0.0
2014-11-14 19:44:11.931 Haul_in,10,226,3.7,0.0
2014-11-14 19:44:12.145 Haul_in,10,223,3.7,0.0
2014-11-14 19:44:12.446 Haul_in,10,220,3.7,0.0
2014-11-14 19:44:12.647 Haul_in,10,218,3.8,0.0
2014-11-14 19:44:15.949 Haul_in,10,184,3.8,0.0
2014-11-14 19:44:16.151 Haul_in,10,181,3.8,0.0
2014-11-14 19:44:16.453 Haul_in,11,179,3.8,0.0
2014-11-14 19:44:16.757 Haul_in,11,176,3.8,0.0
2014-11-14 19:44:16.961 Haul_in,11,173,3.8,0.0
2014-11-14 19:44:17.263 Haul_in,11,171,3.8,0.0
2014-11-14 19:44:17.464 Haul_in,10,168,3.8,0.0
2014-11-14 19:44:17.765 Haul_in,10,165,3.8,0.0
2014-11-14 19:44:18.067 Haul_in,10,163,3.8,0.0
2014-11-14 19:44:18.268 Haul_in,10,160,3.8,0.0
2014-11-14 19:44:18.570 Haul_in,10,157,3.8,0.0
2014-11-14 19:44:18.771 Haul_in,10,155,3.8,0.0
2014-11-14 19:44:19.073 Haul_in,10,152,3.8,0.0
2014-11-14 19:44:19.275 Haul_in,11,149,3.8,0.0
2014-11-14 19:44:19.577 Haul_in,11,146,3.9,0.0
2014-11-14 19:44:19.878 Haul_in,11,144,3.8,0.0
2014-11-14 19:44:20.080 Haul_in,11,141,3.8,0.0
2014-11-14 19:44:20.384 Haul_in,10,138,3.8,0.0
2014-11-14 19:44:20.586 Haul_in,10,136,3.8,0.0
2014-11-14 19:44:20.888 Haul_in,10,133,3.8,0.0
2014-11-14 19:44:21.189 Haul_in,10,130,3.8,0.0
2014-11-14 19:44:21.390 Haul_in,10,128,3.8,0.0
2014-11-14 19:44:21.692 Haul_in,10,125,3.8,0.0
2014-11-14 19:44:21.893 Haul_in,10,122,3.7,0.0
2014-11-14 19:44:22.194 Haul_in,10,120,3.8,0.0
2014-11-14 19:44:22.395 Haul_in,10,118,3.8,0.0
2014-11-14 19:44:22.696 Haul_in,10,117,3.8,0.0
2014-11-14 19:44:25.899 Haul_in,9,88,3.6,0.0
2014-11-14 19:44:26.201 Haul_in,9,87,3.2,0.0
2014-11-14 19:44:26.503 Haul_in,4,87,2.8,0.0
2014-11-14 19:44:26.704 Haul_in,4,87,2.8,0.0
2014-11-14 19:44:27.006 Haul_in,4,87,2.8,0.0
2014-11-14 19:44:27.207 Haul_in,4,87,2.8,0.0
2014-11-14 19:44:27.508 Haul_in,0,87,2.8,0.0,Brake-On
2014-11-14 19:44:27.810 Haul_in,0,87,2.5,0.0,Brake-On
2014-11-14 19:44:28.011 Haul_in,0,87,3.7,0.0,Brake-On
2014-11-14 19:44:28.312 Haul_in,0,87,3.7,0.0,Brake-On
2014-11-14 19:44:28.513 Haul_in,0,87,3.0,0.0,Brake-On
2014-11-14 19:44:28.814 Idle,0,87,2.1,0.0,Brake-On
2014-11-14 19:44:28.916 Idle,0,87,2.1,0.0,Brake-On,Pod-Power-On
2014-11-14 19:44:32.117 Idle,0,87,2.6,0.5,Brake-On,Pod-Power-On
2014-11-14 19:44:32.417 Idle,0,87,2.7,0.6,Brake-On,Pod-Power-On
2014-11-14 19:44:32.717 Idle,0,87,2.7,0.5,Brake-On,Pod-Power-On
2014-11-14 19:44:32.717 Idle,0,87,2.7,0.6,Brake-On,Pod-Power-On
2014-11-14 19:44:35.919 Idle,0,87,3.1,1.0,Brake-On,Pod-Power-On
2014-11-14 19:44:36.119 Idle,0,87,3.0,0.8,Brake-On,Pod-Power-On
2014-11-14 19:44:36.419 Idle,0,87,3.0,0.8,Brake-On,Pod-Power-On
2014-11-14 19:44:36.720 Idle,0,87,3.0,0.8,Brake-On,Pod-Power-On
2014-11-14 19:44:36.920 Idle,0,87,3.0,0.9,Brake-On,Pod-Power-On
2014-11-14 19:44:37.220 Idle,0,87,3.0,0.8,Brake-On,Pod-Power-On
2014-11-14 19:44:37.520 Idle,0,87,3.0,0.9,Brake-On,Pod-Power-On
2014-11-14 19:44:37.760 Idle,0,87,3.0,0.7,Brake-On,Pod-Power-On
2014-11-14 19:44:37.960 Idle,0,87,3.0,0.8,Brake-On,Pod-Power-On
2014-11-14 19:44:38.260 Idle,0,87,3.0,0.8,Brake-On,Pod-Power-On
2014-11-14 19:44:38.460 Idle,0,87,3.0,0.9,Brake-On,Pod-Power-On
2014-11-14 19:44:38.760 Idle,0,87,2.9,0.6,Brake-On,Pod-Power-On
2014-11-14 19:44:39.060 Idle,0,87,3.0,0.8,Brake-On,Pod-Power-On
2014-11-14 19:44:39.272 Idle,0,87,3.0,0.8,Brake-On,Pod-Power-On
2014-11-14 19:44:39.572 Idle,0,87,3.0,0.7,Brake-On,Pod-Power-On
2014-11-14 19:44:39.772 Idle,0,87,3.0,0.8,Brake-On,Pod-Power-On
2014-11-14 19:44:40.072 Idle,0,87,3.0,0.9,Brake-On,Pod-Power-On
2014-11-14 19:44:40.372 Idle,0,87,3.0,0.8,Brake-On,Pod-Power-On
2014-11-14 19:44:40.572 Idle,0,87,3.0,0.8,Brake-On,Pod-Power-On
2014-11-14 19:44:40.874 Idle,0,87,3.0,0.8,Brake-On,Pod-Power-On
2014-11-14 19:44:41.074 Idle,0,87,3.0,0.8,Brake-On,Pod-Power-On
2014-11-14 19:44:41.374 Idle,0,87,3.0,0.8,Brake-On,Pod-Power-On
2014-11-14 19:44:41.674 Idle,0,87,2.9,0.6,Brake-On,Pod-Power-On
2014-11-14 19:44:41.874 Idle,0,87,2.9,0.6,Brake-On,Pod-Power-On
2014-11-14 19:44:42.174 Idle,0,87,2.9,0.6,Brake-On,Pod-Power-On
2014-11-14 19:44:42.374 Idle,0,87,2.9,0.6,Brake-On,Pod-Power-On
2014-11-14 19:44:42.674 Idle,0,87,2.8,0.6,Brake-On,Pod-Power-On
2014-11-14 19:44:42.674 Idle,0,87,2.9,0.7,Brake-On,Pod-Power-On
2014-11-14 19:44:45.880 Idle,0,87,2.9,0.7,Brake-On,Pod-Power-On
2014-11-14 19:44:46.188 Idle,0,87,2.8,0.6,Brake-On,Pod-Power-On
2014-11-14 19:44:46.437 Idle,0,87,2.9,0.6,Brake-On,Pod-Power-On
2014-11-14 19:44:46.751 Idle,0,87,2.8,0.6,Brake-On,Pod-Power-On
2014-11-14 19:44:47.011 Idle,0,87,2.8,0.6,Brake-On,Pod-Power-On
2014-11-14 19:44:47.239 Idle,0,87,2.8,0.6,Brake-On,Pod-Power-On
2014-11-14 19:44:47.443 Idle,0,87,2.8,0.7,Brake-On,Pod-Power-On
2014-11-14 19:44:47.774 Idle,0,87,2.8,0.7,Brake-On,Pod-Power-On
2014-11-14 19:44:48.002 Idle,0,87,2.8,0.7,Brake-On,Pod-Power-On
2014-11-14 19:44:48.229 Idle,0,87,2.8,0.6,Brake-On,Pod-Power-On
2014-11-14 19:44:48.487 Idle,0,87,2.8,0.6,Brake-On,Pod-Power-On
2014-11-14 19:44:48.820 Idle,0,87,2.8,0.6,Brake-On,Pod-Power-On
2014-11-14 19:44:49.036 Idle,0,87,2.8,0.6,Brake-On,Pod-Power-On
2014-11-14 19:44:49.289 Idle,0,87,2.8,0.7,Brake-On,Pod-Power-On
2014-11-14 19:44:49.519 Idle,0,87,2.8,0.7,Brake-On,Pod-Power-On
2014-11-14 19:44:49.841 Idle,0,87,2.8,0.6,Brake-On,Pod-Power-On
2014-11-14 19:44:50.070 Idle,0,87,2.8,0.6,Brake-On,Pod-Power-On
2014-11-14 19:44:50.413 Idle,0,87,2.8,0.7,Brake-On,Pod-Power-On
2014-11-14 19:44:50.672 Idle,0,87,2.8,0.7,Brake-On,Pod-Power-On
2014-11-14 19:44:50.874 Idle,0,87,2.8,0.6,Brake-On,Pod-Power-On
2014-11-14 19:44:51.102 Idle,0,87,2.8,0.6,Brake-On,Pod-Power-On
2014-11-14 19:44:51.332 Idle,0,87,2.8,0.6,Brake-On,Pod-Power-On
2014-11-14 19:44:51.632 Idle,0,87,2.8,0.7,Brake-On,Pod-Power-On
2014-11-14 19:44:51.867 Idle,0,87,2.8,0.7,Brake-On,Pod-Power-On
2014-11-14 19:44:52.174 Idle,0,87,2.8,0.6,Brake-On,Pod-Power-On
2014-11-14 19:44:52.813 Idle,0,87,2.8,0.6,Brake-On,Pod-Power-On
2014-11-14 19:44:52.813 Idle,0,87,2.8,0.6,Brake-On,Pod-Power-On
2014-11-14 19:44:52.943 Idle,0,87,2.8,0.7,Brake-On,Pod-Power-On
2014-11-14 19:44:56.233 Idle,0,87,2.8,0.6,Brake-On,Pod-Power-On
2014-11-14 19:44:56.450 Idle,0,87,2.8,0.6,Brake-On,Pod-Power-On
2014-11-14 19:44:56.687 Idle,0,87,2.8,0.6,Brake-On,Pod-Power-On
2014-11-14 19:44:56.944 Idle,0,87,2.8,0.7,Brake-On,Pod-Power-On
2014-11-14 19:44:57.252 Idle,0,87,2.8,0.7,Brake-On,Pod-Power-On
2014-11-14 19:44:57.452 Idle,0,87,2.8,0.6,Brake-On,Pod-Power-On
2014-11-14 19:44:57.773 Idle,0,87,2.8,0.6,Brake-On,Pod-Power-On
2014-11-14 19:44:57.974 Idle,0,87,2.8,0.6,Brake-On,Pod-Power-On
2014-11-14 19:44:58.301 Idle,0,87,2.8,0.7,Brake-On,Pod-Power-On
2014-11-14 19:44:58.502 Idle,0,87,2.8,0.6,Brake-On,Pod-Power-On
2014-11-14 19:44:58.844 Idle,0,87,2.8,0.5,Brake-On,Pod-Power-On
2014-11-14 19:44:59.044 Idle,0,87,2.8,0.6,Brake-On,Pod-Power-On
2014-11-14 19:44:59.280 Idle,0,87,2.8,0.7,Brake-On,Pod-Power-On
2014-11-14 19:44:59.510 Idle,0,87,2.8,0.6,Brake-On,Pod-Power-On
2014-11-14 19:44:59.845 Idle,0,87,2.8,0.6,Brake-On,Pod-Power-On
2014-11-14 19:45:00.105 Idle,0,87,2.8,0.7,Brake-On,Pod-Power-On
2014-11-14 19:45:00.334 Idle,0,87,2.8,0.7,Brake-On,Pod-Power-On
2014-11-14 19:45:00.573 Idle,0,87,2.8,0.6,Brake-On,Pod-Power-On
2014-11-14 19:45:00.903 Idle,0,87,2.8,0.6,Brake-On,Pod-Power-On
2014-11-14 19:45:01.103 Idle,0,87,2.8,0.6,Brake-On,Pod-Power-On
2014-11-14 19:45:01.331 Idle,0,87,2.8,0.6,Brake-On,Pod-Power-On
2014-11-14 19:45:01.645 Idle,0,87,2.8,0.7,Brake-On,Pod-Power-On
2014-11-14 19:45:01.880 Idle,0,87,2.8,0.7,Brake-On,Pod-Power-On
2014-11-14 19:45:02.138 Idle,0,87,2.8,0.6,Brake-On,Pod-Power-On
2014-11-14 19:45:02.394 Idle,0,87,2.8,0.6,Brake-On,Pod-Power-On
2014-11-14 19:45:02.654 Idle,0,87,2.8,0.7,Brake-On,Pod-Power-On
2014-11-14 19:45:02.912 Idle,0,87,2.8,0.6,Brake-On,Pod-Power-On
2014-11-14 19:45:06.183 Idle,0,87,2.8,0.7,Brake-On,Pod-Power-On
2014-11-14 19:45:06.440 Idle,0,87,2.8,0.6,Brake-On,Pod-Power-On
2014-11-14 19:45:06.687 Idle,0,87,2.8,0.6,Brake-On,Pod-Power-On
2014-11-14 19:45:07.030 Idle,0,87,3.0,0.8,Brake-On,Pod-Power-On
2014-11-14 19:45:07.290 Idle,0,87,3.4,1.2,Brake-On,Pod-Power-On
2014-11-14 19:45:07.547 Idle,0,87,3.4,1.1,Brake-On,Pod-Power-On
2014-11-14 19:45:07.805 Idle,0,87,3.3,1.1,Brake-On,Pod-Power-On
2014-11-14 19:45:08.062 Idle,0,87,3.4,1.1,Brake-On,Pod-Power-On
2014-11-14 19:45:08.319 Idle,0,87,3.2,1.0,Brake-On,Pod-Power-On
2014-11-14 19:45:08.576 Idle,0,87,2.9,0.7,Brake-On,Pod-Power-On
2014-11-14 19:45:08.834 Idle,0,87,2.9,0.7,Brake-On,Pod-Power-On
2014-11-14 19:45:09.091 Idle,0,87,2.9,0.6,Brake-On,Pod-Power-On
2014-11-14 19:45:09.321 Idle,0,87,2.8,0.7,Brake-On,Pod-Power-On
2014-11-14 19:45:09.627 Idle,0,87,2.9,0.7,Brake-On,Pod-Power-On
2014-11-14 19:45:09.827 Idle,0,87,2.9,0.6,Brake-On,Pod-Power-On
2014-11-14 19:45:10.082 Idle,0,87,2.9,0.6,Brake-On,Pod-Power-On
2014-11-14 19:45:10.340 Idle,0,87,2.8,0.6,Brake-On,Pod-Power-On
2014-11-14 19:45:10.568 Idle,0,87,2.9,0.6,Brake-On,Pod-Power-On
2014-11-14 19:45:10.924 Idle,0,87,2.9,0.8,Brake-On,Pod-Power-On
2014-11-14 19:45:11.182 Idle,0,87,2.9,0.6,Brake-On,Pod-Power-On
2014-11-14 19:45:11.440 Idle,0,87,2.9,0.6,Brake-On,Pod-Power-On
2014-11-14 19:45:11.696 Idle,0,87,2.9,0.8,Brake-On,Pod-Power-On
2014-11-14 19:45:11.954 Idle,0,87,2.9,0.7,Brake-On,Pod-Power-On
2014-11-14 19:45:12.211 Idle,0,87,2.9,0.6,Brake-On,Pod-Power-On
2014-11-14 19:45:12.443 Idle,0,87,2.9,0.8,Brake-On,Pod-Power-On
2014-11-14 19:45:12.670 Idle,0,87,2.9,0.7,Brake-On,Pod-Power-On
2014-11-14 19:45:13.000 Idle,0,87,2.9,0.6,Brake-On,Pod-Power-On
2014-11-14 19:45:16.206 Idle,0,87,2.9,0.6,Brake-On,Pod-Power-On
2014-11-14 19:45:16.464 Idle,0,87,2.9,0.8,Brake-On,Pod-Power-On
2014-11-14 19:45:16.696 Idle,0,87,2.9,0.6,Brake-On,Pod-Power-On
2014-11-14 19:45:16.924 Idle,0,87,2.9,0.6,Brake-On,Pod-Power-On
2014-11-14 19:45:17.265 Idle,0,87,2.8,0.7,Brake-On,Pod-Power-On
2014-11-14 19:45:17.524 Idle,0,87,2.9,0.6,Brake-On,Pod-Power-On
2014-11-14 19:45:17.781 Idle,0,87,2.9,0.6,Brake-On,Pod-Power-On
2014-11-14 19:45:18.039 Idle,0,87,2.9,0.7,Brake-On,Pod-Power-On
2014-11-14 19:45:18.297 Idle,0,87,2.8,0.6,Brake-On,Pod-Power-On
2014-11-14 19:45:18.526 Idle,0,87,2.9,0.6,Brake-On,Pod-Power-On
2014-11-14 19:45:18.860 Idle,0,87,2.9,0.8,Brake-On,Pod-Power-On
2014-11-14 19:45:19.118 Idle,0,87,2.9,0.7,Brake-On,Pod-Power-On
2014-11-14 19:45:19.375 Idle,0,87,2.9,0.8,Brake-On,Pod-Power-On
2014-11-14 19:45:19.632 Idle,0,87,2.8,0.6,Brake-On,Pod-Power-On
2014-11-14 19:45:19.832 Idle,0,87,3.3,1.2,Brake-On,Pod-Power-On
2014-11-14 19:45:20.041 Idle,0,87,3.4,1.2,Brake-On,Pod-Power-On
2014-11-14 19:45:20.388 Idle,0,87,3.2,1.0,Brake-On,Pod-Power-On
2014-11-14 19:45:20.645 Idle,0,87,3.2,1.0,Brake-On,Pod-Power-On
2014-11-14 19:45:20.903 Idle,0,87,3.2,1.1,Brake-On,Pod-Power-On
2014-11-14 19:45:21.161 Idle,0,87,3.0,0.7,Brake-On,Pod-Power-On
2014-11-14 19:45:21.418 Idle,0,87,2.9,0.7,Brake-On,Pod-Power-On
2014-11-14 19:45:21.618 Idle,0,87,2.9,0.7,Brake-On,Pod-Power-On
2014-11-14 19:45:21.875 Idle,0,87,2.9,0.6,Brake-On,Pod-Power-On
2014-11-14 19:45:22.135 Idle,0,87,2.9,0.6,Brake-On,Pod-Power-On
2014-11-14 19:45:22.392 Idle,0,87,2.9,0.8,Brake-On,Pod-Power-On
2014-11-14 19:45:22.692 Idle,0,87,2.9,0.7,Brake-On,Pod-Power-On
2014-11-14 19:45:23.032 Idle,0,87,2.9,0.6,Brake-On,Pod-Power-On
2014-11-14 19:45:26.151 Idle,0,87,2.8,0.6,Brake-On,Pod-Power-On
2014-11-14 19:45:26.409 Idle,0,87,2.9,0.8,Brake-On,Pod-Power-On
2014-11-14 19:45:26.666 Idle,0,87,2.9,0.6,Brake-On,Pod-Power-On
2014-11-14 19:45:26.924 Idle,0,87,2.9,0.7,Brake-On,Pod-Power-On
2014-11-14 19:45:27.279 Idle,0,87,2.8,0.7,Brake-On,Pod-Power-On
2014-11-14 19:45:27.537 Idle,0,87,2.9,0.6,Brake-On,Pod-Power-On
2014-11-14 19:45:27.795 Idle,0,87,2.9,0.6,Brake-On,Pod-Power-On
2014-11-14 19:45:28.053 Idle,0,87,2.9,0.8,Brake-On,Pod-Power-On
2014-11-14 19:45:28.310 Idle,0,87,2.8,0.6,Brake-On,Pod-Power-On
2014-11-14 19:45:28.538 Idle,0,87,2.9,0.7,Brake-On,Pod-Power-On
2014-11-14 19:45:28.839 Idle,0,87,2.8,0.6,Brake-On,Pod-Power-On
2014-11-14 19:45:29.074 Idle,0,87,2.9,0.6,Brake-On,Pod-Power-On
2014-11-14 19:45:29.334 Idle,0,87,2.8,0.8,Brake-On,Pod-Power-On
2014-11-14 19:45:29.590 Idle,0,87,2.9,0.6,Brake-On,Pod-Power-On
2014-11-14 19:45:29.824 Idle,0,87,2.9,0.6,Brake-On,Pod-Power-On
2014-11-14 19:45:30.083 Idle,0,87,2.9,0.8,Brake-On,Pod-Power-On
2014-11-14 19:45:30.341 Idle,0,87,2.9,0.7,Brake-On,Pod-Power-On
2014-11-14 19:45:30.673 Idle,0,87,2.9,0.7,Brake-On,Pod-Power-On
2014-11-14 19:45:30.931 Idle,0,87,3.0,0.8,Brake-On,Pod-Power-On
2014-11-14 19:45:31.189 Idle,0,87,2.9,0.7,Brake-On,Pod-Power-On
2014-11-14 19:45:31.438 Idle,0,87,2.9,0.6,Brake-On,Pod-Power-On
2014-11-14 19:45:31.646 Idle,0,87,2.9,0.7,Brake-On,Pod-Power-On
2014-11-14 19:45:31.905 Idle,0,87,2.9,0.8,Brake-On,Pod-Power-On
2014-11-14 19:45:32.163 Idle,0,87,2.9,0.6,Brake-On,Pod-Power-On
2014-11-14 19:45:32.956 Idle,0,87,3.3,1.1,Brake-On,Pod-Power-On
2014-11-14 19:45:36.188 Pay_Out,0,89,2.4,0.7,Pod-Power-On
2014-11-14 19:45:36.389 Pay_Out,3,90,2.5,0.8,Pod-Power-On
2014-11-14 19:45:39.592 Pay_Out,10,119,2.4,0.8,Pod-Power-On
2014-11-14 19:45:39.892 Pay_Out,10,122,2.4,0.8,Pod-Power-On
2014-11-14 19:45:40.092 Pay_Out,10,124,2.4,0.8,Pod-Power-On
2014-11-14 19:45:40.394 Pay_Out,10,127,2.4,0.8,Pod-Power-On
2014-11-14 19:45:40.616 Pay_Out,10,130,2.4,0.9,Pod-Power-On
2014-11-14 19:45:40.937 Pay_Out,10,132,2.4,0.8,Pod-Power-On
2014-11-14 19:45:41.137 Pay_Out,10,135,2.4,0.7,Pod-Power-On
2014-11-14 19:45:41.437 Pay_Out,10,138,2.4,0.8,Pod-Power-On
2014-11-14 19:45:41.666 Pay_Out,10,140,2.4,0.8,Pod-Power-On
2014-11-14 19:45:41.966 Pay_Out,10,143,2.5,0.7,Pod-Power-On
2014-11-14 19:45:42.167 Pay_Out,10,146,2.4,0.7,Pod-Power-On
2014-11-14 19:45:42.467 Pay_Out,10,148,2.4,0.8,Pod-Power-On
2014-11-14 19:45:42.692 Pay_Out,10,151,2.4,0.7,Pod-Power-On
2014-11-14 19:45:42.992 Pay_Out,10,154,2.4,0.8,Pod-Power-On
2014-11-14 19:45:46.246 Pay_Out,10,186,3.0,1.4,Pod-Power-On
2014-11-14 19:45:46.503 Pay_Out,10,189,3.0,1.3,Pod-Power-On
2014-11-14 19:45:46.705 Pay_Out,10,192,2.4,0.8,Pod-Power-On
2014-11-14 19:45:46.964 Pay_Out,10,194,2.4,0.7,Pod-Power-On
2014-11-14 19:45:47.271 Pay_Out,10,197,2.4,0.7,Pod-Power-On
2014-11-14 19:45:47.529 Pay_Out,10,200,2.4,0.9,Pod-Power-On
2014-11-14 19:45:47.733 Pay_Out,10,202,2.4,0.8,Pod-Power-On
2014-11-14 19:45:47.989 Pay_Out,10,205,2.4,0.7,Pod-Power-On
2014-11-14 19:45:48.247 Pay_Out,10,208,2.3,0.8,Pod-Power-On
2014-11-14 19:45:48.633 Pay_Out,10,210,2.4,0.8,Pod-Power-On
2014-11-14 19:45:48.890 Pay_Out,10,213,2.4,0.8,Pod-Power-On
2014-11-14 19:45:49.119 Pay_Out,10,216,2.4,0.6,Pod-Power-On
2014-11-14 19:45:49.372 Pay_Out,10,218,2.4,0.8,Pod-Power-On
2014-11-14 19:45:49.601 Pay_Out,11,221,2.4,0.9,Pod-Power-On
2014-11-14 19:45:49.854 Pay_Out,11,224,2.4,0.8,Pod-Power-On
2014-11-14 19:45:50.112 Pay_Out,11,226,2.5,0.7,Pod-Power-On
2014-11-14 19:45:50.370 Pay_Out,10,229,2.4,0.8,Pod-Power-On
2014-11-14 19:45:50.599 Pay_Out,10,232,2.4,0.8,Pod-Power-On
2014-11-14 19:45:50.956 Pay_Out,10,234,2.4,0.8,Pod-Power-On
2014-11-14 19:45:51.156 Pay_Out,10,237,2.4,0.7,Pod-Power-On
2014-11-14 19:45:51.402 Pay_Out,10,240,2.4,0.8,Pod-Power-On
2014-11-14 19:45:51.659 Pay_Out,10,242,2.4,0.7,Pod-Power-On
2014-11-14 19:45:51.917 Pay_Out,10,245,2.5,0.7,Pod-Power-On
2014-11-14 19:45:52.175 Pay_Out,10,248,2.5,0.8,Pod-Power-On
2014-11-14 19:45:52.432 Pay_Out,10,250,2.5,0.9,Pod-Power-On
2014-11-14 19:45:52.762 Pay_Out,10,253,2.5,0.7,Pod-Power-On
2014-11-14 19:45:53.020 Pay_Out,10,256,2.5,0.7,Pod-Power-On
2014-11-14 19:45:56.189 Pay_Out,7,286,2.4,0.8,Pod-Power-On
2014-11-14 19:45:56.447 Pay_Out,10,288,2.4,0.7,Pod-Power-On
2014-11-14 19:45:56.703 Pay_Out,10,291,2.4,0.8,Pod-Power-On
2014-11-14 19:45:56.962 Pay_Out,10,294,2.4,0.8,Pod-Power-On
2014-11-14 19:45:57.273 Pay_Out,10,296,2.4,0.7,Pod-Power-On
2014-11-14 19:45:57.531 Pay_Out,10,299,2.4,0.8,Pod-Power-On
2014-11-14 19:45:57.788 Pay_Out,10,302,2.4,0.8,Pod-Power-On
2014-11-14 19:45:58.044 Pay_Out,10,304,3.1,1.4,Pod-Power-On
2014-11-14 19:45:58.273 Pay_Out,10,307,3.0,1.4,Pod-Power-On
2014-11-14 19:45:58.580 Pay_Out,10,309,3.1,1.4,Pod-Power-On
2014-11-14 19:45:58.787 Pay_Out,10,312,3.0,1.3,Pod-Power-On
2014-11-14 19:45:59.043 Pay_Out,10,315,3.0,1.3,Pod-Power-On
2014-11-14 19:45:59.300 Pay_Out,10,317,2.5,0.9,Pod-Power-On
2014-11-14 19:45:59.560 Pay_Out,11,320,2.4,0.9,Pod-Power-On
2014-11-14 19:45:59.877 Pay_Out,11,323,2.5,0.7,Pod-Power-On
2014-11-14 19:46:00.077 Pay_Out,11,325,2.5,0.7,Pod-Power-On
2014-11-14 19:46:00.423 Pay_Out,10,328,2.4,0.8,Pod-Power-On
2014-11-14 19:46:00.681 Pay_Out,10,330,2.4,0.7,Pod-Power-On
2014-11-14 19:46:00.940 Pay_Out,10,333,2.4,0.7,Pod-Power-On
2014-11-14 19:46:01.197 Pay_Out,10,336,2.4,0.8,Pod-Power-On
2014-11-14 19:46:01.397 Pay_Out,10,338,2.5,0.8,Pod-Power-On
2014-11-14 19:46:01.655 Pay_Out,10,341,2.4,0.8,Pod-Power-On
2014-11-14 19:46:01.912 Pay_Out,10,344,2.4,0.7,Pod-Power-On
2014-11-14 19:46:02.265 Pay_Out,10,346,2.4,0.7,Pod-Power-On
2014-11-14 19:46:02.523 Pay_Out,10,349,2.4,0.8,Pod-Power-On
2014-11-14 19:46:02.781 Pay_Out,10,352,2.4,0.8,Pod-Power-On
2014-11-14 19:46:03.041 Pay_Out,10,354,2.4,0.8,Pod-Power-On
2014-11-14 19:46:03.041 Pay_Out,10,354,2.4,0.8,Pod-Power-On
2014-11-14 19:46:06.267 Pay_Out,11,387,2.4,0.7,Pod-Power-On
2014-11-14 19:46:06.525 Pay_Out,10,390,2.4,0.8,Pod-Power-On
2014-11-14 19:46:06.783 Pay_Out,10,393,2.4,0.8,Pod-Power-On
2014-11-14 19:46:07.040 Pay_Out,10,395,2.4,0.8,Pod-Power-On
2014-11-14 19:46:07.297 Pay_Out,10,398,2.4,0.8,Pod-Power-On
2014-11-14 19:46:07.556 Pay_Out,10,401,2.4,0.7,Pod-Power-On
2014-11-14 19:46:07.812 Pay_Out,10,403,2.4,0.7,Pod-Power-On
2014-11-14 19:46:08.071 Pay_Out,10,406,2.5,0.8,Pod-Power-On
2014-11-14 19:46:08.328 Pay_Out,10,409,2.4,0.8,Pod-Power-On
2014-11-14 19:46:08.557 Pay_Out,10,411,2.4,0.9,Pod-Power-On
2014-11-14 19:46:08.786 Pay_Out,10,414,2.4,0.8,Pod-Power-On
2014-11-14 19:46:09.173 Pay_Out,10,417,2.4,0.7,Pod-Power-On
2014-11-14 19:46:09.302 Pay_Out,10,419,2.4,0.6,Pod-Power-On
2014-11-14 19:46:09.559 Pay_Out,10,422,2.4,0.8,Pod-Power-On
2014-11-14 19:46:09.817 Pay_Out,10,424,2.4,0.7,Pod-Power-On
2014-11-14 19:46:10.075 Pay_Out,10,427,2.4,0.7,Pod-Power-On
2014-11-14 19:46:10.405 Pay_Out,11,430,2.4,0.7,Pod-Power-On
2014-11-14 19:46:10.640 Pay_Out,11,432,2.6,0.9,Pod-Power-On
2014-11-14 19:46:10.889 Pay_Out,11,433,3.1,1.4,Pod-Power-On
2014-11-14 19:46:11.149 Pay_Out,11,435,3.1,1.4,Pod-Power-On
2014-11-14 19:46:11.479 Pay_Out,7,438,3.0,1.3,Pod-Power-On
2014-11-14 19:46:11.681 Pay_Out,7,440,2.9,1.3,Pod-Power-On
2014-11-14 19:46:11.938 Pay_Out,7,443,3.0,1.3,Pod-Power-On
2014-11-14 19:46:12.196 Pay_Out,7,445,2.4,0.8,Pod-Power-On
2014-11-14 19:46:12.453 Pay_Out,10,448,2.4,0.7,Pod-Power-On
2014-11-14 19:46:12.712 Pay_Out,10,451,2.4,0.7,Pod-Power-On
2014-11-14 19:46:12.970 Pay_Out,10,453,2.4,0.7,Pod-Power-On
2014-11-14 19:46:13.070 Pay_Out,10,454,2.4,0.8,Pod-Power-On
2014-11-14 19:46:16.245 Pay_Out,11,487,2.4,0.8,Pod-Power-On
2014-11-14 19:46:16.502 Pay_Out,10,489,2.5,0.7,Pod-Power-On
2014-11-14 19:46:16.760 Pay_Out,10,492,2.5,0.8,Pod-Power-On
2014-11-14 19:46:17.098 Pay_Out,10,495,2.4,0.8,Pod-Power-On
2014-11-14 19:46:17.339 Pay_Out,10,497,2.5,0.8,Pod-Power-On
2014-11-14 19:46:17.596 Pay_Out,10,500,2.4,0.8,Pod-Power-On
2014-11-14 19:46:17.856 Pay_Out,10,503,2.4,0.8,Pod-Power-On
2014-11-14 19:46:18.086 Pay_Out,10,505,2.4,0.7,Pod-Power-On
2014-11-14 19:46:18.387 Pay_Out,10,508,2.4,0.7,Pod-Power-On
2014-11-14 19:46:18.645 Pay_Out,10,511,2.4,0.8,Pod-Power-On
2014-11-14 19:46:18.902 Pay_Out,10,513,2.4,0.8,Pod-Power-On
2014-11-14 19:46:19.159 Pay_Out,10,516,2.4,0.9,Pod-Power-On
2014-11-14 19:46:19.417 Pay_Out,10,518,2.4,0.8,Pod-Power-On
2014-11-14 19:46:19.674 Pay_Out,10,521,2.4,0.8,Pod-Power-On
2014-11-14 19:46:19.931 Pay_Out,10,524,2.4,0.7,Pod-Power-On
2014-11-14 19:46:20.131 Pay_Out,10,526,2.4,0.7,Pod-Power-On
2014-11-14 19:46:20.496 Pay_Out,11,529,2.4,0.7,Pod-Power-On
2014-11-14 19:46:20.753 Pay_Out,11,532,2.4,0.7,Pod-Power-On
2014-11-14 19:46:21.010 Pay_Out,11,535,2.4,0.8,Pod-Power-On
2014-11-14 19:46:21.253 Pay_Out,11,537,2.4,0.8,Pod-Power-On
2014-11-14 19:46:21.466 Pay_Out,10,540,2.4,0.7,Pod-Power-On
2014-11-14 19:46:21.724 Pay_Out,10,542,2.4,0.7,Pod-Power-On
2014-11-14 19:46:21.982 Pay_Out,10,545,2.5,0.7,Pod-Power-On
2014-11-14 19:46:22.239 Pay_Out,10,548,2.4,0.6,Pod-Power-On
2014-11-14 19:46:22.543 Pay_Out,10,550,2.5,0.7,Pod-Power-On
2014-11-14 19:46:22.772 Pay_Out,10,553,2.4,0.8,Pod-Power-On
2014-11-14 19:46:23.030 Pay_Out,10,556,2.4,0.9,Pod-Power-On
2014-11-14 19:46:23.030 Pay_Out,10,556,2.4,0.7,Pod-Power-On
2014-11-14 19:46:26.256 Pay_Out,11,589,2.4,0.8,Pod-Power-On
2014-11-14 19:46:26.610 Pay_Out,9,590,2.4,0.8,Pod-Power-On
2014-11-14 19:46:26.867 Pay_Out,9,591,2.4,0.8,Pod-Power-On
2014-11-14 19:46:27.125 Pay_Out,9,594,2.4,0.8,Pod-Power-On
2014-11-14 19:46:27.382 Pay_Out,9,597,2.4,0.8,Pod-Power-On
2014-11-14 19:46:27.640 Pay_Out,8,599,2.4,0.8,Pod-Power-On
2014-11-14 19:46:27.897 Pay_Out,8,602,2.5,0.8,Pod-Power-On
2014-11-14 19:46:28.097 Pay_Out,8,604,2.4,0.7,Pod-Power-On
2014-11-14 19:46:28.327 Pay_Out,8,607,2.4,0.8,Pod-Power-On
2014-11-14 19:46:28.664 Pay_Out,10,610,2.5,0.7,Pod-Power-On
2014-11-14 19:46:28.921 Pay_Out,10,612,2.4,0.7,Pod-Power-On
2014-11-14 19:46:29.180 Pay_Out,10,615,2.5,0.7,Pod-Power-On
2014-11-14 19:46:29.438 Pay_Out,10,618,2.5,0.7,Pod-Power-On
2014-11-14 19:46:29.697 Pay_Out,10,620,2.4,0.8,Pod-Power-On
2014-11-14 19:46:29.954 Pay_Out,10,623,2.5,0.8,Pod-Power-On
2014-11-14 19:46:30.149 Pay_Out,10,626,2.5,0.8,Pod-Power-On
2014-11-14 19:46:30.418 Pay_Out,11,628,2.5,0.8,Pod-Power-On
2014-11-14 19:46:30.677 Pay_Out,11,631,2.5,0.7,Pod-Power-On
2014-11-14 19:46:30.933 Pay_Out,11,633,2.5,0.7,Pod-Power-On
2014-11-14 19:46:31.194 Pay_Out,11,636,2.4,0.7,Pod-Power-On
2014-11-14 19:46:31.450 Pay_Out,10,639,2.5,0.7,Pod-Power-On
2014-11-14 19:46:31.702 Pay_Out,10,641,2.4,0.6,Pod-Power-On
2014-11-14 19:46:32.062 Pay_Out,10,644,2.4,0.7,Pod-Power-On
2014-11-14 19:46:32.291 Pay_Out,10,647,2.4,0.7,Pod-Power-On
2014-11-14 19:46:32.521 Pay_Out,10,649,2.4,0.7,Pod-Power-On
2014-11-14 19:46:32.780 Pay_Out,10,652,2.4,0.8,Pod-Power-On
2014-11-14 19:46:33.036 Pay_Out,10,654,2.5,0.8,Pod-Power-On
2014-11-14 19:46:33.036 Pay_Out,10,655,2.5,0.8,Pod-Power-On
2014-11-14 19:46:36.247 Pay_Out,10,688,3.1,1.4,Pod-Power-On
2014-11-14 19:46:36.553 Pay_Out,11,690,3.0,1.4,Pod-Power-On
2014-11-14 19:46:36.784 Pay_Out,11,693,3.0,1.3,Pod-Power-On
2014-11-14 19:46:37.137 Pay_Out,11,696,3.0,1.3,Pod-Power-On
2014-11-14 19:46:37.395 Pay_Out,11,698,3.0,1.3,Pod-Power-On
2014-11-14 19:46:37.652 Pay_Out,10,701,2.5,0.9,Pod-Power-On
2014-11-14 19:46:37.909 Pay_Out,10,704,2.5,0.8,Pod-Power-On
2014-11-14 19:46:38.109 Pay_Out,10,706,2.5,0.9,Pod-Power-On
2014-11-14 19:46:38.349 Pay_Out,10,709,2.5,0.8,Pod-Power-On
2014-11-14 19:46:38.605 Pay_Out,10,712,2.4,0.8,Pod-Power-On
2014-11-14 19:46:38.863 Pay_Out,10,714,2.4,0.9,Pod-Power-On
2014-11-14 19:46:39.119 Pay_Out,10,717,2.5,0.8,Pod-Power-On
2014-11-14 19:46:39.377 Pay_Out,10,720,2.5,0.9,Pod-Power-On
2014-11-14 19:46:39.707 Pay_Out,10,722,2.5,0.7,Pod-Power-On
2014-11-14 19:46:39.964 Pay_Out,10,725,2.5,0.7,Pod-Power-On
2014-11-14 19:46:40.220 Pay_Out,10,728,2.4,0.7,Pod-Power-On
2014-11-14 19:46:40.478 Pay_Out,11,730,2.5,0.8,Pod-Power-On
2014-11-14 19:46:40.702 Pay_Out,11,733,2.4,0.7,Pod-Power-On
2014-11-14 19:46:40.959 Pay_Out,11,736,2.4,0.7,Pod-Power-On
2014-11-14 19:46:41.216 Pay_Out,11,738,2.4,0.7,Pod-Power-On
2014-11-14 19:46:41.476 Pay_Out,10,741,2.4,0.7,Pod-Power-On
2014-11-14 19:46:41.733 Pay_Out,10,744,2.4,0.7,Pod-Power-On
2014-11-14 19:46:41.961 Pay_Out,10,746,2.4,0.7,Pod-Power-On
2014-11-14 19:46:42.328 Pay_Out,10,590,2.4,0.7,Pod-Power-On
2014-11-14 19:46:42.588 Pay_Out,7,749,2.4,0.7,Pod-Power-On
2014-11-14 19:46:42.845 Pay_Out,7,751,2.5,0.7,Pod-Power-On
2014-11-14 19:46:43.104 Pay_Out,7,754,2.4,0.8,Pod-Power-On
2014-11-14 19:46:43.104 Pay_Out,7,754,2.4,0.8,Pod-Power-On
2014-11-14 19:46:46.325 Pay_Out,10,787,2.4,0.8,Pod-Power-On
2014-11-14 19:46:46.539 Pay_Out,10,789,2.5,0.8,Pod-Power-On
2014-11-14 19:46:46.875 Pay_Out,10,792,2.5,0.9,Pod-Power-On
2014-11-14 19:46:47.135 Pay_Out,10,795,2.4,0.8,Pod-Power-On
2014-11-14 19:46:47.392 Pay_Out,10,797,2.4,0.9,Pod-Power-On
2014-11-14 19:46:47.649 Pay_Out,10,800,2.4,0.8,Pod-Power-On
2014-11-14 19:46:47.905 Pay_Out,10,803,2.4,0.8,Pod-Power-On
2014-11-14 19:46:48.163 Pay_Out,10,805,2.5,0.8,Pod-Power-On
2014-11-14 19:46:48.424 Pay_Out,10,808,2.5,0.8,Pod-Power-On
2014-11-14 19:46:48.682 Pay_Out,10,811,2.5,0.8,Pod-Power-On
2014-11-14 19:46:48.903 Pay_Out,10,813,3.1,1.4,Pod-Power-On
2014-11-14 19:46:49.121 Pay_Out,10,816,3.0,1.4,Pod-Power-On
2014-11-14 19:46:49.480 Pay_Out,10,818,3.0,1.3,Pod-Power-On
2014-11-14 19:46:49.620 Pay_Out,10,821,3.0,1.3,Pod-Power-On
2014-11-14 19:46:49.870 Pay_Out,10,824,3.0,1.4,Pod-Power-On
2014-11-14 19:46:50.260 Pay_Out,10,826,2.4,0.7,Pod-Power-On
2014-11-14 19:46:50.400 Pay_Out,10,829,2.4,0.7,Pod-Power-On
2014-11-14 19:46:50.728 Pay_Out,10,832,2.4,0.7,Pod-Power-On
2014-11-14 19:46:51.009 Pay_Out,10,834,2.5,0.7,Pod-Power-On
2014-11-14 19:46:51.290 Pay_Out,10,837,2.4,0.6,Pod-Power-On
2014-11-14 19:46:51.539 Pay_Out,11,840,2.4,0.8,Pod-Power-On
2014-11-14 19:46:51.773 Pay_Out,11,842,2.5,0.8,Pod-Power-On
2014-11-14 19:46:52.054 Pay_Out,11,845,2.4,0.8,Pod-Power-On
2014-11-14 19:46:52.335 Pay_Out,11,848,2.4,0.8,Pod-Power-On
2014-11-14 19:46:52.616 Pay_Out,10,850,2.4,0.8,Pod-Power-On
2014-11-14 19:46:52.896 Pay_Out,10,853,2.4,0.9,Pod-Power-On
2014-11-14 19:46:53.115 Pay_Out,10,856,2.4,0.8,Pod-Power-On
2014-11-14 19:46:53.115 Pay_Out,10,856,2.5,0.7,Pod-Power-On
2014-11-14 19:46:56.266 Pay_Out,11,889,2.4,0.8,Pod-Power-On
2014-11-14 19:46:56.625 Pay_Out,10,891,2.5,0.9,Pod-Power-On
2014-11-14 19:46:56.921 Pay_Out,10,894,2.4,0.8,Pod-Power-On
2014-11-14 19:46:57.062 Pay_Out,10,897,2.5,0.8,Pod-Power-On
2014-11-14 19:46:57.405 Pay_Out,10,899,2.4,0.8,Pod-Power-On
2014-11-14 19:46:57.623 Pay_Out,10,902,2.4,0.8,Pod-Power-On
2014-11-14 19:46:57.873 Pay_Out,10,746,2.5,0.7,Pod-Power-On
2014-11-14 19:46:58.154 Pay_Out,10,904,2.4,0.9,Pod-Power-On
2014-11-14 19:46:58.434 Pay_Out,10,907,2.4,0.8,Pod-Power-On
2014-11-14 19:46:58.653 Pay_Out,7,910,2.4,0.7,Pod-Power-On
2014-11-14 19:46:58.902 Pay_Out,7,912,2.4,0.7,Pod-Power-On
2014-11-14 19:46:59.183 Pay_Out,7,915,2.4,0.7,Pod-Power-On
2014-11-14 19:46:59.464 Pay_Out,10,918,2.4,0.7,Pod-Power-On
2014-11-14 19:46:59.745 Pay_Out,10,920,2.4,0.8,Pod-Power-On
2014-11-14 19:46:59.885 Pay_Out,10,923,2.5,0.8,Pod-Power-On
2014-11-14 19:47:00.150 Pay_Out,10,926,2.4,0.8,Pod-Power-On
2014-11-14 19:47:00.478 Pay_Out,10,928,2.4,0.9,Pod-Power-On
2014-11-14 19:47:00.743 Pay_Out,10,931,2.5,0.8,Pod-Power-On
2014-11-14 19:47:01.024 Pay_Out,10,933,2.4,0.7,Pod-Power-On
2014-11-14 19:47:01.274 Pay_Out,10,936,2.4,0.7,Pod-Power-On
2014-11-14 19:47:01.492 Pay_Out,11,939,2.5,0.9,Pod-Power-On
2014-11-14 19:47:01.773 Pay_Out,11,941,3.1,1.4,Pod-Power-On
2014-11-14 19:47:02.069 Pay_Out,11,944,3.1,1.4,Pod-Power-On
2014-11-14 19:47:02.319 Pay_Out,11,947,3.1,1.3,Pod-Power-On
2014-11-14 19:47:02.568 Pay_Out,10,949,3.1,1.3,Pod-Power-On
2014-11-14 19:47:02.849 Pay_Out,10,952,3.0,1.3,Pod-Power-On
2014-11-14 19:47:03.099 Pay_Out,10,954,2.5,0.7,Pod-Power-On
2014-11-14 19:47:03.099 Pay_Out,10,955,2.5,0.7,Pod-Power-On
2014-11-14 19:47:06.359 Pay_Out,10,987,2.4,0.7,Pod-Power-On
2014-11-14 19:47:06.640 Pay_Out,11,990,2.4,0.8,Pod-Power-On
2014-11-14 19:47:06.936 Pay_Out,11,993,2.5,0.8,Pod-Power-On
2014-11-14 19:47:07.046 Pay_Out,11,996,2.4,0.8,Pod-Power-On
2014-11-14 19:47:07.373 Pay_Out,11,998,2.4,0.8,Pod-Power-On
2014-11-14 19:47:07.592 Pay_Out,10,1001,2.4,0.8,Pod-Power-On
2014-11-14 19:47:07.841 Pay_Out,10,1003,2.4,0.9,Pod-Power-On
2014-11-14 19:47:08.122 Pay_Out,10,1006,2.4,0.8,Pod-Power-On
2014-11-14 19:47:08.403 Pay_Out,10,1009,2.5,0.8,Pod-Power-On
2014-11-14 19:47:08.621 Pay_Out,10,1011,2.4,0.7,Pod-Power-On
2014-11-14 19:47:08.871 Pay_Out,10,1014,2.5,0.7,Pod-Power-On
2014-11-14 19:47:09.276 Pay_Out,10,1017,2.5,0.7,Pod-Power-On
2014-11-14 19:47:09.417 Pay_Out,10,1019,2.4,0.8,Pod-Power-On
2014-11-14 19:47:09.682 Pay_Out,10,1022,2.5,0.8,Pod-Power-On
2014-11-14 19:47:09.963 Pay_Out,10,1025,2.5,0.8,Pod-Power-On
2014-11-14 19:47:10.212 Pay_Out,10,1027,2.4,0.7,Pod-Power-On
2014-11-14 19:47:10.431 Pay_Out,10,1030,2.5,0.7,Pod-Power-On
2014-11-14 19:47:10.712 Pay_Out,10,1033,2.5,0.8,Pod-Power-On
2014-11-14 19:47:11.008 Pay_Out,10,1035,2.4,0.8,Pod-Power-On
2014-11-14 19:47:11.226 Pay_Out,10,1038,2.5,0.9,Pod-Power-On
2014-11-14 19:47:11.492 Pay_Out,11,1041,2.4,0.8,Pod-Power-On
2014-11-14 19:47:11.726 Pay_Out,11,1043,2.5,0.7,Pod-Power-On
2014-11-14 19:47:12.006 Pay_Out,11,1046,2.5,0.8,Pod-Power-On
2014-11-14 19:47:12.287 Pay_Out,11,1049,2.4,0.7,Pod-Power-On
2014-11-14 19:47:12.537 Pay_Out,10,1051,2.5,0.7,Pod-Power-On
2014-11-14 19:47:12.786 Pay_Out,10,1054,2.4,0.8,Pod-Power-On
2014-11-14 19:47:13.067 Pay_Out,10,1056,2.4,0.8,Pod-Power-On
2014-11-14 19:47:13.208 Pay_Out,10,1057,2.4,0.8,Pod-Power-On
2014-11-14 19:47:16.406 Pay_Out,11,1087,2.5,0.8,Pod-Power-On
2014-11-14 19:47:16.686 Pay_Out,10,1090,2.4,0.8,Pod-Power-On
2014-11-14 19:47:16.827 Pay_Out,10,1092,2.5,0.9,Pod-Power-On
2014-11-14 19:47:17.232 Pay_Out,10,1095,2.4,0.8,Pod-Power-On
2014-11-14 19:47:17.373 Pay_Out,10,1098,2.5,0.6,Pod-Power-On
2014-11-14 19:47:17.638 Pay_Out,10,1100,2.5,0.7,Pod-Power-On
2014-11-14 19:47:17.919 Pay_Out,10,1103,2.5,0.8,Pod-Power-On
2014-11-14 19:47:18.200 Pay_Out,10,1106,2.5,0.8,Pod-Power-On
2014-11-14 19:47:18.480 Pay_Out,10,1108,2.5,0.7,Pod-Power-On
2014-11-14 19:47:18.714 Pay_Out,10,1111,2.5,0.8,Pod-Power-On
2014-11-14 19:47:18.995 Pay_Out,10,1113,2.5,0.7,Pod-Power-On
2014-11-14 19:47:19.276 Pay_Out,10,1116,2.4,0.8,Pod-Power-On
2014-11-14 19:47:19.526 Pay_Out,10,1119,2.4,0.8,Pod-Power-On
2014-11-14 19:47:19.822 Pay_Out,10,1121,2.5,0.9,Pod-Power-On
2014-11-14 19:47:19.962 Pay_Out,10,1124,2.4,0.8,Pod-Power-On
2014-11-14 19:47:20.228 Pay_Out,10,1127,2.4,0.7,Pod-Power-On
2014-11-14 19:47:20.508 Pay_Out,10,1129,2.5,0.7,Pod-Power-On
2014-11-14 19:47:20.789 Pay_Out,10,1132,2.4,0.8,Pod-Power-On
2014-11-14 19:47:21.039 Pay_Out,10,1135,2.5,0.9,Pod-Power-On
2014-11-14 19:47:21.366 Pay_Out,10,1137,2.4,0.8,Pod-Power-On
2014-11-14 19:47:21.585 Pay_Out,10,1140,2.4,0.6,Pod-Power-On
2014-11-14 19:47:21.834 Pay_Out,10,1143,2.4,0.8,Pod-Power-On
2014-11-14 19:47:22.115 Pay_Out,10,1145,2.4,0.8,Pod-Power-On
2014-11-14 19:47:22.334 Pay_Out,10,1148,2.4,0.8,Pod-Power-On
2014-11-14 19:47:22.583 Pay_Out,11,1151,2.5,0.7,Pod-Power-On
2014-11-14 19:47:22.833 Pay_Out,11,1153,2.4,0.7,Pod-Power-On
2014-11-14 19:47:23.114 Pay_Out,11,1156,2.4,0.8,Pod-Power-On
2014-11-14 19:47:23.254 Pay_Out,11,1156,2.4,0.8,Pod-Power-On
2014-11-14 19:47:26.343 Pay_Out,10,1189,2.5,0.8,Pod-Power-On
2014-11-14 19:47:26.624 Pay_Out,11,1192,2.5,0.9,Pod-Power-On
2014-11-14 19:47:26.889 Pay_Out,11,1194,2.5,0.7,Pod-Power-On
2014-11-14 19:47:27.107 Pay_Out,11,1197,3.1,1.4,Pod-Power-On
2014-11-14 19:47:27.388 Pay_Out,11,1200,3.1,1.4,Pod-Power-On
2014-11-14 19:47:27.669 Pay_Out,10,1202,3.1,1.4,Pod-Power-On
2014-11-14 19:47:27.950 Pay_Out,10,1205,3.1,1.4,Pod-Power-On
2014-11-14 19:47:28.199 Pay_Out,10,1208,3.1,1.4,Pod-Power-On
2014-11-14 19:47:28.480 Pay_Out,10,1210,2.5,0.8,Pod-Power-On
2014-11-14 19:47:28.761 Pay_Out,10,1213,2.5,0.8,Pod-Power-On
2014-11-14 19:47:29.026 Pay_Out,10,1216,2.4,0.8,Pod-Power-On
2014-11-14 19:47:29.307 Pay_Out,10,1217,2.4,0.7,Pod-Power-On
2014-11-14 19:47:29.447 Pay_Out,8,1218,2.5,0.8,Pod-Power-On
2014-11-14 19:47:29.806 Pay_Out,8,1221,2.4,0.8,Pod-Power-On
2014-11-14 19:47:30.087 Pay_Out,8,1223,2.5,0.8,Pod-Power-On
2014-11-14 19:47:30.227 Pay_Out,8,1226,2.4,0.7,Pod-Power-On
2014-11-14 19:47:30.602 Pay_Out,10,1229,2.4,0.8,Pod-Power-On
2014-11-14 19:47:30.882 Pay_Out,10,1231,2.4,0.8,Pod-Power-On
2014-11-14 19:47:31.023 Pay_Out,10,1234,2.4,0.8,Pod-Power-On
2014-11-14 19:47:31.288 Pay_Out,10,1237,2.4,0.7,Pod-Power-On
2014-11-14 19:47:31.553 Pay_Out,10,1239,2.5,0.9,Pod-Power-On
2014-11-14 19:47:31.834 Pay_Out,10,1242,2.5,0.9,Pod-Power-On
2014-11-14 19:47:32.099 Pay_Out,10,1245,2.5,0.7,Pod-Power-On
2014-11-14 19:47:32.333 Pay_Out,10,1247,2.5,0.8,Pod-Power-On
2014-11-14 19:47:32.583 Pay_Out,10,1250,2.4,0.7,Pod-Power-On
2014-11-14 19:47:32.848 Pay_Out,10,1253,2.4,0.8,Pod-Power-On
2014-11-14 19:47:33.129 Pay_Out,10,1255,2.4,0.8,Pod-Power-On
2014-11-14 19:47:33.269 Pay_Out,10,1256,2.5,0.7,Pod-Power-On
2014-11-14 19:47:36.452 Pay_Out,10,1289,2.4,0.8,Pod-Power-On
2014-11-14 19:47:36.732 Pay_Out,11,1291,2.4,0.8,Pod-Power-On
2014-11-14 19:47:37.029 Pay_Out,11,1294,2.4,0.7,Pod-Power-On
2014-11-14 19:47:37.278 Pay_Out,11,1296,2.4,0.8,Pod-Power-On
2014-11-14 19:47:37.559 Pay_Out,10,1299,2.4,0.8,Pod-Power-On
2014-11-14 19:47:37.700 Pay_Out,10,1302,2.5,0.7,Pod-Power-On
2014-11-14 19:47:37.965 Pay_Out,10,1304,2.5,0.8,Pod-Power-On
2014-11-14 19:47:38.214 Pay_Out,10,1307,2.4,0.7,Pod-Power-On
2014-11-14 19:47:38.495 Pay_Out,10,1310,2.5,0.7,Pod-Power-On
2014-11-14 19:47:38.776 Pay_Out,10,1312,2.4,0.7,Pod-Power-On
2014-11-14 19:47:39.057 Pay_Out,10,1315,2.4,0.8,Pod-Power-On
2014-11-14 19:47:39.338 Pay_Out,10,1318,2.4,0.8,Pod-Power-On
2014-11-14 19:47:39.587 Pay_Out,10,1320,2.4,0.8,Pod-Power-On
2014-11-14 19:47:39.852 Pay_Out,10,1323,2.9,1.3,Pod-Power-On
2014-11-14 19:47:40.102 Pay_Out,10,1326,3.1,1.4,Pod-Power-On
2014-11-14 19:47:40.383 Pay_Out,10,1328,3.1,1.3,Pod-Power-On
2014-11-14 19:47:40.601 Pay_Out,10,1331,3.0,1.3,Pod-Power-On
2014-11-14 19:47:40.851 Pay_Out,10,1334,3.1,1.4,Pod-Power-On
2014-11-14 19:47:41.147 Pay_Out,10,1336,3.0,1.4,Pod-Power-On
2014-11-14 19:47:41.428 Pay_Out,10,1339,2.5,0.8,Pod-Power-On
2014-11-14 19:47:41.709 Pay_Out,11,1342,2.5,0.8,Pod-Power-On
2014-11-14 19:47:41.958 Pay_Out,11,1344,2.5,0.7,Pod-Power-On
2014-11-14 19:47:42.208 Pay_Out,11,1347,2.5,0.8,Pod-Power-On
2014-11-14 19:47:42.426 Pay_Out,11,1349,2.5,0.8,Pod-Power-On
2014-11-14 19:47:42.707 Pay_Out,10,1352,2.5,0.6,Pod-Power-On
2014-11-14 19:47:42.988 Pay_Out,10,1355,2.5,0.8,Pod-Power-On
2014-11-14 19:47:43.238 Pay_Out,10,1357,2.5,0.8,Pod-Power-On
2014-11-14 19:47:43.238 Pay_Out,10,1358,2.5,0.7,Pod-Power-On
2014-11-14 19:47:46.529 Pay_Out,11,1388,2.5,0.8,Pod-Power-On
2014-11-14 19:47:46.779 Pay_Out,11,1391,2.4,0.7,Pod-Power-On
2014-11-14 19:47:47.060 Pay_Out,11,1393,2.5,0.8,Pod-Power-On
2014-11-14 19:47:47.340 Pay_Out,11,1396,2.4,0.7,Pod-Power-On
2014-11-14 19:47:47.481 Pay_Out,10,1399,2.4,0.8,Pod-Power-On
2014-11-14 19:47:47.762 Pay_Out,10,1401,2.5,0.8,Pod-Power-On
2014-11-14 19:47:48.027 Pay_Out,10,1404,2.5,0.8,Pod-Power-On
2014-11-14 19:47:48.308 Pay_Out,10,1407,2.5,0.8,Pod-Power-On
2014-11-14 19:47:48.588 Pay_Out,10,1409,2.5,0.8,Pod-Power-On
2014-11-14 19:47:48.869 Pay_Out,10,1412,2.5,0.7,Pod-Power-On
2014-11-14 19:47:49.150 Pay_Out,10,1414,2.5,0.8,Pod-Power-On
2014-11-14 19:47:49.290 Pay_Out,10,1417,2.5,0.7,Pod-Power-On
2014-11-14 19:47:49.556 Pay_Out,10,1420,2.5,0.7,Pod-Power-On
2014-11-14 19:47:49.836 Pay_Out,10,1422,2.5,0.9,Pod-Power-On
2014-11-14 19:47:50.102 Pay_Out,10,1425,2.5,0.7,Pod-Power-On
2014-11-14 19:47:50.382 Pay_Out,10,1428,2.5,0.8,Pod-Power-On
2014-11-14 19:47:50.741 Pay_Out,10,1430,2.5,0.8,Pod-Power-On
2014-11-14 19:47:50.882 Pay_Out,10,1433,2.5,0.8,Pod-Power-On
2014-11-14 19:47:51.147 Pay_Out,10,1436,2.5,0.7,Pod-Power-On
2014-11-14 19:47:51.428 Pay_Out,10,1438,2.5,0.8,Pod-Power-On
2014-11-14 19:47:51.708 Pay_Out,10,1441,2.5,0.7,Pod-Power-On
2014-11-14 19:47:51.989 Pay_Out,10,1444,2.5,0.8,Pod-Power-On
2014-11-14 19:47:52.239 Pay_Out,10,1446,2.5,0.8,Pod-Power-On
2014-11-14 19:47:52.520 Pay_Out,11,1449,2.4,0.7,Pod-Power-On
2014-11-14 19:47:52.800 Pay_Out,11,1451,2.9,1.3,Pod-Power-On
2014-11-14 19:47:52.941 Pay_Out,11,1454,3.1,1.4,Pod-Power-On
2014-11-14 19:47:53.206 Pay_Out,11,1457,3.0,1.4,Pod-Power-On
2014-11-14 19:47:56.451 Pay_Out,10,1490,2.4,0.8,Pod-Power-On
2014-11-14 19:47:56.732 Pay_Out,10,1493,2.4,0.6,Pod-Power-On
2014-11-14 19:47:57.012 Pay_Out,10,1495,2.5,0.8,Pod-Power-On
2014-11-14 19:47:57.293 Pay_Out,10,1498,2.4,0.8,Pod-Power-On
2014-11-14 19:47:57.543 Pay_Out,11,1501,2.5,0.8,Pod-Power-On
2014-11-14 19:47:57.777 Pay_Out,11,1503,2.5,0.8,Pod-Power-On
2014-11-14 19:47:58.058 Pay_Out,11,1506,2.5,0.7,Pod-Power-On
2014-11-14 19:47:58.338 Pay_Out,11,1508,2.5,0.8,Pod-Power-On
2014-11-14 19:47:58.588 Pay_Out,10,1511,2.4,0.7,Pod-Power-On
2014-11-14 19:47:58.869 Pay_Out,10,1514,2.5,0.8,Pod-Power-On
2014-11-14 19:47:59.103 Pay_Out,10,1516,2.5,0.8,Pod-Power-On
2014-11-14 19:47:59.352 Pay_Out,10,1519,2.4,0.7,Pod-Power-On
2014-11-14 19:47:59.633 Pay_Out,10,1522,2.5,0.9,Pod-Power-On
2014-11-14 19:47:59.914 Pay_Out,10,1524,2.5,0.7,Pod-Power-On
2014-11-14 19:48:00.132 Pay_Out,10,1527,2.4,0.7,Pod-Power-On
2014-11-14 19:48:00.351 Pay_Out,10,1530,2.5,0.8,Pod-Power-On
2014-11-14 19:48:00.694 Pay_Out,10,1531,2.5,0.7,Pod-Power-On
2014-11-14 19:48:00.959 Pay_Out,10,1532,2.5,0.8,Pod-Power-On
2014-11-14 19:48:01.240 Pay_Out,10,1535,2.5,0.8,Pod-Power-On
2014-11-14 19:48:01.490 Pay_Out,10,1537,2.4,0.7,Pod-Power-On
2014-11-14 19:48:01.739 Pay_Out,8,1540,2.5,0.8,Pod-Power-On
2014-11-14 19:48:02.020 Pay_Out,8,1543,2.5,0.7,Pod-Power-On
2014-11-14 19:48:02.160 Pay_Out,8,1545,2.4,0.8,Pod-Power-On
2014-11-14 19:48:02.426 Pay_Out,10,1548,2.5,0.7,Pod-Power-On
2014-11-14 19:48:02.706 Pay_Out,10,1551,2.5,0.8,Pod-Power-On
2014-11-14 19:48:02.987 Pay_Out,10,1553,2.5,0.7,Pod-Power-On
2014-11-14 19:48:03.330 Pay_Out,10,1556,2.5,0.7,Pod-Power-On
2014-11-14 19:48:03.330 Pay_Out,10,1556,2.5,0.8,Pod-Power-On
2014-11-14 19:48:06.544 Pay_Out,10,1589,3.0,1.3,Pod-Power-On
2014-11-14 19:48:06.825 Pay_Out,10,1592,2.7,0.8,Pod-Power-On
2014-11-14 19:48:07.028 Pay_Out,10,1594,2.5,0.7,Pod-Power-On
2014-11-14 19:48:07.246 Pay_Out,10,1597,2.4,0.8,Pod-Power-On
2014-11-14 19:48:07.620 Pay_Out,10,1599,2.5,0.7,Pod-Power-On
2014-11-14 19:48:07.761 Pay_Out,10,1602,2.4,0.8,Pod-Power-On
2014-11-14 19:48:08.026 Pay_Out,10,1605,2.4,0.7,Pod-Power-On
2014-11-14 19:48:08.307 Pay_Out,10,1607,2.4,0.8,Pod-Power-On
2014-11-14 19:48:08.588 Pay_Out,11,1610,2.4,0.7,Pod-Power-On
2014-11-14 19:48:08.853 Pay_Out,11,1613,2.4,0.8,Pod-Power-On
2014-11-14 19:48:09.134 Pay_Out,11,1615,2.4,0.7,Pod-Power-On
2014-11-14 19:48:09.414 Pay_Out,11,1618,2.4,0.6,Pod-Power-On
2014-11-14 19:48:09.695 Pay_Out,10,1621,2.5,0.8,Pod-Power-On
2014-11-14 19:48:09.836 Pay_Out,10,1623,2.4,0.7,Pod-Power-On
2014-11-14 19:48:10.210 Pay_Out,10,1626,2.4,0.8,Pod-Power-On
2014-11-14 19:48:10.444 Pay_Out,10,1629,2.4,0.8,Pod-Power-On
2014-11-14 19:48:10.725 Pay_Out,10,1631,2.4,0.8,Pod-Power-On
2014-11-14 19:48:10.990 Pay_Out,10,1634,2.4,0.8,Pod-Power-On
2014-11-14 19:48:11.240 Pay_Out,10,1637,2.4,0.7,Pod-Power-On
2014-11-14 19:48:11.489 Pay_Out,10,1639,2.5,0.8,Pod-Power-On
2014-11-14 19:48:11.770 Pay_Out,10,1642,2.5,0.8,Pod-Power-On
2014-11-14 19:48:12.051 Pay_Out,10,1644,2.5,0.8,Pod-Power-On
2014-11-14 19:48:12.191 Pay_Out,10,1647,2.5,0.7,Pod-Power-On
2014-11-14 19:48:12.456 Pay_Out,10,1650,2.5,0.8,Pod-Power-On
2014-11-14 19:48:12.737 Pay_Out,10,1652,2.5,0.7,Pod-Power-On
2014-11-14 19:48:12.987 Pay_Out,10,1655,2.5,0.9,Pod-Power-On
2014-11-14 19:48:13.236 Pay_Out,10,1658,2.4,0.7,Pod-Power-On
2014-11-14 19:48:13.361 Pay_Out,10,1658,2.5,0.7,Pod-Power-On
2014-11-14 19:48:16.559 Pay_Out,9,1689,2.5,0.7,Pod-Power-On
2014-11-14 19:48:16.809 Pay_Out,9,1691,2.4,0.8,Pod-Power-On
2014-11-14 19:48:17.027 Pay_Out,9,1694,2.4,0.7,Pod-Power-On
2014-11-14 19:48:17.355 Pay_Out,9,1697,2.5,0.9,Pod-Power-On
2014-11-14 19:48:17.636 Pay_Out,9,1699,2.5,0.7,Pod-Power-On
2014-11-14 19:48:17.916 Pay_Out,9,1702,2.5,0.8,Pod-Power-On
2014-11-14 19:48:18.135 Pay_Out,9,1705,2.9,1.3,Pod-Power-On
2014-11-14 19:48:18.353 Pay_Out,9,1707,3.1,1.4,Pod-Power-On
2014-11-14 19:48:18.681 Pay_Out,10,1710,3.1,1.4,Pod-Power-On
2014-11-14 19:48:18.930 Pay_Out,10,1712,3.0,1.3,Pod-Power-On
2014-11-14 19:48:19.211 Pay_Out,10,1715,3.0,1.3,Pod-Power-On
2014-11-14 19:48:19.352 Pay_Out,10,1718,3.0,1.3,Pod-Power-On
2014-11-14 19:48:19.726 Pay_Out,10,1720,2.4,0.8,Pod-Power-On
2014-11-14 19:48:19.991 Pay_Out,10,1723,2.5,0.7,Pod-Power-On
2014-11-14 19:48:20.241 Pay_Out,10,1726,2.5,0.8,Pod-Power-On
2014-11-14 19:48:20.490 Pay_Out,10,1728,2.4,0.7,Pod-Power-On
2014-11-14 19:48:20.724 Pay_Out,10,1731,2.5,0.8,Pod-Power-On
2014-11-14 19:48:21.005 Pay_Out,10,1734,2.5,0.9,Pod-Power-On
2014-11-14 19:48:21.286 Pay_Out,10,1736,2.4,0.7,Pod-Power-On
2014-11-14 19:48:21.567 Pay_Out,10,1739,2.5,0.8,Pod-Power-On
2014-11-14 19:48:21.941 Pay_Out,10,1741,2.4,0.7,Pod-Power-On
2014-11-14 19:48:22.269 Pay_Out,10,1744,2.5,0.8,Pod-Power-On
2014-11-14 19:48:22.269 Pay_Out,10,1747,2.5,0.8,Pod-Power-On
2014-11-14 19:48:22.596 Pay_Out,11,1749,2.5,0.8,Pod-Power-On
2014-11-14 19:48:22.862 Pay_Out,11,1752,2.5,0.7,Pod-Power-On
2014-11-14 19:48:23.002 Pay_Out,11,1755,2.5,0.8,Pod-Power-On
2014-11-14 19:48:23.392 Pay_Out,11,1757,2.4,0.8,Pod-Power-On
2014-11-14 19:48:26.621 Pay_Out,10,1790,2.5,0.7,Pod-Power-On
2014-11-14 19:48:26.855 Pay_Out,10,1793,2.5,0.9,Pod-Power-On
2014-11-14 19:48:27.074 Pay_Out,10,1796,2.5,0.7,Pod-Power-On
2014-11-14 19:48:27.292 Pay_Out,10,1798,2.5,0.8,Pod-Power-On
2014-11-14 19:48:27.557 Pay_Out,11,1801,2.5,0.7,Pod-Power-On
2014-11-14 19:48:27.900 Pay_Out,11,1804,2.5,0.8,Pod-Power-On
2014-11-14 19:48:28.150 Pay_Out,11,1806,2.5,0.8,Pod-Power-On
2014-11-14 19:48:28.415 Pay_Out,11,1809,2.5,0.7,Pod-Power-On
2014-11-14 19:48:28.696 Pay_Out,10,1812,2.5,0.8,Pod-Power-On
2014-11-14 19:48:28.961 Pay_Out,10,1814,2.5,0.7,Pod-Power-On
2014-11-14 19:48:29.242 Pay_Out,10,1817,2.5,0.9,Pod-Power-On
2014-11-14 19:48:29.382 Pay_Out,10,1820,2.5,0.7,Pod-Power-On
2014-11-14 19:48:29.648 Pay_Out,10,1822,2.5,0.8,Pod-Power-On
2014-11-14 19:48:29.897 Pay_Out,10,1825,2.5,0.7,Pod-Power-On
2014-11-14 19:48:30.162 Pay_Out,10,1827,2.4,0.8,Pod-Power-On
2014-11-14 19:48:30.443 Pay_Out,10,1830,2.5,0.7,Pod-Power-On
2014-11-14 19:48:30.693 Pay_Out,10,1833,2.5,0.9,Pod-Power-On
2014-11-14 19:48:31.020 Pay_Out,10,1835,3.1,1.4,Pod-Power-On
2014-11-14 19:48:31.239 Pay_Out,10,1838,3.1,1.4,Pod-Power-On
2014-11-14 19:48:31.504 Pay_Out,10,1841,3.0,1.3,Pod-Power-On
2014-11-14 19:48:31.769 Pay_Out,10,1843,2.9,1.2,Pod-Power-On
2014-11-14 19:48:32.034 Pay_Out,10,1687,3.0,1.3,Pod-Power-On
2014-11-14 19:48:32.284 Pay_Out,10,1846,2.5,0.8,Pod-Power-On
2014-11-14 19:48:32.502 Pay_Out,8,1848,2.4,0.8,Pod-Power-On
2014-11-14 19:48:32.877 Pay_Out,8,1851,2.4,0.7,Pod-Power-On
2014-11-14 19:48:33.017 Pay_Out,8,1854,2.4,0.8,Pod-Power-On
2014-11-14 19:48:33.298 Pay_Out,8,1856,2.4,0.7,Pod-Power-On
2014-11-14 19:48:33.407 Pay_Out,8,1857,2.4,0.7,Pod-Power-On
2014-11-14 19:48:36.182 Pay_Out,10,1885,1.8,0.1
2014-11-14 19:48:39.353 Pay_Out,11,1918,1.6,0.0
2014-11-14 19:48:39.653 Pay_Out,10,1921,1.6,0.0
2014-11-14 19:48:39.990 Pay_Out,10,1923,1.6,0.0
2014-11-14 19:48:40.192 Pay_Out,10,1926,1.6,0.0
2014-11-14 19:48:40.392 Pay_Out,10,1929,1.6,0.0
2014-11-14 19:48:40.692 Pay_Out,10,1932,1.6,0.0
2014-11-14 19:48:40.992 Pay_Out,10,1934,1.6,0.0
2014-11-14 19:48:41.194 Pay_Out,10,1937,1.6,0.0
2014-11-14 19:48:41.294 Pay_Out,10,1938,1.6,0.0
2014-11-14 19:48:41.394 Pay_Out,10,1938,1.6,0.0
2014-11-14 19:48:43.298 Pay_Out,8,1949,1.4,0.0
2014-11-14 19:48:46.512 ParkPosIn,0,1949,3.1,0.0,PrkPrgs
2014-11-14 19:48:46.815 ParkPosIn,0,1949,3.3,0.0,PrkPrgs
2014-11-14 19:48:47.115 ParkPosIn,0,1948,3.4,0.0,PrkPrgs
2014-11-14 19:48:47.315 ParkPosIn,0,1946,3.4,0.0,PrkPrgs
2014-11-14 19:48:47.615 ParkPosIn,3,1945,3.6,0.0,PrkPrgs
2014-11-14 19:48:47.815 ParkPosIn,3,1942,3.8,0.0,PrkPrgs
2014-11-14 19:48:48.115 ParkPosIn,3,1940,3.7,0.0,PrkPrgs
2014-11-14 19:48:48.415 ParkPosIn,3,1937,3.7,0.0,PrkPrgs
2014-11-14 19:48:48.615 ParkPosIn,10,1934,3.6,0.0,PrkPrgs
2014-11-14 19:48:48.915 ParkPosIn,10,1932,3.7,0.0,PrkPrgs
2014-11-14 19:48:49.115 ParkPosIn,10,1929,3.7,0.0,PrkPrgs
2014-11-14 19:48:49.416 ParkPosIn,10,1926,3.6,0.0,PrkPrgs
2014-11-14 19:48:49.716 ParkPosIn,10,1924,3.7,0.0,PrkPrgs
2014-11-14 19:48:49.916 ParkPosIn,10,1921,3.6,0.0,PrkPrgs
2014-11-14 19:48:50.216 ParkPosIn,10,1918,3.6,0.0,PrkPrgs
2014-11-14 19:48:50.416 ParkPosIn,10,1916,3.7,0.0,PrkPrgs
2014-11-14 19:48:50.716 ParkPosIn,10,1913,3.7,0.0,PrkPrgs
2014-11-14 19:48:51.016 ParkPosIn,10,1910,3.7,0.0,PrkPrgs
2014-11-14 19:48:51.216 ParkPosIn,10,1908,3.7,0.0,PrkPrgs
2014-11-14 19:48:51.516 ParkPosIn,11,1905,3.7,0.0,PrkPrgs
2014-11-14 19:48:51.716 ParkPosIn,11,1902,3.7,0.0,PrkPrgs
2014-11-14 19:48:52.016 ParkPosIn,11,1899,3.7,0.0,PrkPrgs
2014-11-14 19:48:52.316 ParkPosIn,11,1897,3.7,0.0,PrkPrgs
2014-11-14 19:48:52.516 ParkPosIn,10,1894,3.7,0.0,PrkPrgs
2014-11-14 19:48:52.816 ParkPosIn,10,1891,3.7,0.0,PrkPrgs
2014-11-14 19:48:53.016 ParkPosIn,10,1889,3.7,0.0,PrkPrgs
2014-11-14 19:48:53.316 ParkPosIn,10,1886,3.7,0.0,PrkPrgs
2014-11-14 19:48:53.316 ParkPosIn,10,1886,3.7,0.0,PrkPrgs
2014-11-14 19:48:56.516 ParkPosIn,11,1852,3.7,0.0,PrkPrgs
2014-11-14 19:48:56.816 ParkPosIn,11,1850,3.7,0.0,PrkPrgs
2014-11-14 19:48:57.116 ParkPosIn,11,1847,3.7,0.0,PrkPrgs
2014-11-14 19:48:57.316 ParkPosIn,11,1845,3.7,0.0,PrkPrgs
2014-11-14 19:48:57.616 ParkPosIn,9,1844,3.7,0.0,PrkPrgs
2014-11-14 19:48:57.816 ParkPosIn,9,1842,3.8,0.0,PrkPrgs
2014-11-14 19:48:58.116 ParkPosIn,9,1839,3.8,0.0,PrkPrgs
2014-11-14 19:48:58.416 ParkPosIn,9,1836,3.8,0.0,PrkPrgs
2014-11-14 19:48:58.616 ParkPosIn,8,1834,3.8,0.0,PrkPrgs
2014-11-14 19:48:58.916 ParkPosIn,8,1831,3.8,0.0,PrkPrgs
2014-11-14 19:48:59.116 ParkPosIn,8,1828,3.8,0.0,PrkPrgs
2014-11-14 19:48:59.416 ParkPosIn,8,1826,3.8,0.0,PrkPrgs
2014-11-14 19:48:59.716 ParkPosIn,11,1823,3.8,0.0,PrkPrgs
2014-11-14 19:48:59.916 ParkPosIn,11,1820,3.8,0.0,PrkPrgs
2014-11-14 19:49:00.216 ParkPosIn,11,1818,3.8,0.0,PrkPrgs
2014-11-14 19:49:00.416 ParkPosIn,11,1815,3.8,0.0,PrkPrgs
2014-11-14 19:49:00.717 ParkPosIn,10,1812,3.8,0.0,PrkPrgs
2014-11-14 19:49:01.017 ParkPosIn,10,1810,3.7,0.0,PrkPrgs
2014-11-14 19:49:01.217 ParkPosIn,10,1807,3.7,0.0,PrkPrgs
2014-11-14 19:49:01.518 ParkPosIn,10,1804,3.8,0.0,PrkPrgs
2014-11-14 19:49:01.718 ParkPosIn,10,1802,3.7,0.0,PrkPrgs
2014-11-14 19:49:02.018 ParkPosIn,10,1799,3.7,0.0,PrkPrgs
2014-11-14 19:49:02.318 ParkPosIn,10,1796,3.7,0.0,PrkPrgs
2014-11-14 19:49:02.518 ParkPosIn,11,1794,3.7,0.0,PrkPrgs
2014-11-14 19:49:02.818 ParkPosIn,11,1791,3.7,0.0,PrkPrgs
2014-11-14 19:49:03.018 ParkPosIn,11,1788,3.6,0.0,PrkPrgs
2014-11-14 19:49:03.318 ParkPosIn,11,1786,3.7,0.0,PrkPrgs
2014-11-14 19:49:06.519 ParkPosIn,10,1752,3.7,0.0,PrkPrgs
2014-11-14 19:49:06.819 ParkPosIn,10,1750,3.7,0.0,PrkPrgs
2014-11-14 19:49:07.119 ParkPosIn,10,1747,3.7,0.0,PrkPrgs
2014-11-14 19:49:07.319 ParkPosIn,10,1744,3.7,0.0,PrkPrgs
2014-11-14 19:49:07.619 ParkPosIn,10,1741,3.8,0.0,PrkPrgs
2014-11-14 19:49:07.819 ParkPosIn,10,1739,3.8,0.0,PrkPrgs
2014-11-14 19:49:08.119 ParkPosIn,10,1736,3.8,0.0,PrkPrgs
2014-11-14 19:49:08.419 ParkPosIn,10,1733,3.8,0.0,PrkPrgs
2014-11-14 19:49:08.619 ParkPosIn,11,1731,3.8,0.0,PrkPrgs
2014-11-14 19:49:08.919 ParkPosIn,11,1728,3.7,0.0,PrkPrgs
2014-11-14 19:49:09.119 ParkPosIn,11,1725,3.8,0.0,PrkPrgs
2014-11-14 19:49:09.419 ParkPosIn,11,1723,3.8,0.0,PrkPrgs
2014-11-14 19:49:09.719 ParkPosIn,10,1720,3.8,0.0,PrkPrgs
2014-11-14 19:49:09.919 ParkPosIn,10,1717,3.8,0.0,PrkPrgs
2014-11-14 19:49:10.219 ParkPosIn,10,1714,3.8,0.0,PrkPrgs
2014-11-14 19:49:10.419 ParkPosIn,10,1712,3.8,0.0,PrkPrgs
2014-11-14 19:49:10.719 ParkPosIn,10,1709,3.7,0.0,PrkPrgs
2014-11-14 19:49:11.019 ParkPosIn,10,1706,3.7,0.0,PrkPrgs
2014-11-14 19:49:11.219 ParkPosIn,10,1704,3.8,0.0,PrkPrgs
2014-11-14 19:49:11.519 ParkPosIn,11,1701,3.7,0.0,PrkPrgs
2014-11-14 19:49:11.819 ParkPosIn,11,1698,3.7,0.0,PrkPrgs
2014-11-14 19:49:12.019 ParkPosIn,11,1696,3.8,0.0,PrkPrgs
2014-11-14 19:49:12.319 ParkPosIn,11,1693,3.8,0.0,PrkPrgs
2014-11-14 19:49:12.519 ParkPosIn,10,1690,3.7,0.0,PrkPrgs
2014-11-14 19:49:12.819 ParkPosIn,10,1689,3.8,0.0,PrkPrgs
2014-11-14 19:49:13.119 ParkPosIn,10,1687,3.7,0.0,PrkPrgs
2014-11-14 19:49:13.319 ParkPosIn,10,1685,3.8,0.0,PrkPrgs
2014-11-14 19:49:16.619 ParkPosIn,10,1652,3.7,0.0,PrkPrgs
2014-11-14 19:49:16.819 ParkPosIn,10,1649,3.7,0.0,PrkPrgs
2014-11-14 19:49:17.119 ParkPosIn,10,1646,3.7,0.0,PrkPrgs
2014-11-14 19:49:17.319 ParkPosIn,10,1643,3.7,0.0,PrkPrgs
2014-11-14 19:49:17.619 ParkPosIn,11,1641,3.7,0.0,PrkPrgs
2014-11-14 19:49:17.919 ParkPosIn,11,1638,3.7,0.0,PrkPrgs
2014-11-14 19:49:18.119 ParkPosIn,11,1636,3.7,0.0,PrkPrgs
2014-11-14 19:49:18.419 ParkPosIn,11,1633,3.7,0.0,PrkPrgs
2014-11-14 19:49:18.619 ParkPosIn,10,1630,3.6,0.0,PrkPrgs
2014-11-14 19:49:18.919 ParkPosIn,10,1627,3.7,0.0,PrkPrgs
2014-11-14 19:49:19.219 ParkPosIn,10,1625,3.7,0.0,PrkPrgs
2014-11-14 19:49:19.419 ParkPosIn,10,1622,3.7,0.0,PrkPrgs
2014-11-14 19:49:19.719 ParkPosIn,10,1619,3.7,0.0,PrkPrgs
2014-11-14 19:49:19.919 ParkPosIn,10,1617,3.7,0.0,PrkPrgs
2014-11-14 19:49:20.219 ParkPosIn,10,1614,3.7,0.0,PrkPrgs
2014-11-14 19:49:20.519 ParkPosIn,10,1611,3.7,0.0,PrkPrgs
2014-11-14 19:49:20.719 ParkPosIn,11,1609,3.7,0.0,PrkPrgs
2014-11-14 19:49:21.020 ParkPosIn,11,1606,3.7,0.0,PrkPrgs
2014-11-14 19:49:21.220 ParkPosIn,11,1603,3.7,0.0,PrkPrgs
2014-11-14 19:49:21.520 ParkPosIn,10,1601,3.7,0.0,PrkPrgs
2014-11-14 19:49:21.820 ParkPosIn,10,1598,3.7,0.0,PrkPrgs
2014-11-14 19:49:22.020 ParkPosIn,10,1595,3.8,0.0,PrkPrgs
2014-11-14 19:49:22.320 ParkPosIn,10,1592,3.7,0.0,PrkPrgs
2014-11-14 19:49:22.520 ParkPosIn,10,1590,3.7,0.0,PrkPrgs
2014-11-14 19:49:22.820 ParkPosIn,10,1587,3.8,0.0,PrkPrgs
2014-11-14 19:49:23.120 ParkPosIn,10,1584,3.7,0.0,PrkPrgs
2014-11-14 19:49:23.320 ParkPosIn,10,1582,3.8,0.0,PrkPrgs
2014-11-14 19:49:26.620 ParkPosIn,11,1548,3.7,0.0,PrkPrgs
2014-11-14 19:49:26.820 ParkPosIn,11,1545,3.8,0.0,PrkPrgs
2014-11-14 19:49:27.120 ParkPosIn,11,1543,3.8,0.0,PrkPrgs
2014-11-14 19:49:27.320 ParkPosIn,11,1540,3.7,0.0,PrkPrgs
2014-11-14 19:49:27.620 ParkPosIn,10,1537,3.8,0.0,PrkPrgs
2014-11-14 19:49:27.920 ParkPosIn,10,1535,3.7,0.0,PrkPrgs
2014-11-14 19:49:28.120 ParkPosIn,10,1532,3.8,0.0,PrkPrgs
2014-11-14 19:49:28.420 ParkPosIn,10,1530,3.8,0.0,PrkPrgs
2014-11-14 19:49:28.620 ParkPosIn,8,1529,3.7,0.0,PrkPrgs
2014-11-14 19:49:28.920 ParkPosIn,8,1527,3.7,0.0,PrkPrgs
2014-11-14 19:49:29.220 ParkPosIn,8,1524,3.7,0.0,PrkPrgs
2014-11-14 19:49:29.420 ParkPosIn,8,1521,3.8,0.0,PrkPrgs
2014-11-14 19:49:29.720 ParkPosIn,10,1519,3.8,0.0,PrkPrgs
2014-11-14 19:49:29.920 ParkPosIn,10,1516,3.8,0.0,PrkPrgs
2014-11-14 19:49:30.220 ParkPosIn,10,1513,3.7,0.0,PrkPrgs
2014-11-14 19:49:30.520 ParkPosIn,10,1511,3.7,0.0,PrkPrgs
2014-11-14 19:49:30.720 ParkPosIn,10,1508,3.8,0.0,PrkPrgs
2014-11-14 19:49:31.020 ParkPosIn,10,1505,3.7,0.0,PrkPrgs
2014-11-14 19:49:31.220 ParkPosIn,10,1503,3.7,0.0,PrkPrgs
2014-11-14 19:49:31.520 ParkPosIn,11,1500,3.7,0.0,PrkPrgs
2014-11-14 19:49:31.820 ParkPosIn,11,1497,3.7,0.0,PrkPrgs
2014-11-14 19:49:32.020 ParkPosIn,11,1495,3.7,0.0,PrkPrgs
2014-11-14 19:49:32.320 ParkPosIn,11,1492,3.7,0.0,PrkPrgs
2014-11-14 19:49:32.520 ParkPosIn,10,1489,3.7,0.0,PrkPrgs
2014-11-14 19:49:32.820 ParkPosIn,10,1487,3.7,0.0,PrkPrgs
2014-11-14 19:49:33.120 ParkPosIn,10,1484,3.7,0.0,PrkPrgs
2014-11-14 19:49:33.320 ParkPosIn,10,1481,3.7,0.0,PrkPrgs
2014-11-14 19:49:36.620 ParkPosIn,10,1448,3.7,0.0,PrkPrgs
2014-11-14 19:49:36.820 ParkPosIn,10,1445,3.8,0.0,PrkPrgs
2014-11-14 19:49:37.120 ParkPosIn,10,1443,3.7,0.0,PrkPrgs
2014-11-14 19:49:37.320 ParkPosIn,10,1440,3.8,0.0,PrkPrgs
2014-11-14 19:49:37.620 ParkPosIn,10,1437,3.8,0.0,PrkPrgs
2014-11-14 19:49:37.920 ParkPosIn,10,1434,3.8,0.0,PrkPrgs
2014-11-14 19:49:38.120 ParkPosIn,10,1432,3.8,0.0,PrkPrgs
2014-11-14 19:49:38.421 ParkPosIn,10,1429,3.8,0.0,PrkPrgs
2014-11-14 19:49:38.621 ParkPosIn,11,1426,3.8,0.0,PrkPrgs
2014-11-14 19:49:38.921 ParkPosIn,11,1424,3.8,0.0,PrkPrgs
2014-11-14 19:49:39.221 ParkPosIn,11,1421,3.8,0.0,PrkPrgs
2014-11-14 19:49:39.421 ParkPosIn,11,1418,3.8,0.0,PrkPrgs
2014-11-14 19:49:39.721 ParkPosIn,10,1416,3.8,0.0,PrkPrgs
2014-11-14 19:49:39.921 ParkPosIn,10,1413,3.8,0.0,PrkPrgs
2014-11-14 19:49:40.221 ParkPosIn,10,1410,3.8,0.0,PrkPrgs
2014-11-14 19:49:40.493 ParkPosIn,10,1408,3.8,0.0,PrkPrgs
2014-11-14 19:49:40.793 ParkPosIn,10,1405,3.8,0.0,PrkPrgs
2014-11-14 19:49:40.993 ParkPosIn,10,1402,3.8,0.0,PrkPrgs
2014-11-14 19:49:41.293 ParkPosIn,10,1400,3.8,0.0,PrkPrgs
2014-11-14 19:49:41.493 ParkPosIn,11,1397,3.8,0.0,PrkPrgs
2014-11-14 19:49:41.793 ParkPosIn,11,1394,3.7,0.0,PrkPrgs
2014-11-14 19:49:42.093 ParkPosIn,11,1391,3.7,0.0,PrkPrgs
2014-11-14 19:49:42.293 ParkPosIn,11,1389,3.7,0.0,PrkPrgs
2014-11-14 19:49:42.603 ParkPosIn,10,1386,3.7,0.0,PrkPrgs
2014-11-14 19:49:42.803 ParkPosIn,10,1383,3.7,0.0,PrkPrgs
2014-11-14 19:49:43.103 ParkPosIn,10,1381,3.7,0.0,PrkPrgs
2014-11-14 19:49:43.303 ParkPosIn,10,1378,3.7,0.0,PrkPrgs
2014-11-14 19:49:46.603 ParkPosIn,11,1347,3.7,0.0,PrkPrgs
2014-11-14 19:49:46.803 ParkPosIn,11,1344,3.7,0.0,PrkPrgs
2014-11-14 19:49:47.103 ParkPosIn,11,1342,3.8,0.0,PrkPrgs
2014-11-14 19:49:47.403 ParkPosIn,11,1339,3.8,0.0,PrkPrgs
2014-11-14 19:49:47.603 ParkPosIn,10,1336,3.8,0.0,PrkPrgs
2014-11-14 19:49:47.903 ParkPosIn,10,1334,3.8,0.0,PrkPrgs
2014-11-14 19:49:48.103 ParkPosIn,10,1331,3.7,0.0,PrkPrgs
2014-11-14 19:49:48.403 ParkPosIn,10,1328,3.8,0.0,PrkPrgs
2014-11-14 19:49:48.703 ParkPosIn,10,1326,3.7,0.0,PrkPrgs
2014-11-14 19:49:48.903 ParkPosIn,10,1323,3.7,0.0,PrkPrgs
2014-11-14 19:49:49.203 ParkPosIn,10,1320,3.8,0.0,PrkPrgs
2014-11-14 19:49:49.403 ParkPosIn,10,1318,3.7,0.0,PrkPrgs
2014-11-14 19:49:49.703 ParkPosIn,11,1315,3.7,0.0,PrkPrgs
2014-11-14 19:49:50.003 ParkPosIn,11,1312,3.8,0.0,PrkPrgs
2014-11-14 19:49:50.204 ParkPosIn,11,1310,3.8,0.0,PrkPrgs
2014-11-14 19:49:50.504 ParkPosIn,11,1307,3.7,0.0,PrkPrgs
2014-11-14 19:49:50.704 ParkPosIn,10,1305,3.7,0.0,PrkPrgs
2014-11-14 19:49:51.004 ParkPosIn,10,1302,3.7,0.0,PrkPrgs
2014-11-14 19:49:51.304 ParkPosIn,10,1299,3.7,0.0,PrkPrgs
2014-11-14 19:49:51.504 ParkPosIn,10,1296,3.8,0.0,PrkPrgs
2014-11-14 19:49:51.805 ParkPosIn,10,1294,3.7,0.0,PrkPrgs
2014-11-14 19:49:52.005 ParkPosIn,10,1291,3.8,0.0,PrkPrgs
2014-11-14 19:49:52.305 ParkPosIn,10,1288,3.8,0.0,PrkPrgs
2014-11-14 19:49:52.607 ParkPosIn,11,1286,3.7,0.0,PrkPrgs
2014-11-14 19:49:52.807 ParkPosIn,11,1283,3.8,0.0,PrkPrgs
2014-11-14 19:49:53.107 ParkPosIn,11,1280,3.8,0.0,PrkPrgs
2014-11-14 19:49:53.307 ParkPosIn,11,1278,3.8,0.0,PrkPrgs
2014-11-14 19:49:56.508 ParkPosIn,10,1245,3.8,0.0,PrkPrgs
2014-11-14 19:49:56.808 ParkPosIn,10,1242,3.8,0.0,PrkPrgs
2014-11-14 19:49:57.108 ParkPosIn,10,1239,3.7,0.0,PrkPrgs
2014-11-14 19:49:57.308 ParkPosIn,10,1237,3.7,0.0,PrkPrgs
2014-11-14 19:49:57.608 ParkPosIn,10,1234,3.7,0.0,PrkPrgs
2014-11-14 19:49:57.808 ParkPosIn,10,1231,3.8,0.0,PrkPrgs
2014-11-14 19:49:58.108 ParkPosIn,10,1228,3.7,0.0,PrkPrgs
2014-11-14 19:49:58.408 ParkPosIn,10,1226,3.7,0.0,PrkPrgs
2014-11-14 19:49:58.608 ParkPosIn,11,1223,3.7,0.0,PrkPrgs
2014-11-14 19:49:58.908 ParkPosIn,11,1220,3.7,0.0,PrkPrgs
2014-11-14 19:49:59.108 ParkPosIn,11,1218,3.8,0.0,PrkPrgs
2014-11-14 19:49:59.408 ParkPosIn,11,1287,3.7,0.0,PrkPrgs
2014-11-14 19:49:59.708 ParkPosIn,7,1215,3.7,0.0,PrkPrgs
2014-11-14 19:49:59.908 ParkPosIn,7,1212,3.7,0.0,PrkPrgs
2014-11-14 19:50:00.208 ParkPosIn,7,1210,3.7,0.0,PrkPrgs
2014-11-14 19:50:00.408 ParkPosIn,7,1207,3.8,0.0,PrkPrgs
2014-11-14 19:50:00.708 ParkPosIn,11,1204,3.8,0.0,PrkPrgs
2014-11-14 19:50:01.008 ParkPosIn,11,1202,3.7,0.0,PrkPrgs
2014-11-14 19:50:01.208 ParkPosIn,11,1199,3.8,0.0,PrkPrgs
2014-11-14 19:50:01.508 ParkPosIn,11,1196,3.8,0.0,PrkPrgs
2014-11-14 19:50:01.708 ParkPosIn,10,1194,3.8,0.0,PrkPrgs
2014-11-14 19:50:02.008 ParkPosIn,10,1191,3.8,0.0,PrkPrgs
2014-11-14 19:50:02.308 ParkPosIn,10,1188,3.8,0.0,PrkPrgs
2014-11-14 19:50:02.508 ParkPosIn,10,1186,3.8,0.0,PrkPrgs
2014-11-14 19:50:02.808 ParkPosIn,10,1183,3.8,0.0,PrkPrgs
2014-11-14 19:50:03.008 ParkPosIn,10,1180,3.8,0.0,PrkPrgs
2014-11-14 19:50:03.308 ParkPosIn,10,1177,3.8,0.0,PrkPrgs
2014-11-14 19:50:03.308 ParkPosIn,10,1177,3.8,0.0,PrkPrgs
2014-11-14 19:50:06.508 ParkPosIn,10,1144,3.7,0.0,PrkPrgs
2014-11-14 19:50:06.808 ParkPosIn,10,1141,3.7,0.0,PrkPrgs
2014-11-14 19:50:07.108 ParkPosIn,10,1139,3.7,0.0,PrkPrgs
2014-11-14 19:50:07.308 ParkPosIn,10,1136,3.7,0.0,PrkPrgs
2014-11-14 19:50:07.608 ParkPosIn,11,1133,3.8,0.0,PrkPrgs
2014-11-14 19:50:07.808 ParkPosIn,11,1131,3.8,0.0,PrkPrgs
2014-11-14 19:50:08.108 ParkPosIn,11,1128,3.7,0.0,PrkPrgs
2014-11-14 19:50:08.408 ParkPosIn,11,1125,3.8,0.0,PrkPrgs
2014-11-14 19:50:08.608 ParkPosIn,10,1123,3.8,0.0,PrkPrgs
2014-11-14 19:50:08.908 ParkPosIn,10,1120,3.7,0.0,PrkPrgs
2014-11-14 19:50:09.108 ParkPosIn,10,1117,3.8,0.0,PrkPrgs
2014-11-14 19:50:09.408 ParkPosIn,10,1115,3.8,0.0,PrkPrgs
2014-11-14 19:50:09.708 ParkPosIn,10,1112,3.8,0.0,PrkPrgs
2014-11-14 19:50:09.908 ParkPosIn,10,1109,3.8,0.0,PrkPrgs
2014-11-14 19:50:10.208 ParkPosIn,10,1106,3.7,0.0,PrkPrgs
2014-11-14 19:50:10.408 ParkPosIn,10,1104,3.8,0.0,PrkPrgs
2014-11-14 19:50:10.708 ParkPosIn,11,1101,3.8,0.0,PrkPrgs
2014-11-14 19:50:11.008 ParkPosIn,11,1098,3.8,0.0,PrkPrgs
2014-11-14 19:50:11.208 ParkPosIn,11,1096,3.7,0.0,PrkPrgs
2014-11-14 19:50:11.508 ParkPosIn,11,1093,3.8,0.0,PrkPrgs
2014-11-14 19:50:11.708 ParkPosIn,10,1090,3.7,0.0,PrkPrgs
2014-11-14 19:50:12.008 ParkPosIn,10,1088,3.8,0.0,PrkPrgs
2014-11-14 19:50:12.308 ParkPosIn,10,1085,3.8,0.0,PrkPrgs
2014-11-14 19:50:12.508 ParkPosIn,10,1082,3.7,0.0,PrkPrgs
2014-11-14 19:50:12.808 ParkPosIn,10,1079,3.7,0.0,PrkPrgs
2014-11-14 19:50:13.008 ParkPosIn,10,1077,3.7,0.0,PrkPrgs
2014-11-14 19:50:13.309 ParkPosIn,10,1074,3.7,0.0,PrkPrgs
2014-11-14 19:50:13.309 ParkPosIn,10,1074,3.7,0.0,PrkPrgs
2014-11-14 19:50:16.509 ParkPosIn,10,1043,3.7,0.0,PrkPrgs
2014-11-14 19:50:16.809 ParkPosIn,10,1041,3.8,0.0,PrkPrgs
2014-11-14 19:50:17.109 ParkPosIn,10,1038,3.8,0.0,PrkPrgs
2014-11-14 19:50:17.309 ParkPosIn,10,1035,3.8,0.0,PrkPrgs
2014-11-14 19:50:17.609 ParkPosIn,11,1033,3.8,0.0,PrkPrgs
2014-11-14 19:50:17.809 ParkPosIn,11,1030,3.8,0.0,PrkPrgs
2014-11-14 19:50:18.109 ParkPosIn,11,1027,3.8,0.0,PrkPrgs
2014-11-14 19:50:18.409 ParkPosIn,11,1025,3.8,0.0,PrkPrgs
2014-11-14 19:50:18.609 ParkPosIn,10,1022,3.8,0.0,PrkPrgs
2014-11-14 19:50:18.909 ParkPosIn,10,1019,3.8,0.0,PrkPrgs
2014-11-14 19:50:19.209 ParkPosIn,10,1017,3.8,0.0,PrkPrgs
2014-11-14 19:50:19.409 ParkPosIn,10,1014,3.8,0.0,PrkPrgs
2014-11-14 19:50:19.709 ParkPosIn,10,1011,3.7,0.0,PrkPrgs
2014-11-14 19:50:19.909 ParkPosIn,10,1009,3.8,0.0,PrkPrgs
2014-11-14 19:50:20.209 ParkPosIn,10,1006,3.7,0.0,PrkPrgs
2014-11-14 19:50:20.509 ParkPosIn,10,1003,3.7,0.0,PrkPrgs
2014-11-14 19:50:20.709 ParkPosIn,10,1001,3.7,0.0,PrkPrgs
2014-11-14 19:50:21.009 ParkPosIn,10,998,3.7,0.0,PrkPrgs
2014-11-14 19:50:21.209 ParkPosIn,10,995,3.7,0.0,PrkPrgs
2014-11-14 19:50:21.509 ParkPosIn,10,993,3.7,0.0,PrkPrgs
2014-11-14 19:50:21.809 ParkPosIn,10,990,3.7,0.0,PrkPrgs
2014-11-14 19:50:22.009 ParkPosIn,10,987,3.7,0.0,PrkPrgs
2014-11-14 19:50:22.309 ParkPosIn,10,984,3.7,0.0,PrkPrgs
2014-11-14 19:50:22.509 ParkPosIn,11,982,3.7,0.0,PrkPrgs
2014-11-14 19:50:22.809 ParkPosIn,11,979,3.7,0.0,PrkPrgs
2014-11-14 19:50:23.109 ParkPosIn,11,977,3.8,0.0,PrkPrgs
2014-11-14 19:50:23.309 ParkPosIn,11,974,3.7,0.0,PrkPrgs
2014-11-14 19:50:23.310 ParkPosIn,11,974,3.7,0.0,PrkPrgs
2014-11-14 19:50:26.610 ParkPosIn,10,940,3.7,0.0,PrkPrgs
2014-11-14 19:50:26.810 ParkPosIn,10,938,3.7,0.0,PrkPrgs
2014-11-14 19:50:27.110 ParkPosIn,10,935,3.8,0.0,PrkPrgs
2014-11-14 19:50:27.310 ParkPosIn,10,932,3.8,0.0,PrkPrgs
2014-11-14 19:50:27.610 ParkPosIn,10,930,3.7,0.0,PrkPrgs
2014-11-14 19:50:27.910 ParkPosIn,10,927,3.8,0.0,PrkPrgs
2014-11-14 19:50:28.110 ParkPosIn,10,924,3.7,0.0,PrkPrgs
2014-11-14 19:50:28.410 ParkPosIn,10,922,3.7,0.0,PrkPrgs
2014-11-14 19:50:28.610 ParkPosIn,11,919,3.7,0.0,PrkPrgs
2014-11-14 19:50:28.910 ParkPosIn,11,916,3.7,0.0,PrkPrgs
2014-11-14 19:50:29.211 ParkPosIn,11,913,3.7,0.0,PrkPrgs
2014-11-14 19:50:29.411 ParkPosIn,11,911,3.7,0.0,PrkPrgs
2014-11-14 19:50:29.711 ParkPosIn,10,908,3.7,0.0,PrkPrgs
2014-11-14 19:50:29.911 ParkPosIn,10,905,3.8,0.0,PrkPrgs
2014-11-14 19:50:30.211 ParkPosIn,10,904,3.8,0.0,PrkPrgs
2014-11-14 19:50:30.511 ParkPosIn,10,903,3.7,0.0,PrkPrgs
2014-11-14 19:50:30.711 ParkPosIn,8,900,3.8,0.0,PrkPrgs
2014-11-14 19:50:31.012 ParkPosIn,8,897,3.8,0.0,PrkPrgs
2014-11-14 19:50:31.212 ParkPosIn,8,895,3.7,0.0,PrkPrgs
2014-11-14 19:50:31.512 ParkPosIn,8,892,3.8,0.0,PrkPrgs
2014-11-14 19:50:31.812 ParkPosIn,10,889,3.8,0.0,PrkPrgs
2014-11-14 19:50:32.012 ParkPosIn,10,887,3.8,0.0,PrkPrgs
2014-11-14 19:50:32.312 ParkPosIn,10,884,3.8,0.0,PrkPrgs
2014-11-14 19:50:32.512 ParkPosIn,10,881,3.8,0.0,PrkPrgs
2014-11-14 19:50:32.812 ParkPosIn,10,879,3.8,0.0,PrkPrgs
2014-11-14 19:50:33.112 ParkPosIn,10,876,3.8,0.0,PrkPrgs
2014-11-14 19:50:33.312 ParkPosIn,10,873,3.8,0.0,PrkPrgs
2014-11-14 19:50:36.612 ParkPosIn,11,840,3.7,0.0,PrkPrgs
2014-11-14 19:50:36.812 ParkPosIn,11,837,3.7,0.0,PrkPrgs
2014-11-14 19:50:37.112 ParkPosIn,11,834,3.7,0.0,PrkPrgs
2014-11-14 19:50:37.312 ParkPosIn,11,832,3.7,0.0,PrkPrgs
2014-11-14 19:50:37.612 ParkPosIn,10,829,3.7,0.0,PrkPrgs
2014-11-14 19:50:37.912 ParkPosIn,10,826,3.7,0.0,PrkPrgs
2014-11-14 19:50:38.112 ParkPosIn,10,824,3.7,0.0,PrkPrgs
2014-11-14 19:50:38.412 ParkPosIn,10,821,3.7,0.0,PrkPrgs
2014-11-14 19:50:38.612 ParkPosIn,10,818,3.8,0.0,PrkPrgs
2014-11-14 19:50:38.912 ParkPosIn,10,816,3.7,0.0,PrkPrgs
2014-11-14 19:50:39.212 ParkPosIn,10,813,3.7,0.0,PrkPrgs
2014-11-14 19:50:39.412 ParkPosIn,10,810,3.8,0.0,PrkPrgs
2014-11-14 19:50:39.712 ParkPosIn,10,808,3.8,0.0,PrkPrgs
2014-11-14 19:50:39.912 ParkPosIn,10,805,3.8,0.0,PrkPrgs
2014-11-14 19:50:40.212 ParkPosIn,10,802,3.8,0.0,PrkPrgs
2014-11-14 19:50:40.512 ParkPosIn,10,800,3.8,0.0,PrkPrgs
2014-11-14 19:50:40.712 ParkPosIn,11,797,3.8,0.0,PrkPrgs
2014-11-14 19:50:41.012 ParkPosIn,11,794,3.8,0.0,PrkPrgs
2014-11-14 19:50:41.212 ParkPosIn,11,792,3.8,0.0,PrkPrgs
2014-11-14 19:50:41.583 ParkPosIn,11,789,3.8,0.0,PrkPrgs
2014-11-14 19:50:41.783 ParkPosIn,10,786,3.8,0.0,PrkPrgs
2014-11-14 19:50:42.000 ParkPosIn,10,783,3.8,0.0,PrkPrgs
2014-11-14 19:50:42.301 ParkPosIn,10,781,3.8,0.0,PrkPrgs
2014-11-14 19:50:42.601 ParkPosIn,11,778,3.8,0.0,PrkPrgs
2014-11-14 19:50:42.801 ParkPosIn,11,775,3.8,0.0,PrkPrgs
2014-11-14 19:50:43.101 ParkPosIn,11,773,3.8,0.0,PrkPrgs
2014-11-14 19:50:43.302 ParkPosIn,11,770,3.8,0.0,PrkPrgs
2014-11-14 19:50:46.602 ParkPosIn,7,739,3.8,0.0,PrkPrgs
2014-11-14 19:50:46.802 ParkPosIn,7,737,3.8,0.0,PrkPrgs
2014-11-14 19:50:47.102 ParkPosIn,7,734,3.8,0.0,PrkPrgs
2014-11-14 19:50:47.402 ParkPosIn,7,731,3.8,0.0,PrkPrgs
2014-11-14 19:50:47.602 ParkPosIn,11,728,3.8,0.0,PrkPrgs
2014-11-14 19:50:47.902 ParkPosIn,11,726,3.8,0.0,PrkPrgs
2014-11-14 19:50:48.102 ParkPosIn,11,723,3.8,0.0,PrkPrgs
2014-11-14 19:50:48.403 ParkPosIn,11,720,3.8,0.0,PrkPrgs
2014-11-14 19:50:48.703 ParkPosIn,10,718,3.8,0.0,PrkPrgs
2014-11-14 19:50:48.903 ParkPosIn,10,715,3.8,0.0,PrkPrgs
2014-11-14 19:50:49.203 ParkPosIn,10,712,3.8,0.0,PrkPrgs
2014-11-14 19:50:49.403 ParkPosIn,10,710,3.8,0.0,PrkPrgs
2014-11-14 19:50:49.703 ParkPosIn,10,707,3.8,0.0,PrkPrgs
2014-11-14 19:50:50.003 ParkPosIn,10,704,3.8,0.0,PrkPrgs
2014-11-14 19:50:50.204 ParkPosIn,10,702,3.8,0.0,PrkPrgs
2014-11-14 19:50:50.504 ParkPosIn,10,699,3.7,0.0,PrkPrgs
2014-11-14 19:50:50.704 ParkPosIn,10,696,3.7,0.0,PrkPrgs
2014-11-14 19:50:51.004 ParkPosIn,10,694,3.8,0.0,PrkPrgs
2014-11-14 19:50:51.304 ParkPosIn,10,691,3.7,0.0,PrkPrgs
2014-11-14 19:50:51.504 ParkPosIn,10,688,3.7,0.0,PrkPrgs
2014-11-14 19:50:51.804 ParkPosIn,11,686,3.7,0.0,PrkPrgs
2014-11-14 19:50:52.004 ParkPosIn,11,683,3.7,0.0,PrkPrgs
2014-11-14 19:50:52.304 ParkPosIn,11,680,3.7,0.0,PrkPrgs
2014-11-14 19:50:52.604 ParkPosIn,10,678,3.7,0.0,PrkPrgs
2014-11-14 19:50:52.804 ParkPosIn,10,675,3.7,0.0,PrkPrgs
2014-11-14 19:50:53.104 ParkPosIn,10,672,3.8,0.0,PrkPrgs
2014-11-14 19:50:53.304 ParkPosIn,10,670,3.7,0.0,PrkPrgs
2014-11-14 19:50:56.604 ParkPosIn,10,636,3.8,0.0,PrkPrgs
2014-11-14 19:50:56.804 ParkPosIn,10,634,3.8,0.0,PrkPrgs
2014-11-14 19:50:57.104 ParkPosIn,10,631,3.8,0.0,PrkPrgs
2014-11-14 19:50:57.404 ParkPosIn,10,628,3.8,0.0,PrkPrgs
2014-11-14 19:50:57.604 ParkPosIn,11,625,3.8,0.0,PrkPrgs
2014-11-14 19:50:57.904 ParkPosIn,11,623,3.8,0.0,PrkPrgs
2014-11-14 19:50:58.104 ParkPosIn,11,620,3.8,0.0,PrkPrgs
2014-11-14 19:50:58.404 ParkPosIn,11,617,3.8,0.0,PrkPrgs
2014-11-14 19:50:58.704 ParkPosIn,10,615,3.8,0.0,PrkPrgs
2014-11-14 19:50:58.904 ParkPosIn,10,612,3.7,0.0,PrkPrgs
2014-11-14 19:50:59.204 ParkPosIn,10,609,3.7,0.0,PrkPrgs
2014-11-14 19:50:59.404 ParkPosIn,10,607,3.8,0.0,PrkPrgs
2014-11-14 19:50:59.704 ParkPosIn,10,604,3.7,0.0,PrkPrgs
2014-11-14 19:51:00.004 ParkPosIn,10,601,3.8,0.0,PrkPrgs
2014-11-14 19:51:00.204 ParkPosIn,10,598,3.8,0.0,PrkPrgs
2014-11-14 19:51:00.504 ParkPosIn,10,596,3.7,0.0,PrkPrgs
2014-11-14 19:51:00.704 ParkPosIn,11,593,3.7,0.0,PrkPrgs
2014-11-14 19:51:01.004 ParkPosIn,11,590,3.8,0.0,PrkPrgs
2014-11-14 19:51:01.304 ParkPosIn,11,589,3.8,0.0,PrkPrgs
2014-11-14 19:51:01.504 ParkPosIn,11,588,3.8,0.0,PrkPrgs
2014-11-14 19:51:01.804 ParkPosIn,7,585,3.8,0.0,PrkPrgs
2014-11-14 19:51:02.004 ParkPosIn,7,582,3.8,0.0,PrkPrgs
2014-11-14 19:51:02.304 ParkPosIn,7,580,3.8,0.0,PrkPrgs
2014-11-14 19:51:02.604 ParkPosIn,11,577,3.8,0.0,PrkPrgs
2014-11-14 19:51:02.804 ParkPosIn,11,574,3.8,0.0,PrkPrgs
2014-11-14 19:51:03.109 ParkPosIn,11,572,3.8,0.0,PrkPrgs
2014-11-14 19:51:03.309 ParkPosIn,11,569,3.8,0.0,PrkPrgs
2014-11-14 19:51:06.610 ParkPosIn,10,536,3.7,0.0,PrkPrgs
2014-11-14 19:51:06.810 ParkPosIn,10,533,3.7,0.0,PrkPrgs
2014-11-14 19:51:07.110 ParkPosIn,10,530,3.7,0.0,PrkPrgs
2014-11-14 19:51:07.410 ParkPosIn,10,527,3.7,0.0,PrkPrgs
2014-11-14 19:51:07.610 ParkPosIn,10,525,3.7,0.0,PrkPrgs
2014-11-14 19:51:07.910 ParkPosIn,10,522,3.8,0.0,PrkPrgs
2014-11-14 19:51:08.110 ParkPosIn,10,519,3.7,0.0,PrkPrgs
2014-11-14 19:51:08.410 ParkPosIn,10,517,3.7,0.0,PrkPrgs
2014-11-14 19:51:08.710 ParkPosIn,11,514,3.7,0.0,PrkPrgs
2014-11-14 19:51:08.910 ParkPosIn,11,511,3.7,0.0,PrkPrgs
2014-11-14 19:51:09.210 ParkPosIn,11,509,3.7,0.0,PrkPrgs
2014-11-14 19:51:09.410 ParkPosIn,11,506,3.8,0.0,PrkPrgs
2014-11-14 19:51:09.710 ParkPosIn,10,503,3.8,0.0,PrkPrgs
2014-11-14 19:51:10.010 ParkPosIn,10,501,3.7,0.0,PrkPrgs
2014-11-14 19:51:10.210 ParkPosIn,10,498,3.8,0.0,PrkPrgs
2014-11-14 19:51:10.510 ParkPosIn,10,495,3.8,0.0,PrkPrgs
2014-11-14 19:51:10.710 ParkPosIn,10,493,3.8,0.0,PrkPrgs
2014-11-14 19:51:11.031 ParkPosIn,10,490,3.8,0.0,PrkPrgs
2014-11-14 19:51:11.231 ParkPosIn,10,487,3.8,0.0,PrkPrgs
2014-11-14 19:51:11.531 ParkPosIn,10,485,3.8,0.0,PrkPrgs
2014-11-14 19:51:11.831 ParkPosIn,10,482,3.8,0.0,PrkPrgs
2014-11-14 19:51:12.031 ParkPosIn,10,479,3.8,0.0,PrkPrgs
2014-11-14 19:51:12.331 ParkPosIn,10,476,3.8,0.0,PrkPrgs
2014-11-14 19:51:12.531 ParkPosIn,11,474,3.8,0.0,PrkPrgs
2014-11-14 19:51:12.831 ParkPosIn,11,471,3.8,0.0,PrkPrgs
2014-11-14 19:51:13.131 ParkPosIn,11,469,3.8,0.0,PrkPrgs
2014-11-14 19:51:13.331 ParkPosIn,11,466,3.8,0.0,PrkPrgs
2014-11-14 19:51:16.631 ParkPosIn,10,433,3.8,0.0,PrkPrgs
2014-11-14 19:51:16.831 ParkPosIn,10,432,3.8,0.0,PrkPrgs
2014-11-14 19:51:17.131 ParkPosIn,10,430,3.7,0.0,PrkPrgs
2014-11-14 19:51:17.331 ParkPosIn,10,427,3.8,0.0,PrkPrgs
2014-11-14 19:51:17.631 ParkPosIn,8,424,3.8,0.0,PrkPrgs
2014-11-14 19:51:17.931 ParkPosIn,8,422,3.8,0.0,PrkPrgs
2014-11-14 19:51:18.131 ParkPosIn,8,419,3.8,0.0,PrkPrgs
2014-11-14 19:51:18.431 ParkPosIn,8,416,3.8,0.0,PrkPrgs
2014-11-14 19:51:18.631 ParkPosIn,10,414,3.8,0.0,PrkPrgs
2014-11-14 19:51:18.931 ParkPosIn,10,411,3.8,0.0,PrkPrgs
2014-11-14 19:51:19.231 ParkPosIn,10,408,3.8,0.0,PrkPrgs
2014-11-14 19:51:19.452 ParkPosIn,10,405,3.8,0.0,PrkPrgs
2014-11-14 19:51:19.752 ParkPosIn,10,403,3.8,0.0,PrkPrgs
2014-11-14 19:51:19.952 ParkPosIn,10,400,3.8,0.0,PrkPrgs
2014-11-14 19:51:20.252 ParkPosIn,10,398,3.8,0.0,PrkPrgs
2014-11-14 19:51:20.452 ParkPosIn,10,395,3.8,0.0,PrkPrgs
2014-11-14 19:51:20.752 ParkPosIn,11,392,3.8,0.0,PrkPrgs
2014-11-14 19:51:21.052 ParkPosIn,11,389,3.8,0.0,PrkPrgs
2014-11-14 19:51:21.252 ParkPosIn,11,387,3.8,0.0,PrkPrgs
2014-11-14 19:51:21.552 ParkPosIn,11,384,3.7,0.0,PrkPrgs
2014-11-14 19:51:21.752 ParkPosIn,10,381,3.8,0.0,PrkPrgs
2014-11-14 19:51:22.052 ParkPosIn,10,379,3.7,0.0,PrkPrgs
2014-11-14 19:51:22.352 ParkPosIn,10,376,3.7,0.0,PrkPrgs
2014-11-14 19:51:22.552 ParkPosIn,10,373,3.7,0.0,PrkPrgs
2014-11-14 19:51:22.852 ParkPosIn,10,371,3.7,0.0,PrkPrgs
2014-11-14 19:51:23.052 ParkPosIn,10,368,3.7,0.0,PrkPrgs
2014-11-14 19:51:23.353 ParkPosIn,10,365,3.7,0.0,PrkPrgs
2014-11-14 19:51:26.553 ParkPosIn,10,332,3.8,0.0,PrkPrgs
2014-11-14 19:51:26.853 ParkPosIn,11,330,3.8,0.0,PrkPrgs
2014-11-14 19:51:27.053 ParkPosIn,11,327,3.8,0.0,PrkPrgs
2014-11-14 19:51:27.353 ParkPosIn,11,324,3.8,0.0,PrkPrgs
2014-11-14 19:51:27.553 ParkPosIn,10,322,3.8,0.0,PrkPrgs
2014-11-14 19:51:27.853 ParkPosIn,10,319,3.8,0.0,PrkPrgs
2014-11-14 19:51:28.153 ParkPosIn,10,316,3.8,0.0,PrkPrgs
2014-11-14 19:51:28.353 ParkPosIn,10,314,3.8,0.0,PrkPrgs
2014-11-14 19:51:28.653 ParkPosIn,10,311,3.8,0.0,PrkPrgs
2014-11-14 19:51:28.853 ParkPosIn,10,308,3.8,0.0,PrkPrgs
2014-11-14 19:51:29.153 ParkPosIn,10,306,3.7,0.0,PrkPrgs
2014-11-14 19:51:29.453 ParkPosIn,10,303,3.8,0.0,PrkPrgs
2014-11-14 19:51:29.653 ParkPosIn,11,300,3.8,0.0,PrkPrgs
2014-11-14 19:51:29.953 ParkPosIn,11,297,3.8,0.0,PrkPrgs
2014-11-14 19:51:30.153 ParkPosIn,11,295,3.7,0.0,PrkPrgs
2014-11-14 19:51:30.453 ParkPosIn,11,292,3.8,0.0,PrkPrgs
2014-11-14 19:51:30.753 ParkPosIn,10,289,3.8,0.0,PrkPrgs
2014-11-14 19:51:30.953 ParkPosIn,10,287,3.8,0.0,PrkPrgs
2014-11-14 19:51:31.253 ParkPosIn,10,284,3.7,0.0,PrkPrgs
2014-11-14 19:51:31.453 ParkPosIn,10,281,3.8,0.0,PrkPrgs
2014-11-14 19:51:31.753 ParkPosIn,10,279,3.8,0.0,PrkPrgs
2014-11-14 19:51:32.059 ParkPosIn,10,276,3.7,0.0,PrkPrgs
2014-11-14 19:51:32.259 ParkPosIn,10,274,3.8,0.0,PrkPrgs
2014-11-14 19:51:32.559 ParkPosIn,10,273,3.7,0.0,PrkPrgs
2014-11-14 19:51:32.759 ParkPosIn,8,271,3.7,0.0,PrkPrgs
2014-11-14 19:51:33.059 ParkPosIn,8,268,3.7,0.0,PrkPrgs
2014-11-14 19:51:33.359 ParkPosIn,8,265,3.8,0.0,PrkPrgs
2014-11-14 19:51:33.359 ParkPosIn,8,265,3.8,0.0,PrkPrgs
2014-11-14 19:51:36.559 ParkPosIn,10,232,3.8,0.0,PrkPrgs
2014-11-14 19:51:36.860 ParkPosIn,10,229,3.8,0.0,PrkPrgs
2014-11-14 19:51:37.060 ParkPosIn,10,227,3.7,0.0,PrkPrgs
2014-11-14 19:51:37.360 ParkPosIn,10,224,3.7,0.0,PrkPrgs
2014-11-14 19:51:37.560 ParkPosIn,10,221,3.7,0.0,PrkPrgs
2014-11-14 19:51:37.861 ParkPosIn,10,218,3.7,0.0,PrkPrgs
2014-11-14 19:51:38.161 ParkPosIn,10,216,3.7,0.0,PrkPrgs
2014-11-14 19:51:38.361 ParkPosIn,10,213,3.7,0.0,PrkPrgs
2014-11-14 19:51:38.661 ParkPosIn,11,211,3.7,0.0,PrkPrgs
2014-11-14 19:51:38.861 ParkPosIn,11,208,3.7,0.0,PrkPrgs
2014-11-14 19:51:39.161 ParkPosIn,11,205,3.7,0.0,PrkPrgs
2014-11-14 19:51:39.461 ParkPosIn,11,202,3.7,0.0,PrkPrgs
2014-11-14 19:51:39.661 ParkPosIn,10,200,3.7,0.0,PrkPrgs
2014-11-14 19:51:39.961 ParkPosIn,10,197,3.7,0.0,PrkPrgs
2014-11-14 19:51:40.161 ParkPosIn,10,194,3.7,0.0,PrkPrgs
2014-11-14 19:51:40.461 ParkPosIn,10,192,3.8,0.0,PrkPrgs
2014-11-14 19:51:40.762 ParkPosIn,10,189,3.8,0.0,PrkPrgs
2014-11-14 19:51:40.962 ParkPosIn,10,186,3.8,0.0,PrkPrgs
2014-11-14 19:51:41.262 ParkPosIn,10,184,3.8,0.0,PrkPrgs
2014-11-14 19:51:41.462 ParkPosIn,10,181,3.8,0.0,PrkPrgs
2014-11-14 19:51:41.762 ParkPosIn,11,178,3.8,0.0,PrkPrgs
2014-11-14 19:51:42.062 ParkPosIn,11,176,3.8,0.0,PrkPrgs
2014-11-14 19:51:42.262 ParkPosIn,11,173,3.8,0.0,PrkPrgs
2014-11-14 19:51:42.562 ParkPosIn,11,170,3.8,0.0,PrkPrgs
2014-11-14 19:51:42.762 ParkPosIn,10,168,3.7,0.0,PrkPrgs
2014-11-14 19:51:43.062 ParkPosIn,10,165,3.8,0.0,PrkPrgs
2014-11-14 19:51:43.362 ParkPosIn,10,162,3.8,0.0,PrkPrgs
2014-11-14 19:51:43.362 ParkPosIn,10,162,3.8,0.0,PrkPrgs
2014-11-14 19:51:46.562 ParkPosIn,10,129,3.8,0.0,PrkPrgs
2014-11-14 19:51:46.862 ParkPosIn,10,126,3.7,0.0,PrkPrgs
2014-11-14 19:51:47.062 ParkPosIn,10,123,3.7,0.0,PrkPrgs
2014-11-14 19:51:47.362 ParkPosIn,10,120,3.8,0.0,PrkPrgs
2014-11-14 19:51:47.562 ParkPosIn,10,119,3.8,0.0,PrkPrgs
2014-11-14 19:51:47.862 ParkPosIn,10,118,3.7,0.0,PrkPrgs
2014-11-14 19:51:48.162 ParkPosIn,10,115,3.7,0.0,PrkPrgs
2014-11-14 19:51:48.362 ParkPosIn,10,112,3.8,0.0,PrkPrgs
2014-11-14 19:51:48.662 ParkPosIn,8,110,3.7,0.0,PrkPrgs
2014-11-14 19:51:48.862 ParkPosIn,8,107,3.8,0.0,PrkPrgs
2014-11-14 19:51:49.162 ParkPosIn,8,104,3.8,0.0,PrkPrgs
2014-11-14 19:51:49.462 ParkPosIn,8,102,3.8,0.0,PrkPrgs
2014-11-14 19:51:49.662 ParkPosIn,11,99,3.8,0.0,PrkPrgs
2014-11-14 19:51:49.962 ParkPosIn,11,96,3.8,0.0,PrkPrgs
2014-11-14 19:51:50.162 ParkPosIn,11,94,3.8,0.0,PrkPrgs
2014-11-14 19:51:50.462 ParkPosIn,11,91,3.8,0.0,PrkPrgs
2014-11-14 19:51:50.762 ParkPosIn,10,88,3.8,0.0,PrkPrgs
2014-11-14 19:51:50.963 ParkPosIn,10,86,3.8,0.0,PrkPrgs
2014-11-14 19:51:51.263 ParkPosIn,10,83,3.8,0.0,PrkPrgs
2014-11-14 19:51:51.463 ParkPosIn,10,80,3.8,0.0,PrkPrgs
2014-11-14 19:51:51.763 ParkPosIn,10,78,3.8,0.0,PrkPrgs
2014-11-14 19:51:52.063 ParkPosIn,10,75,3.8,0.0,PrkPrgs
2014-11-14 19:51:52.263 ParkPosIn,10,72,3.8,0.0,PrkPrgs
2014-11-14 19:51:52.563 ParkPosIn,10,70,3.8,0.0,PrkPrgs
2014-11-14 19:51:52.763 ParkPosIn,11,67,3.7,0.0,PrkPrgs
2014-11-14 19:51:53.063 ParkPosIn,11,64,3.8,0.0,PrkPrgs
2014-11-14 19:51:53.363 ParkPosIn,11,62,3.7,0.0,PrkPrgs
2014-11-14 19:51:53.363 ParkPosIn,11,61,3.7,0.0,PrkPrgs
2014-11-14 19:51:56.563 ParkPosIn,10,28,3.7,0.0,PrkPrgs
2014-11-14 19:51:56.863 ParkPosIn,11,25,3.8,0.0,PrkPrgs
2014-11-14 19:51:57.063 ParkPosIn,11,23,3.8,0.0,PrkPrgs
2014-11-14 19:51:57.363 ParkPosIn,11,20,3.8,0.0,PrkPrgs
2014-11-14 19:51:57.563 ParkPosIn,10,17,3.8,0.0,PrkPrgs
2014-11-14 19:51:57.863 ParkPosIn,10,15,3.8,0.0,PrkPrgs
2014-11-14 19:51:58.163 ParkPosIn,10,12,3.8,0.0,PrkPrgs
2014-11-14 19:51:58.364 ParkPosIn,10,9,3.8,0.0,PrkPrgs
2014-11-14 19:51:58.664 ParkPosIn,11,7,3.8,0.0,PrkPrgs
2014-11-14 19:51:58.864 ParkPosIn,11,4,3.8,0.0,PrkPrgs
2014-11-14 19:51:59.164 ParkPosIn,11,1,3.8,0.0,PrkPrgs
2014-11-14 19:51:59.464 ParkPosIn,11,-1,3.8,0.0,PrkPrgs
2014-11-14 19:51:59.664 ParkPosIn,10,-4,3.7,0.0,PrkPrgs
2014-11-14 19:51:59.964 ParkPosIn,10,-7,3.8,0.0,PrkPrgs
2014-11-14 19:52:00.164 ParkPosIn,10,-1,3.8,0.0,PrkPrgs,Drum-Full
2014-11-14 19:52:00.464 ParkPosIn,10,-3,3.6,0.0,PrkPrgs,Drum-Full
2014-11-14 19:52:00.764 ParkPosIn,1,-5,3.3,0.0,PrkPrgs,Drum-Full
2014-11-14 19:52:00.964 ParkPosOut,1,-7,2.2,0.0,PrkPrgs,Drum-Full
2014-11-14 19:52:01.264 ParkPosOut,1,-8,1.7,0.0,PrkPrgs,Drum-Full
2014-11-14 19:52:01.464 ParkPosOut,1,-8,1.9,0.0,PrkPrgs,Drum-Full
2014-11-14 19:52:01.764 ParkPosOut,4,-8,1.7,0.0,PrkPrgs,Drum-Full
2014-11-14 19:52:02.064 ParkPosOut,4,-8,1.5,0.0,PrkPrgs,Drum-Full
2014-11-14 19:52:02.264 ParkPosOut,4,-8,1.5,0.0,PrkPrgs,Drum-Full
2014-11-14 19:52:02.564 ParkPosOut,4,-7,1.4,0.0,PrkPrgs,Drum-Full
2014-11-14 19:52:02.864 ParkPosOut,1,-6,1.5,0.0,PrkPrgs,Drum-Full
2014-11-14 19:52:03.064 ParkPosOut,1,-5,1.5,0.0,PrkPrgs,Drum-Full
2014-11-14 19:52:03.364 ParkPosOut,1,-3,1.5,0.0,PrkPrgs,Drum-Full
2014-11-14 19:52:06.564 ParkPosOut,19,51,1.9,0.0,PrkPrgs
2014-11-14 19:52:06.864 ParkPosOut,20,57,1.9,0.0,PrkPrgs
2014-11-14 19:52:07.064 ParkPosOut,20,62,1.9,0.0,PrkPrgs
2014-11-14 19:52:07.364 ParkPosOut,20,67,1.8,0.0,PrkPrgs
2014-11-14 19:52:07.564 ParkPosOut,21,73,1.9,0.0,PrkPrgs
2014-11-14 19:52:07.864 ParkPosOut,21,78,1.9,0.0,PrkPrgs
2014-11-14 19:52:08.164 ParkPosOut,21,83,2.0,0.0,PrkPrgs
2014-11-14 19:52:08.364 ParkPosOut,21,88,1.9,0.0,PrkPrgs
2014-11-14 19:52:08.664 ParkPosOut,20,94,1.9,0.0,PrkPrgs
2014-11-14 19:52:08.864 ParkPosOut,20,99,1.9,0.0,PrkPrgs
2014-11-14 19:52:09.164 ParkPosOut,20,104,1.9,0.0,PrkPrgs
2014-11-14 19:52:09.464 ParkPosOut,20,110,1.9,0.0,PrkPrgs
2014-11-14 19:52:09.664 ParkPosOut,21,115,1.9,0.0,PrkPrgs
2014-11-14 19:52:09.964 ParkPosOut,21,120,1.9,0.0,PrkPrgs
2014-11-14 19:52:10.264 ParkPosOut,21,126,1.8,0.0,PrkPrgs
2014-11-14 19:52:10.464 ParkPosOut,21,128,1.9,0.0,PrkPrgs
2014-11-14 19:52:10.764 ParkPosOut,17,133,1.8,0.0,PrkPrgs
2014-11-14 19:52:10.964 ParkPosOut,17,139,1.8,0.0,PrkPrgs
2014-11-14 19:52:11.264 ParkPosOut,17,144,1.8,0.0,PrkPrgs
2014-11-14 19:52:11.564 ParkPosOut,17,149,1.9,0.0,PrkPrgs
2014-11-14 19:52:11.764 ParkPosOut,20,154,1.9,0.0,PrkPrgs
2014-11-14 19:52:12.064 ParkPosOut,20,160,1.9,0.0,PrkPrgs
2014-11-14 19:52:12.264 ParkPosOut,20,165,1.9,0.0,PrkPrgs
2014-11-14 19:52:12.564 ParkPosOut,20,170,1.9,0.0,PrkPrgs
2014-11-14 19:52:12.864 ParkPosOut,21,175,1.9,0.0,PrkPrgs
2014-11-14 19:52:13.064 ParkPosOut,21,181,1.9,0.0,PrkPrgs
2014-11-14 19:52:13.364 ParkPosOut,21,186,1.9,0.0,PrkPrgs
2014-11-14 19:52:16.567 ParkPosOut,20,253,1.9,0.0,PrkPrgs
2014-11-14 19:52:16.867 ParkPosOut,21,258,1.9,0.0,PrkPrgs
2014-11-14 19:52:17.067 ParkPosOut,21,263,1.9,0.0,PrkPrgs
2014-11-14 19:52:17.367 ParkPosOut,21,268,1.9,0.0,PrkPrgs
2014-11-14 19:52:17.667 ParkPosOut,20,274,1.9,0.0,PrkPrgs
2014-11-14 19:52:17.867 ParkPosOut,20,279,1.8,0.0,PrkPrgs
2014-11-14 19:52:18.167 ParkPosOut,20,284,1.8,0.0,PrkPrgs
2014-11-14 19:52:18.367 ParkPosOut,20,287,1.8,0.0,PrkPrgs
2014-11-14 19:52:18.667 ParkPosOut,17,292,1.8,0.0,PrkPrgs
2014-11-14 19:52:18.967 ParkPosOut,17,297,1.8,0.0,PrkPrgs
2014-11-14 19:52:19.167 ParkPosOut,17,303,1.8,0.0,PrkPrgs
2014-11-14 19:52:19.467 ParkPosOut,17,308,1.9,0.0,PrkPrgs
2014-11-14 19:52:19.667 ParkPosOut,21,313,1.9,0.0,PrkPrgs
2014-11-14 19:52:19.967 ParkPosOut,21,318,1.9,0.0,PrkPrgs
2014-11-14 19:52:20.267 ParkPosOut,21,324,1.9,0.0,PrkPrgs
2014-11-14 19:52:20.467 ParkPosOut,21,329,1.9,0.0,PrkPrgs
2014-11-14 19:52:20.767 ParkPosOut,20,334,1.9,0.0,PrkPrgs
2014-11-14 19:52:20.967 ParkPosOut,20,339,1.9,0.0,PrkPrgs
2014-11-14 19:52:21.267 ParkPosOut,20,345,1.9,0.0,PrkPrgs
2014-11-14 19:52:21.567 ParkPosOut,20,350,1.8,0.0,PrkPrgs
2014-11-14 19:52:21.767 ParkPosOut,20,355,1.8,0.0,PrkPrgs
2014-11-14 19:52:22.067 ParkPosOut,20,360,1.9,0.0,PrkPrgs
2014-11-14 19:52:22.267 ParkPosOut,20,366,1.8,0.0,PrkPrgs
2014-11-14 19:52:22.567 ParkPosOut,20,371,1.8,0.0,PrkPrgs
2014-11-14 19:52:22.867 ParkPosOut,21,377,1.8,0.0,PrkPrgs
2014-11-14 19:52:23.067 ParkPosOut,21,382,1.8,0.0,PrkPrgs
2014-11-14 19:52:23.367 ParkPosOut,21,387,1.8,0.0,PrkPrgs
2014-11-14 19:52:26.567 ParkPosOut,21,450,1.8,0.0,PrkPrgs
2014-11-14 19:52:26.867 ParkPosOut,17,456,1.8,0.0,PrkPrgs
2014-11-14 19:52:27.067 ParkPosOut,17,461,1.9,0.0,PrkPrgs
2014-11-14 19:52:27.368 ParkPosOut,17,466,1.9,0.0,PrkPrgs
2014-11-14 19:52:27.668 ParkPosOut,21,471,1.9,0.0,PrkPrgs
2014-11-14 19:52:27.868 ParkPosOut,21,477,1.9,0.0,PrkPrgs
2014-11-14 19:52:28.170 ParkPosOut,21,482,2.0,0.0,PrkPrgs
2014-11-14 19:52:28.370 ParkPosOut,21,487,1.9,0.0,PrkPrgs
2014-11-14 19:52:28.670 ParkPosOut,20,493,1.9,0.0,PrkPrgs
2014-11-14 19:52:28.970 ParkPosOut,20,498,1.9,0.0,PrkPrgs
2014-11-14 19:52:29.170 ParkPosOut,20,503,2.0,0.0,PrkPrgs
2014-11-14 19:52:29.470 ParkPosOut,20,508,1.9,0.0,PrkPrgs
2014-11-14 19:52:29.670 ParkPosOut,20,514,1.9,0.0,PrkPrgs
2014-11-14 19:52:29.970 ParkPosOut,20,519,1.9,0.0,PrkPrgs
2014-11-14 19:52:30.270 ParkPosOut,20,524,1.9,0.0,PrkPrgs
2014-11-14 19:52:30.470 ParkPosOut,20,530,1.8,0.0,PrkPrgs
2014-11-14 19:52:30.770 ParkPosOut,21,535,1.9,0.0,PrkPrgs
2014-11-14 19:52:30.970 ParkPosOut,21,540,1.9,0.0,PrkPrgs
2014-11-14 19:52:31.270 ParkPosOut,21,546,1.9,0.0,PrkPrgs
2014-11-14 19:52:31.570 ParkPosOut,21,551,1.9,0.0,PrkPrgs
2014-11-14 19:52:31.770 ParkPosOut,20,556,2.0,0.0,PrkPrgs
2014-11-14 19:52:32.070 ParkPosOut,20,562,2.0,0.0,PrkPrgs
2014-11-14 19:52:32.270 ParkPosOut,20,567,2.0,0.0,PrkPrgs
2014-11-14 19:52:32.570 ParkPosOut,20,572,2.0,0.0,PrkPrgs
2014-11-14 19:52:32.870 ParkPosOut,21,578,2.0,0.0,PrkPrgs
2014-11-14 19:52:33.070 ParkPosOut,21,583,2.0,0.0,PrkPrgs
2014-11-14 19:52:33.371 ParkPosOut,21,588,2.0,0.0,PrkPrgs
2014-11-14 19:52:36.571 ParkPosOut,19,646,1.7,0.0,PrkPrgs
2014-11-14 19:52:36.871 ParkPosOut,16,650,1.6,0.0,PrkPrgs
2014-11-14 19:52:37.071 ParkPosOut,16,653,1.6,0.0,PrkPrgs
2014-11-14 19:52:37.371 ParkPosOut,16,657,1.6,0.0,PrkPrgs
2014-11-14 19:52:37.671 ParkPosOut,13,660,1.5,0.0,PrkPrgs
2014-11-14 19:52:37.872 ParkPosOut,13,663,1.5,0.0,PrkPrgs
2014-11-14 19:52:38.172 ParkPosOut,13,665,1.5,0.0,PrkPrgs
2014-11-14 19:52:38.372 ParkPosOut,13,668,1.5,0.0,PrkPrgs
2014-11-14 19:52:38.672 ParkPosOut,11,670,1.5,0.0,PrkPrgs
2014-11-14 19:52:38.972 ParkPosOut,11,673,1.5,0.0,PrkPrgs
2014-11-14 19:52:39.172 ParkPosOut,11,675,1.5,0.0,PrkPrgs
2014-11-14 19:52:39.472 ParkPosOut,11,677,1.4,0.0,PrkPrgs
2014-11-14 19:52:39.672 ParkPosOut,8,679,1.4,0.0,PrkPrgs
2014-11-14 19:52:39.972 ParkPosOut,8,681,1.5,0.0,PrkPrgs
2014-11-14 19:52:40.272 ParkPosOut,8,683,1.4,0.0,PrkPrgs
2014-11-14 19:52:40.472 ParkPosOut,8,684,1.4,0.0,PrkPrgs
2014-11-14 19:52:40.772 ParkPosOut,7,686,1.4,0.0,PrkPrgs
2014-11-14 19:52:40.972 ParkPosOut,7,687,1.5,0.0,PrkPrgs
2014-11-14 19:52:41.272 ParkPosOut,7,689,1.5,0.0,PrkPrgs
2014-11-14 19:52:41.572 ParkPosOut,7,690,1.4,0.0,PrkPrgs
2014-11-14 19:52:41.772 ParkPosOut,5,691,1.5,0.0,PrkPrgs
2014-11-14 19:52:42.072 ParkPosOut,5,693,1.5,0.0,PrkPrgs
2014-11-14 19:52:42.272 ParkPosOut,5,694,1.4,0.0,PrkPrgs
2014-11-14 19:52:42.572 ParkPosOut,5,695,1.5,0.0,PrkPrgs
2014-11-14 19:52:42.872 ParkPosOut,5,696,1.5,0.0,PrkPrgs
2014-11-14 19:52:43.072 ParkPosOut,5,697,1.4,0.0,PrkPrgs
2014-11-14 19:52:43.372 ParkPosOut,5,698,1.4,0.0,PrkPrgs
2014-11-14 19:52:46.572 ParkPosOut,4,712,1.5,0.0,PrkPrgs
2014-11-14 19:52:46.872 ParkPosOut,5,713,1.5,0.0,PrkPrgs
2014-11-14 19:52:47.072 Parked,5,714,1.4,0.0,PrkPrgs
2014-11-14 19:52:47.372 Parked,5,715,1.4,0.0,PrkPrgs
2014-11-14 19:52:47.672 Parked,3,715,1.5,0.0,PrkPrgs
2014-11-14 19:52:47.872 Parked,3,716,1.4,0.0,PrkPrgs
2014-11-14 19:52:48.172 Parked,3,716,1.4,0.0,PrkPrgs
2014-11-14 19:52:48.372 Parked,3,716,1.4,0.0,PrkPrgs
2014-11-14 19:52:48.672 Parked,1,716,1.4,0.0,PrkPrgs
2014-11-14 19:52:48.972 Parked,1,716,1.4,0.0,PrkPrgs
2014-11-14 19:52:49.172 Parked,1,716,1.4,0.0,PrkPrgs
2014-11-14 19:52:49.472 Parked,1,716,1.4,0.0,PrkPrgs
2014-11-14 19:52:49.672 Parked,0,716,1.4,0.0,PrkPrgs
2014-11-14 19:52:49.972 Parked,0,716,0.8,0.0,PrkPrgs,Brake-On
2014-11-14 19:52:50.272 Parked,0,716,2.0,0.0,PrkPrgs,Brake-On
2014-11-14 19:52:50.472 Parked,0,716,2.1,0.0,PrkPrgs,Brake-On
2014-11-14 19:52:50.774 Parked,0,716,2.0,0.0,PrkPrgs,Brake-On
2014-11-14 19:52:50.974 Idle,0,716,2.0,0.0,PrkPrgs,Brake-On
