2014/08/05 00:00:33.805 1015.15  21.753  374.8   20.01  22.308  0.0000    2.7    0.05   -0.50  0.0000 12.50
2014/08/05 00:01:38.129 1015.15  21.768  374.9   20.01  22.256  0.0000    2.5   -0.05    0.02  0.0000 12.50
2014/08/05 00:02:43.365 1015.15  21.746  375.4   20.01  22.255  0.0000    2.3   -0.17    0.29  0.0000 12.50
2014/08/05 00:03:48.352 1015.15  21.753  374.4   20.01  22.264  0.0000    2.3    0.11   -0.09  0.0000 12.50
2014/08/05 00:04:23.941 1015.15  21.738  374.2   20.01  22.219  0.0000    1.9   -0.01    0.23  0.0000 12.50
2014/08/05 00:05:28.221 1015.15  21.730  374.4   20.01  22.218  0.0000    1.8   -0.34    0.22  0.0000 12.50
2014/08/05 00:06:37.726 1015.08  21.730  374.5   20.01  22.215  0.0000    1.6    0.00    0.26  0.0000 12.50
2014/08/05 00:07:42.433 1015.08  21.730  373.4   20.01  22.179  0.0000    1.4    0.30   -0.01  0.0000 12.50
2014/08/05 00:08:47.410 1015.08  21.730  373.7   20.01  22.182  0.0000    1.0   -0.02   -0.07  0.0000 12.50
2014/08/05 00:09:51.647 1015.08  21.723  374.1   20.01  22.142  0.0000    0.8    0.19   -0.18  0.0000 12.50
2014/08/05 00:10:23.920 1015.08  21.715  374.1   20.01  22.136  0.0000    0.8   -0.12   -0.02  0.0000 12.50
2014/08/05 00:11:28.596 1015.15  21.715  373.3   20.00  22.126  0.0000    0.9    0.38    0.06  0.0000 12.50
2014/08/05 00:12:33.258 1015.08  21.715  371.7   20.01  22.142  0.0000    0.9    0.21   -0.31  0.0000 12.50
2014/08/05 00:13:38.792 1015.08  91.036  374.4   20.01  22.132  0.0000    0.8   -0.11   -0.32  0.0000 12.50
2014/08/05 00:14:43.556 1015.08  91.089  374.2   20.01  22.098  0.0000    0.8    0.45   -0.33  0.0000 12.50
2014/08/05 00:15:47.894 1015.15  91.081  373.8   20.01  22.061  0.0000    0.8   -0.11   -0.01  0.0000 12.50
2014/08/05 00:16:52.589 1015.15  91.104  373.3   20.02  22.032  0.0000    0.6   -0.11    0.10  0.0000 12.50
2014/08/05 00:17:24.703 1015.15  91.165  373.7   20.01  22.058  0.0000    0.8   -0.02   -0.40  0.0000 12.50
2014/08/05 00:18:29.556 1015.15  91.127  373.7   20.01  22.048  0.0000    0.9   -0.04   -0.28  0.0000 12.50
2014/08/05 00:19:33.955 1015.15  90.876  21.746  20.01  22.071  0.0000    0.9    0.11   -0.50  0.0000 12.50
2014/08/05 00:20:38.362 1015.15  90.838  21.753  20.01  22.049  0.0000    0.8    0.20   -0.41  0.0000 12.50
2014/08/05 00:21:42.710 1015.15  90.937  21.761  20.01  22.017  0.0000    0.8   -0.05   -0.04  0.0000 12.50
2014/08/05 00:22:47.496 1015.15  90.906  21.746  20.02  22.051  0.0000    0.8   -0.37    0.23  0.0000 12.50
2014/08/05 00:23:50.733 1015.22  90.959  21.761  20.01  22.036  0.0000    0.8    0.06    0.11  0.0000 12.50
2014/08/05 00:24:23.871 1015.22  91.005  21.768  374.7   22.002  0.0000    0.9    0.06   -0.42  0.0000 12.50
2014/08/05 00:25:28.405 1015.22  90.876  21.768  374.2   22.008  0.0000    0.9    0.02    0.37  0.0000 12.50
2014/08/05 00:26:32.727 1015.29  91.020  21.753  374.2   22.006  0.0000    1.0    0.03    0.38  0.0000 12.50
2014/08/05 00:27:37.236 1015.29  90.929  21.761  375.1   20.02  0.0000    1.0   -0.04   -0.06  0.0000 12.50
2014/08/05 00:28:41.472 1015.29  90.998  21.730  373.7   20.02  0.0000    1.0    0.16   -0.20  0.0000 12.50
2014/08/05 00:29:45.948 1015.29  91.036  21.746  374.2   20.02  21.954  1.1    0.28   -0.45  0.0000 12.50
2014/08/05 00:30:50.478 1015.29  91.219  21.730  374.4   20.02  21.897  1.1    0.02   -0.07  0.0000 12.50
2014/08/05 00:31:23.850 1015.29  91.036  21.738  374.4   20.02  21.904  0.0000     0.09   -0.41  0.0000 12.50
2014/08/05 00:32:28.796 1015.29  91.135  21.715  374.3   20.02  21.909  0.0000    -0.04    0.33  0.0000 12.50
2014/08/05 00:33:35.362 1015.29  91.028  21.730  373.7   20.02  21.926  0.0000    1.0   -0.02  0.0000 12.50
2014/08/05 00:34:39.589 1015.36  91.181  21.723  374.8   20.02  21.908  0.0000    1.0    0.03    0.0000 12.50
2014/08/05 00:35:44.444 1015.36  91.158  21.730  374.5   20.02  21.886  0.0000    1.2   -0.34    0.12 12.50
2014/08/05 00:36:48.821 1015.36  91.081  21.730  374.8   20.02  21.903  0.0000    1.2   -0.01   -0.34  0.0000
2014/08/05 22:02:28.081 [metbk2:DLOGP6]:Instrument Stopped [Quit/Power Off]
2014/08/05 22:10:32.721 [metbk2:DLOGP6]:Logger started: Idle state, without initialize
2014/08/05 22:10:54.353 [metbk2:DLOGP6]:Instrument sampling - Data logger entering data acquisition state
2014/08/05 22:10:58.381 [metbk2:DLOGP6]:UNINITIALIZED
2014/08/05 22:17:58.328A 1011.91  80.637  24.161  379.0   19.87  24.810  0.0000   31.8    0.31    0.25  0.0000 12.50
2014/08/05 22:19:02.653 1011.98B  80.561  24.161  378.3   19.86  24.796 -0.0000   31.6    0.23    0.43 -0.0000 12.50
2014/08/05 22:20:06.948 1011.91  C80.637  24.154  379.9   19.87  24.747  0.0000   31.3    0.42    0.46  0.0000 12.50
2014/08/05 22:21:11.395 1011.91  80.143  D24.146  379.0   19.87  24.586  0.0000   31.2    0.34    0.66  0.0000 12.50
2014/08/05 22:22:15.623 1011.91  80.842  24.116  378.4E   19.87  24.654  0.0000   30.9    0.21    0.44  0.0000 12.50
2014/08/05 22:22:49.436 1011.91  80.888  24.094  378.4   19.88F  24.578 -0.0000   30.7    0.41    0.71 -0.0000 12.50
2014/08/05 22:23:53.671 1011.91  80.568  24.063  378.0   19.87  24.482G -0.0000   30.3    0.31    0.55 -0.0000 12.50
2014/08/05 22:24:57.908 1011.98  80.591  24.010  378.9   19.86  24.454  0.0000H   30.3    0.63    0.93  0.0000 12.50
2014/08/05 22:26:03.084 1011.98  81.214  24.003  378.0   19.87  24.517  0.0000   29.9I    0.29    0.42  0.0000 12.50
2014/08/05 22:27:07.351 1011.98  80.690  23.973  377.4   19.87  24.532 -0.0000   29.9    0.62J    1.01 -0.0000 12.50
2014/08/05 22:28:11.928 1011.98  80.606  23.995  378.0   19.87  24.568 -0.0000   29.7    0.28    0.15 -0.0000 12.50
2014/08/05 22:29:16.424 1011.98  80.348  24.010  378.2   19.87  24.617 -0.0000   29.4    0.17    0.31 -0.0000 12.50
2014/08/05 22:29:49.412 1011.98  80.241  24.010  378.5   19.87  24.609  0.0000   29.1    0.13    0.25  0.0000 12.50
2014/08/05 22:30:53.664 1011.98  79.702  24.041  378.0   19.88  24.641  0.0000   28.9    0.12    0.54  0.0000 12.50
2014/08/05 22:31:57.901 1011.98  80.112  24.033  378.0   19.87  24.613  0.0000   28.8   -0.07    0.08  0.0000 12.50
2014/08/05 22:33:02.508 1011.98  80.583  24.041  377.5   19.87  24.620  0.0000   28.5    0.19    0.19  0.0000 12.50
2014/08/05 22:34:07.262 1011.98  80.226  24.048  377.5   19.87  24.489  0.0000   28.2    0.37    0.31  0.0000 12.50
2014/08/05 22:35:12.371 1011.98  80.143  24.026  377.5   19.87  24.435  0.0000   27.9    0.28    0.41  0.0000 12.50
2014/08/05 22:36:16.728 1011.98  80.614  23.995  377.5   19.87  24.501  0.0000   27.9    0.09    0.15  0.0000 12.50
