2014/09/04 00:00:13.883 [hyd1:DLOGP3]:Instrument Started [Power On]
2014/09/04 00:00:15.882 [hyd1:DLOGP3]:
2014/09/04 00:01:35.892 *-00000.12 -0.120000 %
2014/09/04 00:01:47.900 *-00000.13 -0.130000 %
2014/09/04 00:01:59.907 *-00000.16 -0.160000 %
2014/09/04 00:02:11.914 *-00000.14 -0.140000 %
2014/09/04 00:02:23.923 *-00000.14 -0.140000 %
2014/09/04 00:02:35.930 *-00000.13 -0.130000 %
2014/09/04 00:02:47.947 *-00000.17 -0.170000 %
2014/09/04 00:02:59.955 *-00000.15 -0.150000 %
2014/09/04 00:03:11.972 *-00000.16 -0.160000 %
2014/09/04 00:03:23.980 *-00000.16 -0.160000 %
2014/09/04 00:03:35.987 *-00000.17 -0.170000 %
2014/09/04 00:03:48.014 *-00000.17 -0.170000 %
2014/09/04 00:03:58.024 *-00000.20 -0.200000 %
2014/09/04 00:04:10.030 *-00000.19 -0.190000 %
2014/09/04 00:04:22.037 *-00000.19 -0.190000 %
2014/09/04 00:04:34.055 *-00000.18 -0.180000 %
2014/09/04 00:04:46.063 *-00000.17 -0.170000 %
2014/09/04 00:04:58.070 *-00000.17 -0.170000 %
2014/09/04 00:05:02.065 [hyd1:DLOGP3]:Instrument Stopped [Power Off]
2014/09/04 01:00:12.359 [hyd1:DLOGP3]:Instrument Started [Power On]
2014/09/04 01:00:14.358 [hyd1:DLOGP3]:
2014/09/04 01:01:34.430 *-00000.12 -0.120000 %
2014/09/04 01:01:46.436 *-00000.14 -0.140000 %
2014/09/04 01:01:58.487 *-00000.13 -0.130000 %
2014/09/04 01:02:10.501 *-00000.14 -0.140000 %
2014/09/04 01:02:22.532 *-00000.13 -0.130000 %
2014/09/04 01:02:34.546 *-00000.13 -0.130000 %
2014/09/04 01:02:46.554 *-00000.15 -0.150000 %
2014/09/04 01:02:58.574 *-00000.16 -0.160000 %
2014/09/04 01:03:10.590 *-00000.15 -0.150000 %
2014/09/04 01:03:22.606 *-00000.14 -0.140000 %
2014/09/04 01:03:34.623 *-00000.18 -0.180000 %
2014/09/04 01:03:46.631 *-00000.16 -0.160000 %
2014/09/04 01:03:58.639 *-00000.17 -0.170000 %
2014/09/04 01:04:10.656 *-00000.18 -0.180000 %
2014/09/04 01:04:22.674 *-00000.18 -0.180000 %
2014/09/04 01:04:34.681 *-00000.19 -0.190000 %
2014/09/04 01:04:46.727 *-00000.16 -0.160000 %
2014/09/04 01:04:58.749 *-00000.17 -0.170000 %
2014/09/04 01:05:00.750 [hyd1:DLOGP3]:Instrument Stopped [Power Off]
2014/09/04 02:00:11.995 [hyd1:DLOGP3]:Instrument Started [Power On]
2014/09/04 02:00:14.004 [hyd1:DLOGP3]:
2014/09/04 02:01:32.106 *-00000.13 -0.130000 %
2014/09/04 02:01:44.112 *-00000.10 -0.100000 %
2014/09/04 02:01:56.130 *-00000.12 -0.120000 %
2014/09/04 02:02:08.147 *-00000.14 -0.140000 %
2014/09/04 02:02:20.155 *-00000.13 -0.130000 %
2014/09/04 02:02:32.162 *-00000.12 -0.120000 %
2014/09/04 02:02:44.170 *-00000.14 -0.140000 %
2014/09/04 02:02:56.177 *-00000.14 -0.140000 %
2014/09/04 02:03:08.185 *-00000.13 -0.130000 %
2014/09/04 02:03:20.212 *-00000.13 -0.130000 %
2014/09/04 02:03:32.220 *-00000.15 -0.150000 %
2014/09/04 02:03:44.228 *-00000.15 -0.150000 %
2014/09/04 02:03:56.235 *-00000.14 -0.140000 %
2014/09/04 02:04:08.243 *-00000.14 -0.140000 %
2014/09/04 02:04:20.250 *-00000.19 -0.190000 %
2014/09/04 02:04:32.257 *-00000.17 -0.170000 %
2014/09/04 02:04:44.264 *-00000.17 -0.170000 %
2014/09/04 02:04:56.272 *-00000.16 -0.160000 %
2014/09/04 02:05:02.266 [hyd1:DLOGP3]:Instrument Stopped [Power Off]
2014/09/04 03:00:11.301 [hyd1:DLOGP3]:Instrument Started [Power On]
2014/09/04 03:00:13.300 [hyd1:DLOGP3]:
2014/09/04 03:01:33.322 *-00000.13 -0.130000 %
2014/09/04 03:01:45.338 *-00000.11 -0.110000 %
2014/09/04 03:01:57.347 *-00000.12 -0.120000 %
2014/09/04 03:02:09.353 *-00000.12 -0.120000 %
2014/09/04 03:02:21.360 *-00000.12 -0.120000 %
2014/09/04 03:02:33.378 *-00000.11 -0.110000 %
2014/09/04 03:02:45.385 *-00000.11 -0.110000 %
2014/09/04 03:02:57.393 *-00000.14 -0.140000 %
2014/09/04 03:03:09.401 *-00000.14 -0.140000 %
2014/09/04 03:03:21.407 *-00000.13 -0.130000 %
2014/09/04 03:03:33.425 *-00000.13 -0.130000 %
2014/09/04 03:03:45.446 *-00000.13 -0.130000 %
2014/09/04 03:03:57.460 *-00000.16 -0.160000 %
2014/09/04 03:04:09.468 *-00000.17 -0.170000 %
2014/09/04 03:04:21.475 *-00000.17 -0.170000 %
2014/09/04 03:04:33.482 *-00000.20 -0.200000 %
2014/09/04 03:04:45.491 *-00000.18 -0.180000 %
2014/09/04 03:04:57.497 *-00000.17 -0.170000 %
2014/09/04 03:05:01.491 [hyd1:DLOGP3]:Instrument Stopped [Power Off]
2014/09/04 04:00:13.047 [hyd1:DLOGP3]:Instrument Started [Power On]
2014/09/04 04:00:15.045 [hyd1:DLOGP3]:
2014/09/04 04:01:35.096 *-00000.11 -0.110000 %
2014/09/04 04:01:47.113 *-00000.11 -0.110000 %
2014/09/04 04:01:59.121 *-00000.10 -0.100000 %
2014/09/04 04:02:11.129 *-00000.11 -0.110000 %
2014/09/04 04:02:23.139 *-00000.10 -0.100000 %
2014/09/04 04:02:35.154 *-00000.12 -0.120000 %
2014/09/04 04:02:47.161 *-00000.11 -0.110000 %
2014/09/04 04:02:59.169 *-00000.14 -0.140000 %
2014/09/04 04:03:11.185 *-00000.15 -0.150000 %
2014/09/04 04:03:23.195 *-00000.12 -0.120000 %
2014/09/04 04:03:35.212 *-00000.14 -0.140000 %
2014/09/04 04:03:47.218 *-00000.16 -0.160000 %
2014/09/04 04:03:59.231 *-00000.15 -0.150000 %
2014/09/04 04:04:11.244 *-00000.16 -0.160000 %
2014/09/04 04:04:23.261 *-00000.17 -0.170000 %
2014/09/04 04:04:35.268 *-00000.17 -0.170000 %
2014/09/04 04:04:47.276 *-00000.18 -0.180000 %
2014/09/04 04:04:59.306 *-00000.18 -0.180000 %
2014/09/04 04:05:01.308 [hyd1:DLOGP3]:Instrument Stopped [Power Off]
2014/09/04 05:00:12.452 [hyd1:DLOGP3]:Instrument Started [Power On]
2014/09/04 05:00:14.451 [hyd1:DLOGP3]:
2014/09/04 05:01:34.463 *-00000.10 -0.100000 %
2014/09/04 05:01:46.479 *-00000.11 -0.110000 %
2014/09/04 05:01:58.486 *-00000.12 -0.120000 %
2014/09/04 05:02:10.494 *-00000.11 -0.110000 %
2014/09/04 05:02:22.501 *-00000.10 -0.100000 %
2014/09/04 05:02:34.509 *-00000.11 -0.110000 %
2014/09/04 05:02:46.526 *-00000.13 -0.130000 %
2014/09/04 05:02:58.547 *-00000.13 -0.130000 %
2014/09/04 05:03:10.563 *-00000.11 -0.110000 %
2014/09/04 05:03:22.592 *-00000.13 -0.130000 %
2014/09/04 05:03:34.607 *-00000.13 -0.130000 %
2014/09/04 05:03:46.614 *-00000.11 -0.110000 %
2014/09/04 05:03:58.626 *-00000.14 -0.140000 %
2014/09/04 05:04:10.639 *-00000.12 -0.120000 %
2014/09/04 05:04:22.656 *-00000.14 -0.140000 %
2014/09/04 05:04:34.677 *-00000.15 -0.150000 %
2014/09/04 05:04:46.693 *-00000.14 -0.140000 %
2014/09/04 05:04:58.709 *-00000.16 -0.160000 %
2014/09/04 05:05:00.703 [hyd1:DLOGP3]:Instrument Stopped [Power Off]
2014/09/04 06:00:12.199 [hyd1:DLOGP3]:Instrument Started [Power On]
2014/09/04 06:00:14.196 [hyd1:DLOGP3]:
2014/09/04 06:01:34.217 *-00000.10 -0.100000 %
2014/09/04 06:01:46.224 *-00000.11 -0.110000 %
2014/09/04 06:01:58.231 *-00000.11 -0.110000 %
2014/09/04 06:02:10.239 *-00000.11 -0.110000 %
2014/09/04 06:02:22.268 *-00000.12 -0.120000 %
2014/09/04 06:02:34.284 *-00000.11 -0.110000 %
2014/09/04 06:02:46.292 *-00000.12 -0.120000 %
2014/09/04 06:02:58.299 *-00000.11 -0.110000 %
2014/09/04 06:03:10.306 *-00000.12 -0.120000 %
2014/09/04 06:03:22.314 *-00000.12 -0.120000 %
2014/09/04 06:03:34.335 *-00000.10 -0.100000 %
2014/09/04 06:03:46.349 *-00000.11 -0.110000 %
2014/09/04 06:03:58.358 *-00000.13 -0.130000 %
2014/09/04 06:04:10.374 *-00000.12 -0.120000 %
2014/09/04 06:04:22.381 *-00000.12 -0.120000 %
2014/09/04 06:04:34.400 *-00000.11 -0.110000 %
2014/09/04 06:04:46.407 *-00000.13 -0.130000 %
2014/09/04 06:04:58.414 *-00000.12 -0.120000 %
2014/09/04 06:05:02.408 [hyd1:DLOGP3]:Instrument Stopped [Power Off]
2014/09/04 07:00:13.072 [hyd1:DLOGP3]:Instrument Started [Power On]
2014/09/04 07:00:15.071 [hyd1:DLOGP3]:
2014/09/04 07:01:35.111 *-00000.09 -0.090000 %
2014/09/04 07:01:47.119 *-00000.09 -0.090000 %
2014/09/04 07:01:59.127 *-00000.09 -0.090000 %
2014/09/04 07:02:11.144 *-00000.10 -0.100000 %
2014/09/04 07:02:23.152 *-00000.13 -0.130000 %
2014/09/04 07:02:35.159 *-00000.11 -0.110000 %
2014/09/04 07:02:47.166 *-00000.11 -0.110000 %
2014/09/04 07:02:59.174 *-00000.11 -0.110000 %
2014/09/04 07:03:11.181 *-00000.11 -0.110000 %
2014/09/04 07:03:23.240 *-00000.12 -0.120000 %
2014/09/04 07:03:35.246 *-00000.11 -0.110000 %
2014/09/04 07:03:47.264 *-00000.11 -0.110000 %
2014/09/04 07:03:59.281 *-00000.13 -0.130000 %
2014/09/04 07:04:11.289 *-00000.12 -0.120000 %
2014/09/04 07:04:23.296 *-00000.11 -0.110000 %
2014/09/04 07:04:35.303 *-00000.13 -0.130000 %
2014/09/04 07:04:47.314 *-00000.13 -0.130000 %
2014/09/04 07:04:59.329 *-00000.12 -0.120000 %
2014/09/04 07:05:03.322 [hyd1:DLOGP3]:Instrument Stopped [Power Off]
2014/09/04 08:00:12.877 [hyd1:DLOGP3]:Instrument Started [Power On]
2014/09/04 08:00:14.876 [hyd1:DLOGP3]:
2014/09/04 08:01:34.876 *-00000.09 -0.090000 %
2014/09/04 08:01:46.894 *-00000.09 -0.090000 %
2014/09/04 08:01:58.901 *-00000.10 -0.100000 %
2014/09/04 08:02:10.909 *-00000.10 -0.100000 %
2014/09/04 08:02:22.917 *-00000.10 -0.100000 %
2014/09/04 08:02:34.933 *-00000.11 -0.110000 %
2014/09/04 08:02:46.941 *-00000.09 -0.090000 %
2014/09/04 08:02:58.949 *-00000.10 -0.100000 %
2014/09/04 08:03:10.956 *-00000.11 -0.110000 %
2014/09/04 08:03:22.964 *-00000.11 -0.110000 %
2014/09/04 08:03:34.981 *-00000.11 -0.110000 %
2014/09/04 08:03:46.988 *-00000.10 -0.100000 %
2014/09/04 08:03:58.997 *-00000.11 -0.110000 %
2014/09/04 08:04:09.034 *-00000.12 -0.120000 %
2014/09/04 08:04:21.042 *-00000.12 -0.120000 %
2014/09/04 08:04:33.049 *-00000.11 -0.110000 %
2014/09/04 08:04:45.056 *-00000.12 -0.120000 %
2014/09/04 08:04:57.064 *-00000.12 -0.120000 %
2014/09/04 08:05:01.058 [hyd1:DLOGP3]:Instrument Stopped [Power Off]
2014/09/04 09:00:12.032 [hyd1:DLOGP3]:Instrument Started [Power On]
2014/09/04 09:00:14.031 [hyd1:DLOGP3]:
2014/09/04 09:01:34.061 *-00000.09 -0.090000 %
2014/09/04 09:01:46.079 *-00000.10 -0.100000 %
2014/09/04 09:01:58.098 *-00000.10 -0.100000 %
2014/09/04 09:02:10.104 *-00000.10 -0.100000 %
2014/09/04 09:02:22.111 *-00000.10 -0.100000 %
2014/09/04 09:02:34.128 *-00000.10 -0.100000 %
2014/09/04 09:02:46.136 *-00000.10 -0.100000 %
2014/09/04 09:02:58.143 *-00000.09 -0.090000 %
2014/09/04 09:03:10.151 *-00000.11 -0.110000 %
2014/09/04 09:03:22.203 *-00000.11 -0.110000 %
2014/09/04 09:03:34.216 *-00000.11 -0.110000 %
2014/09/04 09:03:46.233 *-00000.12 -0.120000 %
2014/09/04 09:03:58.241 *-00000.10 -0.100000 %
2014/09/04 09:04:10.248 *-00000.12 -0.120000 %
2014/09/04 09:04:22.259 *-00000.12 -0.120000 %
2014/09/04 09:04:34.273 *-00000.12 -0.120000 %
2014/09/04 09:04:46.294 *-00000.11 -0.110000 %
2014/09/04 09:04:58.318 *-00000.12 -0.120000 %
2014/09/04 09:05:02.312 [hyd1:DLOGP3]:Instrument Stopped [Power Off]
2014/09/04 10:00:12.250 [hyd1:DLOGP3]:Instrument Started [Power On]
2014/09/04 10:00:14.246 [hyd1:DLOGP3]:€
2014/09/04 10:01:34.307 *-00000.11 -0.110000 %
2014/09/04 10:01:46.339 *-00000.10 -0.100000 %
2014/09/04 10:01:58.374 *-00000.09 -0.090000 %
2014/09/04 10:02:10.398 *-00000.10 -0.100000 %
2014/09/04 10:02:22.408 *-00000.10 -0.100000 %
2014/09/04 10:02:34.436 *-00000.11 -0.110000 %
2014/09/04 10:02:46.484 *-00000.10 -0.100000 %
2014/09/04 10:02:58.518 *-00000.10 -0.100000 %
2014/09/04 10:03:10.536 *-00000.11 -0.110000 %
2014/09/04 10:03:22.544 *-00000.11 -0.110000 %
2014/09/04 10:03:34.551 *-00000.12 -0.120000 %
2014/09/04 10:03:46.559 *-00000.10 -0.100000 %
2014/09/04 10:03:58.577 *-00000.11 -0.110000 %
2014/09/04 10:04:10.603 *-00000.11 -0.110000 %
2014/09/04 10:04:22.611 *-00000.11 -0.110000 %
2014/09/04 10:04:34.629 *-00000.12 -0.120000 %
2014/09/04 10:04:46.656 *-00000.11 -0.110000 %
2014/09/04 10:04:58.674 *-00000.12 -0.120000 %
2014/09/04 10:05:00.668 [hyd1:DLOGP3]:Instrument Stopped [Power Off]
2014/09/04 10:10:49.204 [hyd1:DLOGP3]:
2014/09/04 10:21:16.304 [hyd1:DLOGP3]:Logger started: Idle state, without initialize
2014/09/04 10:21:25.073 [hyd1:DLOGP3]:
2014/09/04 11:00:13.341 [hyd1:DLOGP3]:Instrument Started [Power On]
2014/09/04 11:01:35.361 *-00000.10 -0.100000 %
2014/09/04 11:01:47.368 *-00000.11 -0.110000 %
2014/09/04 11:01:59.375 *-00000.10 -0.100000 %
2014/09/04 11:02:11.383 *-00000.12 -0.120000 %
2014/09/04 11:02:23.392 *-00000.12 -0.120000 %
2014/09/04 11:02:35.408 *-00000.11 -0.110000 %
2014/09/04 11:02:47.415 *-00000.10 -0.100000 %
2014/09/04 11:02:59.423 *-00000.13 -0.130000 %
2014/09/04 11:03:11.430 *-00000.14 -0.140000 %
2014/09/04 11:03:23.438 *-00000.14 -0.140000 %
2014/09/04 11:03:35.445 *-00000.13 -0.130000 %
2014/09/04 11:03:47.453 *-00000.12 -0.120000 %
2014/09/04 11:03:59.461 *-00000.15 -0.150000 %
2014/09/04 11:04:11.468 *-00000.14 -0.140000 %
2014/09/04 11:04:23.485 *-00000.15 -0.150000 %
2014/09/04 11:04:35.514 *-00000.16 -0.160000 %
2014/09/04 11:04:47.532 *-00000.18 -0.180000 %
2014/09/04 11:04:59.548 *-00000.15 -0.150000 %
2014/09/04 11:05:01.551 [hyd1:DLOGP3]:Instrument Stopped [Power Off]
2014/09/04 12:00:12.268 [hyd1:DLOGP3]:Instrument Started [Power On]
2014/09/04 12:00:14.266 [hyd1:DLOGP3]:
2014/09/04 12:01:34.328 *-00000.13 -0.130000 %
2014/09/04 12:01:46.335 *-00000.14 -0.140000 %
2014/09/04 12:01:58.342 *-00000.15 -0.150000 %
2014/09/04 12:02:10.359 *-00000.15 -0.150000 %
2014/09/04 12:02:22.380 *-00000.15 -0.150000 %
2014/09/04 12:02:34.394 *-00000.16 -0.160000 %
2014/09/04 12:02:46.403 *-00000.12 -0.120000 %
2014/09/04 12:02:58.409 *-00000.16 -0.160000 %
2014/09/04 12:03:10.418 *-00000.18 -0.180000 %
2014/09/04 12:03:22.434 *-00000.18 -0.180000 %
2014/09/04 12:03:34.442 *-00000.17 -0.170000 %
2014/09/04 12:03:46.449 *-00000.16 -0.160000 %
2014/09/04 12:03:58.467 *-00000.17 -0.170000 %
2014/09/04 12:04:10.474 *-00000.18 -0.180000 %
2014/09/04 12:04:22.482 *-00000.16 -0.160000 %
2014/09/04 12:04:34.489 *-00000.17 -0.170000 %
2014/09/04 12:04:46.498 *-00000.19 -0.190000 %
2014/09/04 12:04:58.514 *-00000.16 -0.160000 %
2014/09/04 12:05:02.508 [hyd1:DLOGP3]:Instrument Stopped [Power Off]
2014/09/04 13:00:14.174 [hyd1:DLOGP3]:Instrument Started [Power On]
2014/09/04 13:01:36.173 *-00000.16 -0.160000 %
2014/09/04 13:01:48.191 *-00000.16 -0.160000 %
2014/09/04 13:02:00.199 *-00000.16 -0.160000 %
2014/09/04 13:02:12.206 *-00000.16 -0.160000 %
2014/09/04 13:02:24.215 *-00000.18 -0.180000 %
2014/09/04 13:02:36.221 *-00000.15 -0.150000 %
2014/09/04 13:02:48.228 *-00000.17 -0.170000 %
2014/09/04 13:03:00.236 *-00000.17 -0.170000 %
2014/09/04 13:03:12.243 *-00000.17 -0.170000 %
2014/09/04 13:03:24.251 *-00000.16 -0.160000 %
2014/09/04 13:03:36.269 *-00000.16 -0.160000 %
2014/09/04 13:03:48.276 *-00000.16 -0.160000 %
2014/09/04 13:04:00.284 *-00000.14 -0.140000 %
2014/09/04 13:04:12.291 *-00000.16 -0.160000 %
2014/09/04 13:04:24.298 *-00000.15 -0.150000 %
2014/09/04 13:04:36.306 *-00000.16 -0.160000 %
2014/09/04 13:04:48.313 *-00000.15 -0.150000 %
2014/09/04 13:05:00.321 *-00000.16 -0.160000 %
2014/09/04 13:05:02.314 [hyd1:DLOGP3]:Instrument Stopped [Power Off]
2014/09/04 14:00:13.334 [hyd1:DLOGP3]:Instrument Started [Power On]
2014/09/04 14:01:35.383 *+00002.00 2.000000 %
2014/09/04 14:01:47.409 *+00001.99 1.990000 %
2014/09/04 14:01:59.427 *+00001.99 1.990000 %
2014/09/04 14:02:11.452 *+00001.99 1.990000 %
2014/09/04 14:02:23.471 *+00001.98 1.980000 %
2014/09/04 14:02:35.489 *+00001.98 1.980000 %
2014/09/04 14:02:47.506 *+00002.00 2.000000 %
2014/09/04 14:02:59.514 *+00001.99 1.990000 %
2014/09/04 14:03:11.544 *+00001.99 1.990000 %
2014/09/04 14:03:23.589 *+00001.99 1.990000 %
2014/09/04 14:03:35.596 *+00001.98 1.980000 %
2014/09/04 14:03:47.614 *+00001.99 1.990000 %
2014/09/04 14:03:59.622 *+00001.97 1.970000 %
2014/09/04 14:04:11.629 *+00001.98 1.980000 %
2014/09/04 14:04:23.636 *+00002.00 2.000000 %
2014/09/04 14:04:35.654 *+00001.98 1.980000 %
2014/09/04 14:04:47.674 *+00001.98 1.980000 %
2014/09/04 14:04:59.704 *+00001.97 1.970000 %
2014/09/04 14:05:01.703 [hyd1:DLOGP3]:Instrument Stopped [Power Off]
2014/09/04 15:00:11.581 [hyd1:DLOGP3]:Instrument Started [Power On]
2014/09/04 15:00:13.580 [hyd1:DLOGP3]:
2014/09/04 15:01:33.592 *+00003.06 3.060000 %
2014/09/04 15:01:45.634 *+00003.07 3.070000 %
2014/09/04 15:01:57.646 *+00003.05 3.050000 %
2014/09/04 15:02:09.696 *+00003.06 3.060000 %
2014/09/04 15:02:21.715 *+00003.07 3.070000 %
2014/09/04 15:02:33.730 *+00003.06 3.060000 %
2014/09/04 15:02:45.760 *+00003.06 3.060000 %
2014/09/04 15:02:57.784 *+00003.05 3.050000 %
2014/09/04 15:03:09.801 *+00003.06 3.060000 %
2014/09/04 15:03:21.819 *+00003.05 3.050000 %
2014/09/04 15:03:33.830 *+00003.05 3.050000 %
2014/09/04 15:03:45.858 *+00003.04 3.040000 %
2014/09/04 15:03:57.874 *+00003.04 3.040000 %
2014/09/04 15:04:09.888 *+00003.05 3.050000 %
2014/09/04 15:04:21.896 *+00003.05 3.050000 %
2014/09/04 15:04:33.904 *+00003.05 3.050000 %
2014/09/04 15:04:45.971 *+00003.05 3.050000 %
2014/09/04 15:04:57.979 *+00003.06 3.060000 %
2014/09/04 15:05:01.974 [hyd1:DLOGP3]:Instrument Stopped [Power Off]
2014/09/04 16:00:12.810 [hyd1:DLOGP3]:Instrument Started [Power On]
2014/09/04 16:00:14.809 [hyd1:DLOGP3]:
2014/09/04 16:01:34.840 *+00003.35 3.350000 %
2014/09/04 16:01:46.847 *+00003.34 3.340000 %
2014/09/04 16:01:58.856 *+00003.33 3.330000 %
2014/09/04 16:02:10.893 *+00003.34 3.340000 %
2014/09/04 16:02:22.900 *+00003.34 3.340000 %
2014/09/04 16:02:34.937 *+00003.34 3.340000 %
2014/09/04 16:02:46.945 *+00003.33 3.330000 %
2014/09/04 16:02:58.954 *+00003.34 3.340000 %
2014/09/04 16:03:11.010 *+00003.35 3.350000 %
2014/09/04 16:03:21.038 *+00003.33 3.330000 %
2014/09/04 16:03:33.046 *+00003.34 3.340000 %
2014/09/04 16:03:45.056 *+00003.34 3.340000 %
2014/09/04 16:03:57.183 [hyd1:DLOGP3]:
2014/09/04 16:03:57.202 [hyd1:DLOGP3]:?1 NOT READY
2014/09/04 16:04:09.218 *-00017.27 -17.270000 %
2014/09/04 16:04:21.235 *-00017.47 -17.469999 %
2014/09/04 16:04:33.242 *-00017.35 -17.350000 %
2014/09/04 16:04:45.250 *-00017.33 -17.330000 %
2014/09/04 16:04:57.278 *-00017.48 -17.480000 %
2014/09/04 16:05:09.286 *+00003.32 3.320000 %
2014/09/04 16:05:21.293 *+00003.33 3.330000 %
2014/09/04 16:05:33.300 *+00003.34 3.340000 %
2014/09/04 16:05:45.307 *+00003.34 3.340000 %
2014/09/04 16:05:57.325 *+00003.32 3.320000 %
2014/09/04 16:06:09.342 *+00003.32 3.320000 %
2014/09/04 16:06:21.390 *+00003.32 3.320000 %
2014/09/04 16:06:33.397 *+00003.33 3.330000 %
2014/09/04 16:06:45.406 *+00003.33 3.330000 %
2014/09/04 16:06:57.412 *+00003.33 3.330000 %
2014/09/04 16:07:09.420 *+00003.32 3.320000 %
2014/09/04 16:07:21.448 *+00003.31 3.310000 %
2014/09/04 16:07:33.455 *+00003.33 3.330000 %
2014/09/04 16:07:45.462 *+00003.32 3.320000 %
2014/09/04 16:07:57.480 *+00003.32 3.320000 %
2014/09/04 16:08:09.488 *+00003.32 3.320000 %
2014/09/04 16:08:21.534 *+00003.34 3.340000 %
2014/09/04 16:08:33.552 *+00003.33 3.330000 %
2014/09/04 16:08:45.590 *+00003.33 3.330000 %
2014/09/04 16:08:57.657 *+00003.31 3.310000 %
2014/09/04 16:09:09.675 *+00003.32 3.320000 %
2014/09/04 16:09:21.683 *+00003.40 3.400000 %
2014/09/04 16:09:33.730 *+00003.30 3.300000 %
2014/09/04 16:09:45.748 *+00003.31 3.310000 %
2014/09/04 16:09:57.758 *+00003.31 3.310000 %
2014/09/04 16:10:09.793 *+00003.31 3.310000 %
2014/09/04 16:10:21.837 *+00003.32 3.320000 %
2014/09/04 16:10:33.867 *+00003.31 3.310000 %
2014/09/04 16:10:45.875 *+00003.31 3.310000 %
2014/09/04 16:10:57.893 *+00003.29 3.290000 %
2014/09/04 16:11:09.901 *+00003.32 3.320000 %
2014/09/04 16:11:21.948 *+00003.31 3.310000 %
2014/09/04 16:11:33.956 *+00003.33 3.330000 %
2014/09/04 16:11:45.972 *+00003.32 3.320000 %
2014/09/04 16:11:57.980 *+00003.31 3.310000 %
2014/09/04 16:12:09.987 *+00003.32 3.320000 %
2014/09/04 16:12:22.042 *+00003.32 3.320000 %
2014/09/04 16:12:34.052 *+00003.31 3.310000 %
2014/09/04 16:12:46.060 *+00003.31 3.310000 %
2014/09/04 16:12:58.077 *+00003.31 3.310000 %
2014/09/04 16:13:10.105 *+00003.32 3.320000 %
2014/09/04 16:13:22.146 *+00003.31 3.310000 %
2014/09/04 16:13:34.160 *+00003.31 3.310000 %
2014/09/04 16:13:46.177 *+00003.32 3.320000 %
2014/09/04 16:13:58.195 *+00003.30 3.300000 %
2014/09/04 16:14:10.212 *+00003.30 3.300000 %
2014/09/04 16:14:22.256 *+00003.31 3.310000 %
2014/09/04 16:14:34.277 *+00003.32 3.320000 %
2014/09/04 16:14:46.305 *+00003.31 3.310000 %
2014/09/04 16:14:58.322 *+00003.30 3.300000 %
2014/09/04 16:15:10.350 *+00003.31 3.310000 %
2014/09/04 16:15:22.431 *+00003.32 3.320000 %
2014/09/04 16:15:34.475 *+00003.31 3.310000 %
2014/09/04 16:15:46.492 *+00003.32 3.320000 %
2014/09/04 16:15:58.500 *+00003.31 3.310000 %
2014/09/04 16:16:10.517 *+00003.32 3.320000 %
2014/09/04 16:16:22.533 *+00003.29 3.290000 %
2014/09/04 16:16:34.562 *+00003.31 3.310000 %
2014/09/04 16:16:46.583 *+00003.31 3.310000 %
2014/09/04 16:16:58.608 *+00003.31 3.310000 %
2014/09/04 16:17:10.615 *+00003.31 3.310000 %
2014/09/04 16:17:22.633 *+00003.31 3.310000 %
2014/09/04 16:17:34.640 *+00003.31 3.310000 %
2014/09/04 16:17:46.647 *+00003.32 3.320000 %
2014/09/04 16:17:58.670 *+00003.30 3.300000 %
2014/09/04 16:18:10.682 *+00003.30 3.300000 %
2014/09/04 16:18:22.701 *+00003.30 3.300000 %
2014/09/04 16:18:34.710 *+00003.31 3.310000 %
2014/09/04 16:18:46.725 *+00003.30 3.300000 %
2014/09/04 16:18:58.733 *+00003.29 3.290000 %
2014/09/04 16:19:10.743 *+00003.30 3.300000 %
2014/09/04 16:19:22.758 *+00003.31 3.310000 %
2014/09/04 16:19:34.765 *+00003.30 3.300000 %
2014/09/04 16:19:46.775 *+00003.31 3.310000 %
2014/09/04 16:19:58.811 *+00003.32 3.320000 %
2014/09/04 16:20:10.878 *+00003.31 3.310000 %
2014/09/04 16:20:22.885 *+00003.31 3.310000 %
2014/09/04 16:20:34.922 *+00003.31 3.310000 %
2014/09/04 16:20:46.930 *+00003.30 3.300000 %
2014/09/04 16:20:58.957 *+00003.31 3.310000 %
2014/09/04 16:21:10.975 *+00003.11 3.110000 %
2014/09/04 16:21:22.992 *+00003.30 3.300000 %
2014/09/04 16:21:33.020 *+00003.31 3.310000 %
2014/09/04 16:21:45.031 *+00003.32 3.320000 %
2014/09/04 16:21:57.065 *+00003.30 3.300000 %
2014/09/04 16:22:09.092 *+00003.31 3.310000 %
2014/09/04 16:22:21.121 *+00003.31 3.310000 %
2014/09/04 16:22:33.137 *+00003.32 3.320000 %
2014/09/04 16:22:45.148 *+00003.30 3.300000 %
2014/09/04 16:22:57.163 *+00003.31 3.310000 %
2014/09/04 16:23:09.171 *+00003.30 3.300000 %
2014/09/04 16:23:21.178 *+00003.29 3.290000 %
2014/09/04 16:23:33.209 *+00003.29 3.290000 %
2014/09/04 16:23:45.243 *+00003.31 3.310000 %
2014/09/04 16:23:57.251 *+00003.31 3.310000 %
2014/09/04 16:24:09.268 *+00003.29 3.290000 %
2014/09/04 16:24:21.276 *+00003.31 3.310000 %
2014/09/04 16:24:33.286 *+00003.30 3.300000 %
2014/09/04 16:24:45.300 *+00003.30 3.300000 %
2014/09/04 16:24:57.307 *+00003.29 3.290000 %
2014/09/04 16:25:09.315 *+00003.29 3.290000 %
2014/09/04 16:25:21.322 *+00003.30 3.300000 %
2014/09/04 16:25:33.340 *+00003.31 3.310000 %
2014/09/04 16:25:45.348 *+00003.30 3.300000 %
2014/09/04 16:25:57.355 *+00003.31 3.310000 %
2014/09/04 16:26:09.363 *+00003.30 3.300000 %
2014/09/04 16:26:21.370 *+00003.30 3.300000 %
2014/09/04 16:26:33.377 *+00003.01 3.010000 %
2014/09/04 16:26:45.385 *+00003.02 3.020000 %
2014/09/04 16:26:57.412 *+00003.29 3.290000 %
2014/09/04 16:27:09.430 *+00003.30 3.300000 %
2014/09/04 16:27:21.448 *+00003.30 3.300000 %
2014/09/04 16:27:33.455 *+00003.02 3.020000 %
2014/09/04 16:27:45.462 *+00003.19 3.190000 %
2014/09/04 16:27:57.483 *+00003.02 3.020000 %
2014/09/04 16:28:09.497 *+00003.01 3.010000 %
2014/09/04 16:28:21.505 *+00003.02 3.020000 %
2014/09/04 16:28:33.513 *+00003.02 3.020000 %
2014/09/04 16:28:45.520 *+00003.01 3.010000 %
2014/09/04 16:28:57.538 *+00003.02 3.020000 %
2014/09/04 16:29:09.545 *+00003.03 3.030000 %
2014/09/04 16:29:21.552 *+00003.03 3.030000 %
2014/09/04 16:29:33.560 *+00003.03 3.030000 %
2014/09/04 16:29:45.567 *+00003.01 3.010000 %
2014/09/04 16:29:57.575 *+00003.02 3.020000 %
2014/09/04 16:30:09.583 *+00003.01 3.010000 %
2014/09/04 16:30:21.590 *+00003.02 3.020000 %
2014/09/04 16:30:33.598 *+00003.02 3.020000 %
2014/09/04 16:30:45.615 *+00003.02 3.020000 %
2014/09/04 16:30:57.633 *+00003.03 3.030000 %
2014/09/04 16:31:09.640 *+00003.01 3.010000 %
2014/09/04 16:31:21.658 *+00003.01 3.010000 %
2014/09/04 16:31:33.665 *+00003.02 3.020000 %
2014/09/04 16:31:45.673 *+00003.02 3.020000 %
2014/09/04 16:31:57.681 *+00003.01 3.010000 %
2014/09/04 16:32:09.692 *+00003.02 3.020000 %
2014/09/04 16:32:21.706 *+00003.02 3.020000 %
2014/09/04 16:32:33.723 *+00003.01 3.010000 %
2014/09/04 16:32:45.730 *+00003.02 3.020000 %
2014/09/04 16:32:57.742 *+00002.99 2.990000 %
2014/09/04 16:33:09.756 *+00003.03 3.030000 %
2014/09/04 16:33:21.763 *+00003.01 3.010000 %
2014/09/04 16:33:33.783 *+00003.01 3.010000 %
2014/09/04 16:33:45.798 *+00003.02 3.020000 %
2014/09/04 16:33:57.805 *+00003.01 3.010000 %
2014/09/04 16:34:09.823 *+00003.01 3.010000 %
2014/09/04 16:34:21.841 *+00003.02 3.020000 %
2014/09/04 16:34:33.848 *+00003.01 3.010000 %
2014/09/04 16:34:45.865 *+00003.30 3.300000 %
2014/09/04 16:34:57.873 *+00003.02 3.020000 %
2014/09/04 16:35:09.880 *+00003.01 3.010000 %
2014/09/04 16:35:21.888 *+00003.01 3.010000 %
2014/09/04 16:35:33.895 *+00003.30 3.300000 %
2014/09/04 16:35:45.903 *+00003.02 3.020000 %
2014/09/04 16:35:57.920 *+00003.02 3.020000 %
2014/09/04 16:36:09.928 *+00003.01 3.010000 %
2014/09/04 16:36:21.935 *+00003.01 3.010000 %
2014/09/04 16:36:33.943 *+00003.02 3.020000 %
2014/09/04 16:36:45.950 *+00003.01 3.010000 %
2014/09/04 16:36:57.961 *+00003.02 3.020000 %
2014/09/04 16:37:09.975 *+00003.03 3.030000 %
2014/09/04 16:37:21.983 *+00003.01 3.010000 %
2014/09/04 16:37:34.001 *+00003.03 3.030000 %
2014/09/04 16:37:44.021 *+00003.01 3.010000 %
2014/09/04 16:37:56.045 *+00003.02 3.020000 %
2014/09/04 16:38:08.073 *+00003.02 3.020000 %
2014/09/04 16:38:20.090 *+00003.01 3.010000 %
2014/09/04 16:38:32.098 *+00003.00 3.000000 %
2014/09/04 16:38:44.107 *+00003.01 3.010000 %
2014/09/04 16:38:56.113 *+00003.02 3.020000 %
2014/09/04 16:39:08.121 *+00003.01 3.010000 %
2014/09/04 16:39:20.128 *+00003.01 3.010000 %
2014/09/04 16:39:32.145 *+00003.01 3.010000 %
2014/09/04 16:39:44.154 *+00003.00 3.000000 %
2014/09/04 16:39:56.161 *+00003.02 3.020000 %
2014/09/04 16:40:08.168 *+00003.01 3.010000 %
2014/09/04 16:40:20.177 *+00003.02 3.020000 %
2014/09/04 16:40:32.183 *+00003.02 3.020000 %
2014/09/04 16:40:44.211 *+00003.02 3.020000 %
2014/09/04 16:40:56.218 *+00003.02 3.020000 %
2014/09/04 16:41:08.226 *+00003.01 3.010000 %
2014/09/04 16:41:20.243 *+00003.01 3.010000 %
2014/09/04 16:41:32.251 *+00003.01 3.010000 %
2014/09/04 16:41:44.258 *+00002.99 2.990000 %
2014/09/04 16:41:56.267 *+00003.01 3.010000 %
2014/09/04 16:42:08.273 *+00003.02 3.020000 %
2014/09/04 16:42:20.281 *+00002.99 2.990000 %
2014/09/04 16:42:32.288 *+00003.01 3.010000 %
2014/09/04 16:42:44.295 *+00003.01 3.010000 %
2014/09/04 16:42:56.313 *+00003.00 3.000000 %
2014/09/04 16:43:08.321 *+00003.01 3.010000 %
2014/09/04 16:43:20.328 *+00003.00 3.000000 %
2014/09/04 16:43:32.337 *+00003.01 3.010000 %
2014/09/04 16:43:44.343 *+00003.00 3.000000 %
2014/09/04 16:43:56.351 *+00002.99 2.990000 %
2014/09/04 16:44:08.358 *+00003.00 3.000000 %
2014/09/04 16:44:20.365 *+00003.00 3.000000 %
2014/09/04 16:44:32.373 *+00002.97 2.970000 %
2014/09/04 16:44:44.390 *+00003.00 3.000000 %
2014/09/04 16:44:56.438 *+00002.99 2.990000 %
2014/09/04 16:45:08.447 *+00002.99 2.990000 %
2014/09/04 16:45:20.453 *+00002.99 2.990000 %
2014/09/04 16:45:32.460 *+00002.98 2.980000 %
2014/09/04 16:45:44.478 *+00002.98 2.980000 %
2014/09/04 16:45:56.486 *+00002.98 2.980000 %
2014/09/04 16:46:08.493 *+00002.98 2.980000 %
2014/09/04 16:46:20.500 *+00002.99 2.990000 %
2014/09/04 16:46:32.518 *+00002.98 2.980000 %
2014/09/04 16:46:44.527 *+00002.98 2.980000 %
2014/09/04 16:46:56.583 *+00002.98 2.980000 %
2014/09/04 16:47:08.591 *+00002.97 2.970000 %
2014/09/04 16:47:20.641 *+00002.98 2.980000 %
2014/09/04 16:47:32.706 *+00002.98 2.980000 %
2014/09/04 16:47:44.713 *+00002.99 2.990000 %
2014/09/04 16:47:56.770 *+00002.99 2.990000 %
2014/09/04 16:48:08.779 *+00002.99 2.990000 %
2014/09/04 16:48:20.799 *+00002.98 2.980000 %
2014/09/04 16:48:32.813 *+00003.00 3.000000 %
2014/09/04 16:48:44.820 *+00002.99 2.990000 %
2014/09/04 16:48:56.828 *+00002.98 2.980000 %
2014/09/04 16:49:08.835 *+00002.98 2.980000 %
2014/09/04 16:49:20.843 *+00002.98 2.980000 %
2014/09/04 16:49:32.851 *+00002.98 2.980000 %
2014/09/04 16:49:44.868 *+00002.97 2.970000 %
2014/09/04 16:49:56.887 *+00002.99 2.990000 %
2014/09/04 16:50:08.893 *+00002.98 2.980000 %
2014/09/04 16:50:20.901 *+00002.97 2.970000 %
2014/09/04 16:50:32.922 *+00002.98 2.980000 %
2014/09/04 16:50:44.935 *+00002.98 2.980000 %
2014/09/04 16:50:56.953 *+00002.97 2.970000 %
2014/09/04 16:51:08.960 *+00002.98 2.980000 %
2014/09/04 16:51:20.978 *+00002.99 2.990000 %
2014/09/04 16:51:32.999 *+00002.99 2.990000 %
2014/09/04 16:51:43.024 *+00002.98 2.980000 %
2014/09/04 16:51:55.031 *+00002.98 2.980000 %
2014/09/04 16:52:07.048 *+00003.00 3.000000 %
2014/09/04 16:52:19.066 *+00002.99 2.990000 %
2014/09/04 16:52:31.093 *+00002.98 2.980000 %
2014/09/04 16:52:43.101 *+00002.98 2.980000 %
2014/09/04 16:52:55.109 *+00002.99 2.990000 %
2014/09/04 16:53:07.127 *+00002.98 2.980000 %
2014/09/04 16:53:19.157 *+00002.98 2.980000 %
2014/09/04 16:53:31.191 *+00002.99 2.990000 %
2014/09/04 16:53:43.222 *+00002.97 2.970000 %
2014/09/04 16:53:55.236 *+00002.98 2.980000 %
2014/09/04 16:54:07.243 *+00002.98 2.980000 %
2014/09/04 16:54:19.271 *+00002.99 2.990000 %
2014/09/04 16:54:31.298 *+00002.99 2.990000 %
2014/09/04 16:54:43.337 *+00002.96 2.960000 %
2014/09/04 16:54:55.344 *+00002.99 2.990000 %
2014/09/04 16:55:07.371 *+00002.99 2.990000 %
2014/09/04 16:55:19.388 *+00002.97 2.970000 %
2014/09/04 16:55:31.416 *+00002.99 2.990000 %
2014/09/04 16:55:43.467 *+00002.99 2.990000 %
2014/09/04 16:55:55.532 *+00002.99 2.990000 %
2014/09/04 16:56:07.539 *+00002.98 2.980000 %
2014/09/04 16:56:19.557 *+00002.99 2.990000 %
2014/09/04 16:56:31.564 *+00002.99 2.990000 %
2014/09/04 16:56:43.612 *+00002.98 2.980000 %
2014/09/04 16:56:55.649 *+00002.98 2.980000 %
2014/09/04 16:57:07.687 *+00002.98 2.980000 %
2014/09/04 16:57:19.724 *+00002.98 2.980000 %
2014/09/04 16:57:31.732 *+00003.00 3.000000 %
2014/09/04 16:57:43.774 *+00002.99 2.990000 %
2014/09/04 16:57:55.798 *+00002.99 2.990000 %
2014/09/04 16:58:07.844 *+00002.98 2.980000 %
2014/09/04 16:58:19.851 *+00002.98 2.980000 %
2014/09/04 16:58:31.888 *+00002.99 2.990000 %
2014/09/04 16:58:43.906 *+00002.99 2.990000 %
2014/09/04 16:58:55.923 *+00002.99 2.990000 %
2014/09/04 16:59:07.941 *+00002.98 2.980000 %
2014/09/04 16:59:19.948 *+00002.99 2.990000 %
2014/09/04 16:59:31.967 *+00002.99 2.990000 %
2014/09/04 16:59:43.984 *+00003.00 3.000000 %
2014/09/04 16:59:55.991 *+00002.98 2.980000 %
2014/09/04 17:00:08.008 *+00002.99 2.990000 %
2014/09/04 17:00:18.027 *+00002.99 2.990000 %
2014/09/04 17:00:30.044 *+00002.99 2.990000 %
2014/09/04 17:00:42.051 *+00002.98 2.980000 %
2014/09/04 17:00:54.070 *+00002.99 2.990000 %
2014/09/04 17:01:06.077 *+00002.98 2.980000 %
2014/09/04 17:01:18.087 *+00002.99 2.990000 %
2014/09/04 17:01:30.112 *+00002.96 2.960000 %
2014/09/04 17:01:42.133 *+00002.98 2.980000 %
2014/09/04 17:01:54.187 *+00002.99 2.990000 %
2014/09/04 17:02:06.194 *+00002.99 2.990000 %
2014/09/04 17:02:18.212 *+00002.97 2.970000 %
2014/09/04 17:02:30.229 *+00002.97 2.970000 %
2014/09/04 17:02:42.239 *+00002.98 2.980000 %
2014/09/04 17:02:54.255 *+00002.98 2.980000 %
2014/09/04 17:03:06.262 *+00002.98 2.980000 %
2014/09/04 17:03:18.270 *+00002.97 2.970000 %
2014/09/04 17:03:30.277 *+00003.00 3.000000 %
2014/09/04 17:03:42.285 *+00002.99 2.990000 %
2014/09/04 17:03:54.292 *+00002.98 2.980000 %
2014/09/04 17:04:06.350 *+00002.98 2.980000 %
2014/09/04 17:04:18.358 *-00000.23 -0.230000 %
2014/09/04 17:04:30.378 *-00000.23 -0.230000 %
2014/09/04 17:04:42.391 *-00000.23 -0.230000 %
2014/09/04 17:04:54.399 *-00000.23 -0.230000 %
2014/09/04 17:05:06.406 *-00000.23 -0.230000 %
2014/09/04 17:05:18.414 *-00000.24 -0.240000 %
2014/09/04 17:05:30.421 *-00000.23 -0.230000 %
2014/09/04 17:05:42.439 *-00000.23 -0.230000 %
2014/09/04 17:05:54.458 *-00000.23 -0.230000 %
2014/09/04 17:06:06.474 *-00000.24 -0.240000 %
2014/09/04 17:06:18.481 *-00000.22 -0.220000 %
2014/09/04 17:06:30.489 *-00000.22 -0.220000 %
2014/09/04 17:06:42.496 *-00000.24 -0.240000 %
2014/09/04 17:06:54.504 *-00000.24 -0.240000 %
2014/09/04 17:07:06.514 *-00000.23 -0.230000 %
2014/09/04 17:07:18.529 *-00000.25 -0.250000 %
2014/09/04 17:07:33.189 [hyd1:DLOGP3]:
2014/09/04 17:07:41.214 *-00017.22 -17.219999 %
2014/09/04 17:07:53.222 *-00017.50 -17.500000 %
2014/09/04 17:08:05.239 *-00017.37 -17.370001 %
2014/09/04 17:08:17.268 *-00017.32 -17.320000 %
2014/09/04 17:08:29.304 *-00017.51 -17.510000 %
2014/09/04 17:08:41.332 *-00000.24 -0.240000 %
2014/09/04 17:08:53.359 *-00000.24 -0.240000 %
2014/09/04 17:09:05.368 *-00000.23 -0.230000 %
2014/09/04 17:09:17.418 *-00000.23 -0.230000 %
2014/09/04 17:09:29.432 *-00000.24 -0.240000 %
2014/09/04 17:09:41.459 *-00000.22 -0.220000 %
2014/09/04 17:09:53.477 *-00000.23 -0.230000 %
2014/09/04 17:10:05.504 *-00000.25 -0.250000 %
2014/09/04 17:10:17.555 *-00000.23 -0.230000 %
2014/09/04 17:10:29.579 *-00000.22 -0.220000 %
2014/09/04 17:10:41.589 *-00000.24 -0.240000 %
2014/09/04 17:10:53.605 *-00000.22 -0.220000 %
2014/09/04 17:11:05.622 *-00000.23 -0.230000 %
2014/09/04 17:11:07.616 [hyd1:DLOGP3]:Instrument Stopped [Power Off]
2014/09/04 17:12:37.565 [hyd1:DLOGP3]:
2014/09/04 18:00:12.282 [hyd1:DLOGP3]:Instrument Started [Power On]
2014/09/04 18:01:34.282 *-00000.18 -0.180000 %
2014/09/04 18:01:46.289 *-00000.18 -0.180000 %
2014/09/04 18:01:58.316 *-00000.19 -0.190000 %
2014/09/04 18:02:10.324 *-00000.18 -0.180000 %
2014/09/04 18:02:22.332 *-00000.18 -0.180000 %
2014/09/04 18:02:34.341 *-00000.16 -0.160000 %
2014/09/04 18:02:46.346 *-00000.19 -0.190000 %
2014/09/04 18:02:58.354 *-00000.20 -0.200000 %
2014/09/04 18:03:10.372 *-00000.20 -0.200000 %
2014/09/04 18:03:22.379 *-00000.19 -0.190000 %
2014/09/04 18:03:34.386 *-00000.17 -0.170000 %
2014/09/04 18:03:46.404 *-00000.19 -0.190000 %
2014/09/04 18:03:58.423 *-00000.20 -0.200000 %
2014/09/04 18:04:10.459 *-00000.18 -0.180000 %
2014/09/04 18:04:22.466 *-00000.17 -0.170000 %
2014/09/04 18:04:34.484 *-00000.20 -0.200000 %
2014/09/04 18:04:46.540 *-00000.18 -0.180000 %
2014/09/04 18:04:58.550 *-00000.20 -0.200000 %
2014/09/04 18:05:00.544 [hyd1:DLOGP3]:Instrument Stopped [Power Off]
2014/09/04 19:00:13.455 [hyd1:DLOGP3]:Instrument Started [Power On]
2014/09/04 19:01:35.484 *-00000.16 -0.160000 %
2014/09/04 19:01:47.500 *-00000.17 -0.170000 %
2014/09/04 19:01:59.517 *-00000.16 -0.160000 %
2014/09/04 19:02:11.528 *-00000.19 -0.190000 %
2014/09/04 19:02:23.602 *-00000.17 -0.170000 %
2014/09/04 19:02:35.623 *-00000.17 -0.170000 %
2014/09/04 19:02:47.638 *-00000.17 -0.170000 %
2014/09/04 19:02:59.674 *-00000.17 -0.170000 %
2014/09/04 19:03:11.684 *-00000.18 -0.180000 %
2014/09/04 19:03:23.713 *-00000.19 -0.190000 %
2014/09/04 19:03:35.737 *-00000.18 -0.180000 %
2014/09/04 19:03:47.745 *-00000.19 -0.190000 %
2014/09/04 19:03:59.752 *-00000.18 -0.180000 %
2014/09/04 19:04:11.770 *-00000.18 -0.180000 %
2014/09/04 19:04:23.777 *-00000.18 -0.180000 %
2014/09/04 19:04:35.799 *-00000.19 -0.190000 %
2014/09/04 19:04:47.814 *-00000.20 -0.200000 %
2014/09/04 19:04:59.841 *-00000.18 -0.180000 %
2014/09/04 19:05:01.833 [hyd1:DLOGP3]:Instrument Stopped [Power Off]
2014/09/04 20:00:12.874 [hyd1:DLOGP3]:Instrument Started [Power On]
2014/09/04 20:01:34.924 *-00000.16 -0.160000 %
2014/09/04 20:01:46.934 *-00000.16 -0.160000 %
2014/09/04 20:01:58.948 *-00000.17 -0.170000 %
2014/09/04 20:02:10.955 *-00000.17 -0.170000 %
2014/09/04 20:02:22.994 *-00000.16 -0.160000 %
2014/09/04 20:02:35.010 *-00000.16 -0.160000 %
2014/09/04 20:02:45.019 *-00000.16 -0.160000 %
2014/09/04 20:02:57.069 *-00000.17 -0.170000 %
2014/09/04 20:03:09.103 *-00000.18 -0.180000 %
2014/09/04 20:03:21.111 *-00000.17 -0.170000 %
2014/09/04 20:03:33.128 *-00000.17 -0.170000 %
2014/09/04 20:03:45.136 *-00000.17 -0.170000 %
2014/09/04 20:03:57.165 *-00000.18 -0.180000 %
2014/09/04 20:04:09.181 *-00000.19 -0.190000 %
2014/09/04 20:04:21.198 *-00000.18 -0.180000 %
2014/09/04 20:04:33.206 *-00000.17 -0.170000 %
2014/09/04 20:04:45.253 *-00000.18 -0.180000 %
2014/09/04 20:04:57.261 *-00000.19 -0.190000 %
2014/09/04 20:05:01.255 [hyd1:DLOGP3]:Instrument Stopped [Power Off]
2014/09/04 21:00:12.783 [hyd1:DLOGP3]:Instrument Started [Power On]
2014/09/04 21:00:14.782 [hyd1:DLOGP3]:
2014/09/04 21:01:34.892 *-00000.17 -0.170000 %
2014/09/04 21:01:46.910 *-00000.15 -0.150000 %
2014/09/04 21:01:58.917 *-00000.15 -0.150000 %
2014/09/04 21:02:10.925 *-00000.16 -0.160000 %
2014/09/04 21:02:22.933 *-00000.15 -0.150000 %
2014/09/04 21:02:34.941 *-00000.16 -0.160000 %
2014/09/04 21:02:46.958 *-00000.17 -0.170000 %
2014/09/04 21:02:58.965 *-00000.16 -0.160000 %
2014/09/04 21:03:10.976 *-00000.16 -0.160000 %
2014/09/04 21:03:22.990 *-00000.16 -0.160000 %
2014/09/04 21:03:34.998 *-00000.17 -0.170000 %
2014/09/04 21:03:47.005 *-00000.16 -0.160000 %
2014/09/04 21:03:59.046 *-00000.17 -0.170000 %
2014/09/04 21:04:11.081 *-00000.17 -0.170000 %
2014/09/04 21:04:23.088 *-00000.17 -0.170000 %
2014/09/04 21:04:35.115 *-00000.17 -0.170000 %
2014/09/04 21:04:47.122 *-00000.17 -0.170000 %
2014/09/04 21:04:59.130 *-00000.18 -0.180000 %
2014/09/04 21:05:01.124 [hyd1:DLOGP3]:Instrument Stopped [Power Off]
2014/09/04 22:00:12.242 [hyd1:DLOGP3]:Instrument Started [Power On]
2014/09/04 22:00:14.241 [hyd1:DLOGP3]:
2014/09/04 22:01:34.272 *-00000.13 -0.130000 %
2014/09/04 22:01:46.280 *-00000.17 -0.170000 %
2014/09/04 22:01:58.297 *-00000.14 -0.140000 %
2014/09/04 22:02:10.314 *-00000.15 -0.150000 %
2014/09/04 22:02:22.383 *-00000.16 -0.160000 %
2014/09/04 22:02:34.389 *-00000.15 -0.150000 %
2014/09/04 22:02:46.396 *-00000.16 -0.160000 %
2014/09/04 22:02:58.404 *-00000.16 -0.160000 %
2014/09/04 22:03:10.411 *-00000.16 -0.160000 %
2014/09/04 22:03:22.419 *-00000.16 -0.160000 %
2014/09/04 22:03:34.426 *-00000.17 -0.170000 %
2014/09/04 22:03:46.434 *-00000.17 -0.170000 %
2014/09/04 22:03:58.443 *-00000.17 -0.170000 %
2014/09/04 22:04:10.459 *-00000.16 -0.160000 %
2014/09/04 22:04:22.466 *-00000.16 -0.160000 %
2014/09/04 22:04:34.484 *-00000.17 -0.170000 %
2014/09/04 22:04:46.495 *-00000.17 -0.170000 %
2014/09/04 22:04:58.519 *-00000.16 -0.160000 %
2014/09/04 22:05:02.514 [hyd1:DLOGP3]:Instrument Stopped [Power Off]
2014/09/04 23:00:14.200 [hyd1:DLOGP3]:Instrument Started [Power On]
2014/09/04 23:00:16.209 [hyd1:DLOGP3]:
2014/09/04 23:01:36.229 *-00000.15 -0.150000 %
2014/09/04 23:01:48.295 *-00000.14 -0.140000 %
2014/09/04 23:02:00.314 *-00000.15 -0.150000 %
2014/09/04 23:02:12.322 *-00000.15 -0.150000 %
2014/09/04 23:02:24.329 *-00000.17 -0.170000 %
2014/09/04 23:02:36.350 *-00000.16 -0.160000 %
2014/09/04 23:02:48.370 *-00000.15 -0.150000 %
2014/09/04 23:03:00.381 *-00000.16 -0.160000 %
2014/09/04 23:03:12.389 *-00000.16 -0.160000 %
2014/09/04 23:03:24.397 *-00000.17 -0.170000 %
2014/09/04 23:03:36.404 *-00000.15 -0.150000 %
2014/09/04 23:03:48.422 *-00000.16 -0.160000 %
2014/09/04 23:04:00.429 *-00000.16 -0.160000 %
2014/09/04 23:04:12.438 *-00000.16 -0.160000 %
2014/09/04 23:04:24.444 *-00000.16 -0.160000 %
2014/09/04 23:04:36.451 *-00000.15 -0.150000 %
2014/09/04 23:04:48.459 *-00000.16 -0.160000 %
2014/09/04 23:05:00.467 *-00000.16 -0.160000 %
2014/09/04 23:05:02.460 [hyd1:DLOGP3]:Instrument Stopped [Power Off]
