2014/04/24 00:00:16.367 [phsen2:dlogp6]:instrument started [power on]
2014/04/24 00:00:18.944 *eee70acf7e04d9
2014/04/24 00:02:22.708 0813
2014/04/24 00:02:26.217 0a1c000508490004
2014/04/24 00:02:28.226 0a1c000308450003
2014/04/24 00:02:30.226 0a1d0004084c0007
2014/04/24 00:02:32.236 0a1e0002084b0005
2014/04/24 00:02:34.245 0a1e0004084b0004
2014/04/24 00:02:36.255 0a20000108510003
2014/04/24 00:02:38.254 0a1b0003084a0005
2014/04/24 00:02:40.264 0a1d000208490003
2014/04/24 00:02:42.273 0a1b000408480004
2014/04/24 00:02:44.273 0a1e0003084d0004
2014/04/24 00:02:46.283 0a1a000508460007
2014/04/24 00:02:48.292 0a200002084d0002
2014/04/24 00:02:50.302 0a1b0004084a0004
2014/04/24 00:02:52.301 0a1b000408480003
2014/04/24 00:02:54.311 0a1d000308490005
2014/04/24 00:02:56.321 0a1e000208490004
2014/04/24 00:02:58.330 0a1e0001084b0005
2014/04/24 00:03:00.330 0a1b000208490004
2014/04/24 00:03:02.339 0a1a000408470005
2014/04/24 00:03:04.349 0a1f000008490004
2014/04/24 00:03:06.358 0a1e000108490003
2014/04/24 00:03:08.358 0a1b0002084a0004
2014/04/24 00:03:10.367 0a1c000308480005
2014/04/24 00:03:12.377 0a190005084b0006
2014/04/24 00:03:14.387 0a1d0003084a0005
2014/04/24 00:03:16.386 0a1c000308470003
2014/04/24 00:03:16.906 0a1b00030849000200000c40081301
2014/04/24 00:04:02.919 [phsen2:dlogp6]:instrument stopped [power off]
2013/11/11 04:53:01.883 [phsen1:DLOGP6]:Idle state, without initialize
2013/11/11 04:53:01.971 *B61285CEA6132D004100000B000000000A31D0
2013/11/11 04:53:08.666 [phsen1:DLOGP6]:Instrument Started [No Initialize]
2013/11/11 04:53:01.883 [phsen1:DLOGP6]:Idle state, without initialize
