2014/04/23 00:11:59.387 0a1d0003084a0005
2014/04/23 00:11:59.386 0a1c000308470003
2014/04/23 00:11:59.906 0a1b00030849000200000c40081307
2014/04/23 00:04:02.919 [phsen2:dlogp6]:instrument stopped [power off]
2014/04/24 00:00:16.367 [phsen2:DLOGP6]:Instrument Started [Power On]
2014/04/24 00:00:18.944 *EEE70ACF7E04D9
2014/04/24 00:02:22.708 0813
2014/04/24 00:02:26.217 0A1C000508490004
2014/04/24 00:02:28.226 0A1C000308450003
2014/04/24 00:02:30.226 0A1D0004084C0007
2014/04/24 00:02:32.236 0A1E0002084B0005
2014/04/24 00:02:34.245 0A1E0004084B0004
2014/04/24 00:02:36.255 0A20000108510003
2014/04/24 00:02:38.254 0A1B0003084A0005
2014/04/24 00:02:40.264 0A1D000208490003
2014/04/24 00:02:42.273 0A1B000408480004
2014/04/24 00:02:44.273 0A1E0003084D0004
2014/04/24 00:02:46.283 0A1A000508460007
2014/04/24 00:02:48.292 0A200002084D0002
2014/04/24 00:02:50.302 0A1B0004084A0004
2014/04/24 00:02:52.301 0A1B000408480003
2014/04/24 00:02:54.311 0A1D000308490005
2014/04/24 00:02:56.321 0A1E000208490004
2014/04/24 00:02:58.330 0A1E0001084B0005
2014/04/24 00:03:00.330 0A1B000208490004
2014/04/24 00:03:02.339 0A1A000408470005
2014/04/24 00:03:04.349 0A1F000008490004
2014/04/24 00:03:06.358 0A1E000108490003
2014/04/24 00:03:08.358 0A1B0002084A0004
2014/04/24 00:03:10.367 0A1C000308480005
2014/04/24 00:03:12.377 0A190005084B0006
2014/04/24 00:03:14.387 0A1D0003084A0005
2014/04/24 00:03:16.386 0A1C000308470003
2014/04/24 00:03:16.906 0A1B00030849000200000C40081307
2014/04/24 00:04:02.919 [phsen2:DLOGP6]:Instrument Stopped [Power Off]
