2014/04/24 00:00:16.367 [phsen2:DLOGP6]:Instrument Started [Power On]
2014/04/24 00:00:18.944 *EEE70ACF7E04D9
2014/04/24 00:02:22.708 0813
2014/04/24 00:02:26.217 0A1C000508490004
2014/04/24 00:02:28.226 0A1C000308450003
2014/04/24 00:02:30.226 0A1D0004084C0007
2014/04/24 00:02:32.236 0A1E0002084B0005
2014/04/24 00:02:34.245 0A1E0004084B0004
2014/04/24 00:02:36.255 0A20000108510003
2014/04/24 00:02:38.254 0A1B0003084A0005
2014/04/24 00:02:40.264 0A1D000208490003
2014/04/24 00:02:42.273 0A1B000408480004
2014/04/24 00:02:44.273 0A1E0003084D0004
2014/04/24 00:02:46.283 0A1A000508460007
2014/04/24 00:02:48.292 0A200002084D0002
2014/04/24 00:02:50.302 0A1B0004084A0004
2014/04/24 00:02:52.301 0A1B000408480003
2014/04/24 00:02:54.311 0A1D000308490005
2014/04/24 00:02:56.321 0A1E000208490004
2014/04/24 00:02:58.330 0A1E0001084B0005
2014/04/24 00:03:00.330 0A1B000208490004
2014/04/24 00:03:02.339 0A1A000408470005
2014/04/24 00:03:04.349 0A1F000008490004
2014/04/24 00:03:06.358 0A1E000108490003
2014/04/24 00:03:08.358 0A1B0002084A0004
2014/04/24 00:03:10.367 0A1C000308480005
2014/04/24 00:03:12.377 0A190005084B0006
2014/04/24 00:03:14.387 0A1D0003084A0005
2014/04/24 00:03:16.386 0A1C000308470003
2014/04/24 00:03:16.906 0A1B00030849000200000C40081307
2014/04/24 00:04:02.919 [phsen2:DLOGP6]:Instrument Stopped [Power Off]
2014/04/24 01:00:17.532 [phsen2:DLOGP6]:Instrument Started [Power On]
2014/04/24 01:00:20.099 *EEE70ACF7E12EA
2014/04/24 01:02:23.872 0816
2014/04/24 01:02:27.372 0A1C0004084C0007
2014/04/24 01:02:29.381 0A1B0004084A0003
2014/04/24 01:02:31.381 0A1E000608500008
2014/04/24 01:02:33.390 0A1D0002084E0004
2014/04/24 01:02:35.400 0A1E0002084C0005
2014/04/24 01:02:37.410 0A1D0001084D0004
2014/04/24 01:02:39.409 0A21FFFF084A0002
2014/04/24 01:02:41.419 0A1C0002084B0006
2014/04/24 01:02:43.428 0A1C0005084B0007
2014/04/24 01:02:45.438 0A210002084B0006
2014/04/24 01:02:47.437 0A1A000408440007
2014/04/24 01:02:49.447 0A20000208480003
2014/04/24 01:02:51.457 0A1C0001084D0002
2014/04/24 01:02:53.456 0A210004084A0005
2014/04/24 01:02:55.466 0A220006084E0007
2014/04/24 01:02:57.475 0A20000408490005
2014/04/24 01:02:59.485 0A21000408500007
2014/04/24 01:03:01.484 0A1E0003084A0003
2014/04/24 01:03:03.494 0A1E0003084E0005
2014/04/24 01:03:05.504 0A210003084F0003
2014/04/24 01:03:07.513 0A1D000308480006
2014/04/24 01:03:09.513 0A1E000708480006
2014/04/24 01:03:11.522 0A1B000208480004
2014/04/24 01:03:13.532 0A230004084D0002
2014/04/24 01:03:15.542 0A230001084C0003
2014/04/24 01:03:17.551 0A18000408470005
2014/04/24 01:03:18.060 0A1F0003084C000500000C430817A0
2014/04/24 01:04:02.057 [phsen2:DLOGP6]:Instrument Stopped [Power Off]
2014/04/24 02:00:17.277 [phsen2:DLOGP6]:Instrument Started [Power On]
2014/04/24 02:00:19.847 *EEE70ACF7E20FA
2014/04/24 02:02:23.608 0819
2014/04/24 02:02:29.127 0A220002085200050A1F000508500004
2014/04/24 02:02:31.126 0A1D0003084E0004
2014/04/24 02:02:33.136 0A1D0007084F0006
2014/04/24 02:02:35.147 0A200003084D0005
2014/04/24 02:02:37.147 0A1F0002084C0005
2014/04/24 02:02:39.155 0A1E0001084F0003
2014/04/24 02:02:41.164 0A1E0004084A0007
2014/04/24 02:02:45.183 0A1E0002084E00070A1E0000084C0002
2014/04/24 02:02:47.183 0A210005084F0007
2014/04/24 02:02:49.192 0A1A0003084A0004
2014/04/24 02:02:51.202 0A1F0005084C0007
2014/04/24 02:02:53.202 0A1F0006084F0009
2014/04/24 02:02:55.211 0A1E0002084F0003
2014/04/24 02:03:01.230 0A230002084E00050A190002084D00050A1D0004084C0006
2014/04/24 02:03:03.240 0A210002084B0006
2014/04/24 02:03:05.249 0A1C0002084A0005
2014/04/24 02:03:07.259 0A1F0005084F0005
2014/04/24 02:03:09.258 0A22000508510006
2014/04/24 02:03:11.268 0A1B0002084C0003
2014/04/24 02:03:13.277 0A20000208490003
2014/04/24 02:03:15.277 0A1E0002084C0005
2014/04/24 02:03:17.286 0A1D000508500006
2014/04/24 02:03:17.804 0A1C0004084B000300000C40081A04
2014/04/24 02:04:01.790 [phsen2:DLOGP6]:Instrument Stopped [Power Off]
2014/04/24 03:00:17.052 [phsen2:DLOGP6]:Instrument Started [Power On]
2014/04/24 03:00:19.619 *EEE70ACF7E2F0A
2014/04/24 03:02:23.399 081A
2014/04/24 03:02:26.891 0A20000408520006
2014/04/24 03:02:28.901 0A20000208550004
2014/04/24 03:02:30.900 0A210001084F0002
2014/04/24 03:02:32.910 0A1F0004084F0002
2014/04/24 03:02:34.920 0A1C0001084D0005
2014/04/24 03:02:36.919 0A22000408520006
2014/04/24 03:02:38.939 0A1F000308510004
2014/04/24 03:02:40.938 0A1E000808520006
2014/04/24 03:02:42.948 0A1E0002084B0003
2014/04/24 03:02:44.947 0A1D000108510004
2014/04/24 03:02:46.957 0A1E000308500005
2014/04/24 03:02:48.967 0A21FFFF08540001
2014/04/24 03:02:50.976 0A21000408500005
2014/04/24 03:02:52.976 0A20FFFF08520002
2014/04/24 03:02:54.985 0A1F0006084C0005
2014/04/24 03:02:56.995 0A1D0002084C0006
2014/04/24 03:02:59.005 0A22000608510005
2014/04/24 03:03:03.014 0A1A0004084C00040A200007084D0007
2014/04/24 03:03:05.027 0A21000508510006
2014/04/24 03:03:07.033 0A1F0003084D0005
2014/04/24 03:03:09.032 0A1F000308530006
2014/04/24 03:03:11.042 0A23FFFF08520000
2014/04/24 03:03:13.052 0A1F0003084C0004
2014/04/24 03:03:15.061 0A1C0007084B0009
2014/04/24 03:03:17.061 0A1C0005084F0007
2014/04/24 03:03:17.578 0A1A0003084E000100000C40081B5E
2014/04/24 03:04:01.564 [phsen2:DLOGP6]:Instrument Stopped [Power Off]
2014/04/24 05:57:19.519 [phsen2:DLOGP6]:Idle state, without initialize
2014/04/24 06:00:17.464 [phsen2:DLOGP6]:Instrument Started [Power On]
2014/04/24 06:00:20.031 *EEE70ACF7E593A
2014/04/24 06:02:23.795 081B
2014/04/24 06:02:27.304 0A1E0006084E0007
2014/04/24 06:02:29.313 0A1E0005084E0008
2014/04/24 06:02:31.313 0A1D000408500004
2014/04/24 06:02:33.323 0A1D0005084F0007
2014/04/24 06:02:35.332 0A20000608500008
2014/04/24 06:02:37.332 0A21000208550005
2014/04/24 06:02:39.341 0A1F000608530006
2014/04/24 06:02:41.351 0A20000608510006
2014/04/24 06:02:43.360 0A22000408540006
2014/04/24 06:02:45.360 0A200003084F0005
2014/04/24 06:02:47.370 0A1E0005084A0007
2014/04/24 06:02:49.379 0A200005084C0002
2014/04/24 06:02:51.389 0A1E000408530006
2014/04/24 06:02:53.388 0A210004084F0005
2014/04/24 06:02:55.398 0A220005084F0006
2014/04/24 06:02:57.407 0A210004084E0004
2014/04/24 06:02:59.417 0A1C000308500006
2014/04/24 06:03:01.417 0A1D0005084E0006
2014/04/24 06:03:03.426 0A220004084F0005
2014/04/24 06:03:05.436 0A1C0005084F0006
2014/04/24 06:03:09.455 0A1C0004085200060A1E0003084C0005
2014/04/24 06:03:11.454 0A21000408510005
2014/04/24 06:03:13.464 0A1E000208500005
2014/04/24 06:03:15.474 0A1D0006084F0007
2014/04/24 06:03:17.473 0A24000208530006
2014/04/24 06:03:17.991 0A2100030851000700000C40081C0D
2014/04/24 06:04:01.996 [phsen2:DLOGP6]:Instrument Stopped [Power Off]
2014/04/24 08:57:19.590 [phsen2:DLOGP6]:Idle state, without initialize
2014/04/24 09:00:17.470 [phsen2:DLOGP6]:Instrument Started [Power On]
2014/04/24 09:00:20.037 *EEE70ACF7E836B
2014/04/24 09:02:23.801 0819
2014/04/24 09:02:27.310 0A1F0006084F0005
2014/04/24 09:02:29.320 0A1D0004084F0006
2014/04/24 09:02:31.319 0A1A000408520006
2014/04/24 09:02:33.329 0A1F0005084D0009
2014/04/24 09:02:35.338 0A190006084D0008
2014/04/24 09:02:37.348 0A1F0005084E000B
2014/04/24 09:02:39.348 0A1C0005084F0005
2014/04/24 09:02:41.357 0A1E0005084F0004
2014/04/24 09:02:43.367 0A1D0005084C0005
2014/04/24 09:02:45.376 0A1F0005084C0006
2014/04/24 09:02:47.376 0A200005084C0007
2014/04/24 09:02:49.390 0A1D0004084E0006
2014/04/24 09:02:51.395 0A1E0003084F0005
2014/04/24 09:02:53.395 0A200005084F0006
2014/04/24 09:02:55.404 0A1D0003084F0007
2014/04/24 09:02:57.414 0A1D0000084A0002
2014/04/24 09:02:59.423 0A1B000508480005
2014/04/24 09:03:01.423 0A1D000108490003
2014/04/24 09:03:03.432 0A1BFFFF084C0001
2014/04/24 09:03:05.442 0A1B0004084B0005
2014/04/24 09:03:07.452 0A1E0002084D0002
2014/04/24 09:03:09.451 0A210001084F0004
2014/04/24 09:03:11.461 0A1D0006084E0006
2014/04/24 09:03:13.470 0A21000508510005
2014/04/24 09:03:15.480 0A1D0002084C0005
2014/04/24 09:03:17.479 0A1C000108490001
2014/04/24 09:03:17.997 0A200007084F000A00000C40081ADA
2014/04/24 09:04:02.012 [phsen2:DLOGP6]:Instrument Stopped [Power Off]
2014/04/24 11:57:21.022 [phsen2:DLOGP6]:Idle state, without initialize
2014/04/24 12:00:16.913 [phsen2:DLOGP6]:Instrument Started [Power On]
2014/04/24 12:00:19.480 *EEE70ACF7EAD9A
2014/04/24 12:02:23.243 0817
2014/04/24 12:02:26.753 0A1C0003084C0007
2014/04/24 12:02:28.762 0A1D0006084E0008
2014/04/24 12:02:30.762 0A20000408500007
2014/04/24 12:02:32.771 0A1D0007084B000C
2014/04/24 12:02:34.781 0A1F0005084D0008
2014/04/24 12:02:38.790 0A210005084B00080A1F0004084D0005
2014/04/24 12:02:40.800 0A1A0005084D0005
2014/04/24 12:02:42.809 0A1B000508460009
2014/04/24 12:02:44.809 0A1C0006084B0005
2014/04/24 12:02:46.819 0A1F000708490008
2014/04/24 12:02:48.828 0A22000708500007
2014/04/24 12:02:50.839 0A1D0004084A0007
2014/04/24 12:02:52.838 0A1F0004084E0007
2014/04/24 12:02:54.847 0A220005084D0007
2014/04/24 12:02:56.856 0A220004084E0004
2014/04/24 12:02:58.866 0A1C0003084A0007
2014/04/24 12:03:00.866 0A220007084E0007
2014/04/24 12:03:02.875 0A1D0008084B0007
2014/04/24 12:03:04.885 0A1E0005084A0003
2014/04/24 12:03:06.894 0A200005084C0006
2014/04/24 12:03:08.894 0A1D0004084A0006
2014/04/24 12:03:10.905 0A1F0005084D0005
2014/04/24 12:03:12.913 0A1C0006084C0007
2014/04/24 12:03:14.923 0A1E0005084C0005
2014/04/24 12:03:16.922 0A1E00070846000A
2014/04/24 12:03:17.440 0A1A0003084C000800000C3F081865
2014/04/24 12:04:03.435 [phsen2:DLOGP6]:Instrument Stopped [Power Off]
2014/04/24 14:57:21.867 [phsen2:DLOGP6]:Idle state, without initialize
2014/04/24 15:00:17.701 [phsen2:DLOGP6]:Instrument Started [Power On]
2014/04/24 15:00:20.267 *EEE70ACF7ED7CB
2014/04/24 15:02:24.030 0816
2014/04/24 15:02:29.549 0A1A0006084E00070A17000508460006
2014/04/24 15:02:31.549 0A1C0005084C0008
2014/04/24 15:02:33.558 0A1B000708490008
2014/04/24 15:02:35.570 0A1C000108490004
2014/04/24 15:02:37.568 0A1F000708490008
2014/04/24 15:02:39.577 0A1B000108490003
2014/04/24 15:02:41.587 0A1F000608490007
2014/04/24 15:02:43.596 0A1B000708490008
2014/04/24 15:02:45.596 0A1F000608480009
2014/04/24 15:02:47.605 0A1D0005084E0007
2014/04/24 15:02:51.625 0A200004084900060A1A000808490009
2014/04/24 15:02:53.624 0A1E00070847000A
2014/04/24 15:02:55.634 0A1F0003084F0006
2014/04/24 15:02:57.643 0A1A000508480007
2014/04/24 15:02:59.653 0A1C000508490009
2014/04/24 15:03:01.663 0A250006084F0006
2014/04/24 15:03:03.662 0A200003084A0006
2014/04/24 15:03:05.672 0A1E000308470007
2014/04/24 15:03:07.681 0A1F0006084C0007
2014/04/24 15:03:09.681 0A1C0007084B0008
2014/04/24 15:03:11.690 0A1F000108490004
2014/04/24 15:03:13.700 0A1D000608480007
2014/04/24 15:03:15.709 0A1D000708470004
2014/04/24 15:03:17.709 0A1E000508480006
2014/04/24 15:03:18.227 0A2000080848000700000C3F08166B
2014/04/24 15:04:02.212 [phsen2:DLOGP6]:Instrument Stopped [Power Off]
2014/04/24 17:57:20.212 [phsen2:DLOGP6]:Idle state, without initialize
2014/04/24 18:00:17.840 [phsen2:DLOGP6]:Instrument Started [Power On]
2014/04/24 18:00:20.407 *EEE70ACF7F01FB
2014/04/24 18:02:24.171 081F
2014/04/24 18:02:27.680 0A1F0008084E0008
2014/04/24 18:02:29.690 0A220004084F0007
2014/04/24 18:02:31.689 0A1D0006084D0009
2014/04/24 18:02:33.698 0A1C0008084E000B
2014/04/24 18:02:35.708 0A1E0004084A0006
2014/04/24 18:02:37.708 0A1D0004084E0006
2014/04/24 18:02:39.717 0A180002084B0004
2014/04/24 18:02:41.727 0A200005084A0004
2014/04/24 18:02:43.736 0A1C0006084A0007
2014/04/24 18:02:45.736 0A1E0009084F0007
2014/04/24 18:02:47.745 0A1F0007084F0005
2014/04/24 18:02:49.755 0A1C0004084E0006
2014/04/24 18:02:55.774 0A200007084F00070A1C0003084D00040A1B0004084C0007
2014/04/24 18:02:57.783 0A200004084E0005
2014/04/24 18:02:59.793 0A1D0005084F0007
2014/04/24 18:03:01.792 0A1E000708490007
2014/04/24 18:03:03.803 0A1D0003084E0003
2014/04/24 18:03:05.812 0A1B0007084E0009
2014/04/24 18:03:07.821 0A1E0007084E0007
2014/04/24 18:03:09.821 0A1F000508510007
2014/04/24 18:03:11.830 0A200003084D0005
2014/04/24 18:03:13.840 0A1C0006084D0008
2014/04/24 18:03:15.849 0A1F0003084F0004
2014/04/24 18:03:17.849 0A1E0004084F0008
2014/04/24 18:03:18.367 0A1F0008084B000A00000C40082045
2014/04/24 18:04:02.362 [phsen2:DLOGP6]:Instrument Stopped [Power Off]
2014/04/24 20:57:19.528 [phsen2:DLOGP6]:Idle state, without initialize
2014/04/24 21:00:17.228 [phsen2:DLOGP6]:Instrument Started [Power On]
2014/04/24 21:00:19.795 *EEE70ACF7F2C2B
2014/04/24 21:02:23.559 0823
2014/04/24 21:02:27.068 0A20FFFE08560001
2014/04/24 21:02:29.078 0A22000108580000
2014/04/24 21:02:31.077 0A1BFFFE0851FFFF
2014/04/24 21:02:33.087 0A1E000308560003
2014/04/24 21:02:35.096 0A1D000208590003
2014/04/24 21:02:37.106 0A24000308570002
2014/04/24 21:02:39.105 0A1F000208560000
2014/04/24 21:02:41.115 0A1F000008560004
2014/04/24 21:02:43.125 0A21000208550001
2014/04/24 21:02:45.134 0A20000408580002
2014/04/24 21:02:47.134 0A1E000208550000
2014/04/24 21:02:49.143 0A220001085B0004
2014/04/24 21:02:51.153 0A22000008580003
2014/04/24 21:02:55.162 0A2100020856FFFF0A1DFFFF0850FFFE
2014/04/24 21:02:57.171 0A220000085A0000
2014/04/24 21:02:59.181 0A21000408590005
2014/04/24 21:03:01.191 0A1F000208560001
2014/04/24 21:03:03.190 0A24FFFF08570002
2014/04/24 21:03:05.200 0A22FFFD0856FFFE
2014/04/24 21:03:07.209 0A1EFFFF08580000
2014/04/24 21:03:09.209 0A22FFFF08550001
2014/04/24 21:03:11.219 0A1E000108570001
2014/04/24 21:03:13.228 0A2000000855FFFF
2014/04/24 21:03:15.238 0A1FFFFC08570000
2014/04/24 21:03:17.237 0A2300000855FFFE
2014/04/24 21:03:17.757 0A1E00020856000200000C3F0824B8
2014/04/24 21:04:01.770 [phsen2:DLOGP6]:Instrument Stopped [Power Off]
2014/04/24 23:57:20.992 [phsen2:DLOGP6]:Idle state, without initialize
2013/11/11 04:53:01.883 [phsen1:DLOGP6]:Idle state, without initialize
2013/11/11 04:53:01.971 *B61285CEA6132D004100000B000000000A31D2
2013/11/11 04:53:08.666 [phsen1:DLOGP6]:Instrument Started [No Initialize]
2013/11/11 04:53:01.883 [phsen1:DLOGP6]:Idle state, without initialize
2013/11/10 04:53:01.971 *B61285CEA6132D004100000B000000000A310C40D2
2013/11/10 04:53:08.666 [phsen1:DLOGP6]:Instrument Started [No Initialize]
