2014/02/17 00:58:14.840 #2014/02/17 01:00:12, M,44392,41900,358.77,40.1,11.275,22.920,1008,39.8,40.4,W
2014/02/17 00:58:16.072 #2014/02/17 01:00:14, M,44392,41892,358.99,40.1,11.275,22.920,1008,39.7,40.4,W
2014/02/17 00:58:17.673 #2014/02/17 01:00:15, M,44392,41893,359.11,40.1,11.275,22.920,1008,39.8,40.4,W
2014/02/17 00:58:19.285 #2014/02/17 01:00:17, M,44392,41893,359.21,40.1,11.275,22.920,1008,39.8,40.4,W
2014/02/17 00:58:20.873 #2014/02/17 01:00:19, M,44392,41896,359.15,40.1,11.275,22.920,1008,39.8,40.5,W
2014/02/17 00:58:22.487 #2014/02/17 01:00:20, M,44392,41894,359.19,40.1,11.275,22.920,1008,39.8,40.5,W
2014/02/17 00:58:24.075 #2014/02/17 01:00:22, M,44392,41894,359.23,40.1,11.275,22.920,1008,39.8,40.4,W
2014/02/17 00:58:27.276 #2014/02/17 01:00:25, M,44392,41891,359.43,40.1,11.304,22.960,1008,39.7,40.4,W
2014/02/17 00:58:25.675 #2014/02/17 01:00:23, M,44392,41893,359.30,40.1,11.304,22.960,1008,39.7,40.4,W
2014/02/17 00:58:27.325 #2014/02/17 00:53:37, M,44392,41698,389.03,40.1,8.551,21.360,1018,39.8,40.5,A
2014/08/10 01:35:01.744 [pco2a:DLOGP4]:Instrument Stopped [Power Off]
2014/08/10 02:00:03.912 [pco2a:DLOGP4]:Instrument Started [Power On]
2014/02/17 00:58:27.366 #2014/02/17 00:53:38, M,44392,41694,389.26,40.1,8.551,21.360,1018,39.8,40.4,A
2014/02/17 00:58:27.408 #2014/02/17 00:53:40, M,44392,41692,389.54,40.1,8.411,21.360,1018,39.8,40.4,A
2014/02/17 00:58:27.450 #2014/02/17 00:53:42, M,44392,41695,389.65,40.1,8.411,21.360,1018,39.7,40.4,A
2014/02/17 00:58:27.491 #2014/02/17 00:53:43, M,44392,41698,389.59,40.1,8.432,21.400,1018,39.8,40.6,A
2014/02/17 00:58:27.533 #2014/02/17 00:53:45, M,44392,41699,389.51,40.1,8.432,21.400,1018,39.8,40.5,A
2014/02/17 00:58:27.575 #2014/02/17 00:53:46, M,44392,41697,389.53,40.1,8.432,21.400,1018,39.8,40.4,A
2014/02/17 00:58:27.616 #2014/02/17 00:53:48, M,44392,41694,389.67,40.1,8.432,21.400,1018,39.7,40.5,A
2014/02/17 00:58:27.658 #2014/02/17 00:53:50, M,44392,41694,389.79,40.1,8.432,21.400,1018,39.8,40.5,A
2014/02/17 01:58:14.785 #2014/02/17 02:00:12, M,44392,41898,358.84,40.1,11.304,22.960,1008,39.8,40.4,W
2014/02/17 01:58:16.003 #2014/02/17 02:00:14, M,44392,41896,358.86,40.1,11.275,22.920,1008,39.8,40.4,W
2014/02/17 01:58:17.604 #2014/02/17 02:00:15, M,44392,41898,358.79,40.1,11.275,22.920,1008,39.7,40.4,W
2014/02/17 01:58:19.204 #2014/02/17 02:00:17, M,44392,41898,358.73,40.1,11.275,22.920,1008,39.9,40.4,W
2014/02/17 01:58:20.805 #2014/02/17 02:00:19, M,44392,41900,358.60,40.1,11.275,22.920,1009,39.7,40.6,W
2014/02/17 01:58:22.405 #2014/02/17 02:00:20, M,44392,41901,358.47,40.1,11.275,22.920,1008,39.8,40.4,W
2014/02/17 01:58:24.006 #2014/02/17 02:00:22, M,44392,41895,358.62,40.1,11.304,22.960,1008,39.9,40.4,W
2014/02/17 01:58:25.619 #2014/02/17 02:00:23, M,44392,41898,358.61,40.1,11.304,22.960,1009,39.7,40.4,W
2014/02/17 01:58:27.208 #2014/02/17 02:00:25, M,44392,41901,358.47,40.1,11.304,22.960,1008,39.8,40.4,W
2014/02/17 01:58:27.256 #2014/02/17 01:53:37, M,44392,41706,387.53,40.1,8.692,21.360,1019,39.8,40.5,A
2014/02/17 01:58:27.298 #2014/02/17 01:53:38, M,44392,41713,387.25,40.1,8.692,21.360,1019,39.8,40.5,A
2014/02/17 01:58:27.339 #2014/02/17 01:53:40, M,44392,41708,387.25,40.1,8.551,21.360,1019,39.8,40.4,A
2014/02/17 01:58:27.381 #2014/02/17 01:53:42, M,44392,41709,387.16,40.1,8.551,21.360,1019,39.8,40.5,A
2014/02/17 01:58:27.422 #2014/02/17 01:53:43, M,44392,41712,386.99,40.1,8.551,21.360,1019,39.8,40.6,A
2014/02/17 01:58:27.464 #2014/02/17 01:53:45, M,44392,41711,386.93,40.1,8.573,21.400,1019,39.7,40.4,A
2014/02/17 01:58:27.506 #2014/02/17 01:53:46, M,44392,41711,386.91,40.1,8.551,21.360,1018,39.7,40.4,A
2014/02/17 01:58:27.547 #2014/02/17 01:53:48, M,44392,41717,386.63,40.1,8.573,21.400,1018,39.8,40.3,A
2014/02/17 01:58:27.589 #2014/02/17 01:53:50, M,44392,41711,386.68,40.1,8.432,21.400,1019,39.7,40.4,A
2014/02/17 02:58:14.702 #2014/02/17 03:00:12, M,44392,41895,358.32,40.1,11.275,22.920,1009,39.8,40.4,W
2014/02/17 02:58:15.958 #2014/02/17 03:00:14, M,44392,41892,358.56,40.1,11.275,22.920,1009,39.8,40.4,W
2014/02/17 02:58:17.535 #2014/02/17 03:00:15, M,44392,41898,358.47,40.1,11.275,22.920,1009,39.8,40.4,W
2014/02/17 02:58:19.135 #2014/02/17 03:00:17, M,44392,41900,358.32,40.1,11.275,22.920,1009,39.8,40.5,W
2014/02/17 02:58:20.736 #2014/02/17 03:00:19, M,44392,41900,358.20,40.1,11.275,22.920,1009,39.8,40.4,W
2014/02/17 02:58:22.336 #2014/02/17 03:00:20, M,44392,41905,357.89,40.1,11.275,22.920,1009,39.9,40.5,W
2014/02/17 02:58:23.937 #2014/02/17 03:00:22, M,44392,41898,357.97,40.1,11.304,22.960,1009,39.8,40.4,W
2014/02/17 02:58:25.538 #2014/02/17 03:00:23, M,44392,41903,357.81,40.1,11.304,22.960,1009,39.8,40.3,W
2014/02/17 02:58:27.151 #2014/02/17 03:00:25, M,44392,41899,357.86,40.1,11.275,22.920,1009,39.8,40.6,W
2014/08/10 01:35:01.744 [pco2a:DLOGP4]:Instrument Stopped [Power Off]
2014/08/10 02:00:03.912 [pco2a:DLOGP4]:Instrument Started [Power On]
2014/02/17 02:58:27.200 #2014/02/17 02:53:37, M,44392,41698,389.53,40.1,8.411,21.360,1019,39.9,40.4,A
2014/02/17 02:58:27.242 #2014/02/17 02:53:38, M,44392,41699,389.39,40.1,8.411,21.360,1019,39.8,40.5,A
2014/02/17 02:58:27.283 #2014/02/17 02:53:40, M,44392,41697,389.35,40.1,8.432,21.400,1019,39.8,40.4,A
2014/02/17 02:58:27.325 #2014/02/17 02:53:42, M,44392,41698,389.29,40.1,8.411,21.360,1019,39.8,40.5,A
2014/02/17 02:58:27.366 #2014/02/17 02:53:43, M,44392,41701,389.13,40.1,8.432,21.400,1018,39.8,40.6,A
2014/02/17 02:58:27.408 #2014/02/17 02:53:45, M,44392,41697,389.21,40.1,8.411,21.360,1018,39.8,40.4,A
2014/02/17 02:58:27.450 #2014/02/17 02:53:46, M,44392,41695,389.32,40.1,8.432,21.400,1019,39.8,40.5,A
2014/02/17 02:58:27.491 #2014/02/17 02:53:48, M,44392,41695,389.37,40.1,8.432,21.400,1019,39.7,40.5,A
2014/02/17 02:58:27.533 #2014/02/17 02:53:50, M,44392,41691,389.61,40.1,8.432,21.400,1019,39.8,40.5,A
2014/02/17 03:58:14.671 #2014/02/17 04:00:12, M,44392,41903,357.32,40.1,11.304,22.960,1009,39.8,40.4,W
2014/02/17 03:58:15.865 #2014/02/17 04:00:14, M,44392,41901,357.40,40.1,11.304,22.960,1009,39.8,40.5,W
2014/02/17 03:58:17.466 #2014/02/17 04:00:15, M,44392,41904,357.32,40.1,11.275,22.920,1009,39.8,40.4,W
2014/02/17 03:58:19.079 #2014/02/17 04:00:17, M,44392,41906,357.20,40.1,11.275,22.920,1009,39.7,40.4,W
2014/02/17 03:58:20.667 #2014/02/17 04:00:19, M,44392,41902,357.26,40.1,11.304,22.960,1009,39.8,40.3,W
2014/02/17 03:58:22.268 #2014/02/17 04:00:20, M,44392,41907,357.11,40.1,11.304,22.960,1009,39.8,40.4,W
2014/02/17 03:58:23.868 #2014/02/17 04:00:22, M,44392,41904,357.12,40.1,11.304,22.960,1009,39.8,40.4,W
2014/02/17 03:58:25.472 #2014/02/17 04:00:23, M,44392,41906,357.04,40.1,11.304,22.960,1009,39.8,40.5,W
2014/02/17 03:58:27.069 #2014/02/17 04:00:25, M,44392,41910,356.82,40.1,11.304,22.960,1009,39.8,40.6,W
2014/02/17 03:58:27.118 #2014/02/17 03:53:37, M,44392,41717,385.70,40.1,8.411,21.360,1019,39.8,40.5,A
2014/02/17 03:58:27.162 #2014/02/17 03:53:38, M,44392,41719,385.62,40.1,8.411,21.360,1019,39.7,40.5,A
2014/02/17 03:58:27.201 #2014/02/17 03:53:40, M,44392,41716,385.66,40.1,8.270,21.360,1019,40.0,40.4,A
2014/02/17 03:58:27.243 #2014/02/17 03:53:42, M,44392,41719,385.55,40.1,8.270,21.360,1019,39.8,40.5,A
2014/08/10 01:35:01.744 [pco2a:DLOGP4]:Instrument Stopped [Power Off]
2014/08/10 02:00:03.912 [pco2a:DLOGP4]:Instrument Started [Power On]
2014/02/17 03:58:27.284 #2014/02/17 03:53:43, M,44392,41712,385.80,40.1,8.291,21.400,1019,39.8,40.3,A
2014/02/17 03:58:27.326 #2014/02/17 03:53:45, M,44392,41716,385.82,40.1,8.270,21.360,1019,39.7,40.4,A
2014/02/17 03:58:27.368 #2014/02/17 03:53:46, M,44392,41716,385.82,40.1,8.149,21.400,1019,39.8,40.6,A
2014/02/17 03:58:27.409 #2014/02/17 03:53:48, M,44392,41717,385.82,40.1,8.149,21.400,1019,39.8,40.5,A
2014/02/17 03:58:27.452 #2014/02/17 03:53:50, M,44392,41712,386.03,40.1,8.149,21.400,1019,39.8,40.6,A
2014/02/17 04:58:14.565 #2014/02/17 05:00:12, M,44392,41904,356.87,40.1,11.304,22.960,1009,39.8,40.3,W
2014/02/17 04:58:15.796 #2014/02/17 05:00:14, M,44392,41910,356.66,40.1,11.304,22.960,1009,39.8,40.5,W
2014/02/17 04:58:17.402 #2014/02/17 05:00:15, M,44392,41904,356.76,40.1,11.304,22.960,1009,39.8,40.4,W
2014/02/17 04:58:18.998 #2014/02/17 05:00:17, M,44392,41906,356.76,40.1,11.304,22.960,1009,39.8,40.4,W
2014/02/17 04:58:20.611 #2014/02/17 05:00:19, M,44392,41909,356.62,40.1,11.304,22.960,1009,39.8,40.4,W
2014/02/17 04:58:22.199 #2014/02/17 05:00:20, M,44392,41906,356.65,40.1,11.304,22.960,1009,39.7,40.4,W
2014/02/17 04:58:23.799 #2014/02/17 05:00:22, M,44392,41904,356.74,40.1,11.332,23.000,1010,39.8,40.6,W
2014/02/17 04:58:25.400 #2014/02/17 05:00:23, M,44392,41904,356.82,40.1,11.304,22.960,1009,39.8,40.4,W
2014/02/17 04:58:27.013 #2014/02/17 05:00:25, M,44392,41902,356.97,40.1,11.332,23.000,1009,39.8,40.4,W
2014/02/17 04:58:27.049 #2014/02/17 04:53:37, M,44392,41720,385.41,40.1,8.128,21.360,1019,39.6,40.5,A
2014/02/17 04:58:27.091 #2014/02/17 04:53:38, M,44392,41715,385.51,40.1,8.149,21.400,1019,39.7,40.4,A
2014/02/17 04:58:27.132 #2014/02/17 04:53:40, M,44392,41715,385.56,40.1,8.149,21.400,1019,39.8,40.5,A
2014/02/17 04:58:27.174 #2014/02/17 04:53:42, M,44392,41717,385.50,40.1,8.028,21.440,1020,39.8,40.5,A
2014/02/17 04:58:27.216 #2014/02/17 04:53:43, M,44392,41711,385.70,40.1,8.007,21.400,1020,39.8,40.5,A
2014/08/10 01:35:01.744 [pco2a:DLOGP4]:Instrument Stopped [Power Off]
2014/08/10 02:00:03.912 [pco2a:DLOGP4]:Instrument Started [Power On]
2014/02/17 04:58:27.257 #2014/02/17 04:53:45, M,44392,41718,385.57,40.1,8.028,21.440,1019,39.7,40.5,A
2014/02/17 04:58:27.299 #2014/02/17 04:53:46, M,44392,41719,385.47,40.1,7.865,21.400,1019,39.8,40.3,A
2014/02/17 04:58:27.341 #2014/02/17 04:53:48, M,44392,41718,385.42,40.1,7.885,21.440,1019,39.8,40.5,A
2014/02/17 04:58:27.382 #2014/02/17 04:53:50, M,44392,41714,385.59,40.1,7.885,21.440,1019,39.9,40.5,A
2014/02/17 05:58:14.496 #2014/02/17 06:00:12, M,44392,41898,357.77,40.1,11.332,23.000,1010,39.8,40.5,W
2014/02/17 05:58:15.727 #2014/02/17 06:00:14, M,44392,41901,357.66,40.1,11.332,23.000,1010,39.7,40.4,W
2014/02/17 05:58:17.328 #2014/02/17 06:00:15, M,44392,41896,357.82,40.1,11.304,22.960,1010,39.8,40.4,W
2014/02/17 05:58:18.928 #2014/02/17 06:00:17, M,44392,41901,357.71,40.1,11.332,23.000,1010,39.7,40.4,W
2014/02/17 05:58:20.529 #2014/02/17 06:00:19, M,44392,41901,357.62,40.1,11.332,23.000,1010,39.8,40.4,W
2014/02/17 05:58:22.142 #2014/02/17 06:00:20, M,44392,41900,357.61,40.1,11.332,23.000,1010,39.8,40.4,W
2014/02/17 05:58:23.730 #2014/02/17 06:00:22, M,44392,41905,357.37,40.1,11.332,23.000,1010,39.7,40.5,W
2014/02/17 05:58:25.331 #2014/02/17 06:00:23, M,44392,41906,357.17,40.1,11.209,23.040,1010,39.8,40.4,W
2014/02/17 05:58:26.932 #2014/02/17 06:00:25, M,44392,41909,356.88,40.1,11.209,23.040,1010,39.8,40.4,W
2014/02/17 05:58:26.980 #2014/02/17 05:53:37, M,44392,41735,382.03,40.1,7.885,21.440,1020,39.8,40.5,A
2014/02/17 05:58:27.022 #2014/02/17 05:53:38, M,44392,41733,382.11,40.1,7.885,21.440,1020,39.8,40.4,A
2014/02/17 05:58:27.063 #2014/02/17 05:53:40, M,44392,41733,382.18,40.1,7.885,21.440,1020,39.8,40.4,A
2014/02/17 05:58:27.105 #2014/02/17 05:53:42, M,44392,41736,382.10,40.1,7.885,21.440,1020,39.8,40.5,A
2014/02/17 05:58:27.147 #2014/02/17 05:53:43, M,44392,41734,382.11,40.1,7.885,21.440,1020,39.8,40.5,A
2014/02/17 05:58:27.188 #2014/02/17 05:53:45, M,44392,41734,382.12,40.1,7.885,21.440,1020,39.8,40.4,A
2014/02/17 05:58:27.230 #2014/02/17 05:53:46, M,44392,41732,382.20,40.1,7.885,21.440,1020,39.7,40.5,A
2014/02/17 05:58:27.271 #2014/02/17 05:53:48, M,44392,41738,382.02,40.1,7.885,21.440,1020,39.8,40.5,A
2014/02/17 05:58:27.313 #2014/02/17 05:53:50, M,44392,41729,382.28,40.1,7.885,21.440,1020,39.8,40.5,A
2014/02/17 06:58:14.440 #2014/02/17 07:00:12, M,44392,41903,356.32,40.1,11.332,23.000,1011,39.7,40.4,W
2014/02/17 06:58:15.659 #2014/02/17 07:00:14, M,44392,41904,356.34,40.1,11.304,22.960,1011,39.8,40.4,W
2014/08/10 01:35:01.744 [pco2a:DLOGP4]:Instrument Stopped [Power Off]
2014/08/10 02:00:03.912 [pco2a:DLOGP4]:Instrument Started [Power On]
2014/02/17 06:58:17.259 #2014/02/17 07:00:15, M,44392,41902,356.43,40.1,11.332,23.000,1011,39.8,40.4,W
2014/02/17 06:58:18.859 #2014/02/17 07:00:17, M,44392,41900,356.59,40.1,11.332,23.000,1011,39.8,40.4,W
2014/02/17 06:58:20.460 #2014/02/17 07:00:19, M,44392,41904,356.55,40.1,11.332,23.000,1011,39.8,40.4,W
2014/02/17 06:58:22.061 #2014/02/17 07:00:20, M,44392,41903,356.54,40.1,11.332,23.000,1011,39.8,40.4,W
2014/02/17 06:58:23.661 #2014/02/17 07:00:22, M,44392,41905,356.45,40.1,11.361,23.040,1011,39.8,40.5,W
2014/02/17 06:58:25.275 #2014/02/17 07:00:23, M,44392,41908,356.26,40.1,11.332,23.000,1011,39.8,40.4,W
2014/02/17 06:58:26.867 #2014/02/17 07:00:25, M,44392,41909,356.06,40.1,11.361,23.040,1011,39.7,40.4,W
2014/02/17 06:58:26.911 #2014/02/17 06:53:37, M,44392,41733,381.88,40.1,7.741,21.440,1021,39.8,40.5,A
2014/02/17 06:58:26.953 #2014/02/17 06:53:38, M,44392,41731,382.01,40.1,7.741,21.440,1021,39.8,40.5,A
2014/02/17 06:58:26.995 #2014/02/17 06:53:40, M,44392,41732,382.04,40.1,7.598,21.440,1021,39.7,40.4,A
2014/08/10 01:35:01.744 [pco2a:DLOGP4]:Instrument Stopped [Power Off]
2014/02/17 06:58:27.037 #2014/02/17 06:53:42, M,44392,41736,381.92,40.1,7.598,21.440,1021,39.8,40.4,A
2014/02/17 06:58:27.078 #2014/02/17 06:53:43, M,44392,41736,381.79,40.1,7.598,21.440,1021,39.8,40.4,A
2014/02/17 06:58:27.119 #2014/02/17 06:53:45, M,44392,41731,381.94,40.1,7.617,21.480,1021,39.8,40.5,A
2014/02/17 06:58:27.161 #2014/02/17 06:53:46, M,44392,41729,382.19,40.1,7.598,21.440,1020,39.7,40.5,A
2014/02/17 06:58:27.202 #2014/02/17 06:53:48, M,44392,41736,382.05,40.1,7.617,21.480,1020,39.7,40.5,A
2014/02/17 06:58:27.244 #2014/02/17 06:53:50, M,44392,41739,381.79,40.1,7.598,21.440,1021,39.8,40.6,A
2014/02/17 07:58:14.363 #2014/02/17 08:00:12, M,44392,41908,356.20,40.1,11.332,23.000,1011,39.8,40.4,W
2014/02/17 07:58:15.589 #2014/02/17 08:00:14, M,44392,41904,356.27,40.1,11.332,23.000,1011,39.8,40.4,W
2014/02/17 07:58:17.203 #2014/02/17 08:00:15, M,44392,41904,356.32,40.1,11.332,23.000,1011,39.8,40.4,W
2014/02/17 07:58:18.803 #2014/02/17 08:00:17, M,44392,41903,356.41,40.1,11.332,23.000,1011,39.8,40.4,W
2014/02/17 07:58:20.404 #2014/02/17 08:00:19, M,44392,41901,356.56,40.1,11.332,23.000,1011,39.8,40.4,W
2014/02/17 07:58:22.027 #2014/02/17 08:00:20, M,44392,41906,356.45,40.1,11.181,23.000,1011,39.8,40.5,W
2014/02/17 07:58:23.611 #2014/02/17 08:00:22, M,44392,41907,356.33,40.1,11.361,23.040,1011,39.8,40.4,W
2014/02/17 07:58:25.193 #2014/02/17 08:00:23, M,44392,41908,356.20,40.1,11.181,23.000,1011,39.7,40.4,W
2014/02/17 07:58:26.807 #2014/02/17 08:00:25, M,44392,41909,356.05,40.1,11.361,23.040,1011,39.8,40.4,W
2014/02/17 07:58:26.855 #2014/02/17 07:53:37, M,44392,41735,381.70,40.1,7.598,21.440,1021,39.8,40.5,A
2014/02/17 07:58:26.897 #2014/02/17 07:53:38, M,44392,41734,381.65,40.1,7.598,21.440,1021,39.7,40.4,A
2014/02/17 07:58:26.938 #2014/02/17 07:53:40, M,44392,41729,381.83,40.1,7.598,21.440,1021,39.8,40.5,A
2014/02/17 07:58:26.980 #2014/02/17 07:53:42, M,44392,41734,381.75,40.1,7.598,21.440,1021,39.8,40.5,A
2014/02/17 07:58:27.022 #2014/02/17 07:53:43, M,44392,41734,381.69,40.1,7.598,21.440,1021,39.8,40.5,A
2014/02/17 07:58:27.063 #2014/02/17 07:53:45, M,44392,41733,381.67,40.1,7.598,21.440,1021,39.8,40.6,A
2014/02/17 07:58:27.105 #2014/02/17 07:53:46, M,44392,41732,381.70,40.1,7.598,21.440,1021,39.7,40.5,A
2014/02/17 07:58:27.146 #2014/02/17 07:53:48, M,44392,41732,381.72,40.2,7.598,21.440,1021,39.9,40.6,A
2014/02/17 07:58:27.188 #2014/02/17 07:53:50, M,44392,41733,381.69,40.1,7.617,21.480,1021,39.8,40.5,A
2014/02/17 08:58:14.289 #2014/02/17 09:00:12, M,44392,41903,356.25,40.1,11.181,23.000,1012,39.8,40.5,W
2014/02/17 08:58:15.520 #2014/02/17 09:00:14, M,44392,41905,356.09,40.1,11.181,23.000,1012,39.8,40.5,W
2014/02/17 08:58:17.121 #2014/02/17 09:00:15, M,44392,41906,355.93,40.1,11.209,23.040,1012,39.9,40.3,W
2014/02/17 08:58:18.735 #2014/02/17 09:00:17, M,44392,41902,355.97,40.1,11.209,23.040,1012,39.8,40.5,W
2014/02/17 08:58:20.322 #2014/02/17 09:00:19, M,44392,41904,355.93,40.1,11.209,23.040,1012,39.8,40.5,W
2014/02/17 08:58:21.923 #2014/02/17 09:00:20, M,44392,41904,355.88,40.1,11.209,23.040,1012,39.7,40.4,W
2014/02/17 08:58:23.536 #2014/02/17 09:00:22, M,44392,41906,355.76,40.1,11.209,23.040,1012,39.8,40.4,W
2014/02/17 08:58:25.124 #2014/02/17 09:00:23, M,44392,41909,355.55,40.1,11.209,23.040,1012,39.8,40.4,W
2014/02/17 08:58:26.725 #2014/02/17 09:00:25, M,44392,41907,355.47,40.1,11.209,23.040,1012,39.8,40.5,W
2014/02/17 08:58:26.773 #2014/02/17 08:53:37, M,44392,41737,380.98,40.1,7.598,21.440,1023,39.8,40.4,A
2014/02/17 08:58:26.815 #2014/02/17 08:53:38, M,44392,41735,380.88,40.1,7.598,21.440,1023,39.8,40.5,A
2014/02/17 08:58:26.857 #2014/02/17 08:53:40, M,44392,41735,380.83,40.2,7.454,21.440,1023,39.8,40.6,A
2014/02/17 08:58:26.898 #2014/02/17 08:53:42, M,44392,41736,380.73,40.2,7.598,21.440,1023,39.8,40.5,A
2014/02/17 08:58:26.940 #2014/02/17 08:53:43, M,44392,41730,380.93,40.2,7.454,21.440,1023,39.8,40.6,A
2014/02/17 08:58:26.983 #2014/02/17 08:53:45, M,44392,41730,381.11,40.2,7.473,21.480,1022,39.7,40.5,A
2014/02/17 08:58:27.024 #2014/02/17 08:53:46, M,44392,41731,381.21,40.1,7.473,21.480,1022,39.8,40.4,A
2014/02/17 08:58:27.065 #2014/02/17 08:53:48, M,44392,41726,381.50,40.1,7.328,21.480,1022,39.7,40.5,A
2014/02/17 08:58:27.106 #2014/02/17 08:53:50, M,44392,41730,381.57,40.1,7.328,21.480,1022,39.8,40.5,A
2014/02/17 09:58:14.220 #2014/02/17 10:00:12, M,44392,41891,356.92,40.1,11.153,22.960,1012,39.8,40.4,W
2014/02/17 09:58:15.451 #2014/02/17 10:00:14, M,44392,41896,356.98,40.1,11.153,22.960,1012,39.7,40.5,W
2014/02/17 09:58:17.052 #2014/02/17 10:00:15, M,44392,41893,357.15,40.1,11.153,22.960,1012,39.8,40.4,W
2014/02/17 09:58:18.652 #2014/02/17 10:00:17, M,44392,41896,357.14,40.1,11.181,23.000,1012,39.8,40.4,W
2014/02/17 09:58:20.265 #2014/02/17 10:00:19, M,44392,41898,357.06,40.1,11.181,23.000,1012,39.8,40.5,W
2014/02/17 09:58:21.854 #2014/02/17 10:00:20, M,44392,41900,356.91,40.1,11.153,22.960,1012,39.8,40.4,W
2014/02/17 09:58:23.454 #2014/02/17 10:00:22, M,44392,41900,356.81,40.1,11.181,23.000,1012,39.7,40.4,W
2014/02/17 09:58:25.055 #2014/02/17 10:00:23, M,44392,41900,356.72,40.1,11.181,23.000,1012,39.7,40.4,W
2014/02/17 09:58:26.657 #2014/02/17 10:00:25, M,44392,41901,356.61,40.1,11.181,23.000,1012,39.8,40.4,W
2014/02/17 09:58:26.705 #2014/02/17 09:53:37, M,44392,41730,381.07,40.1,7.291,21.400,1024,39.8,40.4,A
2014/02/17 09:58:26.746 #2014/02/17 09:53:38, M,44392,41727,381.19,40.1,7.291,21.400,1024,39.8,40.5,A
2014/02/17 09:58:26.787 #2014/02/17 09:53:40, M,44392,41729,381.22,40.1,7.310,21.440,1023,39.8,40.5,A
2014/02/17 09:58:26.829 #2014/02/17 09:53:42, M,44392,41732,381.12,40.1,7.291,21.400,1023,39.7,40.4,A
2014/02/17 09:58:26.871 #2014/02/17 09:53:43, M,44392,41731,381.05,40.1,7.291,21.400,1024,39.7,40.5,A
2014/02/17 09:58:26.912 #2014/02/17 09:53:45, M,44392,41733,380.93,40.1,7.310,21.440,1024,39.8,40.5,A
2014/02/17 09:58:26.954 #2014/02/17 09:53:46, M,44392,41732,380.86,40.1,7.310,21.440,1024,39.8,40.5,A
2014/02/17 09:58:26.995 #2014/02/17 09:53:48, M,44392,41728,380.98,40.1,7.310,21.440,1024,39.8,40.5,A
2014/02/17 09:58:27.037 #2014/02/17 09:53:50, M,44392,41728,381.10,40.1,7.310,21.440,1023,39.8,40.5,A
2014/02/17 10:58:14.151 #2014/02/17 11:00:12, M,44392,41895,355.82,40.1,11.153,22.960,1013,39.8,40.4,W
2014/02/17 10:58:15.383 #2014/02/17 11:00:14, M,44392,41899,355.85,40.1,11.153,22.960,1014,39.8,40.4,W
2014/02/17 10:58:17.000 #2014/02/17 11:00:15, M,44392,41906,355.57,40.1,11.153,22.960,1014,39.8,40.4,W
2014/02/17 10:58:18.584 #2014/02/17 11:00:17, M,44392,41898,355.71,40.1,11.153,22.960,1013,39.8,40.4,W
2014/02/17 10:58:20.185 #2014/02/17 11:00:19, M,44392,41903,355.59,40.1,11.153,22.960,1014,39.8,40.4,W
2014/02/17 10:58:21.786 #2014/02/17 11:00:20, M,44392,41900,355.64,40.1,11.153,22.960,1013,39.8,40.4,W
2014/02/17 10:58:23.399 #2014/02/17 11:00:22, M,44392,41901,355.63,40.1,11.153,22.960,1014,39.8,40.5,W
2014/02/17 10:58:24.987 #2014/02/17 11:00:23, M,44392,41906,355.41,40.1,11.153,22.960,1013,39.7,40.4,W
2014/02/17 10:58:26.587 #2014/02/17 11:00:25, M,44392,41906,355.24,40.1,11.153,22.960,1013,39.8,40.4,W
2014/02/17 10:58:26.636 #2014/02/17 10:53:37, M,44392,41731,380.59,40.1,7.272,21.360,1024,39.9,40.6,A
2014/02/17 10:58:26.677 #2014/02/17 10:53:38, M,44392,41729,380.60,40.1,7.272,21.360,1025,39.8,40.5,A
2014/02/17 10:58:26.719 #2014/02/17 10:53:40, M,44392,41727,380.73,40.1,7.272,21.360,1025,39.8,40.5,A
2014/02/17 10:58:26.761 #2014/02/17 10:53:42, M,44392,41726,380.85,40.1,7.272,21.360,1025,39.7,40.5,A
2014/02/17 10:58:26.802 #2014/02/17 10:53:43, M,44392,41724,381.04,40.1,7.272,21.360,1025,39.8,40.4,A
2014/02/17 10:58:26.844 #2014/02/17 10:53:45, M,44392,41724,381.25,40.1,7.291,21.400,1024,39.8,40.5,A
2014/02/17 10:58:26.885 #2014/02/17 10:53:46, M,44392,41725,381.31,40.1,7.146,21.400,1025,39.8,40.5,A
2014/02/17 10:58:26.927 #2014/02/17 10:53:48, M,44392,41725,381.36,40.1,7.146,21.400,1024,39.8,40.5,A
2014/02/17 10:58:26.969 #2014/02/17 10:53:50, M,44392,41727,381.30,40.1,7.165,21.440,1025,39.8,40.4,A
2014/02/17 11:58:14.095 #2014/02/17 12:00:12, M,44392,41900,355.66,40.1,11.153,22.960,1014,39.8,40.4,W
2014/02/17 11:58:15.314 #2014/02/17 12:00:14, M,44392,41901,355.61,40.1,11.153,22.960,1014,39.8,40.4,W
2014/02/17 11:58:16.917 #2014/02/17 12:00:15, M,44392,41899,355.66,40.1,11.153,22.960,1014,39.8,40.4,W
2014/02/17 11:58:18.515 #2014/02/17 12:00:17, M,44392,41896,355.83,40.1,11.181,23.000,1014,39.9,40.5,W
2014/02/17 11:58:20.116 #2014/02/17 12:00:19, M,44392,41902,355.69,40.1,11.153,22.960,1014,39.8,40.4,W
2014/02/17 11:58:21.716 #2014/02/17 12:00:20, M,44392,41899,355.72,40.1,11.181,23.000,1014,39.8,40.4,W
2014/02/17 11:58:23.317 #2014/02/17 12:00:22, M,44392,41898,355.79,40.1,11.153,22.960,1014,39.8,40.4,W
2014/02/17 11:58:24.931 #2014/02/17 12:00:23, M,44392,41895,355.96,40.1,11.153,22.960,1014,39.8,40.4,W
2014/02/17 11:58:26.519 #2014/02/17 12:00:25, M,44392,41900,355.87,40.1,11.153,22.960,1014,39.7,40.4,W
2014/02/17 11:58:26.567 #2014/02/17 11:53:37, M,44392,41722,380.92,40.1,7.291,21.400,1026,39.8,40.5,A
2014/02/17 11:58:26.609 #2014/02/17 11:53:38, M,44392,41725,380.91,40.1,7.291,21.400,1026,39.7,40.5,A
2014/02/17 11:58:26.650 #2014/02/17 11:53:40, M,44392,41720,381.12,40.1,7.291,21.400,1026,39.8,40.4,A
2014/02/17 11:58:26.692 #2014/02/17 11:53:42, M,44392,41721,381.20,40.1,7.165,21.440,1026,39.7,40.5,A
2014/02/17 11:58:26.733 #2014/02/17 11:53:43, M,44392,41723,381.15,40.1,7.146,21.400,1026,39.8,40.4,A
2014/02/17 11:58:26.775 #2014/02/17 11:53:45, M,44392,41721,381.26,40.1,7.165,21.440,1026,39.8,40.5,A
2014/02/17 11:58:26.817 #2014/02/17 11:53:46, M,44392,41718,381.48,40.1,7.020,21.440,1026,39.9,40.5,A
2014/02/17 11:58:26.858 #2014/02/17 11:53:48, M,44392,41722,381.49,40.1,7.020,21.440,1026,39.7,40.5,A
2014/02/17 11:58:26.900 #2014/02/17 11:53:50, M,44392,41724,381.35,40.1,7.020,21.440,1026,39.8,40.5,A
