2017/06/13 23:30:07.992 [ctdbp:DLOGP3]:Instrument Started [Power On]
2017/06/13 23:30:20.889 # 13.2590,  3.65509,    7.043, 13 Jun 2017 23:30:13
2017/06/13 23:30:30.882 # 13.2690,  3.65591,    7.225, 13 Jun 2017 23:30:23
2017/06/13 23:30:40.882 # 13.2674,  3.65472,    6.967, 13 Jun 2017 23:30:33
2017/06/13 23:30:50.881 # 13.2859,  3.65304,    7.338, 13 Jun 2017 23:30:43
2017/06/13 23:31:00.881 # 13.2940,  3.65238,    7.155, 13 Jun 2017 23:30:53
2017/06/13 23:31:10.882 # 13.3099,  3.65186,    7.289, 13 Jun 2017 23:31:03
2017/06/13 23:31:20.881 # 13.3289,  3.65005,    7.390, 13 Jun 2017 23:31:13
2017/06/13 23:31:30.882 # 13.3348,  3.65022,    7.395, 13 Jun 2017 23:31:23
2017/06/13 23:31:40.882 # 13.3436,  3.64980,    7.173, 13 Jun 2017 23:31:33
2017/06/13 23:32:00.950 # 133183,  3.65206,    7.124, 13 Jun 2017 23:31:53
2017/06/13 23:32:10.881 # 13.3036,  3.65446,    7.011, 13 Jun 2017 23:32:03
2017/06/13 23:32:20.882 # 13.2702,  3.65953,    7.138, 13 Jun 2017 23:32:13
2017/06/13 23:32:30.882 # 13.2498,  3.66138,    6.936, 13 Jun 2017 23:32:23
2017/06/13 23:32:40.887 # 13.1906,  3.66811,    7.100, 13 Jun 2017 23:32:33
2017/06/13 23:32:50.882 # 13.1620,  3.66952,    6.964, 13 Jun 2017 23:32:43
2017/06/13 23:33:07.364 [ctdbp:DLOGP3]:Instrument Stopped [Power Off]
2017/06/13 23:45:03.059 [ctdbp:DLOGP3]:€SBE 16plus
2017/06/13 23:45:06.479 [ctdbp:DLOGP3]:Instrument Started [Power On]
2017/06/13 23:45:19.888 # 13.0570,  3.67001,    7.083, 13 Jun 2017 23:45:12
2017/06/13 23:45:29.882 # 13.0745,  3.66955,    7.196, 13 Jun 2017 23:45:22
2017/06/13 23:45:39.882 # 13.0856,  3.66854,    7.034, 13 Jun 2017 23:45:32
2017/06/13 23:45:49.882 # 13.0589,  3.67029,    7.452, 13 Jun 2017 23:45:42
2017/06/13 23:45:59.881 # 13.0558,  3.67067,    7.195, 13 Jun 2017 23:45:52
2017/06/13 23:46:09.882 # 13.0963,  3.66867,    7.376, 13 Jun 2017 23:46:02
2017/06/13 23:46:19.882 # 13.1159,  3.66784,    7.013, 13 Jun 2017 23:46:12
2017/06/13 23:46:29.893 # 13.1261,  3.66730,    7.123, 13 Jun 2017 23:46:22
2017/06/13 23:46:39.882 # 13.1368,  366683,    6.898, 13 Jun 2017 23:46:32
2017/06/13 23:46:49.882 # 13.1387,  3.66727,    6.913, 13 Jun 2017 23:46:42
2017/06/13 23:46:59.882 # 13.1378,  3.66750,    7.026, 13 Jun 2017 23:46:52
2017/06/13 23:47:09.882 # 13.1433,  3.66750,    6.874, 13 Jun 2017 23:47:02
2017/06/13 23:47:19.881 # 13.1303,  3.66835,    7.589, 13 Jun 2017 23:47:12
2017/06/13 23:47:29.882 # 13.1325,  3.66793,    7.245, 13 Jun 2017 23:47:22
2017/06/13 23:47:39.882 # 13.1259,  3.66831,    7495, 13 Jun 2017 23:47:32
2017/06/13 23:47:49.882 # 13.1245,  3.66846,    7.436, 13 Jun 2017 23:47:42
2017/06/13 23:47:59.882 # 13.1418,  3.66746,    7.487, 13 Jun 2017 23:47:52
2017/06/13 23:48:06.371 [ctdbp:DLOGP3]:Instrument Stopped [Power Off]
