2017/04/25 12:30:13.199 [ctdbp:DLOGP3]:Instrument Started [Power On]
2017/04/25 12:30:26.450 # 10.8939,  3.64517,    7.367, 25 Apr 2017 12:30:20
2017/04/25 12:30:36.450 # 10.8936,  3.64509,    6.767, 25 Apr 2017 12:30:30
2017/04/25 12:30:46.443 # 10.8937,  3.64512     6.867, 25 Apr 2017 12:30:40
2017/04/25 12:30:56.444 # 10.8937,  3.64516,    7.358, 25 Apr 2017 12:30:50
2017/04/25 12:31:06.444 # 10.8936,  3.64508,    6.643, 25 Apr 2017 12:31:00
2017/04/25 12:31:16.447 # 10.8935,  3.64506,    6.669, 25 Apr 2017 12:31:10
2017/04/25 12:31:26.443 # 10.8932,  3.64512,    6.921, 25 Apr 2017 12:31:20
2017/04/25 12:31:46.460 # 10.8932,  3.64516,    6.836, 25 Apr 2017 12:31:40
2017/04/25 12:31:56.443 # 10.8931,  3.64525,    7.542, Apr 2017 12:31:50
2017/04/25 12:32:06.442 # 10.8930,  3.64524,    7.596, 25 Apr 2017 12:32:00
2017/04/25 12:32:16.443 # 10.8930,  3.64519,    7.386, 25 Apr 2017 12:32:10
2017/04/25 12:32:26.442 # 10.8929,  3.64515,    7.446, 25 Apr 2017 12:32:20
2017/04/25 12:32:36.443 # 10.8925,  3.64504,    6.755, 25 Apr 2017 12:32:30
2017/04/25 12:32:56.442 # 10.8928,  3.64514,    7.075, 25 Apr 2017 12:32:50
2017/04/25 12:33:06.441 # 10.8929,  3.64515,    7.541, 25 Apr 2017 12:33:00
2017/04/25 12:33:16.442 # 10.8926,  3.64514,    6.710, 25 Apr 2017 12:33:10
2017/04/25 12:33:22.929 [ctdbp:DLOGP3]:Instrument Stopped [Power Off]
2017/04/25 12:45:10.453 [ctdbp:DLOGP3]:Instrument Started [Power On]
2017/04/25 12:45:23.449 # 10.8942,  3.64532,    6.901, 25 Apr 2017 12:45:17
2017/04/25 12:45:33.442 # 10.8942,  3.64526,    6.082, 25 Apr 2017 12:45:27
2017/04/25 12:45:43.442 # 10.8943,  3.64529,    6.861, 25 Apr 2017 12:45:37
2017/04/25 12:45:53.444 # 10.8939,  3.64520,    6.883, 25 Apr 2017 12:45:47
2017/04/25 12:46:13.443 # 10.8934,  3.64520,    6.535, 25 Apr 2017 12:46:07
2017/04/25 12:46:23.454 # 10.8929,  3.64513,    6.853, 25 Apr 2017 12:46:17
2017/04/25 12:46:33.443 # 10.8930,  3.64513,    6.965, 25 Apr 2017 12:46:27
2017/04/25 12:46:43.442 # 10.8923,  3.64507,    6.708, 25 Apr 2017 12:46:37
2017/04/25 12:47:03.443 # 10.8928,  3.64512,    7.429, 25 Apr 2017 12:46:57
2017/04/25 12:47:13.442 # 10.8928,  3.64513,    7.066, 25 Apr 2017 12:47:07
2017/04/25 12:47:23.443 # 10.8927,  3.64509,    6.607, 25 Apr 2017 12:47:17
2017/04/25 12:47:33.442 # 10.8932,  3.64516,    7.300, 25 Apr 2017 12:47:27
2017/04/25 12:47:53.443 # 10.8933,  3.64514,    6.864, 25 Apr 2017 12:47:47
2017/04/25 12:48:03.442 # 10.8926,  3.64508,    6.624, 25 Apr 2017 12:47:57
2017/04/25 12:48:13.443 # 10.8927,  3.64510,    7.374, 25 Apr 2017 12:48:07
2017/04/25 12:48:19.924 [ctdbp:DLOGP3]:Instrument Stopped [Power Off]
