2016/01/15 00:00:13.530 [flort:DLOGP2]:Instrument sampling - Data logger entering data acquisition state
2016/01/15 23:47:31.213 01/15/16	23:43:54	700	201	695	133	460	65	551
2016/01/15 23:47:32.343 01/15/16	23:43:55	700	198	695	133	460	65	551
2016/01/15 23:47:33.472 01/15/16	23:43:57	700	200	695	129	460	67	551
2016/01/15 23:47:34.602 01/15/16	23:43:58	700	233	695	129	460	66	551
2016/01/15 23:47:35.732 01/15/16	23:43:59	700	209	695	131	460	67	551
2016/01/15 23:47:36.861 01/15/16	23:44:00	700	263	695	128	460	66	550
2016/01/15 23:47:37.990 01/15/16	23:44:01	700	201	695	125	460	68	551
2016/01/15 23:47:39.119 01/15/16	23:44:02	700	191	695	128	460	64	550
2016/01/15 23:47:40.248 01/15/16	23:44:03	700	232	695	128	460	67	550
2016/01/15 23:47:41.378 01/15/16	23:44:04	700	213	695	131	460	67	550
2016/01/15 23:47:42.507 01/15/16	23:44:06	700	224	695	128	460	69	550
2016/01/15 23:47:43.636 01/15/16	23:44:07	700	211	695	131	460	68	550
2016/01/15 23:47:44.766 01/15/16	23:44:08	700	196	695	132	460	74	550
2016/01/15 23:47:45.894 01/15/16	23:44:09	700	228	695	127	460	67	550
2016/01/15 23:47:47.024 01/15/16	23:44:10	700	225	695	131	460	67	550
2016/01/15 23:47:48.154 01/15/16	23:44:11	700	209	695	136	460	66	550
2016/01/15 23:47:49.283 01/15/16	23:44:12	700	208	695	132	460	66	550
2016/01/15 23:47:50.413 01/15/16	23:44:13	700	206	695	128	460	66	550
2016/01/15 23:47:51.542 01/15/16	23:44:15	700	204	695	130	460	64	550
2016/01/15 23:47:52.680 01/15/16	23:44:16	700	210	695	130	460	66	550
2016/01/15 23:47:53.801 01/15/16	23:44:17	700	188	695	129	460	65	550
2016/01/15 23:47:54.931 01/15/16	23:44:18	700	234	695	129	460	66	550
2016/01/15 23:47:56.060 01/15/16	23:44:19	700	210	695	131	460	65	550
2016/01/15 23:47:57.190 01/15/16	23:44:20	700	213	695	141	460	67	550
2016/01/15 23:47:58.319 01/15/16	23:44:21	700	262	695	150	460	66	550
2016/01/15 23:48:00.796 [flort:DLOGP2]:Instrument Stopped [Power Off]
