2017/04/29 00:00:12.105 [flort:DLOGP2]:Instrument sampling - Data logger entering data acquisition state
2017/04/29 23:45:59.356 04/29/17	23:44:46	700	386	695	184	460	67	554
2017/04/29 23:46:12.913 04/29/17	23:44:59	700	560	695	174	460	63	554
2017/04/29 23:46:19.690 04/29/17	23:45:06	700	446	695	184	460	69	554
2017/04/29 23:46:20.820 04/29/17	23:45:07	700	380	695	195	460	65	554
2017/04/29 23:46:24.208 04/29/17	23:45:11	700	504	695	178	460	64	554
2017/04/29 23:46:25.338 04/29/17	23:45:12	700	643	695	192	460	66	554
2017/04/29 23:46:26.468 04/29/17	23:45:13	700	481	695	198	460	64	554
2017/04/29 23:46:27.597 04/29/17	23:45:14	700	426	695	182	460	64	553
2017/04/29 23:46:38.895 04/29/17	23:45:25	700	392	695	184	460	64	553
2017/04/29 23:46:42.284 04/29/17	23:45:29	700	421	695	157	460	66	553
2017/04/29 23:46:43.414 04/29/17	23:45:30	700	403	695	178	460	63	553
2017/04/29 23:46:44.548 04/29/17	23:45:31	700	469	695	182	460	63	553
2017/04/29 23:46:51.321 04/29/17	23:45:38	700	348	695	187	460	65	553
2017/04/29 23:46:52.451 04/29/17	23:45:39	700	397	695	204	460	64	553
2017/04/29 23:46:53.581 04/29/17	23:45:40	700	482	695	168	460	64	553
2017/04/29 23:46:54.711 04/29/17	23:45:41	700	414	695	184	460	64	553
2017/04/29 23:46:55.840 04/29/17	23:45:42	700	573	695	198	460	66	553
2017/04/29 23:47:09.397 04/29/17	23:45:56	700	422	695	173	460	63	553
2017/04/29 23:47:10.527 04/29/17	23:45:57	700	496	695	181	460	67	553
2017/04/29 23:47:11.657 04/29/17	23:45:58	700	475	695	202	460	65	552
2017/04/29 23:47:12.787 04/29/17	23:45:59	700	471	695	185	460	64	552
2017/04/29 23:47:13.916 04/29/17	23:46:00	700	399	695	188	460	67	553
2017/04/29 23:47:15.046 04/29/17	23:46:02	700	497	695	203	460	66	552
2017/04/29 23:47:24.081 04/29/17	23:46:11	700	561	695	183	460	67	552
2017/04/29 23:47:25.211 04/29/17	23:46:12	700	411	695	206	460	65	552
2017/04/29 23:47:26.341 04/29/17	23:46:13	700	479	695	177	460	64	552
2017/04/29 23:47:31.991 04/29/17	23:46:18	700	493	695	182	460	64	552
2017/04/29 23:47:38.768 04/29/17	23:46:25	700	397	695	167	460	67	552
2017/04/29 23:47:42.203 04/29/17	23:46:29	700	483	695	182	460	66	552
2017/04/29 23:47:43.287 04/29/17	23:46:30	700	467	695	189	460	67	552
2017/04/29 23:47:44.417 04/29/17	23:46:31	700	390	695	195	460	65	552
2017/04/29 23:47:45.546 04/29/17	23:46:32	700	469	695	208	460	68	552
2017/04/29 23:47:46.676 04/29/17	23:46:33	700	409	695	203	460	65	552
2017/04/29 23:47:47.806 04/29/17	23:46:34	700	427	695	232	460	64	552
2017/04/29 23:47:54.584 04/29/17	23:46:41	700	437	695	231	460	63	552
2017/04/29 23:48:01.570 [flort:DLOGP2]:Instrument Stopped [Power Off]
