2017/04/30 00:00:12.584 [flort:DLOGP2]:Instrument sampling - Data logger entering data acquisition state
2017/04/30 00:00:12.621 29/17	23:58:59	700	554	695	170	460	66	556
2017/04/30 00:00:13.745 04/29/17	23:59:00	700	406	695	181	460	66	556
2017/04/30 00:00:14.874 04/29/17	23:59:01	700	411	695	183	460	64	556
2017/04/30 00:01:56.511 04/30/17	00:00:43	700	698	695	184	460	65	553
2017/04/30 00:01:57.640 04/30/17	00:00:44	700	493	695	201	460	62	553
2017/04/30 00:01:58.769 04/30/17	00:00:45	700	510	695	194	460	64	553
2017/04/30 00:02:17.958 04/30/17	00:01:04	700	451	695	208	460	64	552
2017/04/30 00:02:19.126 04/30/17	00:01:06	700	436	695	178	460	65	552
2017/04/30 00:02:20.216 04/30/17	00:01:07	700	366	695	184	460	64	552
2017/04/30 00:02:21.345 04/30/17	00:01:08	700	433	695	191	460	63	552
2017/04/30 00:02:34.893 04/30/17	00:01:21	700	341	695	200	460	66	552
2017/04/30 00:02:47.312 04/30/17	00:01:34	700	493	695	177	460	66	552
2017/04/30 00:03:01.989 04/30/17	00:01:48	700	418	695	189	460	69	552
2017/04/30 00:03:02.196 [flort:DLOGP2]:Instrument Stopped [Power Off]
2017/04/30 00:30:13.886 [flort:DLOGP2]:Instrument sampling - Data logger entering data acquisition state
2017/04/30 00:30:13.924 30/17	00:29:00	700	406	695	170	460	66	557
2017/04/30 00:30:15.051 04/30/17	00:29:02	700	495	695	165	460	66	557
2017/04/30 00:30:16.181 04/30/17	00:29:03	700	391	695	165	460	64	556
2017/04/30 00:31:43.131 04/30/17	00:30:30	700	384	695	168	460	65	553
2017/04/30 00:31:55.553 04/30/17	00:30:42	700	435	695	172	460	63	553
2017/04/30 00:32:23.784 04/30/17	00:31:10	700	342	695	178	460	64	552
2017/04/30 00:33:02.387 [flort:DLOGP2]:Instrument Stopped [Power Off]
2017/04/30 01:00:13.177 [flort:DLOGP2]:Instrument sampling - Data logger entering data acquisition state
2017/04/30 01:00:13.213 30/17	00:59:00	700	381	695	172	460	62	557
2017/04/30 01:01:24.351 04/30/17	01:00:11	700	334	695	156	460	63	554
2017/04/30 01:01:48.061 04/30/17	01:00:35	700	350	695	180	460	64	554
2017/04/30 01:02:11.770 04/30/17	01:00:58	700	444	695	178	460	64	553
2017/04/30 04:33:01.763 [flort:DLOGP2]:Instrument Stopped [Power Off]
