2017/05/05 21:45:13.971 [flort:DLOGP2]:Instrument sampling - Data logger entering data acquisition state
2017/05/05 21:45:14.008 05/17	21:43:58	700	259	695	77	460	64	556
2017/05/05 21:45:15.136 05/05/17	21:43:59	700	249	695	77	460	66	556
2017/05/05 21:45:16.264 05/05/17	21:44:00	700	228	695	78	460	66	556
2017/05/05 21:45:28.676 05/05/17	21:44:13	700	292	695	81	460	65	555
2017/05/05 21:45:51.248 05/05/17	21:44:35	700	265	695	72	460	65	554
2017/05/05 21:45:52.377 05/05/17	21:44:36	700	273	695	79	460	65	554
2017/05/05 21:45:53.505 05/05/17	21:44:37	700	293	695	76	460	66	554
2017/05/05 21:46:00.276 05/05/17	21:44:44	700	237	695	81	460	66	554
2017/05/05 21:46:34.131 05/05/17	21:45:18	700	273	695	71	460	62	553
2017/05/05 21:46:35.259 05/05/17	21:45:19	700	241	695	74	460	63	553
2017/05/05 21:46:36.388 05/05/17	21:45:20	700	241	695	77	460	61	553
2017/05/05 21:46:37.516 05/05/17	21:45:21	700	238	695	72	460	64	553
2017/05/05 21:46:38.645 05/05/17	21:45:23	700	297	695	78	460	65	553
2017/05/05 21:46:39.774 05/05/17	21:45:24	700	309	695	75	460	61	553
2017/05/05 21:46:40.905 05/05/17	21:45:25	700	244	695	78	460	66	553
2017/05/05 21:46:47.673 05/05/17	21:45:32	700	256	695	72	460	66	553
2017/05/05 21:46:48.802 05/05/17	21:45:33	700	275	695	74	460	66	553
2017/05/05 21:47:22.677 05/05/17	21:46:07	700	250	695	75	460	60	552
2017/05/05 21:47:23.785 05/05/17	21:46:08	700	244	695	77	460	66	552
2017/05/05 21:47:24.913 05/05/17	21:46:09	700	274	695	76	460	63	552
2017/05/05 21:47:26.042 05/05/17	21:46:10	700	293	695	75	460	64	552
2017/05/05 21:47:27.171 05/05/17	21:46:11	700	299	695	77	460	67	552
2017/05/05 21:47:28.299 05/05/17	21:46:12	700	263	695	78	460	64	552
2017/05/05 21:47:35.071 05/05/17	21:46:19	700	227	695	79	460	65	551
2017/05/05 21:47:36.199 05/05/17	21:46:20	700	400	695	75	460	66	552
2017/05/05 21:47:37.328 05/05/17	21:46:21	700	341	695	81	460	67	552
2017/05/05 21:47:59.899 05/05/17	21:46:44	700	300	695	80	460	64	551
2017/05/05 21:48:01.028 05/05/17	21:46:45	700	293	695	80	460	64	551
2017/05/05 21:48:01.235 [flort:DLOGP2]:Instrument Stopped [Power Off]
