* Sea-Bird SBE16plus  Data File:
* FileName = C:\Users\McMonagle\Desktop\CTDBP with DOSTA 9-12-14.hex
* Software version 2.3.1
* Temperature SN = 50004
* Conductivity SN = 50004
* System UpLoad Time = Sep 12 2014 15:35:22
* <ApplicationData>
* <Seaterm232>
* <SoftwareVersion>2.3.1</SoftwareVersion>
* <BuildDate>10-Mar-2014</BuildDate>
* </Seaterm232>
* </ApplicationData>
* <InstrumentState>
* <HardwareData DeviceType='SBE16plus' SerialNumber='01650004'>
*    <Manufacturer>Sea-Bird Electronics, Inc.</Manufacturer>
*    <FirmwareVersion>2.5.2</FirmwareVersion>
*    <FirmwareDate>12 Mar 2013 11:50</FirmwareDate>
*    <CommandSetVersion>2.3</CommandSetVersion>
*    <PCBAssembly PCBSerialNum='64312' AssemblyNum='41054H'/>
*    <PCBAssembly PCBSerialNum='65143' AssemblyNum='41580B'/>
*    <PCBAssembly PCBSerialNum='61977' AssemblyNum='41606'/>
*    <PCBAssembly PCBSerialNum='62103' AssemblyNum='41059D'/>
*    <MfgDate>25 OCT 2013</MfgDate>
*    <InternalSensors>
*       <Sensor id='Main Temperature'>
*          <type>temperature0</type>
*          <SerialNumber>01650004</SerialNumber>
*       </Sensor>
*       <Sensor id='Main Conductivity'>
*          <type>conductivity-0</type>
*          <SerialNumber>01650004</SerialNumber>
*       </Sensor>
*       <Sensor id='Main Pressure'>
*          <type>strain-0</type>
*          <SerialNumber>4052151</SerialNumber>
*       </Sensor>
*    </InternalSensors>
*    <ExternalSensors>
*       <Sensor id='volt 0'>
*          <type>not assigned</type>
*          <SerialNumber>not assigned</SerialNumber>
*       </Sensor>
*       <Sensor id='volt 1'>
*          <type>not assigned</type>
*          <SerialNumber>not assigned</SerialNumber>
*       </Sensor>
*       <Sensor id='volt 2'>
*          <type>not assigned</type>
*          <SerialNumber>not assigned</SerialNumber>
*       </Sensor>
*       <Sensor id='volt 3'>
*          <type>not assigned</type>
*          <SerialNumber>not assigned</SerialNumber>
*       </Sensor>
*       <Sensor id='volt 4'>
*          <type>not assigned</type>
*          <SerialNumber>not assigned</SerialNumber>
*       </Sensor>
*       <Sensor id='volt 5'>
*          <type>not assigned</type>
*          <SerialNumber>not assigned</SerialNumber>
*       </Sensor>
*       <Sensor id='serial'>
*          <type>not assigned</type>
*          <SerialNumber>not assigned</SerialNumber>
*       </Sensor>
*    </ExternalSensors>
* </HardwareData>
* <StatusData DeviceType='SBE16plus' SerialNumber='01650004'>
*    <DateTime>2014-09-12T19:35:07</DateTime>
*    <LoggingState>not logging</LoggingState>
*    <EventSummary numEvents='0'/>
*    <Power>
*       <vMain>13.5</vMain>
*       <vLith>8.7</vLith>
*       <iMain>62.2</iMain>
*       <iPump> 0.5</iPump>
*       <iSerial>44.1</iSerial>
*    </Power>
*    <MemorySummary>
*       <Bytes>2574</Bytes>
*       <Samples>143</Samples>
*       <SamplesFree>3655309</SamplesFree>
*       <SampleLength>18</SampleLength>
*       <Headers>1</Headers>
*    </MemorySummary>
* </StatusData>
* <ConfigurationData DeviceType='SBE16plus' SerialNumber='01650004'>
*    <SamplingParameters>
*       <SampleInterval>11</SampleInterval>
*       <MeasurementsPerSample>1</MeasurementsPerSample>
*       <Pump>run pump during sample</Pump>
*       <DelayBeforeSampling>0.0</DelayBeforeSampling>
*       <DelayAfterSampling>0.0</DelayAfterSampling>
*       <TransmitRealTime>yes</TransmitRealTime>
*    </SamplingParameters>
*    <Battery>
*       <CutOff>7.5</CutOff>
*    </Battery>
*    <DataChannels>
*       <ExtVolt0>no</ExtVolt0>
*       <ExtVolt1>no</ExtVolt1>
*       <ExtVolt2>no</ExtVolt2>
*       <ExtVolt3>no</ExtVolt3>
*       <ExtVolt4>no</ExtVolt4>
*       <ExtVolt5>no</ExtVolt5>
*       <SBE38>no</SBE38>
*       <SBE50>no</SBE50>
*       <WETLABS>no</WETLABS>
*       <OPTODE>yes</OPTODE>
*       <SBE63>no</SBE63>
*       <GTD>no</GTD>
*    </DataChannels>
*    <EchoCharacters>yes</EchoCharacters>
*    <OutputExecutedTag>yes</OutputExecutedTag>
*    <OutputFormat>converted decimal</OutputFormat>
*    <OutputSalinity>no</OutputSalinity>
*    <OutputSoundVelocity>no</OutputSoundVelocity>
*    <OutputSigmaT_V_I>no</OutputSigmaT_V_I>
*    <SerialLineSync>no</SerialLineSync>
* </ConfigurationData>
* <CalibrationCoefficients DeviceType='SBE16plus' SerialNumber='01650004'>
*    <Calibration format='TEMP1' id='Main Temperature'>
*       <SerialNum>01650004</SerialNum>
*       <CalDate>25-Jan-14</CalDate>
*       <TA0>1.297328e-03</TA0>
*       <TA1>2.643312e-04</TA1>
*       <TA2>-2.291603e-07</TA2>
*       <TA3>1.457250e-07</TA3>
*       <TOFFSET>0.000000e+00</TOFFSET>
*    </Calibration>
*    <Calibration format='WBCOND0' id='Main Conductivity'>
*       <SerialNum>01650004</SerialNum>
*       <CalDate>25-Jan-14</CalDate>
*       <G>-9.876011e-01</G>
*       <H>1.394142e-01</H>
*       <I>-1.512109e-04</I>
*       <J>2.960967e-05</J>
*       <CPCOR>-9.570000e-08</CPCOR>
*       <CTCOR>3.250000e-06</CTCOR>
*       <CSLOPE>1.000000e+00</CSLOPE>
*    </Calibration>
*    <Calibration format='STRAIN0' id='Main Pressure'>
*       <SerialNum>4052151</SerialNum>
*       <CalDate>20-Jan-14</CalDate>
*       <PA0>2.124786e+00</PA0>
*       <PA1>2.653874e-03</PA1>
*       <PA2>2.152729e-11</PA2>
*       <PTCA0>5.244047e+05</PTCA0>
*       <PTCA1>5.683521e+01</PTCA1>
*       <PTCA2>-9.112776e-01</PTCA2>
*       <PTCB0>2.502037e+01</PTCB0>
*       <PTCB1>-3.250000e-04</PTCB1>
*       <PTCB2>0.000000e+00</PTCB2>
*       <PTEMPA0>-7.351823e+01</PTEMPA0>
*       <PTEMPA1>4.940638e+01</PTEMPA1>
*       <PTEMPA2>-1.606849e-01</PTEMPA2>
*       <POFFSET>0.000000e+00</POFFSET>
*       <PRANGE>8.700000e+02</PRANGE>
*    </Calibration>
*    <Calibration format='VOLT0' id='Volt 0'>
*       <OFFSET>-4.774526e-02</OFFSET>
*       <SLOPE>1.247817e+00</SLOPE>
*    </Calibration>
*    <Calibration format='VOLT0' id='Volt 1'>
*       <OFFSET>-4.799684e-02</OFFSET>
*       <SLOPE>1.247811e+00</SLOPE>
*    </Calibration>
*    <Calibration format='VOLT0' id='Volt 2'>
*       <OFFSET>-4.752737e-02</OFFSET>
*       <SLOPE>1.248332e+00</SLOPE>
*    </Calibration>
*    <Calibration format='VOLT0' id='Volt 3'>
*       <OFFSET>-4.692316e-02</OFFSET>
*       <SLOPE>1.247543e+00</SLOPE>
*    </Calibration>
*    <Calibration format='VOLT0' id='Volt 4'>
*       <OFFSET>-4.821790e-02</OFFSET>
*       <SLOPE>1.247813e+00</SLOPE>
*    </Calibration>
*    <Calibration format='VOLT0' id='Volt 5'>
*       <OFFSET>-4.741474e-02</OFFSET>
*       <SLOPE>1.249424e+00</SLOPE>
*    </Calibration>
*    <Calibration format='FREQ0' id='external frequency channel'>
*       <EXTFREQSF>9.999991e-01</EXTFREQSF>
*    </Calibration>
* </CalibrationCoefficients>
* <EventCounters DeviceType='SBE16plus' SerialNumber='01650004'>
*    <EventSummary numEvents='0'/>
* </EventCounters></InstrumentState>
* <Headers>
* hdr   1 12 Sep 2014 19:08:12 samples 1 to 143, int = 11, stop = stop cmd
*END*
0390230A677208164965CF2A60DE1BA6011A
0390290A677308164865C52A619C1BA60125
0390280A677208164665C22A61C41BA60130
0390270A677308164865B82A5D641BA6013B
0390270A677108164A65C72A63041BA60146
03902E0A677108164B65C32A5E9A1BA60151
03902D0A677108164565BA2A60841BA6015C
0390310A677208164965B72A56FC1BA60167
0390300A677208164965B92A5E901BA60172
0390340A677208164565C22A60F21BA6017D
0390370A677208164765BD2A5A081BA60188
0390390A677208164565CE2A5D141BA60193
03903E0A677108164865DA2A5F581BA6019E
03903B0A677208164665D02A595E1BA601A9
0390430A677208164865C12A585A1BA601B4
0390450A677208164865CA2A5EB81BA601BF
03904A0A677308164665C92A57381BA601CA
03904D0A677308164965BE2A5DFA1BA601D5
0390560A677308164565CA2A5A261BA601E0
03905B0A677208164465CA2A599A1BA601EB
03905B0A677208164665D72A55081BA601F6
0390600A677208164465BC2A597C1BA60201
0390680A677208164365D12A586E1BA6020C
03906E0A677208164465BC2A58461BA60217
03906E0A677208164465C52A5A801BA60222
0390790A677208164665D62A57601BA6022D
0390820A677208164465D32A568E1BA60238
0390860A677208164765D22A547C1BA60243
0390890A677208164565C92A53D21BA6024E
03908E0A677308164365C42A535A1BA60259
0390940A677208164465C92A53501BA60264
0390990A677208164665C82A53961BA6026F
03909A0A677408164265CD2A53C81BA6027A
0390A10A677208164165CC2A56E81BA60285
0390A70A677208164765D12A56841BA60290
0390AC0A677208164465C92A51DE1BA6029B
0390B30A677208164565CF2A50121BA602A6
0390B50A677208164465CB2A54AE1BA602B1
0390BA0A677208164365CA2A51021BA602BC
0390C10A677208164165C22A4F361BA602C7
0390C50A677208164465C42A4C981BA602D2
0390CD0A677208163F65CD2A4EAA1BA602DD
0390D40A677208164365CA2A4EBE1BA602E8
0390DC0A677208164465C92A4DCE1BA602F3
0390E00A677208164265CA2A4C661BA602FE
0390EB0A677108164465C42A4CCA1BA60309
0390F10A677108164065CB2A4EBE1BA60314
0390FA0A677208164365D12A4E461BA6031F
0391030A677108164165D52A49501BA6032A
03910B0A677208164665C12A4BB21BA60335
0391190A677208164365CB2A4F221BA60340
03911F0A677108164265D62A4B261BA6034B
0391280A677108164565C72A4D741BA60356
03912F0A677208164365BC2A4BE41BA60361
03913C0A677208164265CD2A48061BA6036C
03914B0A677208164365C92A4BC61BA60377
0391520A677008164765C52A49D21BA60382
03915A0A677208164065D42A493C1BA6038D
0391690A677108163F65D82A4A861BA60398
0391700A677108164265CE2A47B61BA603A3
03917A0A677108164365CB2A48561BA603AE
0391840A677208164465CF2A46F81BA603B9
0391910A677108164065CF2A45B81BA603C4
03919A0A677208164365C32A4B941BA603CF
0391A40A677108164265CD2A475C1BA603DA
0391AF0A677108164665D32A457C1BA603E5
0391B80A677108164165CD2A45401BA603F0
0391C00A677008164065C82A47E81BA603FB
0391CA0A677108164565BE2A4A9A1BA60406
0391D20A677108163F65C42A45181BA60411
0391DC0A677108164065D22A47201BA6041C
0391E40A677208164365D32A4AB81BA60427
0391EF0A677208164865CF2A463A1BA60432
0391FA0A677108163F65CC2A48BA1BA6043D
0392060A677108164165BD2A4B581BA60448
0392190A677108164265C42A496E1BA60453
0392240A677008163D65C82A47021BA6045E
0392310A677208164365D02A47F21BA60469
0392420A677108164365CB2A4A0E1BA60474
0392510A677208164065C22A48B01BA6047F
0392620A677108164065BF2A49C81BA6048A
0392700A677108164265CF2A48B01BA60495
03927F0A677208163D65CD2A48241BA604A0
03928C0A677108163F65D02A4A681BA604AB
0392940A677108164265CF2A4B6C1BA604B6
0392A00A677108164265CE2A4AA41BA604C1
0392A90A677108164065CB2A4B581BA604CC
0392B20A677108163D65C52A44B41BA604D7
0392BB0A677208163E65D02A4B9E1BA604E2
0392C10A677108164065CB2A4AEA1BA604ED
0392C90A677008163F65BE2A46EE1BA604F8
0392D60A677208164065BE2A4B941BA60503
0392DC0A677108164065C32A4A2C1BA6050E
0392E30A677108164265BE2A48E21BA60519
0392F30A677108164165CA2A47A21BA60524
0392F90A677208164365CE2A46301BA6052F
0393010A677208164065C42A47841BA6053A
03930E0A677108164165C12A49A01BA60545
0393190A677208164365CD2A49B41BA60550
0393240A677208164265BF2A4B801BA6055B
0393300A677008164165C62A4AEA1BA60566
0393390A677108164065BC2A477A1BA60571
0393400A677008164065BF2A464E1BA6057C
0393500A676F08164165C52A4A401BA60587
0393580A677208163F65BE2A4B1C1BA60592
0393660A677108164065B72A4D1A1BA6059D
03936F0A677108164065C82A4D421BA605A8
03937C0A677108163E65D02A4A2C1BA605B3
0393840A677108164165C92A49FA1BA605BE
0393900A677108163F65C62A4DBA1BA605C9
03939C0A677208164165BF2A4C701BA605D4
0393A60A677208163D65B72A4E641BA605DF
0393B30A677208163E65B92A4F041BA605EA
0393BF0A677108164165BE2A4E3C1BA605F5
0393D20A677108164065C42A49F01BA60600
0393E70A677208164165C92A4C3E1BA6060B
0393F50A677108163F65BE2A4AD61BA60616
03940E0A677208163F65BB2A4CFC1BA60621
0394200A677108164365B92A4EA01BA6062C
0394390A677008164165B62A4DE21BA60637
0394520A677108164065C52A4CFC1BA60642
0394680A677108164065C42A51E81BA6064D
0394820A677208163F65C12A4DF61BA60658
0394940A677208163E65C82A56C01BA60663
0394AA0A677208163D65B82A4A681BA6066E
0394C20A677108164065C02A529C1BA60679
0394D90A677108164365BF2A4EC81BA60684
0394EB0A677108163F65C82A51701BA6068F
0394FF0A677208163F65B72A50BC1BA6069A
0395110A677108164265C22A4F181BA606A5
0395220A677108163F65BA2A55581BA606B0
03952D0A677008163E65BE2A51701BA606BB
03953E0A677108163E65B32A50801BA606C6
0395530A677208163D65B92A50E41BA606D1
03955D0A677108164165B52A549A1BA606DC
0395710A677108163E65B92A51E81BA606E7
0395830A677208163F65BC2A52C41BA606F2
0395960A677008164365B02A55A81BA606FD
0395AD0A677208164065B92A52CE1BA60708
0395C10A677208164065BF2A53001BA60713
0395DC0A677208163F65AE2A56E81BA6071E
0395F20A677108163E65BA2A54C21BA60729
0396090A677108163F65AC2A530A1BA60734
