2014/05/07 00:57:09.288 [pco2w1:DLOGP5]:Idle state, without initialize
2014/05/07 01:00:19.527 [pco2w1:DLOGP5]:Instrument Started [Power On]
2014/05/07 01:00:40.102 *C20711CF8F367F2B
2014/05/07 01:05:33.702 *C22704CF8F37A30044004C0D0F024307B001FB09C80E7D0044004B0D0E024207B201FB0C5B07E357
2014/05/07 01:07:01.724 [pco2w1:DLOGP5]:Instrument Stopped [Power Off]
2014/05/07 01:10:01.748 [pco2w1:DLOGP5]:Instrument Stopped [Quit/Power Off]
2014/05/07 03:57:09.138 [pco2w1:DLOGP5]:Idle state, without initialize
2014/05/07 04:00:17.177 [pco2w1:DLOGP5]:Instrument Started [Power On]
2014/05/07 04:00:37.755 *C20711CF8F60AC82
2014/05/07 04:05:31.302 *C22704CF8F61D10043004B0D0C023D07B0020B09AE0F210043004B0D0E023E07B0020D0C5C07E54F
2014/05/07 04:07:01.313 [pco2w1:DLOGP5]:Instrument Stopped [Power Off]
2014/05/07 04:10:03.295 [pco2w1:DLOGP5]:Instrument Stopped [Quit/Power Off]
2014/05/07 06:57:10.307 [pco2w1:DLOGP5]:Idle state, without initialize
2014/05/07 07:00:17.344 [pco2w1:DLOGP5]:Instrument Started [Power On]
2014/05/07 07:00:37.917 *C20711CF8F8ADDDD
2014/05/07 07:05:31.470 *C22704CF8F8C010042004C0D0A023C07AF020A09A90EF90044004D0D10023A07B1020A0C5B07E171
2014/05/07 07:07:03.533 [pco2w1:DLOGP5]:Instrument Stopped [Power Off]
2014/05/07 07:10:03.662 [pco2w1:DLOGP5]:Instrument Stopped [Quit/Power Off]
2014/05/07 09:57:08.043 [pco2w1:DLOGP5]:Idle state, without initialize
2014/05/07 10:00:16.904 [pco2w1:DLOGP5]:Instrument Started [Power On]
2014/05/07 10:00:37.482 *C20711CF8FB50C37
2014/05/07 10:05:31.049 *C22704CF8FB6300041004A0D0A023507B10206098D0EE30042004A0D0F023307B302090C5B07E281
2014/05/07 10:07:01.039 [pco2w1:DLOGP5]:Instrument Stopped [Power Off]
2014/05/07 10:10:01.062 [pco2w1:DLOGP5]:Instrument Stopped [Quit/Power Off]
2014/05/07 12:57:08.875 [pco2w1:DLOGP5]:Idle state, without initialize
2014/05/07 13:00:17.529 [pco2w1:DLOGP5]:Instrument Started [Power On]
2014/05/07 13:00:38.104 *C20711CF8FDF3D92
2014/05/07 13:06:20.390 *C22705CF8FE0900040004C0D0C023407B1020A09870F0E0045004E0D10023607B2020A0C4A07E232
2014/05/07 13:07:02.394 [pco2w1:DLOGP5]:Instrument Stopped [Power Off]
2014/05/07 13:10:04.416 [pco2w1:DLOGP5]:Instrument Stopped [Quit/Power Off]
2014/05/07 15:57:10.075 [pco2w1:DLOGP5]:Idle state, without initialize
2014/05/07 16:00:17.562 [pco2w1:DLOGP5]:Instrument Started [Power On]
2014/05/07 16:00:38.139 *C20711CF90096DED
2014/05/07 16:05:31.122 *C22704CF900A910040004B0D0A023507B00202098C0EB50044004C0D0E023507B102020C5C07D8F6
2014/05/07 16:07:02.562 [pco2w1:DLOGP5]:Instrument Stopped [Power Off]
2014/05/07 16:10:02.550 [pco2w1:DLOGP5]:Instrument Stopped [Quit/Power Off]
2014/05/07 18:57:09.225 [pco2w1:DLOGP5]:Idle state, without initialize
2014/05/07 19:00:17.622 [pco2w1:DLOGP5]:Instrument Started [Power On]
2014/05/07 19:00:38.206 *C20711CF90339D47
2014/05/07 19:05:31.807 *C22704CF9034C10041004C0D09023207B50200098E0EAA0046004D0D0C023307B402000C5B07D847
2014/05/07 19:07:01.817 [pco2w1:DLOGP5]:Instrument Stopped [Power Off]
