2015/03/02 00:59:24.628 W M,2015,03,02,01,00,11,44342,41596,407.13,40.3,7.862,19.800,989,40.1,40.6,11.7
2015/03/02 00:59:25.557 W M,2015,03,02,01,00,12,44342,41597,407.08,40.3,7.882,19.840,989,40.1,40.8,11.7
2015/03/02 00:59:27.158 W M,2015,03,02,01,00,14,44342,41595,407.12,40.3,7.882,19.840,989,40.1,40.5,11.7
2015/03/02 00:59:28.758 W M,2015,03,02,01,00,16,44342,41595,407.16,40.3,7.882,19.840,989,40.1,40.6,11.7
2015/03/02 00:59:30.359 W M,2015,03,02,01,00,17,44342,41595,407.19,40.3,7.882,19.840,989,40.1,40.6,11.7
2015/03/02 00:59:31.970 W M,2015,03,02,01,00,19,44342,41595,407.21,40.3,7.882,19.840,989,40.1,40.5,11.7
2015/03/02 00:59:33.560 W M,2015,03,02,01,00,20,44342,41595,407.22,40.3,7.882,19.840,989,40.1,40.5,11.7
2015/03/02 00:59:35.169 W M,2015,03,02,01,00,22,44342,41595,407.23,40.3,7.882,19.840,989,40.1,40.6,11.7
2015/03/02 00:59:36.761 W M,2015,03,02,01,00,24,44342,41596,407.20,40.3,7.882,19.840,989,40.1,40.5,11.7
2015/03/02 00:59:36.810 A M,2015,03,02,00,53,37,44342,41580,404.26,40.3,7.846,19.280,999,40.1,40.6,11.7
2015/03/02 00:59:36.851 A M,2015,03,02,00,53,39,44342,41580,404.29,40.3,7.825,19.240,999,40.1,40.6,11.7
2015/03/02 00:59:36.892 A M,2015,03,02,00,53,40,44342,41580,404.31,40.4,7.846,19.280,999,40.3,40.6,11.7
2015/03/02 00:59:36.939 A M,2015,03,02,00,53,42,44342,41582,404.24,40.3,7.846,19.280,999,40.1,40.6,11.7
2015/03/02 00:59:36.974 A M,2015,03,02,00,53,43,44342,41580,404.26,40.3,7.825,19.240,999,40.1,40.6,11.7
2015/03/02 00:59:37.015 A M,2015,03,02,00,53,45,44342,41579,404.34,40.4,7.846,19.280,999,40.3,40.6,11.7
2015/03/02 00:59:37.056 A M,2015,03,02,00,53,47,44342,41578,404.42,40.4,7.846,19.280,999,40.1,40.5,11.7
2015/03/02 00:59:37.097 A M,2015,03,02,00,53,48,44342,41576,404.59,40.3,7.825,19.240,999,40.1,40.6,11.7
2015/03/02 00:59:37.138 A M,2015,03,02,00,53,50,44342,41577,404.65,40.3,7.825,19.240,999,40.0,40.5,11.7
2015/03/02 01:59:24.565 W M,2015,03,02,02,00,10,44342,41582,409.46,40.3,7.864,19.080,989,40.1,40.6,11.7
2015/03/02 01:59:25.134 W M,2015,03,02,02,00,12,44342,41582,409.49,40.3,7.844,19.040,989,40.1,40.6,11.7
2015/03/02 01:59:26.735 W M,2015,03,02,02,00,14,44342,41583,409.46,40.3,7.864,19.080,989,40.1,40.6,11.7
2015/03/02 01:59:28.335 W M,2015,03,02,02,00,15,44342,41584,409.40,40.3,7.864,19.080,989,40.1,40.6,11.7
2015/03/02 01:59:29.936 W M,2015,03,02,02,00,17,44342,41584,409.35,40.3,7.864,19.080,989,40.1,40.6,11.7
2015/03/02 01:59:31.537 W M,2015,03,02,02,00,18,44342,41582,409.41,40.3,7.885,19.120,989,40.0,40.6,11.7
2015/03/02 01:59:33.137 W M,2015,03,02,02,00,20,44342,41582,409.45,40.3,7.864,19.080,989,40.1,40.6,11.7
2015/03/02 01:59:34.748 W M,2015,03,02,02,00,22,44342,41583,409.44,40.3,7.885,19.120,989,40.1,40.5,11.7
2015/03/02 01:59:36.338 W M,2015,03,02,02,00,23,44342,41584,409.38,40.3,7.864,19.080,989,40.1,40.6,11.7
2015/03/02 01:59:36.386 A M,2015,03,02,01,53,37,44342,41574,405.25,40.3,7.908,18.480,999,40.1,40.5,11.7
2015/03/02 01:59:36.427 A M,2015,03,02,01,53,38,44342,41574,405.24,40.3,7.908,18.480,999,40.1,40.6,11.7
2015/03/02 01:59:36.469 A M,2015,03,02,01,53,40,44342,41574,405.23,40.3,7.908,18.480,999,40.1,40.6,11.7
2015/03/02 01:59:36.510 A M,2015,03,02,01,53,42,44342,41575,405.18,40.3,7.929,18.520,999,40.1,40.6,11.7
2015/03/02 01:59:36.551 A M,2015,03,02,01,53,43,44342,41573,405.23,40.4,7.929,18.520,999,40.2,40.6,11.7
2015/03/02 01:59:36.592 A M,2015,03,02,01,53,45,44342,41569,405.45,40.4,7.929,18.520,999,40.2,40.6,11.7
2015/03/02 01:59:36.633 A M,2015,03,02,01,53,46,44342,41570,405.58,40.4,7.929,18.520,999,40.2,40.6,11.7
2015/03/02 01:59:36.674 A M,2015,03,02,01,53,48,44342,41570,405.66,40.4,7.929,18.520,999,40.1,40.5,11.7
2015/03/02 01:59:36.715 A M,2015,03,02,01,53,50,44342,41568,405.81,40.4,7.929,18.520,999,40.1,40.6,11.7
2015/03/02 02:59:24.481 W M,2015,03,02,03,00,11,44342,41606,405.32,40.3,8.137,18.480,989,40.1,40.5,11.7
2015/03/02 02:59:25.416 W M,2015,03,02,03,00,12,44342,41605,405.39,40.3,8.137,18.480,989,40.2,40.5,11.7
2015/03/02 02:59:27.027 W M,2015,03,02,03,00,14,44342,41605,405.45,40.3,8.115,18.440,989,40.1,40.6,11.7
2015/03/02 02:59:28.618 W M,2015,03,02,03,00,16,44342,41605,405.49,40.3,8.137,18.480,989,40.0,40.5,11.7
2015/03/02 02:59:30.218 W M,2015,03,02,03,00,17,44342,41606,405.48,40.3,8.137,18.480,989,40.1,40.6,11.7
2015/03/02 02:59:31.819 W M,2015,03,02,03,00,19,44342,41606,405.47,40.3,8.115,18.440,989,40.1,40.6,11.7
2015/03/02 02:59:33.419 W M,2015,03,02,03,00,20,44342,41606,405.46,40.3,8.115,18.440,989,40.1,40.6,11.7
2015/03/02 02:59:35.020 W M,2015,03,02,03,00,22,44342,41605,405.50,40.3,8.137,18.480,989,40.2,40.6,11.7
2015/03/02 02:59:36.631 W M,2015,03,02,03,00,24,44342,41606,405.49,40.3,8.022,18.480,989,40.1,40.6,11.7
2015/03/02 02:59:36.686 A M,2015,03,02,02,53,37,44342,41591,402.71,40.3,8.129,17.840,998,40.1,40.5,11.7
2015/03/02 02:59:36.720 A M,2015,03,02,02,53,39,44342,41591,402.69,40.3,8.129,17.840,998,40.1,40.6,11.7
2015/03/02 02:59:36.761 A M,2015,03,02,02,53,40,44342,41590,402.72,40.3,8.129,17.840,998,40.1,40.6,11.7
2015/03/02 02:59:36.802 A M,2015,03,02,02,53,42,44342,41591,402.69,40.3,8.129,17.840,998,40.1,40.6,11.7
2015/03/02 02:59:36.843 A M,2015,03,02,02,53,43,44342,41590,402.71,40.3,8.129,17.840,998,40.1,40.6,11.7
2015/03/02 02:59:36.884 A M,2015,03,02,02,53,45,44342,41589,402.78,40.3,8.021,17.840,998,40.1,40.7,11.7
2015/03/02 02:59:36.925 A M,2015,03,02,02,53,47,44342,41591,402.74,40.3,8.129,17.840,998,40.1,40.6,11.7
2015/03/02 02:59:36.966 A M,2015,03,02,02,53,48,44342,41592,402.66,40.3,8.129,17.840,998,40.1,40.5,11.7
2015/03/02 02:59:37.007 A M,2015,03,02,02,53,50,44342,41592,402.62,40.3,8.151,17.880,998,40.1,40.6,11.7
2015/03/02 03:59:24.408 W M,2015,03,02,04,00,11,44342,41612,404.61,40.3,7.774,18.000,988,40.1,40.6,11.7
2015/03/02 03:59:25.342 W M,2015,03,02,04,00,12,44342,41612,404.58,40.3,7.795,18.040,988,40.1,40.6,11.7
2015/03/02 03:59:26.943 W M,2015,03,02,04,00,14,44342,41612,404.56,40.3,7.795,18.040,988,40.1,40.6,11.7
2015/03/02 03:59:28.543 W M,2015,03,02,04,00,16,44342,41613,404.50,40.3,7.795,18.040,988,40.1,40.5,11.7
2015/03/02 03:59:30.144 W M,2015,03,02,04,00,17,44342,41611,404.55,40.3,7.795,18.040,988,40.1,40.6,11.7
2015/03/02 03:59:31.745 W M,2015,03,02,04,00,19,44342,41610,404.63,40.3,7.795,18.040,988,40.1,40.6,11.7
2015/03/02 03:59:33.345 W M,2015,03,02,04,00,20,44342,41611,404.65,40.3,7.795,18.040,988,40.2,40.6,11.7
2015/03/02 03:59:34.946 W M,2015,03,02,04,00,22,44342,41611,404.66,40.3,7.815,18.080,988,40.1,40.5,11.7
2015/03/02 03:59:36.547 W M,2015,03,02,04,00,24,44342,41611,404.67,40.3,7.815,18.080,988,40.1,40.6,11.7
2015/03/02 03:59:36.595 A M,2015,03,02,03,53,37,44342,41592,402.70,40.4,7.792,17.400,998,40.2,40.6,11.7
2015/03/02 03:59:36.636 A M,2015,03,02,03,53,39,44342,41592,402.68,40.4,7.771,17.360,998,40.1,40.6,11.7
2015/03/02 03:59:36.677 A M,2015,03,02,03,53,40,44342,41592,402.66,40.4,7.792,17.400,998,40.1,40.6,11.7
2015/03/02 03:59:36.718 A M,2015,03,02,03,53,42,44342,41595,402.51,40.3,7.792,17.400,998,40.0,40.5,11.7
2015/03/02 03:59:36.759 A M,2015,03,02,03,53,43,44342,41598,402.27,40.3,7.792,17.400,998,40.1,40.7,11.7
2015/03/02 03:59:36.800 A M,2015,03,02,03,53,45,44342,41598,402.10,40.3,7.792,17.400,998,40.0,40.6,11.7
2015/03/02 03:59:36.841 A M,2015,03,02,03,53,47,44342,41599,401.94,40.4,7.792,17.400,998,40.1,40.6,11.7
2015/03/02 03:59:36.882 A M,2015,03,02,03,53,48,44342,41598,401.85,40.3,7.792,17.400,998,40.1,40.6,11.7
2015/03/02 03:59:36.923 A M,2015,03,02,03,53,50,44342,41599,401.73,40.4,7.792,17.400,998,40.1,40.6,11.7
2015/03/02 04:59:24.335 W M,2015,03,02,05,00,11,44342,41593,407.70,40.3,7.774,18.000,989,40.1,40.6,11.7
2015/03/02 04:59:25.351 W M,2015,03,02,05,00,13,44342,41593,407.69,40.3,7.754,17.960,989,40.0,40.6,11.7
2015/03/02 04:59:26.951 W M,2015,03,02,05,00,14,44342,41592,407.73,40.3,7.774,18.000,989,40.1,40.6,11.7
2015/03/02 04:59:28.552 W M,2015,03,02,05,00,16,44342,41592,407.76,40.3,7.774,18.000,989,40.1,40.5,11.7
2015/03/02 04:59:30.153 W M,2015,03,02,05,00,17,44342,41591,407.83,40.3,7.774,18.000,989,40.1,40.5,11.7
2015/03/02 04:59:31.764 W M,2015,03,02,05,00,19,44342,41592,407.83,40.3,7.774,18.000,989,40.1,40.5,11.7
2015/03/02 04:59:33.354 W M,2015,03,02,05,00,21,44342,41593,407.79,40.3,7.774,18.000,989,40.1,40.6,11.7
2015/03/02 04:59:34.954 W M,2015,03,02,05,00,22,44342,41594,407.72,40.3,7.774,18.000,989,40.1,40.6,11.7
2015/03/02 04:59:36.555 W M,2015,03,02,05,00,24,44342,41595,407.61,40.3,7.774,18.000,989,40.1,40.6,11.7
2015/03/02 04:59:36.603 A M,2015,03,02,04,53,36,44342,41589,402.35,40.4,7.626,17.280,998,40.2,40.6,11.7
2015/03/02 04:59:36.645 A M,2015,03,02,04,53,37,44342,41591,402.42,40.4,7.626,17.280,998,40.1,40.6,11.7
2015/03/02 04:59:36.685 A M,2015,03,02,04,53,39,44342,41591,402.47,40.4,7.626,17.280,998,40.1,40.6,11.7
2015/03/02 04:59:36.727 A M,2015,03,02,04,53,40,44342,41592,402.46,40.3,7.626,17.280,998,40.1,40.6,11.7
2015/03/02 04:59:36.768 A M,2015,03,02,04,53,42,44342,41592,402.47,40.3,7.540,17.320,998,40.0,40.6,11.7
2015/03/02 04:59:36.809 A M,2015,03,02,04,53,44,44342,41592,402.46,40.3,7.626,17.280,998,40.1,40.6,11.7
2015/03/02 04:59:36.850 A M,2015,03,02,04,53,45,44342,41593,402.42,40.3,7.520,17.280,998,40.1,40.6,11.7
2015/03/02 04:59:36.891 A M,2015,03,02,04,53,47,44342,41592,402.44,40.3,7.560,17.360,998,40.1,40.6,11.7
2015/03/02 04:59:36.932 A M,2015,03,02,04,53,48,44342,41593,402.39,40.3,7.646,17.320,998,40.1,40.6,11.7
2015/03/02 05:59:24.272 W M,2015,03,02,06,00,11,44342,41574,410.41,40.3,7.734,17.920,990,40.2,40.5,11.7
2015/03/02 05:59:25.199 W M,2015,03,02,06,00,12,44342,41575,410.35,40.3,7.734,17.920,990,40.2,40.6,11.7
2015/03/02 05:59:26.797 W M,2015,03,02,06,00,14,44342,41573,410.39,40.3,7.734,17.920,990,40.0,40.5,11.7
2015/03/02 05:59:28.397 W M,2015,03,02,06,00,16,44342,41574,410.38,40.3,7.734,17.920,990,40.0,40.5,11.7
2015/03/02 05:59:29.998 W M,2015,03,02,06,00,17,44342,41573,410.41,40.3,7.734,17.920,990,40.1,40.6,11.7
2015/03/02 05:59:31.599 W M,2015,03,02,06,00,19,44342,41574,410.39,40.3,7.734,17.920,990,40.1,40.6,11.7
2015/03/02 05:59:33.199 W M,2015,03,02,06,00,20,44342,41575,410.34,40.3,7.734,17.920,990,40.1,40.5,11.7
2015/03/02 05:59:34.810 W M,2015,03,02,06,00,22,44342,41575,410.29,40.3,7.734,17.920,990,40.1,40.6,11.7
2015/03/02 05:59:36.401 W M,2015,03,02,06,00,24,44342,41575,410.26,40.3,7.734,17.920,990,40.1,40.5,11.7
2015/03/02 05:59:36.449 A M,2015,03,02,05,53,37,44342,41582,403.17,40.3,7.710,17.240,998,40.0,40.5,11.7
2015/03/02 05:59:36.492 A M,2015,03,02,05,53,39,44342,41582,403.43,40.3,7.690,17.200,998,40.1,40.6,11.7
2015/03/02 05:59:36.535 A M,2015,03,02,05,53,40,44342,41585,403.48,40.3,7.710,17.240,998,40.1,40.5,11.7
2015/03/02 05:59:36.572 A M,2015,03,02,05,53,42,44342,41585,403.52,40.3,7.710,17.240,998,40.0,40.7,11.7
2015/03/02 05:59:36.613 A M,2015,03,02,05,53,43,44342,41586,403.51,40.3,7.710,17.240,998,40.1,40.7,11.7
2015/03/02 05:59:36.654 A M,2015,03,02,05,53,45,44342,41586,403.50,40.3,7.710,17.240,998,40.1,40.6,11.7
2015/03/02 05:59:36.695 A M,2015,03,02,05,53,47,44342,41585,403.53,40.3,7.710,17.240,998,40.1,40.6,11.7
2015/03/02 05:59:36.736 A M,2015,03,02,05,53,48,44342,41584,403.61,40.4,7.710,17.240,998,40.1,40.7,11.7
2015/03/02 05:59:36.777 A M,2015,03,02,05,53,50,44342,41583,403.71,40.4,7.731,17.280,998,40.2,40.6,11.7
2015/03/02 06:59:24.188 W M,2015,03,02,07,00,11,44342,41586,408.06,40.3,7.823,17.880,990,40.1,40.5,11.7
2015/03/02 06:59:25.210 W M,2015,03,02,07,00,13,44342,41587,408.03,40.3,7.823,17.880,990,40.1,40.5,11.7
2015/03/02 06:59:26.822 W M,2015,03,02,07,00,14,44342,41588,407.97,40.3,7.823,17.880,990,40.1,40.6,11.7
2015/03/02 06:59:28.418 W M,2015,03,02,07,00,16,44342,41588,407.92,40.3,7.803,17.840,990,40.0,40.6,11.7
2015/03/02 06:59:30.012 W M,2015,03,02,07,00,17,44342,41588,407.88,40.3,7.823,17.880,990,40.2,40.6,11.7
2015/03/02 06:59:31.613 W M,2015,03,02,07,00,19,44342,41586,407.95,40.3,7.823,17.880,990,40.1,40.6,11.7
2015/03/02 06:59:33.214 W M,2015,03,02,07,00,21,44342,41586,408.00,40.3,7.803,17.840,990,40.1,40.6,11.7
2015/03/02 06:59:34.814 W M,2015,03,02,07,00,22,44342,41587,407.99,40.3,7.713,17.880,990,40.1,40.5,11.7
2015/03/02 06:59:36.415 W M,2015,03,02,07,00,24,44342,41586,408.03,40.3,7.823,17.880,990,40.1,40.6,11.7
2015/03/02 06:59:36.463 A M,2015,03,02,06,53,36,44342,41580,404.52,40.3,7.690,17.200,998,40.0,40.6,11.7
2015/03/02 06:59:36.504 A M,2015,03,02,06,53,37,44342,41577,404.68,40.3,7.690,17.200,998,40.0,40.5,11.7
2015/03/02 06:59:36.545 A M,2015,03,02,06,53,39,44342,41574,404.94,40.3,7.690,17.200,998,40.1,40.6,11.7
2015/03/02 06:59:36.586 A M,2015,03,02,06,53,40,44342,41576,405.05,40.3,7.690,17.200,998,40.1,40.6,11.7
2015/03/02 06:59:36.627 A M,2015,03,02,06,53,42,44342,41577,405.07,40.3,7.690,17.200,998,40.0,40.6,11.7
2015/03/02 06:59:36.668 A M,2015,03,02,06,53,44,44342,41577,405.10,40.3,7.690,17.200,998,40.1,40.6,11.7
2015/03/02 06:59:36.709 A M,2015,03,02,06,53,45,44342,41577,405.12,40.3,7.690,17.200,998,40.1,40.6,11.7
2015/03/02 06:59:36.751 A M,2015,03,02,06,53,47,44342,41574,405.27,40.3,7.690,17.200,998,40.1,40.6,11.7
2015/03/02 06:59:36.792 A M,2015,03,02,06,53,48,44342,41568,405.66,40.3,7.690,17.200,998,40.1,40.6,11.7
2015/03/02 07:59:24.115 W M,2015,03,02,08,00,11,44342,41597,406.45,40.3,7.782,17.800,990,40.1,40.6,11.7
2015/03/02 07:59:25.045 W M,2015,03,02,08,00,12,44342,41597,406.44,40.3,7.762,17.760,990,40.1,40.5,11.7
2015/03/02 07:59:26.645 W M,2015,03,02,08,00,14,44342,41598,406.39,40.3,7.782,17.800,990,40.1,40.6,11.7
2015/03/02 07:59:28.245 W M,2015,03,02,08,00,16,44342,41598,406.36,40.3,7.782,17.800,990,40.1,40.7,11.7
2015/03/02 07:59:29.857 W M,2015,03,02,08,00,17,44342,41597,406.37,40.3,7.782,17.800,990,40.1,40.6,11.7
2015/03/02 07:59:31.467 W M,2015,03,02,08,00,19,44342,41596,406.43,40.3,7.782,17.800,990,40.1,40.5,11.7
2015/03/02 07:59:33.054 W M,2015,03,02,08,00,20,44342,41595,406.52,40.3,7.782,17.800,990,40.0,40.6,11.7
2015/03/02 07:59:34.648 W M,2015,03,02,08,00,22,44342,41596,406.54,40.3,7.782,17.800,990,40.1,40.6,11.7
2015/03/02 07:59:36.249 W M,2015,03,02,08,00,24,44342,41596,406.56,40.3,7.782,17.800,990,40.1,40.5,11.7
2015/03/02 07:59:36.297 A M,2015,03,02,07,53,37,44342,41598,401.61,40.3,7.733,17.080,998,40.1,40.6,11.7
2015/03/02 07:59:36.338 A M,2015,03,02,07,53,39,44342,41599,401.54,40.3,7.836,17.080,998,40.1,40.7,11.7
2015/03/02 07:59:36.379 A M,2015,03,02,07,53,40,44342,41597,401.58,40.3,7.856,17.120,998,40.1,40.6,11.7
2015/03/02 07:59:36.420 A M,2015,03,02,07,53,42,44342,41597,401.61,40.3,7.856,17.120,998,40.1,40.6,11.7
2015/03/02 07:59:36.461 A M,2015,03,02,07,53,43,44342,41596,401.68,40.4,7.856,17.120,998,40.2,40.6,11.7
2015/03/02 07:59:36.502 A M,2015,03,02,07,53,45,44342,41597,401.68,40.3,7.856,17.120,998,40.1,40.5,11.7
2015/03/02 07:59:36.544 A M,2015,03,02,07,53,47,44342,41597,401.69,40.4,7.753,17.120,998,40.2,40.6,11.7
2015/03/02 07:59:36.585 A M,2015,03,02,07,53,48,44342,41595,401.79,40.4,7.753,17.120,998,40.2,40.6,11.7
2015/03/02 07:59:36.627 A M,2015,03,02,07,53,50,44342,41596,401.81,40.4,7.753,17.120,998,40.1,40.6,11.7
2015/03/02 08:59:24.042 W M,2015,03,02,09,00,11,44342,41574,410.61,40.3,7.782,17.800,990,40.1,40.6,11.7
2015/03/02 08:59:24.977 W M,2015,03,02,09,00,12,44342,41573,410.64,40.3,7.782,17.800,990,40.1,40.5,11.7
2015/03/02 08:59:26.577 W M,2015,03,02,09,00,14,44342,41572,410.71,40.3,7.782,17.800,990,40.1,40.5,11.7
2015/03/02 08:59:28.180 W M,2015,03,02,09,00,16,44342,41572,410.76,40.3,7.803,17.840,990,40.1,40.6,11.7
2015/03/02 08:59:29.779 W M,2015,03,02,09,00,17,44342,41572,410.80,40.3,7.782,17.800,990,40.1,40.6,11.7
2015/03/02 08:59:31.390 W M,2015,03,02,09,00,19,44342,41572,410.82,40.3,7.803,17.840,990,40.1,40.6,11.7
2015/03/02 08:59:32.980 W M,2015,03,02,09,00,20,44342,41573,410.80,40.3,7.803,17.840,990,40.0,40.6,11.7
2015/03/02 08:59:34.581 W M,2015,03,02,09,00,22,44342,41574,410.74,40.3,7.803,17.840,990,40.0,40.6,11.7
2015/03/02 08:59:36.181 W M,2015,03,02,09,00,24,44342,41573,410.74,40.3,7.803,17.840,990,40.1,40.6,11.7
2015/03/02 08:59:36.230 A M,2015,03,02,08,53,37,44342,41578,406.36,40.3,7.856,17.120,998,40.1,40.6,11.7
2015/03/02 08:59:36.270 A M,2015,03,02,08,53,39,44342,41578,406.06,40.3,7.856,17.120,998,40.1,40.6,11.7
2015/03/02 08:59:36.311 A M,2015,03,02,08,53,40,44342,41578,405.85,40.3,7.856,17.120,998,40.1,40.5,11.7
2015/03/02 08:59:36.353 A M,2015,03,02,08,53,42,44342,41577,405.73,40.3,7.856,17.120,998,40.1,40.6,11.7
2015/03/02 08:59:36.394 A M,2015,03,02,08,53,43,44342,41577,405.63,40.3,7.856,17.120,998,40.0,40.6,11.7
2015/03/02 08:59:36.435 A M,2015,03,02,08,53,45,44342,41577,405.57,40.3,7.856,17.120,998,40.1,40.6,11.7
2015/03/02 08:59:36.476 A M,2015,03,02,08,53,47,44342,41578,405.48,40.3,7.856,17.120,998,40.0,40.6,11.7
2015/03/02 08:59:36.517 A M,2015,03,02,08,53,48,44342,41577,405.45,40.3,7.877,17.160,998,40.0,40.6,11.7
2015/03/02 08:59:36.558 A M,2015,03,02,08,53,50,44342,41572,405.66,40.3,7.877,17.160,998,40.1,40.6,11.7
2015/03/02 09:59:23.969 W M,2015,03,02,10,00,11,44342,41595,406.73,40.3,8.109,17.600,990,40.1,40.6,11.7
2015/03/02 09:59:24.914 W M,2015,03,02,10,00,12,44342,41593,406.83,40.3,8.109,17.600,990,40.1,40.6,11.7
2015/03/02 09:59:26.504 W M,2015,03,02,10,00,14,44342,41594,406.87,40.3,8.109,17.600,990,40.1,40.5,11.7
2015/03/02 09:59:28.105 W M,2015,03,02,10,00,16,44342,41594,406.89,40.3,8.109,17.600,990,40.1,40.6,11.7
2015/03/02 09:59:29.706 W M,2015,03,02,10,00,17,44342,41595,406.86,40.3,8.109,17.600,990,40.0,40.6,11.7
2015/03/02 09:59:31.307 W M,2015,03,02,10,00,19,44342,41594,406.89,40.3,8.109,17.600,990,40.1,40.6,11.7
2015/03/02 09:59:32.907 W M,2015,03,02,10,00,20,44342,41596,406.82,40.3,8.130,17.640,990,40.1,40.5,11.7
2015/03/02 09:59:34.518 W M,2015,03,02,10,00,22,44342,41597,406.72,40.3,8.109,17.600,990,40.1,40.7,11.7
2015/03/02 09:59:36.108 W M,2015,03,02,10,00,24,44342,41595,406.74,40.3,8.130,17.640,990,40.0,40.6,11.7
2015/03/02 09:59:36.156 A M,2015,03,02,09,53,37,44342,41581,404.61,40.3,8.180,16.960,998,40.1,40.6,11.7
2015/03/02 09:59:36.197 A M,2015,03,02,09,53,39,44342,41580,404.66,40.3,8.180,16.960,998,40.1,40.6,11.7
2015/03/02 09:59:36.239 A M,2015,03,02,09,53,40,44342,41580,404.69,40.3,8.180,16.960,998,40.0,40.6,11.7
2015/03/02 09:59:36.280 A M,2015,03,02,09,53,42,44342,41582,404.63,40.3,8.180,16.960,998,40.1,40.7,11.7
2015/03/02 09:59:36.321 A M,2015,03,02,09,53,43,44342,41584,404.49,40.3,8.180,16.960,998,40.1,40.6,11.7
2015/03/02 09:59:36.362 A M,2015,03,02,09,53,45,44342,41583,404.43,40.4,8.180,16.960,998,40.1,40.7,11.7
2015/03/02 09:59:36.403 A M,2015,03,02,09,53,47,44342,41589,404.11,40.3,8.180,16.960,998,40.1,40.6,11.7
2015/03/02 09:59:36.444 A M,2015,03,02,09,53,48,44342,41591,403.78,40.3,8.180,16.960,998,40.1,40.5,11.7
2015/03/02 09:59:36.485 A M,2015,03,02,09,53,50,44342,41590,403.59,40.3,8.180,16.960,998,40.1,40.6,11.7
2015/03/02 10:59:23.896 W M,2015,03,02,11,00,11,44342,41549,414.92,40.3,8.045,17.480,990,40.1,40.6,11.7
2015/03/02 10:59:24.918 W M,2015,03,02,11,00,13,44342,41550,414.91,40.3,8.045,17.480,990,40.1,40.5,11.7
2015/03/02 10:59:26.529 W M,2015,03,02,11,00,14,44342,41551,414.85,40.3,8.045,17.480,990,40.1,40.5,11.7
2015/03/02 10:59:28.119 W M,2015,03,02,11,00,16,44342,41550,414.86,40.3,8.045,17.480,990,40.1,40.7,11.7
2015/03/02 10:59:29.720 W M,2015,03,02,11,00,17,44342,41549,414.91,40.3,8.045,17.480,990,40.1,40.6,11.7
2015/03/02 10:59:31.320 W M,2015,03,02,11,00,19,44342,41548,414.99,40.3,8.045,17.480,990,40.1,40.6,11.7
2015/03/02 10:59:32.920 W M,2015,03,02,11,00,21,44342,41548,415.06,40.3,8.045,17.480,990,40.1,40.6,11.7
2015/03/02 10:59:34.522 W M,2015,03,02,11,00,22,44342,41548,415.11,40.3,8.066,17.520,990,40.1,40.7,11.7
2015/03/02 10:59:36.122 W M,2015,03,02,11,00,24,44342,41548,415.14,40.3,8.066,17.520,990,40.1,40.6,11.7
2015/03/02 10:59:36.170 A M,2015,03,02,10,53,36,44342,41552,410.00,40.3,8.094,16.800,998,40.1,40.6,11.7
2015/03/02 10:59:36.211 A M,2015,03,02,10,53,37,44342,41551,409.96,40.3,8.094,16.800,998,40.1,40.6,11.7
2015/03/02 10:59:36.252 A M,2015,03,02,10,53,39,44342,41550,409.97,40.3,8.094,16.800,998,40.1,40.5,11.7
2015/03/02 10:59:36.293 A M,2015,03,02,10,53,40,44342,41551,409.93,40.3,8.094,16.800,998,40.1,40.6,11.7
2015/03/02 10:59:36.335 A M,2015,03,02,10,53,42,44342,41550,409.94,40.3,8.094,16.800,998,40.1,40.6,11.7
2015/03/02 10:59:36.424 A M,2015,03,02,10,53,44,44342,41548,410.05,40.3,8.094,16.800,998,40.1,40.6,11.7
2015/03/02 10:59:36.427 A M,2015,03,02,10,53,45,44342,41550,410.04,40.3,8.094,16.800,998,40.1,40.6,11.7
2015/03/02 10:59:36.458 A M,2015,03,02,10,53,47,44342,41553,409.89,40.3,8.115,16.840,998,40.1,40.7,11.7
2015/03/02 10:59:36.499 A M,2015,03,02,10,53,48,44342,41553,409.78,40.3,8.094,16.800,998,40.0,40.6,11.7
2015/03/02 11:59:23.823 W M,2015,03,02,12,00,11,44342,41570,410.84,40.3,8.237,17.640,990,40.1,40.6,11.7
2015/03/02 11:59:24.758 W M,2015,03,02,12,00,12,44342,41568,410.98,40.3,8.237,17.640,990,40.1,40.6,11.7
2015/03/02 11:59:26.358 W M,2015,03,02,12,00,14,44342,41570,411.00,40.3,8.258,17.680,990,40.1,40.5,11.7
2015/03/02 11:59:27.959 W M,2015,03,02,12,00,16,44342,41570,411.01,40.3,8.237,17.640,990,40.1,40.6,11.7
2015/03/02 11:59:29.570 W M,2015,03,02,12,00,17,44342,41569,411.06,40.3,8.237,17.640,990,40.1,40.6,11.7
2015/03/02 11:59:31.160 W M,2015,03,02,12,00,19,44342,41570,411.06,40.3,8.258,17.680,990,40.0,40.6,11.7
2015/03/02 11:59:32.763 W M,2015,03,02,12,00,20,44342,41571,411.01,40.3,8.258,17.680,990,40.1,40.6,11.7
2015/03/02 11:59:34.361 W M,2015,03,02,12,00,22,44342,41570,411.02,40.3,8.258,17.680,990,40.0,40.6,11.7
2015/03/02 11:59:35.962 W M,2015,03,02,12,00,24,44342,41571,410.98,40.3,8.258,17.680,990,40.1,40.6,11.7
2015/03/02 11:59:36.010 A M,2015,03,02,11,53,37,44342,41589,403.14,40.4,8.359,16.920,998,40.1,40.6,11.7
2015/03/02 11:59:36.052 A M,2015,03,02,11,53,39,44342,41590,403.09,40.3,8.381,16.960,998,40.0,40.6,11.7
2015/03/02 11:59:36.092 A M,2015,03,02,11,53,40,44342,41591,403.02,40.3,8.359,16.920,997,40.1,40.6,11.7
2015/03/02 11:59:36.134 A M,2015,03,02,11,53,42,44342,41593,402.89,40.3,8.381,16.960,997,40.1,40.6,11.7
2015/03/02 11:59:36.175 A M,2015,03,02,11,53,43,44342,41592,402.83,40.3,8.381,16.960,997,40.1,40.6,11.7
2015/03/02 11:59:36.216 A M,2015,03,02,11,53,45,44342,41590,402.87,40.3,8.381,16.960,997,40.1,40.6,11.7
2015/03/02 11:59:36.257 A M,2015,03,02,11,53,47,44342,41590,402.90,40.4,8.381,16.960,997,40.1,40.7,11.7
2015/03/02 11:59:36.298 A M,2015,03,02,11,53,48,44342,41592,402.83,40.3,8.381,16.960,998,40.1,40.6,11.7
2015/03/02 11:59:36.339 A M,2015,03,02,11,53,50,44342,41591,402.82,40.3,8.381,16.960,998,40.1,40.6,11.7
2015/03/02 12:59:23.750 W M,2015,03,02,13,00,11,44342,41599,406.02,40.3,8.606,17.920,990,40.1,40.5,11.7
2015/03/02 12:59:24.772 W M,2015,03,02,13,00,13,44342,41599,405.98,40.3,8.713,17.920,990,40.0,40.5,11.7
2015/03/02 12:59:26.372 W M,2015,03,02,13,00,14,44342,41599,405.96,40.3,8.713,17.920,990,40.1,40.6,11.7
2015/03/02 12:59:27.973 W M,2015,03,02,13,00,16,44342,41600,405.90,40.3,8.606,17.920,990,40.1,40.6,11.7
2015/03/02 12:59:29.574 W M,2015,03,02,13,00,17,44342,41599,405.90,40.3,8.583,17.880,990,40.0,40.6,11.7
2015/03/02 12:59:31.174 W M,2015,03,02,13,00,19,44342,41598,405.95,40.3,8.606,17.920,990,40.1,40.6,11.7
2015/03/02 12:59:32.786 W M,2015,03,02,13,00,21,44342,41598,405.98,40.3,8.606,17.920,990,40.1,40.7,11.7
2015/03/02 12:59:34.376 W M,2015,03,02,13,00,22,44342,41599,405.97,40.3,8.606,17.920,990,40.1,40.6,11.7
2015/03/02 12:59:35.976 W M,2015,03,02,13,00,24,44342,41600,405.91,40.3,8.606,17.920,990,40.1,40.6,11.7
2015/03/02 12:59:36.024 A M,2015,03,02,12,53,36,44342,41585,403.62,40.3,8.493,17.160,997,40.1,40.6,11.7
2015/03/02 12:59:36.066 A M,2015,03,02,12,53,37,44342,41586,403.74,40.3,8.493,17.160,997,40.1,40.6,11.7
2015/03/02 12:59:36.107 A M,2015,03,02,12,53,39,44342,41581,404.05,40.3,8.493,17.160,997,40.1,40.6,11.7
2015/03/02 12:59:36.148 A M,2015,03,02,12,53,40,44342,41581,404.29,40.4,8.493,17.160,997,40.1,40.7,11.7
2015/03/02 12:59:36.189 A M,2015,03,02,12,53,42,44342,41581,404.47,40.3,8.493,17.160,997,40.1,40.5,11.7
2015/03/02 12:59:36.230 A M,2015,03,02,12,53,44,44342,41579,404.69,40.3,8.493,17.160,997,40.1,40.5,11.7
2015/03/02 12:59:36.271 A M,2015,03,02,12,53,45,44342,41581,404.77,40.3,8.515,17.200,997,40.1,40.6,11.7
2015/03/02 12:59:36.312 A M,2015,03,02,12,53,47,44342,41584,404.70,40.3,8.515,17.200,997,40.1,40.6,11.7
2015/03/02 12:59:36.353 A M,2015,03,02,12,53,48,44342,41584,404.65,40.3,8.515,17.200,997,40.1,40.6,11.7
2015/03/02 13:59:23.677 W M,2015,03,02,14,00,10,44342,41609,404.25,40.3,8.389,18.320,990,40.0,40.6,11.7
2015/03/02 13:59:24.274 W M,2015,03,02,14,00,12,44342,41610,404.21,40.3,8.389,18.320,989,40.1,40.5,11.7
2015/03/02 13:59:25.863 W M,2015,03,02,14,00,14,44342,41608,404.28,40.3,8.411,18.360,989,40.1,40.6,11.7
2015/03/02 13:59:27.463 W M,2015,03,02,14,00,15,44342,41609,404.29,40.3,8.299,18.360,989,40.1,40.5,11.7
2015/03/02 13:59:29.073 W M,2015,03,02,14,00,17,44342,41609,404.29,40.3,8.389,18.320,989,40.1,40.6,11.7
2015/03/02 13:59:30.665 W M,2015,03,02,14,00,18,44342,41609,404.29,40.3,8.411,18.360,989,40.1,40.6,11.7
2015/03/02 13:59:32.265 W M,2015,03,02,14,00,20,44342,41609,404.29,40.3,8.411,18.360,989,40.0,40.6,11.7
2015/03/02 13:59:33.876 W M,2015,03,02,14,00,22,44342,41609,404.30,40.3,8.299,18.360,989,40.1,40.6,11.7
2015/03/02 13:59:35.466 W M,2015,03,02,14,00,23,44342,41609,404.30,40.3,8.411,18.360,989,40.1,40.6,11.7
2015/03/02 13:59:35.514 A M,2015,03,02,13,53,37,44342,41591,403.75,40.3,8.321,17.600,996,40.1,40.6,11.7
2015/03/02 13:59:35.555 A M,2015,03,02,13,53,38,44342,41589,403.83,40.3,8.321,17.600,996,40.1,40.6,11.7
2015/03/02 13:59:35.597 A M,2015,03,02,13,53,40,44342,41590,403.87,40.3,8.321,17.600,996,40.2,40.6,11.7
2015/03/02 13:59:35.637 A M,2015,03,02,13,53,42,44342,41589,403.96,40.4,8.321,17.600,996,40.2,40.6,11.7
2015/03/02 13:59:35.679 A M,2015,03,02,13,53,43,44342,41589,404.05,40.4,8.343,17.640,996,40.1,40.6,11.7
2015/03/02 13:59:35.720 A M,2015,03,02,13,53,45,44342,41593,403.91,40.3,8.321,17.600,996,40.1,40.6,11.7
2015/03/02 13:59:35.761 A M,2015,03,02,13,53,46,44342,41599,403.56,40.4,8.343,17.640,996,40.1,40.6,11.7
2015/03/02 13:59:35.803 A M,2015,03,02,13,53,48,44342,41598,403.32,40.3,8.365,17.680,996,40.1,40.6,11.7
2015/03/02 13:59:35.843 A M,2015,03,02,13,53,50,44342,41601,403.01,40.3,8.343,17.640,996,40.1,40.6,11.7
2015/03/02 14:59:23.603 W M,2015,03,02,15,00,11,44342,41612,404.39,40.3,7.881,18.880,989,40.0,40.6,11.7
2015/03/02 14:59:24.538 W M,2015,03,02,15,00,12,44342,41613,404.31,40.3,7.881,18.880,989,40.2,40.6,11.7
2015/03/02 14:59:26.150 W M,2015,03,02,15,00,14,44342,41612,404.31,40.3,7.881,18.880,989,40.1,40.6,11.7
2015/03/02 14:59:27.739 W M,2015,03,02,15,00,16,44342,41613,404.25,40.4,7.881,18.880,989,40.1,40.7,11.7
2015/03/02 14:59:29.340 W M,2015,03,02,15,00,17,44342,41612,404.26,40.3,7.881,18.880,989,40.1,40.5,11.7
2015/03/02 14:59:30.940 W M,2015,03,02,15,00,19,44342,41611,404.31,40.3,7.881,18.880,989,40.1,40.5,11.7
2015/03/02 14:59:32.541 W M,2015,03,02,15,00,20,44342,41611,404.35,40.3,7.881,18.880,989,40.1,40.6,11.7
2015/03/02 14:59:34.142 W M,2015,03,02,15,00,22,44342,41610,404.42,40.3,7.881,18.880,989,40.1,40.6,11.7
2015/03/02 14:59:35.743 W M,2015,03,02,15,00,24,44342,41611,404.43,40.3,7.881,18.880,989,40.1,40.6,11.7
2015/03/02 14:59:35.791 A M,2015,03,02,14,53,37,44342,41600,402.83,40.4,7.744,18.160,995,40.1,40.6,11.7
2015/03/02 14:59:35.832 A M,2015,03,02,14,53,39,44342,41600,402.89,40.3,7.744,18.160,995,40.1,40.6,11.7
2015/03/02 14:59:35.873 A M,2015,03,02,14,53,40,44342,41600,402.93,40.3,7.744,18.160,995,40.1,40.6,11.7
2015/03/02 14:59:35.914 A M,2015,03,02,14,53,42,44342,41601,402.91,40.3,7.612,18.120,995,40.1,40.6,11.7
2015/03/02 14:59:35.955 A M,2015,03,02,14,53,43,44342,41603,402.81,40.3,7.744,18.160,995,40.1,40.6,11.7
2015/03/02 14:59:35.998 A M,2015,03,02,14,53,45,44342,41600,402.85,40.3,7.632,18.160,995,40.1,40.6,11.7
2015/03/02 14:59:36.037 A M,2015,03,02,14,53,47,44342,41595,403.12,40.3,7.744,18.160,995,40.1,40.5,11.7
2015/03/02 14:59:36.078 A M,2015,03,02,14,53,48,44342,41593,403.41,40.3,7.632,18.160,995,40.1,40.6,11.7
2015/03/02 14:59:36.119 A M,2015,03,02,14,53,50,44342,41593,403.64,40.3,7.632,18.160,995,40.1,40.6,11.7
2015/03/02 15:59:23.530 W M,2015,03,02,16,00,10,44342,41605,405.22,40.3,9.048,18.880,989,40.1,40.6,11.7
2015/03/02 15:59:24.109 W M,2015,03,02,16,00,12,44342,41605,405.23,40.4,9.048,18.880,989,40.1,40.7,11.7
2015/03/02 15:59:25.711 W M,2015,03,02,16,00,14,44342,41604,405.29,40.3,9.048,18.880,989,40.1,40.6,11.7
2015/03/02 15:59:27.311 W M,2015,03,02,16,00,15,44342,41604,405.33,40.3,9.048,18.880,989,40.1,40.6,11.7
2015/03/02 15:59:28.922 W M,2015,03,02,16,00,17,44342,41604,405.36,40.3,9.048,18.880,989,40.0,40.6,11.7
2015/03/02 15:59:30.512 W M,2015,03,02,16,00,18,44342,41605,405.34,40.3,9.048,18.880,989,40.0,40.6,11.7
2015/03/02 15:59:32.113 W M,2015,03,02,16,00,20,44342,41605,405.32,40.3,9.048,18.880,989,40.1,40.6,11.7
2015/03/02 15:59:33.714 W M,2015,03,02,16,00,22,44342,41605,405.32,40.3,8.933,18.880,989,40.2,40.5,11.7
2015/03/02 15:59:35.314 W M,2015,03,02,16,00,23,44342,41605,405.31,40.3,9.048,18.880,989,40.1,40.5,11.7
2015/03/02 15:59:35.362 A M,2015,03,02,15,53,37,44342,41602,401.87,40.4,9.141,18.280,996,40.1,40.6,11.7
2015/03/02 15:59:35.403 A M,2015,03,02,15,53,38,44342,41603,401.81,40.3,9.141,18.280,996,40.1,40.6,11.7
2015/03/02 15:59:35.444 A M,2015,03,02,15,53,40,44342,41603,401.76,40.3,9.141,18.280,996,40.1,40.6,11.7
2015/03/02 15:59:35.485 A M,2015,03,02,15,53,42,44342,41603,401.72,40.3,9.141,18.280,996,40.1,40.6,11.7
2015/03/02 15:59:35.526 A M,2015,03,02,15,53,43,44342,41603,401.70,40.3,9.165,18.320,996,40.1,40.6,11.7
2015/03/02 15:59:35.568 A M,2015,03,02,15,53,45,44342,41603,401.68,40.3,9.165,18.320,996,40.1,40.5,11.7
2015/03/02 15:59:35.609 A M,2015,03,02,15,53,46,44342,41603,401.66,40.3,9.165,18.320,996,40.1,40.6,11.7
2015/03/02 15:59:35.652 A M,2015,03,02,15,53,48,44342,41606,401.52,40.3,9.165,18.320,996,40.1,40.6,11.7
2015/03/02 15:59:35.691 A M,2015,03,02,15,53,50,44342,41607,401.36,40.3,9.165,18.320,996,40.1,40.5,11.7
2015/03/02 16:59:43.456 W M,2015,03,02,17,00,31,44332,41625,400.10,40.3,8.861,18.560,988,40.1,40.6,11.7
2015/03/02 16:59:44.267 W M,2015,03,02,17,00,32,44332,41625,400.16,40.3,8.861,18.560,988,40.1,40.6,11.7
2015/03/02 16:59:45.868 W M,2015,03,02,17,00,34,44332,41625,400.20,40.3,8.838,18.520,988,40.1,40.6,11.7
2015/03/02 16:59:47.468 W M,2015,03,02,17,00,36,44332,41623,400.32,40.3,8.861,18.560,988,40.1,40.6,11.7
2015/03/02 16:59:49.069 W M,2015,03,02,17,00,37,44332,41624,400.37,40.3,8.861,18.560,988,40.1,40.6,11.7
2015/03/02 16:59:50.670 W M,2015,03,02,17,00,39,44332,41626,400.31,40.3,8.861,18.560,988,40.1,40.5,11.7
2015/03/02 16:59:52.281 W M,2015,03,02,17,00,40,44332,41626,400.27,40.3,8.861,18.560,988,40.1,40.6,11.7
2015/03/02 16:59:53.871 W M,2015,03,02,17,00,42,44332,41624,400.33,40.3,8.861,18.560,988,40.1,40.6,11.7
2015/03/02 16:59:55.472 W M,2015,03,02,17,00,44,44332,41625,400.33,40.3,8.861,18.560,988,40.1,40.6,11.7
2015/03/02 16:59:55.520 A M,2015,03,02,16,53,57,44332,41597,401.62,40.3,8.713,17.920,995,40.1,40.6,11.7
2015/03/02 16:59:55.568 A M,2015,03,02,16,53,59,44332,41597,401.58,40.3,8.713,17.920,995,40.1,40.6,11.7
2015/03/02 16:59:55.602 A M,2015,03,02,16,54,00,44332,41600,401.41,40.3,8.713,17.920,995,40.1,40.6,11.7
2015/03/02 16:59:55.645 A M,2015,03,02,16,54,02,44332,41601,401.23,40.3,8.713,17.920,995,40.1,40.5,11.7
2015/03/02 16:59:55.687 A M,2015,03,02,16,54,03,44332,41603,401.01,40.3,8.713,17.920,995,40.1,40.6,11.7
2015/03/02 16:59:55.725 A M,2015,03,02,16,54,05,44332,41601,400.93,40.3,8.736,17.960,995,40.1,40.6,11.7
2015/03/02 16:59:55.766 A M,2015,03,02,16,54,07,44332,41599,400.96,40.3,8.713,17.920,995,40.1,40.6,11.7
2015/03/02 16:59:55.807 A M,2015,03,02,16,54,08,44332,41599,401.00,40.3,8.713,17.920,995,40.1,40.6,11.7
2015/03/02 16:59:55.848 A M,2015,03,02,16,54,10,44332,41600,400.96,40.3,8.736,17.960,995,40.1,40.4,11.7
2015/03/02 17:59:23.383 W M,2015,03,02,18,00,11,44332,41614,402.56,40.3,8.861,18.560,988,40.1,40.6,11.7
2015/03/02 17:59:24.329 W M,2015,03,02,18,00,12,44332,41614,402.57,40.3,8.884,18.600,988,40.1,40.6,11.7
2015/03/02 17:59:25.919 W M,2015,03,02,18,00,14,44332,41615,402.54,40.3,8.861,18.560,988,40.1,40.6,11.7
2015/03/02 17:59:27.519 W M,2015,03,02,18,00,16,44332,41616,402.47,40.3,8.884,18.600,988,40.1,40.6,11.7
2015/03/02 17:59:29.120 W M,2015,03,02,18,00,17,44332,41615,402.46,40.3,8.861,18.560,988,40.1,40.6,11.7
2015/03/02 17:59:30.720 W M,2015,03,02,18,00,19,44332,41613,402.55,40.3,8.884,18.600,988,40.0,40.6,11.7
2015/03/02 17:59:32.321 W M,2015,03,02,18,00,20,44332,41614,402.57,40.3,8.884,18.600,988,40.1,40.5,11.7
2015/03/02 17:59:33.922 W M,2015,03,02,18,00,22,44332,41614,402.58,40.3,8.884,18.600,988,40.1,40.6,11.7
2015/03/02 17:59:35.527 W M,2015,03,02,18,00,24,44332,41615,402.55,40.3,8.884,18.600,988,40.0,40.5,11.7
2015/03/02 17:59:35.577 A M,2015,03,02,17,53,37,44332,41603,400.25,40.3,8.951,17.960,995,40.1,40.5,11.7
2015/03/02 17:59:35.612 A M,2015,03,02,17,53,39,44332,41603,400.23,40.3,9.058,17.960,995,40.1,40.6,11.7
2015/03/02 17:59:35.653 A M,2015,03,02,17,53,40,44332,41605,400.17,40.3,9.058,17.960,995,40.1,40.6,11.7
2015/03/02 17:59:35.694 A M,2015,03,02,17,53,42,44332,41604,400.16,40.3,8.951,17.960,995,40.1,40.6,11.7
2015/03/02 17:59:35.735 A M,2015,03,02,17,53,43,44332,41602,400.26,40.3,8.951,17.960,995,40.1,40.6,11.7
2015/03/02 17:59:35.776 A M,2015,03,02,17,53,45,44332,41602,400.33,40.3,9.058,17.960,995,40.0,40.6,11.7
2015/03/02 17:59:35.817 A M,2015,03,02,17,53,47,44332,41603,400.32,40.3,9.058,17.960,995,40.0,40.6,11.7
2015/03/02 17:59:35.858 A M,2015,03,02,17,53,48,44332,41613,399.82,40.3,8.951,17.960,995,40.1,40.4,11.7
2015/03/02 17:59:35.899 A M,2015,03,02,17,53,50,44332,41618,399.01,40.3,9.058,17.960,995,40.2,40.5,11.7
2015/03/02 18:59:23.310 W M,2015,03,02,19,00,11,44332,41616,402.52,40.3,8.961,18.160,987,40.1,40.5,11.7
2015/03/02 18:59:24.239 W M,2015,03,02,19,00,12,44332,41615,402.59,40.3,8.828,18.120,987,40.0,40.6,11.7
2015/03/02 18:59:25.840 W M,2015,03,02,19,00,14,44332,41616,402.59,40.3,8.828,18.120,987,40.0,40.5,11.7
2015/03/02 18:59:27.455 W M,2015,03,02,19,00,16,44332,41616,402.60,40.3,8.852,18.160,987,40.1,40.6,11.7
2015/03/02 18:59:29.041 W M,2015,03,02,19,00,17,44332,41616,402.60,40.3,8.961,18.160,987,40.1,40.5,11.7
2015/03/02 18:59:30.642 W M,2015,03,02,19,00,19,44332,41616,402.60,40.3,8.961,18.160,987,40.1,40.5,11.7
2015/03/02 18:59:32.243 W M,2015,03,02,19,00,20,44332,41617,402.56,40.3,8.852,18.160,987,40.1,40.5,11.7
2015/03/02 18:59:33.843 W M,2015,03,02,19,00,22,44332,41617,402.52,40.3,8.961,18.160,987,40.1,40.6,11.7
2015/03/02 18:59:35.444 W M,2015,03,02,19,00,24,44332,41615,402.59,40.3,8.852,18.160,987,40.1,40.5,11.7
2015/03/02 18:59:35.492 A M,2015,03,02,18,53,37,44332,41615,398.41,40.3,8.904,17.520,994,40.1,40.6,11.7
2015/03/02 18:59:35.533 A M,2015,03,02,18,53,39,44332,41614,398.49,40.3,8.904,17.520,994,40.1,40.6,11.7
2015/03/02 18:59:35.574 A M,2015,03,02,18,53,40,44332,41610,398.70,40.3,8.904,17.520,995,40.1,40.6,11.7
2015/03/02 18:59:35.615 A M,2015,03,02,18,53,42,44332,41615,398.64,40.3,8.800,17.520,995,40.1,40.6,11.7
2015/03/02 18:59:35.660 A M,2015,03,02,18,53,43,44332,41618,398.48,40.3,8.800,17.520,994,40.1,40.6,11.7
2015/03/02 18:59:35.697 A M,2015,03,02,18,53,45,44332,41622,398.16,40.3,8.800,17.520,995,40.1,40.6,11.7
2015/03/02 18:59:35.739 A M,2015,03,02,18,53,47,44332,41620,398.01,40.3,8.928,17.560,995,40.1,40.5,11.7
2015/03/02 18:59:35.780 A M,2015,03,02,18,53,48,44332,41616,398.07,40.3,8.824,17.560,995,40.0,40.5,11.7
2015/03/02 18:59:35.821 A M,2015,03,02,18,53,50,44332,41616,398.12,40.3,8.824,17.560,995,40.1,40.6,11.7
2015/03/02 19:59:23.238 W M,2015,03,02,20,00,11,44332,41622,400.77,40.3,8.931,18.680,988,40.2,40.6,11.7
2015/03/02 19:59:24.259 W M,2015,03,02,20,00,13,44332,41622,400.82,40.3,8.954,18.720,988,40.1,40.6,11.7
2015/03/02 19:59:25.860 W M,2015,03,02,20,00,14,44332,41623,400.81,40.3,8.954,18.720,988,40.1,40.6,11.7
2015/03/02 19:59:27.461 W M,2015,03,02,20,00,16,44332,41622,400.85,40.3,8.954,18.720,988,40.1,40.5,11.7
2015/03/02 19:59:29.071 W M,2015,03,02,20,00,17,44332,41622,400.88,40.3,8.931,18.680,988,40.1,40.6,11.7
2015/03/02 19:59:30.662 W M,2015,03,02,20,00,19,44332,41622,400.91,40.3,8.840,18.720,988,40.1,40.7,11.7
2015/03/02 19:59:32.262 W M,2015,03,02,20,00,21,44332,41623,400.88,40.4,8.954,18.720,988,40.1,40.7,11.7
2015/03/02 19:59:33.863 W M,2015,03,02,20,00,22,44332,41623,400.86,40.4,8.954,18.720,988,40.1,40.6,11.7
2015/03/02 19:59:35.464 W M,2015,03,02,20,00,24,44332,41623,400.84,40.3,8.954,18.720,988,40.1,40.6,11.7
2015/03/02 19:59:35.512 A M,2015,03,02,19,53,36,44332,41619,398.02,40.3,8.928,17.920,994,40.1,40.7,11.7
2015/03/02 19:59:35.553 A M,2015,03,02,19,53,37,44332,41619,397.98,40.4,8.928,17.920,994,40.1,40.6,11.7
2015/03/02 19:59:35.594 A M,2015,03,02,19,53,39,44332,41618,398.01,40.4,8.928,17.920,994,40.1,40.6,11.7
2015/03/02 19:59:35.635 A M,2015,03,02,19,53,40,44332,41617,398.07,40.4,8.928,17.920,994,40.1,40.6,11.7
2015/03/02 19:59:35.680 A M,2015,03,02,19,53,42,44332,41618,398.08,40.3,8.951,17.960,994,40.1,40.6,11.7
2015/03/02 19:59:35.717 A M,2015,03,02,19,53,44,44332,41621,397.98,40.3,8.928,17.920,994,40.1,40.6,11.7
2015/03/02 19:59:35.759 A M,2015,03,02,19,53,45,44332,41619,397.95,40.3,8.928,17.920,994,40.1,40.6,11.7
2015/03/02 19:59:35.799 A M,2015,03,02,19,53,47,44332,41617,398.03,40.3,8.951,17.960,994,40.1,40.6,11.7
2015/03/02 19:59:35.840 A M,2015,03,02,19,53,48,44332,41619,397.99,40.3,8.928,17.920,994,40.0,40.6,11.7
2015/03/02 20:59:23.164 W M,2015,03,02,21,00,11,44332,41616,402.80,40.3,8.852,18.160,987,40.1,40.5,11.7
2015/03/02 20:59:24.098 W M,2015,03,02,21,00,12,44332,41616,402.76,40.3,8.852,18.160,987,40.1,40.6,11.7
2015/03/02 20:59:25.699 W M,2015,03,02,21,00,14,44332,41616,402.73,40.3,8.852,18.160,987,40.1,40.6,11.7
2015/03/02 20:59:27.300 W M,2015,03,02,21,00,16,44332,41615,402.76,40.3,8.852,18.160,987,40.1,40.5,11.7
2015/03/02 20:59:28.900 W M,2015,03,02,21,00,17,44332,41613,402.87,40.3,8.852,18.160,987,40.1,40.7,11.7
2015/03/02 20:59:30.501 W M,2015,03,02,21,00,19,44332,41614,402.90,40.3,8.852,18.160,987,40.1,40.4,11.7
2015/03/02 20:59:32.112 W M,2015,03,02,21,00,20,44332,41615,402.89,40.3,8.852,18.160,987,40.0,40.5,11.7
2015/03/02 20:59:33.702 W M,2015,03,02,21,00,22,44332,41616,402.83,40.3,8.852,18.160,987,40.1,40.6,11.7
2015/03/02 20:59:35.303 W M,2015,03,02,21,00,24,44332,41616,402.79,40.3,8.852,18.160,987,40.1,40.6,11.7
2015/03/02 20:59:35.351 A M,2015,03,02,20,53,37,44332,41598,400.80,40.3,8.628,17.400,994,40.0,40.5,11.7
2015/03/02 20:59:35.392 A M,2015,03,02,20,53,39,44332,41597,401.07,40.3,8.651,17.440,994,40.1,40.6,11.7
2015/03/02 20:59:35.433 A M,2015,03,02,20,53,40,44332,41601,401.08,40.3,8.651,17.440,994,40.1,40.6,11.7
2015/03/02 20:59:35.474 A M,2015,03,02,20,53,42,44332,41609,400.71,40.3,8.754,17.440,994,40.1,40.6,11.7
2015/03/02 20:59:35.515 A M,2015,03,02,20,53,43,44332,41610,400.39,40.3,8.651,17.440,995,40.1,40.6,11.7
2015/03/02 20:59:35.556 A M,2015,03,02,20,53,45,44332,41612,400.04,40.3,8.754,17.440,995,40.1,40.6,11.7
2015/03/02 20:59:35.598 A M,2015,03,02,20,53,47,44332,41612,399.78,40.3,8.754,17.440,995,40.1,40.6,11.7
2015/03/02 20:59:35.638 A M,2015,03,02,20,53,48,44332,41611,399.62,40.3,8.777,17.480,995,40.1,40.6,11.7
2015/03/02 20:59:35.683 A M,2015,03,02,20,53,50,44332,41610,399.58,40.3,8.651,17.440,994,40.2,40.6,11.7
2015/03/02 21:59:23.091 W M,2015,03,02,22,00,10,44332,41612,403.50,40.3,8.587,18.080,987,40.1,40.4,11.7
2015/03/02 21:59:23.681 W M,2015,03,02,22,00,12,44332,41612,403.49,40.3,8.565,18.040,987,40.1,40.5,11.7
2015/03/02 21:59:25.271 W M,2015,03,02,22,00,14,44332,41612,403.47,40.3,8.565,18.040,987,40.1,40.6,11.7
2015/03/02 21:59:26.872 W M,2015,03,02,22,00,15,44332,41611,403.51,40.3,8.565,18.040,987,40.1,40.4,11.7
2015/03/02 21:59:28.473 W M,2015,03,02,22,00,17,44332,41612,403.49,40.3,8.565,18.040,987,40.1,40.5,11.7
2015/03/02 21:59:30.073 W M,2015,03,02,22,00,18,44332,41613,403.43,40.3,8.587,18.080,987,40.1,40.6,11.7
2015/03/02 21:59:31.674 W M,2015,03,02,22,00,20,44332,41611,403.48,40.3,8.565,18.040,987,40.0,40.5,11.7
2015/03/02 21:59:33.275 W M,2015,03,02,22,00,22,44332,41611,403.52,40.3,8.565,18.040,987,40.1,40.6,11.7
2015/03/02 21:59:34.886 W M,2015,03,02,22,00,23,44332,41611,403.54,40.3,8.587,18.080,987,40.1,40.5,11.7
2015/03/02 21:59:34.934 A M,2015,03,02,21,53,37,44332,41602,400.56,40.3,8.443,17.440,995,40.1,40.6,11.7
2015/03/02 21:59:34.975 A M,2015,03,02,21,53,38,44332,41598,400.75,40.3,8.443,17.440,995,40.1,40.6,11.7
2015/03/02 21:59:35.016 A M,2015,03,02,21,53,40,44332,41594,401.07,40.3,8.443,17.440,995,40.0,40.6,11.7
2015/03/02 21:59:35.057 A M,2015,03,02,21,53,42,44332,41591,401.43,40.3,8.443,17.440,995,40.1,40.6,11.7
2015/03/02 21:59:35.098 A M,2015,03,02,21,53,43,44332,41588,401.85,40.3,8.443,17.440,995,40.1,40.6,11.7
2015/03/02 21:59:35.139 A M,2015,03,02,21,53,45,44332,41586,402.28,40.3,8.443,17.440,995,40.1,40.6,11.7
2015/03/02 21:59:35.180 A M,2015,03,02,21,53,46,44332,41584,402.65,40.3,8.443,17.440,995,40.1,40.7,11.7
2015/03/02 21:59:35.221 A M,2015,03,02,21,53,48,44332,41583,402.98,40.3,8.443,17.440,995,40.1,40.6,11.7
2015/03/02 21:59:35.262 A M,2015,03,02,21,53,50,44332,41586,403.10,40.3,8.465,17.480,995,40.1,40.6,11.7
2015/03/02 22:59:23.018 W M,2015,03,02,23,00,11,44332,41598,406.41,40.3,8.515,17.200,986,40.1,40.6,11.7
2015/03/02 22:59:23.953 W M,2015,03,02,23,00,12,44332,41599,406.32,40.3,8.515,17.200,986,40.1,40.5,11.7
2015/03/02 22:59:25.553 W M,2015,03,02,23,00,14,44332,41599,406.27,40.3,8.413,17.200,986,40.0,40.6,11.7
2015/03/02 22:59:27.164 W M,2015,03,02,23,00,16,44332,41599,406.22,40.3,8.515,17.200,986,40.0,40.5,11.7
2015/03/02 22:59:28.755 W M,2015,03,02,23,00,17,44332,41598,406.23,40.3,8.515,17.200,986,40.1,40.6,11.7
2015/03/02 22:59:30.355 W M,2015,03,02,23,00,19,44332,41598,406.24,40.3,8.515,17.200,986,40.1,40.5,11.7
2015/03/02 22:59:31.956 W M,2015,03,02,23,00,20,44332,41597,406.29,40.3,8.515,17.200,986,40.0,40.6,11.7
2015/03/02 22:59:33.557 W M,2015,03,02,23,00,22,44332,41597,406.33,40.3,8.515,17.200,986,40.1,40.5,11.7
2015/03/02 22:59:35.157 W M,2015,03,02,23,00,24,44332,41597,406.36,40.3,8.515,17.200,986,40.1,40.6,11.7
2015/03/02 22:59:35.205 A M,2015,03,02,22,53,37,44332,41591,402.50,40.3,8.357,16.560,995,40.0,40.6,11.7
2015/03/02 22:59:35.246 A M,2015,03,02,22,53,39,44332,41590,402.49,40.3,8.455,16.560,995,40.1,40.6,11.7
2015/03/02 22:59:35.287 A M,2015,03,02,22,53,40,44332,41589,402.53,40.3,8.455,16.560,995,40.1,40.6,11.7
2015/03/02 22:59:35.328 A M,2015,03,02,22,53,42,44332,41587,402.66,40.3,8.455,16.560,995,40.0,40.6,11.7
2015/03/02 22:59:35.369 A M,2015,03,02,22,53,43,44332,41584,402.87,40.3,8.455,16.560,995,40.1,40.6,11.7
2015/03/02 22:59:35.411 A M,2015,03,02,22,53,45,44332,41585,403.00,40.3,8.477,16.600,995,40.0,40.6,11.7
2015/03/02 22:59:35.452 A M,2015,03,02,22,53,47,44332,41584,403.12,40.3,8.477,16.600,995,40.1,40.6,11.7
2015/03/02 22:59:35.493 A M,2015,03,02,22,53,48,44332,41583,403.28,40.3,8.477,16.600,995,40.1,40.6,11.7
2015/03/02 22:59:35.534 A M,2015,03,02,22,53,50,44332,41581,403.48,40.3,8.477,16.600,995,40.1,40.6,11.7
2015/03/02 23:59:22.945 W M,2015,03,03,00,00,11,44332,41595,406.76,40.4,8.380,16.600,986,40.1,40.7,11.7
2015/03/02 23:59:23.967 W M,2015,03,03,00,00,13,44332,41595,406.78,40.3,8.477,16.600,986,40.0,40.6,11.7
2015/03/02 23:59:25.568 W M,2015,03,03,00,00,14,44332,41595,406.80,40.3,8.380,16.600,986,40.0,40.6,11.7
2015/03/02 23:59:27.169 W M,2015,03,03,00,00,16,44332,41595,406.82,40.3,8.477,16.600,986,40.1,40.5,11.7
2015/03/02 23:59:28.770 W M,2015,03,03,00,00,17,44332,41594,406.88,40.3,8.380,16.600,986,40.1,40.6,11.7
2015/03/02 23:59:30.380 W M,2015,03,03,00,00,19,44332,41597,406.79,40.3,8.402,16.640,986,40.1,40.6,11.7
2015/03/02 23:59:31.970 W M,2015,03,03,00,00,21,44332,41596,406.77,40.3,8.402,16.640,986,40.1,40.6,11.7
2015/03/02 23:59:33.576 W M,2015,03,03,00,00,22,44332,41595,406.80,40.3,8.380,16.600,986,40.1,40.6,11.7
2015/03/02 23:59:35.172 W M,2015,03,03,00,00,24,44332,41596,406.78,40.3,8.402,16.640,986,40.0,40.6,11.7
2015/03/02 23:59:35.220 A M,2015,03,02,23,53,36,44332,41586,403.05,40.3,8.310,15.960,996,40.1,40.6,11.7
2015/03/02 23:59:35.261 A M,2015,03,02,23,53,37,44332,41585,403.08,40.3,8.288,15.920,996,40.1,40.7,11.7
2015/03/02 23:59:35.302 A M,2015,03,02,23,53,39,44332,41585,403.11,40.3,8.310,15.960,996,40.1,40.6,11.7
2015/03/02 23:59:35.343 A M,2015,03,02,23,53,40,44332,41587,403.04,40.3,8.310,15.960,996,40.1,40.6,11.7
2015/03/02 23:59:35.385 A M,2015,03,02,23,53,42,44332,41586,403.03,40.3,8.288,15.920,996,40.0,40.6,11.7
2015/03/02 23:59:35.432 A M,2015,03,02,23,53,44,44332,41587,402.99,40.3,8.310,15.960,996,40.1,40.6,11.7
2015/03/02 23:59:35.467 A M,2015,03,02,23,53,45,44332,41586,402.98,40.3,8.332,16.000,996,40.1,40.6,11.7
2015/03/02 23:59:35.508 A M,2015,03,02,23,53,47,44332,41585,403.04,40.3,8.332,16.000,996,40.1,40.6,11.7
2015/03/02 23:59:35.549 A M,2015,03,02,23,53,48,44332,41581,403.25,40.3,8.332,16.000,996,40.1,40.6,11.7
